
＝＝＝＝＝＝＝＝＝＝ 
【日志级别】ERROR 
【记录时间】2016-07-18 10:18:16,311 
【线程编号】[7] 
【执行时间】[40]毫秒 
【出错文件】e:\TaskNew\TaskNew\UserNew\App_Code\BasePage.cs 
【出错行号】216 
【出错的类】Jnwf.Utils.Log.Logger 属性[(null)] 
【错误描述】error:uploadQinui:未能加载文件或程序集“Newtonsoft.Json, Version=4.5.0.0, Culture=neutral, PublicKeyToken=30ad4fe6b2a6aeed”或它的某一个依赖项。系统找不到指定的文件。| 
【错误详情】

＝＝＝＝＝＝＝＝＝＝ 
【日志级别】ERROR 
【记录时间】2016-07-18 10:18:16,330 
【线程编号】[7] 
【执行时间】[59]毫秒 
【出错文件】e:\TaskNew\TaskNew\UserNew\App_Code\BasePage.cs 
【出错行号】216 
【出错的类】Jnwf.Utils.Log.Logger 属性[(null)] 
【错误描述】error:uploadQinui:未能加载文件或程序集“Newtonsoft.Json, Version=4.5.0.0, Culture=neutral, PublicKeyToken=30ad4fe6b2a6aeed”或它的某一个依赖项。系统找不到指定的文件。| 
【错误详情】

＝＝＝＝＝＝＝＝＝＝ 
【日志级别】ERROR 
【记录时间】2016-07-18 10:18:16,330 
【线程编号】[7] 
【执行时间】[59]毫秒 
【出错文件】e:\TaskNew\TaskNew\UserNew\App_Code\BasePage.cs 
【出错行号】216 
【出错的类】Jnwf.Utils.Log.Logger 属性[(null)] 
【错误描述】error:uploadQinui:未能加载文件或程序集“Newtonsoft.Json, Version=4.5.0.0, Culture=neutral, PublicKeyToken=30ad4fe6b2a6aeed”或它的某一个依赖项。系统找不到指定的文件。| 
【错误详情】

＝＝＝＝＝＝＝＝＝＝ 
【日志级别】ERROR 
【记录时间】2016-07-18 10:18:18,019 
【线程编号】[7] 
【执行时间】[1748]毫秒 
【出错文件】e:\TaskNew\TaskNew\UserNew\App_Code\BasePage.cs 
【出错行号】216 
【出错的类】Jnwf.Utils.Log.Logger 属性[(null)] 
【错误描述】error:uploadQinui:未能加载文件或程序集“Newtonsoft.Json, Version=4.5.0.0, Culture=neutral, PublicKeyToken=30ad4fe6b2a6aeed”或它的某一个依赖项。系统找不到指定的文件。| 
【错误详情】

＝＝＝＝＝＝＝＝＝＝ 
【日志级别】ERROR 
【记录时间】2016-07-18 10:18:18,020 
【线程编号】[7] 
【执行时间】[1749]毫秒 
【出错文件】e:\TaskNew\TaskNew\UserNew\App_Code\BasePage.cs 
【出错行号】216 
【出错的类】Jnwf.Utils.Log.Logger 属性[(null)] 
【错误描述】error:uploadQinui:未能加载文件或程序集“Newtonsoft.Json, Version=4.5.0.0, Culture=neutral, PublicKeyToken=30ad4fe6b2a6aeed”或它的某一个依赖项。系统找不到指定的文件。| 
【错误详情】

＝＝＝＝＝＝＝＝＝＝ 
【日志级别】ERROR 
【记录时间】2016-07-18 10:18:18,020 
【线程编号】[7] 
【执行时间】[1749]毫秒 
【出错文件】e:\TaskNew\TaskNew\UserNew\App_Code\BasePage.cs 
【出错行号】216 
【出错的类】Jnwf.Utils.Log.Logger 属性[(null)] 
【错误描述】error:uploadQinui:未能加载文件或程序集“Newtonsoft.Json, Version=4.5.0.0, Culture=neutral, PublicKeyToken=30ad4fe6b2a6aeed”或它的某一个依赖项。系统找不到指定的文件。| 
【错误详情】

＝＝＝＝＝＝＝＝＝＝ 
【日志级别】ERROR 
【记录时间】2016-07-18 10:18:19,981 
【线程编号】[8] 
【执行时间】[3710]毫秒 
【出错文件】e:\TaskNew\TaskNew\UserNew\App_Code\BasePage.cs 
【出错行号】216 
【出错的类】Jnwf.Utils.Log.Logger 属性[(null)] 
【错误描述】error:uploadQinui:未能加载文件或程序集“Newtonsoft.Json, Version=4.5.0.0, Culture=neutral, PublicKeyToken=30ad4fe6b2a6aeed”或它的某一个依赖项。系统找不到指定的文件。| 
【错误详情】

＝＝＝＝＝＝＝＝＝＝ 
【日志级别】ERROR 
【记录时间】2016-07-18 10:18:19,981 
【线程编号】[8] 
【执行时间】[3710]毫秒 
【出错文件】e:\TaskNew\TaskNew\UserNew\App_Code\BasePage.cs 
【出错行号】216 
【出错的类】Jnwf.Utils.Log.Logger 属性[(null)] 
【错误描述】error:uploadQinui:未能加载文件或程序集“Newtonsoft.Json, Version=4.5.0.0, Culture=neutral, PublicKeyToken=30ad4fe6b2a6aeed”或它的某一个依赖项。系统找不到指定的文件。| 
【错误详情】

＝＝＝＝＝＝＝＝＝＝ 
【日志级别】ERROR 
【记录时间】2016-07-18 10:18:19,982 
【线程编号】[8] 
【执行时间】[3711]毫秒 
【出错文件】e:\TaskNew\TaskNew\UserNew\App_Code\BasePage.cs 
【出错行号】216 
【出错的类】Jnwf.Utils.Log.Logger 属性[(null)] 
【错误描述】error:uploadQinui:未能加载文件或程序集“Newtonsoft.Json, Version=4.5.0.0, Culture=neutral, PublicKeyToken=30ad4fe6b2a6aeed”或它的某一个依赖项。系统找不到指定的文件。| 
【错误详情】

＝＝＝＝＝＝＝＝＝＝ 
【日志级别】ERROR 
【记录时间】2016-07-18 10:22:51,196 
【线程编号】[15] 
【执行时间】[41]毫秒 
【出错文件】e:\TaskNew\TaskNew\UserNew\App_Code\BasePage.cs 
【出错行号】216 
【出错的类】Jnwf.Utils.Log.Logger 属性[(null)] 
【错误描述】error:uploadQinui:未能加载文件或程序集“Newtonsoft.Json, Version=4.5.0.0, Culture=neutral, PublicKeyToken=30ad4fe6b2a6aeed”或它的某一个依赖项。系统找不到指定的文件。| 
【错误详情】

＝＝＝＝＝＝＝＝＝＝ 
【日志级别】ERROR 
【记录时间】2016-07-18 10:22:51,232 
【线程编号】[15] 
【执行时间】[77]毫秒 
【出错文件】e:\TaskNew\TaskNew\UserNew\App_Code\BasePage.cs 
【出错行号】216 
【出错的类】Jnwf.Utils.Log.Logger 属性[(null)] 
【错误描述】error:uploadQinui:未能加载文件或程序集“Newtonsoft.Json, Version=4.5.0.0, Culture=neutral, PublicKeyToken=30ad4fe6b2a6aeed”或它的某一个依赖项。系统找不到指定的文件。| 
【错误详情】

＝＝＝＝＝＝＝＝＝＝ 
【日志级别】ERROR 
【记录时间】2016-07-18 10:22:51,251 
【线程编号】[15] 
【执行时间】[96]毫秒 
【出错文件】e:\TaskNew\TaskNew\UserNew\App_Code\BasePage.cs 
【出错行号】216 
【出错的类】Jnwf.Utils.Log.Logger 属性[(null)] 
【错误描述】error:uploadQinui:未能加载文件或程序集“Newtonsoft.Json, Version=4.5.0.0, Culture=neutral, PublicKeyToken=30ad4fe6b2a6aeed”或它的某一个依赖项。系统找不到指定的文件。| 
【错误详情】

＝＝＝＝＝＝＝＝＝＝ 
【日志级别】ERROR 
【记录时间】2016-07-18 10:22:52,598 
【线程编号】[17] 
【执行时间】[1443]毫秒 
【出错文件】e:\TaskNew\TaskNew\UserNew\App_Code\BasePage.cs 
【出错行号】216 
【出错的类】Jnwf.Utils.Log.Logger 属性[(null)] 
【错误描述】error:uploadQinui:未能加载文件或程序集“Newtonsoft.Json, Version=4.5.0.0, Culture=neutral, PublicKeyToken=30ad4fe6b2a6aeed”或它的某一个依赖项。系统找不到指定的文件。| 
【错误详情】

＝＝＝＝＝＝＝＝＝＝ 
【日志级别】ERROR 
【记录时间】2016-07-18 10:22:52,610 
【线程编号】[17] 
【执行时间】[1455]毫秒 
【出错文件】e:\TaskNew\TaskNew\UserNew\App_Code\BasePage.cs 
【出错行号】216 
【出错的类】Jnwf.Utils.Log.Logger 属性[(null)] 
【错误描述】error:uploadQinui:未能加载文件或程序集“Newtonsoft.Json, Version=4.5.0.0, Culture=neutral, PublicKeyToken=30ad4fe6b2a6aeed”或它的某一个依赖项。系统找不到指定的文件。| 
【错误详情】

＝＝＝＝＝＝＝＝＝＝ 
【日志级别】ERROR 
【记录时间】2016-07-18 10:22:52,623 
【线程编号】[17] 
【执行时间】[1468]毫秒 
【出错文件】e:\TaskNew\TaskNew\UserNew\App_Code\BasePage.cs 
【出错行号】216 
【出错的类】Jnwf.Utils.Log.Logger 属性[(null)] 
【错误描述】error:uploadQinui:未能加载文件或程序集“Newtonsoft.Json, Version=4.5.0.0, Culture=neutral, PublicKeyToken=30ad4fe6b2a6aeed”或它的某一个依赖项。系统找不到指定的文件。| 
【错误详情】

＝＝＝＝＝＝＝＝＝＝ 
【日志级别】ERROR 
【记录时间】2016-07-18 10:22:54,264 
【线程编号】[17] 
【执行时间】[3109]毫秒 
【出错文件】e:\TaskNew\TaskNew\UserNew\App_Code\BasePage.cs 
【出错行号】216 
【出错的类】Jnwf.Utils.Log.Logger 属性[(null)] 
【错误描述】error:uploadQinui:未能加载文件或程序集“Newtonsoft.Json, Version=4.5.0.0, Culture=neutral, PublicKeyToken=30ad4fe6b2a6aeed”或它的某一个依赖项。系统找不到指定的文件。| 
【错误详情】

＝＝＝＝＝＝＝＝＝＝ 
【日志级别】ERROR 
【记录时间】2016-07-18 10:22:54,276 
【线程编号】[17] 
【执行时间】[3121]毫秒 
【出错文件】e:\TaskNew\TaskNew\UserNew\App_Code\BasePage.cs 
【出错行号】216 
【出错的类】Jnwf.Utils.Log.Logger 属性[(null)] 
【错误描述】error:uploadQinui:未能加载文件或程序集“Newtonsoft.Json, Version=4.5.0.0, Culture=neutral, PublicKeyToken=30ad4fe6b2a6aeed”或它的某一个依赖项。系统找不到指定的文件。| 
【错误详情】

＝＝＝＝＝＝＝＝＝＝ 
【日志级别】ERROR 
【记录时间】2016-07-18 10:22:54,289 
【线程编号】[17] 
【执行时间】[3134]毫秒 
【出错文件】e:\TaskNew\TaskNew\UserNew\App_Code\BasePage.cs 
【出错行号】216 
【出错的类】Jnwf.Utils.Log.Logger 属性[(null)] 
【错误描述】error:uploadQinui:未能加载文件或程序集“Newtonsoft.Json, Version=4.5.0.0, Culture=neutral, PublicKeyToken=30ad4fe6b2a6aeed”或它的某一个依赖项。系统找不到指定的文件。| 
【错误详情】
