
＝＝＝＝＝＝＝＝＝＝ 
【日志级别】ERROR 
【记录时间】2016-06-20 11:36:37,825 
【线程编号】[13] 
【执行时间】[152]毫秒 
【出错文件】d:\zhanglixiangmu\威小宝刷单\User\Details.aspx.cs 
【出错行号】137 
【出错的类】Jnwf.Utils.Log.Logger 属性[(null)] 
【错误描述】details.aspx,userid:1 
【错误详情】

＝＝＝＝＝＝＝＝＝＝ 
【日志级别】ERROR 
【记录时间】2016-06-20 11:39:10,115 
【线程编号】[13] 
【执行时间】[152441]毫秒 
【出错文件】d:\zhanglixiangmu\威小宝刷单\User\Details.aspx.cs 
【出错行号】137 
【出错的类】Jnwf.Utils.Log.Logger 属性[(null)] 
【错误描述】details.aspx,userid:1 
【错误详情】

＝＝＝＝＝＝＝＝＝＝ 
【日志级别】ERROR 
【记录时间】2016-06-20 11:40:17,401 
【线程编号】[9] 
【执行时间】[53]毫秒 
【出错文件】d:\zhanglixiangmu\威小宝刷单\User\Details.aspx.cs 
【出错行号】137 
【出错的类】Jnwf.Utils.Log.Logger 属性[(null)] 
【错误描述】details.aspx,userid:1 
【错误详情】

＝＝＝＝＝＝＝＝＝＝ 
【日志级别】ERROR 
【记录时间】2016-06-20 11:50:57,306 
【线程编号】[12] 
【执行时间】[639957]毫秒 
【出错文件】d:\zhanglixiangmu\威小宝刷单\User\Details.aspx.cs 
【出错行号】137 
【出错的类】Jnwf.Utils.Log.Logger 属性[(null)] 
【错误描述】details.aspx,userid:1 
【错误详情】

＝＝＝＝＝＝＝＝＝＝ 
【日志级别】ERROR 
【记录时间】2016-06-20 11:58:43,471 
【线程编号】[19] 
【执行时间】[1106123]毫秒 
【出错文件】d:\zhanglixiangmu\威小宝刷单\User\Details.aspx.cs 
【出错行号】137 
【出错的类】Jnwf.Utils.Log.Logger 属性[(null)] 
【错误描述】details.aspx,userid:1 
【错误详情】

＝＝＝＝＝＝＝＝＝＝ 
【日志级别】ERROR 
【记录时间】2016-06-20 11:58:47,394 
【线程编号】[19] 
【执行时间】[1110045]毫秒 
【出错文件】d:\zhanglixiangmu\威小宝刷单\User\Details.aspx.cs 
【出错行号】137 
【出错的类】Jnwf.Utils.Log.Logger 属性[(null)] 
【错误描述】details.aspx,userid:1 
【错误详情】
