
＝＝＝＝＝＝＝＝＝＝ 
【日志级别】ERROR 
【记录时间】2016-05-25 15:53:40,326 
【线程编号】[11] 
【执行时间】[281]毫秒 
【出错文件】d:\zhanglixiangmu\威小宝刷单\User\Global.asax 
【出错行号】53 
【出错的类】Jnwf.Utils.Log.Logger 属性[(null)] 
【错误描述】发生e`的网页地址：http://localhost:51696/Home.aspx?id=3
错误信息：d:\zhanglixiangmu\威小宝刷单\User\MasterPagehome.master(152): error CS1061: “ASP.masterpagehome_master”不包含“searchGoods”的定义，并且找不到可接受类型为“ASP.masterpagehome_master”的第一个参数的扩展方法“searchGoods”(是否缺少 using 指令或程序集引用?)
堆栈热荩
   在 System.Web.Compilation.BuildManager.PostProcessFoundBuildResult(BuildResult result, Boolean keyFromVPP, VirtualPath virtualPath)
   在 System.Web.Compilation.BuildManager.GetBuildResultFromCacheInternal(String cacheKey, Boolean keyFromVPP, VirtualPath virtualPath, Int64 hashCode, Boolean ensureIsUpToDate)
   在 System.Web.Compilation.BuildManager.GetVPathBuildResultFromCacheInternal(VirtualPath virtualPath, Boolean ensureIsUpToDate)
   在 System.Web.Compilation.BuildManager.GetVPathBuildResultInternal(VirtualPath virtualPath, Boolean noBuild, Boolean allowCrossApp, Boolean allowBuildInPrecompile, Boolean throwIfNotFound, Boolean ensureIsUpToDate)
   在 System.Web.Compilation.BuildManager.GetVPathBuildResultWithNoAssert(HttpContext context, VirtualPath virtualPath, Boolean noBuild, Boolean allowCrossApp, Boolean allowBuildInPrecompile, Boolean throwIfNotFound, Boolean ensureIsUpToDate)
   在 System.Web.Compilation.BuildManager.GetVPathBuildResult(HttpContext context, VirtualPath virtualPath, Boolean noBuild, Boolean allowCrossApp, Boolean allowBuildInPrecompile, Boolean ensureIsUpToDate)
   在 System.Web.UI.BaseTemplateParser.GetReferencedType(VirtualPath virtualPath, Boolean allowNoCompile)
   在 System.Web.UI.PageParser.ProcessMainDirectiveAttribute(String deviceName, String name, String value, IDictionary parseData)
   在 System.Web.UI.TemplateParser.ProcessMainDirective(IDictionary mainDirective) 
【错误详情】

＝＝＝＝＝＝＝＝＝＝ 
【日志级别】ERROR 
【记录时间】2016-05-25 17:27:57,200 
【线程编号】[20] 
【执行时间】[278]毫秒 
【出错文件】d:\zhanglixiangmu\威小宝刷单\User\Global.asax 
【出错行号】53 
【出错的类】Jnwf.Utils.Log.Logger 属性[(null)] 
【错误描述】发生e`的网页地址：http://localhost:51696/notice.aspx?aid=40
错误信息：文件“/notice.aspx”不存在。
堆栈热荩
   在 System.Web.UI.Util.CheckVirtualFileExists(VirtualPath virtualPath)
   在 System.Web.Compilation.BuildManager.GetVPathBuildResultInternal(VirtualPath virtualPath, Boolean noBuild, Boolean allowCrossApp, Boolean allowBuildInPrecompile, Boolean throwIfNotFound, Boolean ensureIsUpToDate)
   在 System.Web.Compilation.BuildManager.GetVPathBuildResultWithNoAssert(HttpContext context, VirtualPath virtualPath, Boolean noBuild, Boolean allowCrossApp, Boolean allowBuildInPrecompile, Boolean throwIfNotFound, Boolean ensureIsUpToDate)
   在 System.Web.Compilation.BuildManager.GetVirtualPathObjectFactory(VirtualPath virtualPath, HttpContext context, Boolean allowCrossApp, Boolean throwIfNotFound)
   在 System.Web.Compilation.BuildManager.CreateInstanceFromVirtualPath(VirtualPath virtualPath, Type requiredBaseType, HttpContext context, Boolean allowCrossApp)
   在 System.Web.UI.PageHandlerFactory.GetHandlerHelper(HttpContext context, String requestType, VirtualPath virtualPath, String physicalPath)
   在 System.Web.UI.PageHandlerFactory.GetHandler(HttpContext context, String requestType, String virtualPath, String path)
   在 System.Web.HttpApplication.MaterializeHandlerExecutionStep.System.Web.HttpApplication.IExecutionStep.Execute()
   在 System.Web.HttpApplication.ExecuteStep(IExecutionStep step, Boolean& completedSynchronously) 
【错误详情】

＝＝＝＝＝＝＝＝＝＝ 
【日志级别】ERROR 
【记录时间】2016-05-25 17:28:14,535 
【线程编号】[11] 
【执行时间】[17613]毫秒 
【出错文件】d:\zhanglixiangmu\威小宝刷单\User\Global.asax 
【出错行号】53 
【出错的类】Jnwf.Utils.Log.Logger 属性[(null)] 
【错误描述】发生e`的网页地址：http://localhost:51696/user/notice.aspx?aid=40
错误信息：文件“/user/notice.aspx”不存在。
堆栈热荩
   在 System.Web.UI.Util.CheckVirtualFileExists(VirtualPath virtualPath)
   在 System.Web.Compilation.BuildManager.GetVPathBuildResultInternal(VirtualPath virtualPath, Boolean noBuild, Boolean allowCrossApp, Boolean allowBuildInPrecompile, Boolean throwIfNotFound, Boolean ensureIsUpToDate)
   在 System.Web.Compilation.BuildManager.GetVPathBuildResultWithNoAssert(HttpContext context, VirtualPath virtualPath, Boolean noBuild, Boolean allowCrossApp, Boolean allowBuildInPrecompile, Boolean throwIfNotFound, Boolean ensureIsUpToDate)
   在 System.Web.Compilation.BuildManager.GetVirtualPathObjectFactory(VirtualPath virtualPath, HttpContext context, Boolean allowCrossApp, Boolean throwIfNotFound)
   在 System.Web.Compilation.BuildManager.CreateInstanceFromVirtualPath(VirtualPath virtualPath, Type requiredBaseType, HttpContext context, Boolean allowCrossApp)
   在 System.Web.UI.PageHandlerFactory.GetHandlerHelper(HttpContext context, String requestType, VirtualPath virtualPath, String physicalPath)
   在 System.Web.UI.PageHandlerFactory.GetHandler(HttpContext context, String requestType, String virtualPath, String path)
   在 System.Web.HttpApplication.MaterializeHandlerExecutionStep.System.Web.HttpApplication.IExecutionStep.Execute()
   在 System.Web.HttpApplication.ExecuteStep(IExecutionStep step, Boolean& completedSynchronously) 
【错误详情】

＝＝＝＝＝＝＝＝＝＝ 
【日志级别】ERROR 
【记录时间】2016-05-25 17:33:33,755 
【线程编号】[27] 
【执行时间】[336834]毫秒 
【出错文件】d:\zhanglixiangmu\威小宝刷单\User\Details.aspx.cs 
【出错行号】86 
【出错的类】Jnwf.Utils.Log.Logger 属性[(null)] 
【错误描述】details.aspx,userid:29 
【错误详情】
