
＝＝＝＝＝＝＝＝＝＝ 
【日志级别】ERROR 
【记录时间】2016-07-27 16:11:15,885 
【线程编号】[7] 
【执行时间】[110]毫秒 
【出错文件】e:\TaskNew\TaskNew\UserNew\Details.aspx.cs 
【出错行号】127 
【出错的类】Jnwf.Utils.Log.Logger 属性[(null)] 
【错误描述】details.aspx,userid:1 
【错误详情】

＝＝＝＝＝＝＝＝＝＝ 
【日志级别】ERROR 
【记录时间】2016-07-27 16:11:23,360 
【线程编号】[10] 
【执行时间】[7584]毫秒 
【出错文件】e:\TaskNew\TaskNew\UserNew\Details.aspx.cs 
【出错行号】127 
【出错的类】Jnwf.Utils.Log.Logger 属性[(null)] 
【错误描述】details.aspx,userid:1 
【错误详情】

＝＝＝＝＝＝＝＝＝＝ 
【日志级别】ERROR 
【记录时间】2016-07-27 16:11:29,095 
【线程编号】[9] 
【执行时间】[13319]毫秒 
【出错文件】e:\TaskNew\TaskNew\UserNew\Details.aspx.cs 
【出错行号】127 
【出错的类】Jnwf.Utils.Log.Logger 属性[(null)] 
【错误描述】details.aspx,userid:1 
【错误详情】

＝＝＝＝＝＝＝＝＝＝ 
【日志级别】ERROR 
【记录时间】2016-07-27 16:11:34,792 
【线程编号】[8] 
【执行时间】[19017]毫秒 
【出错文件】e:\TaskNew\TaskNew\UserNew\Details.aspx.cs 
【出错行号】127 
【出错的类】Jnwf.Utils.Log.Logger 属性[(null)] 
【错误描述】details.aspx,userid:1 
【错误详情】
