
＝＝＝＝＝＝＝＝＝＝ 
【日志级别】ERROR 
【记录时间】2016-07-08 13:15:11,320 
【线程编号】[8] 
【执行时间】[42]毫秒 
【出错文件】e:\TaskNew\TaskNew\UserNew\Global.asax 
【出错行号】53 
【出错的类】Jnwf.Utils.Log.Logger 属性[(null)] 
【错误描述】发生e`的网页地址：http://localhost:55462/users/data/handler.ashx
错误信息：文件“/users/data/handler.ashx”不存在。
堆栈热荩
   在 System.Web.UI.Util.CheckVirtualFileExists(VirtualPath virtualPath)
   在 System.Web.Compilation.BuildManager.GetVPathBuildResultInternal(VirtualPath virtualPath, Boolean noBuild, Boolean allowCrossApp, Boolean allowBuildInPrecompile, Boolean throwIfNotFound, Boolean ensureIsUpToDate)
   在 System.Web.Compilation.BuildManager.GetVPathBuildResultWithNoAssert(HttpContext context, VirtualPath virtualPath, Boolean noBuild, Boolean allowCrossApp, Boolean allowBuildInPrecompile, Boolean throwIfNotFound, Boolean ensureIsUpToDate)
   在 System.Web.Compilation.BuildManager.GetVPathBuildResult(HttpContext context, VirtualPath virtualPath, Boolean noBuild, Boolean allowCrossApp, Boolean allowBuildInPrecompile, Boolean ensureIsUpToDate)
   在 System.Web.UI.SimpleHandlerFactory.System.Web.IHttpHandlerFactory2.GetHandler(HttpContext context, String requestType, VirtualPath virtualPath, String physicalPath)
   在 System.Web.UI.SimpleHandlerFactory.GetHandler(HttpContext context, String requestType, String virtualPath, String path)
   在 System.Web.HttpApplication.MaterializeHandlerExecutionStep.System.Web.HttpApplication.IExecutionStep.Execute()
   在 System.Web.HttpApplication.ExecuteStep(IExecutionStep step, Boolean& completedSynchronously) 
【错误详情】

＝＝＝＝＝＝＝＝＝＝ 
【日志级别】ERROR 
【记录时间】2016-07-08 13:27:13,812 
【线程编号】[27] 
【执行时间】[722534]毫秒 
【出错文件】e:\TaskNew\TaskNew\UserNew\Global.asax 
【出错行号】53 
【出错的类】Jnwf.Utils.Log.Logger 属性[(null)] 
【错误描述】发生e`的网页地址：http://localhost:55462/users/data/handler.ashx
错误信息：文件“/users/data/handler.ashx”不存在。
堆栈热荩
   在 System.Web.UI.Util.CheckVirtualFileExists(VirtualPath virtualPath)
   在 System.Web.Compilation.BuildManager.GetVPathBuildResultInternal(VirtualPath virtualPath, Boolean noBuild, Boolean allowCrossApp, Boolean allowBuildInPrecompile, Boolean throwIfNotFound, Boolean ensureIsUpToDate)
   在 System.Web.Compilation.BuildManager.GetVPathBuildResultWithNoAssert(HttpContext context, VirtualPath virtualPath, Boolean noBuild, Boolean allowCrossApp, Boolean allowBuildInPrecompile, Boolean throwIfNotFound, Boolean ensureIsUpToDate)
   在 System.Web.Compilation.BuildManager.GetVPathBuildResult(HttpContext context, VirtualPath virtualPath, Boolean noBuild, Boolean allowCrossApp, Boolean allowBuildInPrecompile, Boolean ensureIsUpToDate)
   在 System.Web.UI.SimpleHandlerFactory.System.Web.IHttpHandlerFactory2.GetHandler(HttpContext context, String requestType, VirtualPath virtualPath, String physicalPath)
   在 System.Web.UI.SimpleHandlerFactory.GetHandler(HttpContext context, String requestType, String virtualPath, String path)
   在 System.Web.HttpApplication.MaterializeHandlerExecutionStep.System.Web.HttpApplication.IExecutionStep.Execute()
   在 System.Web.HttpApplication.ExecuteStep(IExecutionStep step, Boolean& completedSynchronously) 
【错误详情】

＝＝＝＝＝＝＝＝＝＝ 
【日志级别】ERROR 
【记录时间】2016-07-08 13:28:26,149 
【线程编号】[28] 
【执行时间】[794870]毫秒 
【出错文件】e:\TaskNew\TaskNew\UserNew\Global.asax 
【出错行号】53 
【出错的类】Jnwf.Utils.Log.Logger 属性[(null)] 
【错误描述】发生e`的网页地址：http://localhost:55462/users/data/handler.ashx
错误信息：文件“/users/data/handler.ashx”不存在。
堆栈热荩
   在 System.Web.UI.Util.CheckVirtualFileExists(VirtualPath virtualPath)
   在 System.Web.Compilation.BuildManager.GetVPathBuildResultInternal(VirtualPath virtualPath, Boolean noBuild, Boolean allowCrossApp, Boolean allowBuildInPrecompile, Boolean throwIfNotFound, Boolean ensureIsUpToDate)
   在 System.Web.Compilation.BuildManager.GetVPathBuildResultWithNoAssert(HttpContext context, VirtualPath virtualPath, Boolean noBuild, Boolean allowCrossApp, Boolean allowBuildInPrecompile, Boolean throwIfNotFound, Boolean ensureIsUpToDate)
   在 System.Web.Compilation.BuildManager.GetVPathBuildResult(HttpContext context, VirtualPath virtualPath, Boolean noBuild, Boolean allowCrossApp, Boolean allowBuildInPrecompile, Boolean ensureIsUpToDate)
   在 System.Web.UI.SimpleHandlerFactory.System.Web.IHttpHandlerFactory2.GetHandler(HttpContext context, String requestType, VirtualPath virtualPath, String physicalPath)
   在 System.Web.UI.SimpleHandlerFactory.GetHandler(HttpContext context, String requestType, String virtualPath, String path)
   在 System.Web.HttpApplication.MaterializeHandlerExecutionStep.System.Web.HttpApplication.IExecutionStep.Execute()
   在 System.Web.HttpApplication.ExecuteStep(IExecutionStep step, Boolean& completedSynchronously) 
【错误详情】

＝＝＝＝＝＝＝＝＝＝ 
【日志级别】ERROR 
【记录时间】2016-07-08 13:28:35,757 
【线程编号】[28] 
【执行时间】[804479]毫秒 
【出错文件】e:\TaskNew\TaskNew\UserNew\Global.asax 
【出错行号】53 
【出错的类】Jnwf.Utils.Log.Logger 属性[(null)] 
【错误描述】发生e`的网页地址：http://localhost:55462/users/data/handler.ashx
错误信息：文件“/users/data/handler.ashx”不存在。
堆栈热荩
   在 System.Web.UI.Util.CheckVirtualFileExists(VirtualPath virtualPath)
   在 System.Web.Compilation.BuildManager.GetVPathBuildResultInternal(VirtualPath virtualPath, Boolean noBuild, Boolean allowCrossApp, Boolean allowBuildInPrecompile, Boolean throwIfNotFound, Boolean ensureIsUpToDate)
   在 System.Web.Compilation.BuildManager.GetVPathBuildResultWithNoAssert(HttpContext context, VirtualPath virtualPath, Boolean noBuild, Boolean allowCrossApp, Boolean allowBuildInPrecompile, Boolean throwIfNotFound, Boolean ensureIsUpToDate)
   在 System.Web.Compilation.BuildManager.GetVPathBuildResult(HttpContext context, VirtualPath virtualPath, Boolean noBuild, Boolean allowCrossApp, Boolean allowBuildInPrecompile, Boolean ensureIsUpToDate)
   在 System.Web.UI.SimpleHandlerFactory.System.Web.IHttpHandlerFactory2.GetHandler(HttpContext context, String requestType, VirtualPath virtualPath, String physicalPath)
   在 System.Web.UI.SimpleHandlerFactory.GetHandler(HttpContext context, String requestType, String virtualPath, String path)
   在 System.Web.HttpApplication.MaterializeHandlerExecutionStep.System.Web.HttpApplication.IExecutionStep.Execute()
   在 System.Web.HttpApplication.ExecuteStep(IExecutionStep step, Boolean& completedSynchronously) 
【错误详情】

＝＝＝＝＝＝＝＝＝＝ 
【日志级别】ERROR 
【记录时间】2016-07-08 13:28:38,120 
【线程编号】[36] 
【执行时间】[806842]毫秒 
【出错文件】e:\TaskNew\TaskNew\UserNew\Global.asax 
【出错行号】53 
【出错的类】Jnwf.Utils.Log.Logger 属性[(null)] 
【错误描述】发生e`的网页地址：http://localhost:55462/users/data/handler.ashx
错误信息：文件“/users/data/handler.ashx”不存在。
堆栈热荩
   在 System.Web.UI.Util.CheckVirtualFileExists(VirtualPath virtualPath)
   在 System.Web.Compilation.BuildManager.GetVPathBuildResultInternal(VirtualPath virtualPath, Boolean noBuild, Boolean allowCrossApp, Boolean allowBuildInPrecompile, Boolean throwIfNotFound, Boolean ensureIsUpToDate)
   在 System.Web.Compilation.BuildManager.GetVPathBuildResultWithNoAssert(HttpContext context, VirtualPath virtualPath, Boolean noBuild, Boolean allowCrossApp, Boolean allowBuildInPrecompile, Boolean throwIfNotFound, Boolean ensureIsUpToDate)
   在 System.Web.Compilation.BuildManager.GetVPathBuildResult(HttpContext context, VirtualPath virtualPath, Boolean noBuild, Boolean allowCrossApp, Boolean allowBuildInPrecompile, Boolean ensureIsUpToDate)
   在 System.Web.UI.SimpleHandlerFactory.System.Web.IHttpHandlerFactory2.GetHandler(HttpContext context, String requestType, VirtualPath virtualPath, String physicalPath)
   在 System.Web.UI.SimpleHandlerFactory.GetHandler(HttpContext context, String requestType, String virtualPath, String path)
   在 System.Web.HttpApplication.MaterializeHandlerExecutionStep.System.Web.HttpApplication.IExecutionStep.Execute()
   在 System.Web.HttpApplication.ExecuteStep(IExecutionStep step, Boolean& completedSynchronously) 
【错误详情】

＝＝＝＝＝＝＝＝＝＝ 
【日志级别】ERROR 
【记录时间】2016-07-08 13:44:04,834 
【线程编号】[51] 
【执行时间】[1733556]毫秒 
【出错文件】e:\TaskNew\TaskNew\UserNew\Global.asax 
【出错行号】53 
【出错的类】Jnwf.Utils.Log.Logger 属性[(null)] 
【错误描述】发生e`的网页地址：http://localhost:55462/users/data/handler.ashx
错误信息：文件“/users/data/handler.ashx”不存在。
堆栈热荩
   在 System.Web.UI.Util.CheckVirtualFileExists(VirtualPath virtualPath)
   在 System.Web.Compilation.BuildManager.GetVPathBuildResultInternal(VirtualPath virtualPath, Boolean noBuild, Boolean allowCrossApp, Boolean allowBuildInPrecompile, Boolean throwIfNotFound, Boolean ensureIsUpToDate)
   在 System.Web.Compilation.BuildManager.GetVPathBuildResultWithNoAssert(HttpContext context, VirtualPath virtualPath, Boolean noBuild, Boolean allowCrossApp, Boolean allowBuildInPrecompile, Boolean throwIfNotFound, Boolean ensureIsUpToDate)
   在 System.Web.Compilation.BuildManager.GetVPathBuildResult(HttpContext context, VirtualPath virtualPath, Boolean noBuild, Boolean allowCrossApp, Boolean allowBuildInPrecompile, Boolean ensureIsUpToDate)
   在 System.Web.UI.SimpleHandlerFactory.System.Web.IHttpHandlerFactory2.GetHandler(HttpContext context, String requestType, VirtualPath virtualPath, String physicalPath)
   在 System.Web.UI.SimpleHandlerFactory.GetHandler(HttpContext context, String requestType, String virtualPath, String path)
   在 System.Web.HttpApplication.MaterializeHandlerExecutionStep.System.Web.HttpApplication.IExecutionStep.Execute()
   在 System.Web.HttpApplication.ExecuteStep(IExecutionStep step, Boolean& completedSynchronously) 
【错误详情】

＝＝＝＝＝＝＝＝＝＝ 
【日志级别】ERROR 
【记录时间】2016-07-08 13:44:06,511 
【线程编号】[44] 
【执行时间】[1735233]毫秒 
【出错文件】e:\TaskNew\TaskNew\UserNew\Global.asax 
【出错行号】53 
【出错的类】Jnwf.Utils.Log.Logger 属性[(null)] 
【错误描述】发生e`的网页地址：http://localhost:55462/users/data/handler.ashx
错误信息：文件“/users/data/handler.ashx”不存在。
堆栈热荩
   在 System.Web.UI.Util.CheckVirtualFileExists(VirtualPath virtualPath)
   在 System.Web.Compilation.BuildManager.GetVPathBuildResultInternal(VirtualPath virtualPath, Boolean noBuild, Boolean allowCrossApp, Boolean allowBuildInPrecompile, Boolean throwIfNotFound, Boolean ensureIsUpToDate)
   在 System.Web.Compilation.BuildManager.GetVPathBuildResultWithNoAssert(HttpContext context, VirtualPath virtualPath, Boolean noBuild, Boolean allowCrossApp, Boolean allowBuildInPrecompile, Boolean throwIfNotFound, Boolean ensureIsUpToDate)
   在 System.Web.Compilation.BuildManager.GetVPathBuildResult(HttpContext context, VirtualPath virtualPath, Boolean noBuild, Boolean allowCrossApp, Boolean allowBuildInPrecompile, Boolean ensureIsUpToDate)
   在 System.Web.UI.SimpleHandlerFactory.System.Web.IHttpHandlerFactory2.GetHandler(HttpContext context, String requestType, VirtualPath virtualPath, String physicalPath)
   在 System.Web.UI.SimpleHandlerFactory.GetHandler(HttpContext context, String requestType, String virtualPath, String path)
   在 System.Web.HttpApplication.MaterializeHandlerExecutionStep.System.Web.HttpApplication.IExecutionStep.Execute()
   在 System.Web.HttpApplication.ExecuteStep(IExecutionStep step, Boolean& completedSynchronously) 
【错误详情】

＝＝＝＝＝＝＝＝＝＝ 
【日志级别】ERROR 
【记录时间】2016-07-08 13:44:08,483 
【线程编号】[46] 
【执行时间】[1737205]毫秒 
【出错文件】e:\TaskNew\TaskNew\UserNew\Global.asax 
【出错行号】53 
【出错的类】Jnwf.Utils.Log.Logger 属性[(null)] 
【错误描述】发生e`的网页地址：http://localhost:55462/users/data/handler.ashx
错误信息：文件“/users/data/handler.ashx”不存在。
堆栈热荩
   在 System.Web.UI.Util.CheckVirtualFileExists(VirtualPath virtualPath)
   在 System.Web.Compilation.BuildManager.GetVPathBuildResultInternal(VirtualPath virtualPath, Boolean noBuild, Boolean allowCrossApp, Boolean allowBuildInPrecompile, Boolean throwIfNotFound, Boolean ensureIsUpToDate)
   在 System.Web.Compilation.BuildManager.GetVPathBuildResultWithNoAssert(HttpContext context, VirtualPath virtualPath, Boolean noBuild, Boolean allowCrossApp, Boolean allowBuildInPrecompile, Boolean throwIfNotFound, Boolean ensureIsUpToDate)
   在 System.Web.Compilation.BuildManager.GetVPathBuildResult(HttpContext context, VirtualPath virtualPath, Boolean noBuild, Boolean allowCrossApp, Boolean allowBuildInPrecompile, Boolean ensureIsUpToDate)
   在 System.Web.UI.SimpleHandlerFactory.System.Web.IHttpHandlerFactory2.GetHandler(HttpContext context, String requestType, VirtualPath virtualPath, String physicalPath)
   在 System.Web.UI.SimpleHandlerFactory.GetHandler(HttpContext context, String requestType, String virtualPath, String path)
   在 System.Web.HttpApplication.MaterializeHandlerExecutionStep.System.Web.HttpApplication.IExecutionStep.Execute()
   在 System.Web.HttpApplication.ExecuteStep(IExecutionStep step, Boolean& completedSynchronously) 
【错误详情】

＝＝＝＝＝＝＝＝＝＝ 
【日志级别】ERROR 
【记录时间】2016-07-08 14:00:28,932 
【线程编号】[19] 
【执行时间】[2717653]毫秒 
【出错文件】e:\TaskNew\TaskNew\UserNew\Global.asax 
【出错行号】53 
【出错的类】Jnwf.Utils.Log.Logger 属性[(null)] 
【错误描述】发生e`的网页地址：http://localhost:55462/users/data/handler.ashx
错误信息：文件“/users/data/handler.ashx”不存在。
堆栈热荩
   在 System.Web.UI.Util.CheckVirtualFileExists(VirtualPath virtualPath)
   在 System.Web.Compilation.BuildManager.GetVPathBuildResultInternal(VirtualPath virtualPath, Boolean noBuild, Boolean allowCrossApp, Boolean allowBuildInPrecompile, Boolean throwIfNotFound, Boolean ensureIsUpToDate)
   在 System.Web.Compilation.BuildManager.GetVPathBuildResultWithNoAssert(HttpContext context, VirtualPath virtualPath, Boolean noBuild, Boolean allowCrossApp, Boolean allowBuildInPrecompile, Boolean throwIfNotFound, Boolean ensureIsUpToDate)
   在 System.Web.Compilation.BuildManager.GetVPathBuildResult(HttpContext context, VirtualPath virtualPath, Boolean noBuild, Boolean allowCrossApp, Boolean allowBuildInPrecompile, Boolean ensureIsUpToDate)
   在 System.Web.UI.SimpleHandlerFactory.System.Web.IHttpHandlerFactory2.GetHandler(HttpContext context, String requestType, VirtualPath virtualPath, String physicalPath)
   在 System.Web.UI.SimpleHandlerFactory.GetHandler(HttpContext context, String requestType, String virtualPath, String path)
   在 System.Web.HttpApplication.MaterializeHandlerExecutionStep.System.Web.HttpApplication.IExecutionStep.Execute()
   在 System.Web.HttpApplication.ExecuteStep(IExecutionStep step, Boolean& completedSynchronously) 
【错误详情】

＝＝＝＝＝＝＝＝＝＝ 
【日志级别】ERROR 
【记录时间】2016-07-08 14:02:56,920 
【线程编号】[8] 
【执行时间】[47]毫秒 
【出错文件】e:\TaskNew\TaskNew\UserNew\Global.asax 
【出错行号】53 
【出错的类】Jnwf.Utils.Log.Logger 属性[(null)] 
【错误描述】发生e`的网页地址：http://localhost:55462/users/data/upload.ashx
错误信息：文件“/users/data/upload.ashx”不存在。
堆栈热荩
   在 System.Web.UI.Util.CheckVirtualFileExists(VirtualPath virtualPath)
   在 System.Web.Compilation.BuildManager.GetVPathBuildResultInternal(VirtualPath virtualPath, Boolean noBuild, Boolean allowCrossApp, Boolean allowBuildInPrecompile, Boolean throwIfNotFound, Boolean ensureIsUpToDate)
   在 System.Web.Compilation.BuildManager.GetVPathBuildResultWithNoAssert(HttpContext context, VirtualPath virtualPath, Boolean noBuild, Boolean allowCrossApp, Boolean allowBuildInPrecompile, Boolean throwIfNotFound, Boolean ensureIsUpToDate)
   在 System.Web.Compilation.BuildManager.GetVPathBuildResult(HttpContext context, VirtualPath virtualPath, Boolean noBuild, Boolean allowCrossApp, Boolean allowBuildInPrecompile, Boolean ensureIsUpToDate)
   在 System.Web.UI.SimpleHandlerFactory.System.Web.IHttpHandlerFactory2.GetHandler(HttpContext context, String requestType, VirtualPath virtualPath, String physicalPath)
   在 System.Web.UI.SimpleHandlerFactory.GetHandler(HttpContext context, String requestType, String virtualPath, String path)
   在 System.Web.HttpApplication.MaterializeHandlerExecutionStep.System.Web.HttpApplication.IExecutionStep.Execute()
   在 System.Web.HttpApplication.ExecuteStep(IExecutionStep step, Boolean& completedSynchronously) 
【错误详情】

＝＝＝＝＝＝＝＝＝＝ 
【日志级别】ERROR 
【记录时间】2016-07-08 14:05:09,128 
【线程编号】[9] 
【执行时间】[132254]毫秒 
【出错文件】e:\TaskNew\TaskNew\UserNew\Global.asax 
【出错行号】53 
【出错的类】Jnwf.Utils.Log.Logger 属性[(null)] 
【错误描述】发生e`的网页地址：http://localhost:55462/users/data/upload.ashx
错误信息：文件“/users/data/upload.ashx”不存在。
堆栈热荩
   在 System.Web.UI.Util.CheckVirtualFileExists(VirtualPath virtualPath)
   在 System.Web.Compilation.BuildManager.GetVPathBuildResultInternal(VirtualPath virtualPath, Boolean noBuild, Boolean allowCrossApp, Boolean allowBuildInPrecompile, Boolean throwIfNotFound, Boolean ensureIsUpToDate)
   在 System.Web.Compilation.BuildManager.GetVPathBuildResultWithNoAssert(HttpContext context, VirtualPath virtualPath, Boolean noBuild, Boolean allowCrossApp, Boolean allowBuildInPrecompile, Boolean throwIfNotFound, Boolean ensureIsUpToDate)
   在 System.Web.Compilation.BuildManager.GetVPathBuildResult(HttpContext context, VirtualPath virtualPath, Boolean noBuild, Boolean allowCrossApp, Boolean allowBuildInPrecompile, Boolean ensureIsUpToDate)
   在 System.Web.UI.SimpleHandlerFactory.System.Web.IHttpHandlerFactory2.GetHandler(HttpContext context, String requestType, VirtualPath virtualPath, String physicalPath)
   在 System.Web.UI.SimpleHandlerFactory.GetHandler(HttpContext context, String requestType, String virtualPath, String path)
   在 System.Web.HttpApplication.MaterializeHandlerExecutionStep.System.Web.HttpApplication.IExecutionStep.Execute()
   在 System.Web.HttpApplication.ExecuteStep(IExecutionStep step, Boolean& completedSynchronously) 
【错误详情】

＝＝＝＝＝＝＝＝＝＝ 
【日志级别】ERROR 
【记录时间】2016-07-08 14:06:36,294 
【线程编号】[8] 
【执行时间】[43]毫秒 
【出错文件】e:\TaskNew\TaskNew\UserNew\Global.asax 
【出错行号】53 
【出错的类】Jnwf.Utils.Log.Logger 属性[(null)] 
【错误描述】发生e`的网页地址：http://localhost:55462/users/data/upload.ashx
错误信息：文件“/users/data/upload.ashx”不存在。
堆栈热荩
   在 System.Web.UI.Util.CheckVirtualFileExists(VirtualPath virtualPath)
   在 System.Web.Compilation.BuildManager.GetVPathBuildResultInternal(VirtualPath virtualPath, Boolean noBuild, Boolean allowCrossApp, Boolean allowBuildInPrecompile, Boolean throwIfNotFound, Boolean ensureIsUpToDate)
   在 System.Web.Compilation.BuildManager.GetVPathBuildResultWithNoAssert(HttpContext context, VirtualPath virtualPath, Boolean noBuild, Boolean allowCrossApp, Boolean allowBuildInPrecompile, Boolean throwIfNotFound, Boolean ensureIsUpToDate)
   在 System.Web.Compilation.BuildManager.GetVPathBuildResult(HttpContext context, VirtualPath virtualPath, Boolean noBuild, Boolean allowCrossApp, Boolean allowBuildInPrecompile, Boolean ensureIsUpToDate)
   在 System.Web.UI.SimpleHandlerFactory.System.Web.IHttpHandlerFactory2.GetHandler(HttpContext context, String requestType, VirtualPath virtualPath, String physicalPath)
   在 System.Web.UI.SimpleHandlerFactory.GetHandler(HttpContext context, String requestType, String virtualPath, String path)
   在 System.Web.HttpApplication.MaterializeHandlerExecutionStep.System.Web.HttpApplication.IExecutionStep.Execute()
   在 System.Web.HttpApplication.ExecuteStep(IExecutionStep step, Boolean& completedSynchronously) 
【错误详情】

＝＝＝＝＝＝＝＝＝＝ 
【日志级别】ERROR 
【记录时间】2016-07-08 14:08:20,230 
【线程编号】[10] 
【执行时间】[50]毫秒 
【出错文件】e:\TaskNew\TaskNew\UserNew\Global.asax 
【出错行号】53 
【出错的类】Jnwf.Utils.Log.Logger 属性[(null)] 
【错误描述】发生e`的网页地址：http://localhost:55462/users/data/upload.ashx
错误信息：文件“/users/data/upload.ashx”不存在。
堆栈热荩
   在 System.Web.UI.Util.CheckVirtualFileExists(VirtualPath virtualPath)
   在 System.Web.Compilation.BuildManager.GetVPathBuildResultInternal(VirtualPath virtualPath, Boolean noBuild, Boolean allowCrossApp, Boolean allowBuildInPrecompile, Boolean throwIfNotFound, Boolean ensureIsUpToDate)
   在 System.Web.Compilation.BuildManager.GetVPathBuildResultWithNoAssert(HttpContext context, VirtualPath virtualPath, Boolean noBuild, Boolean allowCrossApp, Boolean allowBuildInPrecompile, Boolean throwIfNotFound, Boolean ensureIsUpToDate)
   在 System.Web.Compilation.BuildManager.GetVPathBuildResult(HttpContext context, VirtualPath virtualPath, Boolean noBuild, Boolean allowCrossApp, Boolean allowBuildInPrecompile, Boolean ensureIsUpToDate)
   在 System.Web.UI.SimpleHandlerFactory.System.Web.IHttpHandlerFactory2.GetHandler(HttpContext context, String requestType, VirtualPath virtualPath, String physicalPath)
   在 System.Web.UI.SimpleHandlerFactory.GetHandler(HttpContext context, String requestType, String virtualPath, String path)
   在 System.Web.HttpApplication.MaterializeHandlerExecutionStep.System.Web.HttpApplication.IExecutionStep.Execute()
   在 System.Web.HttpApplication.ExecuteStep(IExecutionStep step, Boolean& completedSynchronously) 
【错误详情】

＝＝＝＝＝＝＝＝＝＝ 
【日志级别】ERROR 
【记录时间】2016-07-08 14:08:28,631 
【线程编号】[8] 
【执行时间】[8451]毫秒 
【出错文件】e:\TaskNew\TaskNew\UserNew\Global.asax 
【出错行号】53 
【出错的类】Jnwf.Utils.Log.Logger 属性[(null)] 
【错误描述】发生e`的网页地址：http://localhost:55462/users/data/upload.ashx
错误信息：文件“/users/data/upload.ashx”不存在。
堆栈热荩
   在 System.Web.UI.Util.CheckVirtualFileExists(VirtualPath virtualPath)
   在 System.Web.Compilation.BuildManager.GetVPathBuildResultInternal(VirtualPath virtualPath, Boolean noBuild, Boolean allowCrossApp, Boolean allowBuildInPrecompile, Boolean throwIfNotFound, Boolean ensureIsUpToDate)
   在 System.Web.Compilation.BuildManager.GetVPathBuildResultWithNoAssert(HttpContext context, VirtualPath virtualPath, Boolean noBuild, Boolean allowCrossApp, Boolean allowBuildInPrecompile, Boolean throwIfNotFound, Boolean ensureIsUpToDate)
   在 System.Web.Compilation.BuildManager.GetVPathBuildResult(HttpContext context, VirtualPath virtualPath, Boolean noBuild, Boolean allowCrossApp, Boolean allowBuildInPrecompile, Boolean ensureIsUpToDate)
   在 System.Web.UI.SimpleHandlerFactory.System.Web.IHttpHandlerFactory2.GetHandler(HttpContext context, String requestType, VirtualPath virtualPath, String physicalPath)
   在 System.Web.UI.SimpleHandlerFactory.GetHandler(HttpContext context, String requestType, String virtualPath, String path)
   在 System.Web.HttpApplication.MaterializeHandlerExecutionStep.System.Web.HttpApplication.IExecutionStep.Execute()
   在 System.Web.HttpApplication.ExecuteStep(IExecutionStep step, Boolean& completedSynchronously) 
【错误详情】

＝＝＝＝＝＝＝＝＝＝ 
【日志级别】ERROR 
【记录时间】2016-07-08 14:08:33,752 
【线程编号】[9] 
【执行时间】[13572]毫秒 
【出错文件】e:\TaskNew\TaskNew\UserNew\Global.asax 
【出错行号】53 
【出错的类】Jnwf.Utils.Log.Logger 属性[(null)] 
【错误描述】发生e`的网页地址：http://localhost:55462/users/data/upload.ashx
错误信息：文件“/users/data/upload.ashx”不存在。
堆栈热荩
   在 System.Web.UI.Util.CheckVirtualFileExists(VirtualPath virtualPath)
   在 System.Web.Compilation.BuildManager.GetVPathBuildResultInternal(VirtualPath virtualPath, Boolean noBuild, Boolean allowCrossApp, Boolean allowBuildInPrecompile, Boolean throwIfNotFound, Boolean ensureIsUpToDate)
   在 System.Web.Compilation.BuildManager.GetVPathBuildResultWithNoAssert(HttpContext context, VirtualPath virtualPath, Boolean noBuild, Boolean allowCrossApp, Boolean allowBuildInPrecompile, Boolean throwIfNotFound, Boolean ensureIsUpToDate)
   在 System.Web.Compilation.BuildManager.GetVPathBuildResult(HttpContext context, VirtualPath virtualPath, Boolean noBuild, Boolean allowCrossApp, Boolean allowBuildInPrecompile, Boolean ensureIsUpToDate)
   在 System.Web.UI.SimpleHandlerFactory.System.Web.IHttpHandlerFactory2.GetHandler(HttpContext context, String requestType, VirtualPath virtualPath, String physicalPath)
   在 System.Web.UI.SimpleHandlerFactory.GetHandler(HttpContext context, String requestType, String virtualPath, String path)
   在 System.Web.HttpApplication.MaterializeHandlerExecutionStep.System.Web.HttpApplication.IExecutionStep.Execute()
   在 System.Web.HttpApplication.ExecuteStep(IExecutionStep step, Boolean& completedSynchronously) 
【错误详情】

＝＝＝＝＝＝＝＝＝＝ 
【日志级别】ERROR 
【记录时间】2016-07-08 14:09:17,238 
【线程编号】[5] 
【执行时间】[57058]毫秒 
【出错文件】e:\TaskNew\TaskNew\UserNew\Global.asax 
【出错行号】53 
【出错的类】Jnwf.Utils.Log.Logger 属性[(null)] 
【错误描述】发生e`的网页地址：http://localhost:55462/users/data/upload.ashx
错误信息：文件“/users/data/upload.ashx”不存在。
堆栈热荩
   在 System.Web.UI.Util.CheckVirtualFileExists(VirtualPath virtualPath)
   在 System.Web.Compilation.BuildManager.GetVPathBuildResultInternal(VirtualPath virtualPath, Boolean noBuild, Boolean allowCrossApp, Boolean allowBuildInPrecompile, Boolean throwIfNotFound, Boolean ensureIsUpToDate)
   在 System.Web.Compilation.BuildManager.GetVPathBuildResultWithNoAssert(HttpContext context, VirtualPath virtualPath, Boolean noBuild, Boolean allowCrossApp, Boolean allowBuildInPrecompile, Boolean throwIfNotFound, Boolean ensureIsUpToDate)
   在 System.Web.Compilation.BuildManager.GetVPathBuildResult(HttpContext context, VirtualPath virtualPath, Boolean noBuild, Boolean allowCrossApp, Boolean allowBuildInPrecompile, Boolean ensureIsUpToDate)
   在 System.Web.UI.SimpleHandlerFactory.System.Web.IHttpHandlerFactory2.GetHandler(HttpContext context, String requestType, VirtualPath virtualPath, String physicalPath)
   在 System.Web.UI.SimpleHandlerFactory.GetHandler(HttpContext context, String requestType, String virtualPath, String path)
   在 System.Web.HttpApplication.MaterializeHandlerExecutionStep.System.Web.HttpApplication.IExecutionStep.Execute()
   在 System.Web.HttpApplication.ExecuteStep(IExecutionStep step, Boolean& completedSynchronously) 
【错误详情】

＝＝＝＝＝＝＝＝＝＝ 
【日志级别】ERROR 
【记录时间】2016-07-08 14:09:56,675 
【线程编号】[11] 
【执行时间】[96495]毫秒 
【出错文件】e:\TaskNew\TaskNew\UserNew\Global.asax 
【出错行号】53 
【出错的类】Jnwf.Utils.Log.Logger 属性[(null)] 
【错误描述】发生e`的网页地址：http://localhost:55462/users/data/upload.ashx
错误信息：文件“/users/data/upload.ashx”不存在。
堆栈热荩
   在 System.Web.UI.Util.CheckVirtualFileExists(VirtualPath virtualPath)
   在 System.Web.Compilation.BuildManager.GetVPathBuildResultInternal(VirtualPath virtualPath, Boolean noBuild, Boolean allowCrossApp, Boolean allowBuildInPrecompile, Boolean throwIfNotFound, Boolean ensureIsUpToDate)
   在 System.Web.Compilation.BuildManager.GetVPathBuildResultWithNoAssert(HttpContext context, VirtualPath virtualPath, Boolean noBuild, Boolean allowCrossApp, Boolean allowBuildInPrecompile, Boolean throwIfNotFound, Boolean ensureIsUpToDate)
   在 System.Web.Compilation.BuildManager.GetVPathBuildResult(HttpContext context, VirtualPath virtualPath, Boolean noBuild, Boolean allowCrossApp, Boolean allowBuildInPrecompile, Boolean ensureIsUpToDate)
   在 System.Web.UI.SimpleHandlerFactory.System.Web.IHttpHandlerFactory2.GetHandler(HttpContext context, String requestType, VirtualPath virtualPath, String physicalPath)
   在 System.Web.UI.SimpleHandlerFactory.GetHandler(HttpContext context, String requestType, String virtualPath, String path)
   在 System.Web.HttpApplication.MaterializeHandlerExecutionStep.System.Web.HttpApplication.IExecutionStep.Execute()
   在 System.Web.HttpApplication.ExecuteStep(IExecutionStep step, Boolean& completedSynchronously) 
【错误详情】

＝＝＝＝＝＝＝＝＝＝ 
【日志级别】ERROR 
【记录时间】2016-07-08 14:27:02,558 
【线程编号】[10] 
【执行时间】[42]毫秒 
【出错文件】e:\TaskNew\TaskNew\UserNew\Global.asax 
【出错行号】53 
【出错的类】Jnwf.Utils.Log.Logger 属性[(null)] 
【错误描述】发生e`的网页地址：http://localhost:55462/users/data/upload.ashx
错误信息：文件“/users/data/upload.ashx”不存在。
堆栈热荩
   在 System.Web.UI.Util.CheckVirtualFileExists(VirtualPath virtualPath)
   在 System.Web.Compilation.BuildManager.GetVPathBuildResultInternal(VirtualPath virtualPath, Boolean noBuild, Boolean allowCrossApp, Boolean allowBuildInPrecompile, Boolean throwIfNotFound, Boolean ensureIsUpToDate)
   在 System.Web.Compilation.BuildManager.GetVPathBuildResultWithNoAssert(HttpContext context, VirtualPath virtualPath, Boolean noBuild, Boolean allowCrossApp, Boolean allowBuildInPrecompile, Boolean throwIfNotFound, Boolean ensureIsUpToDate)
   在 System.Web.Compilation.BuildManager.GetVPathBuildResult(HttpContext context, VirtualPath virtualPath, Boolean noBuild, Boolean allowCrossApp, Boolean allowBuildInPrecompile, Boolean ensureIsUpToDate)
   在 System.Web.UI.SimpleHandlerFactory.System.Web.IHttpHandlerFactory2.GetHandler(HttpContext context, String requestType, VirtualPath virtualPath, String physicalPath)
   在 System.Web.UI.SimpleHandlerFactory.GetHandler(HttpContext context, String requestType, String virtualPath, String path)
   在 System.Web.HttpApplication.MaterializeHandlerExecutionStep.System.Web.HttpApplication.IExecutionStep.Execute()
   在 System.Web.HttpApplication.ExecuteStep(IExecutionStep step, Boolean& completedSynchronously) 
【错误详情】

＝＝＝＝＝＝＝＝＝＝ 
【日志级别】ERROR 
【记录时间】2016-07-08 14:50:01,843 
【线程编号】[29] 
【执行时间】[42]毫秒 
【出错文件】e:\TaskNew\TaskNew\UserNew\Global.asax 
【出错行号】53 
【出错的类】Jnwf.Utils.Log.Logger 属性[(null)] 
【错误描述】发生e`的网页地址：http://localhost:55462/data/upload.ashx
错误信息：e:\TaskNew\TaskNew\UserNew\data\upload.ashx(33): error CS1501: “Write”方法没有任何重载采用 0 个参数
堆栈热荩
   在 System.Web.Compilation.AssemblyBuilder.Compile()
   在 System.Web.Compilation.BuildProvidersCompiler.PerformBuild()
   在 System.Web.Compilation.BuildManager.CompileWebFile(VirtualPath virtualPath)
   在 System.Web.Compilation.BuildManager.GetVPathBuildResultInternal(VirtualPath virtualPath, Boolean noBuild, Boolean allowCrossApp, Boolean allowBuildInPrecompile, Boolean throwIfNotFound, Boolean ensureIsUpToDate)
   在 System.Web.Compilation.BuildManager.GetVPathBuildResultWithNoAssert(HttpContext context, VirtualPath virtualPath, Boolean noBuild, Boolean allowCrossApp, Boolean allowBuildInPrecompile, Boolean throwIfNotFound, Boolean ensureIsUpToDate)
   在 System.Web.Compilation.BuildManager.GetVPathBuildResult(HttpContext context, VirtualPath virtualPath, Boolean noBuild, Boolean allowCrossApp, Boolean allowBuildInPrecompile, Boolean ensureIsUpToDate)
   在 System.Web.UI.SimpleHandlerFactory.System.Web.IHttpHandlerFactory2.GetHandler(HttpContext context, String requestType, VirtualPath virtualPath, String physicalPath)
   在 System.Web.UI.SimpleHandlerFactory.GetHandler(HttpContext context, String requestType, String virtualPath, String path)
   在 System.Web.HttpApplication.MaterializeHandlerExecutionStep.System.Web.HttpApplication.IExecutionStep.Execute()
   在 System.Web.HttpApplication.ExecuteStep(IExecutionStep step, Boolean& completedSynchronously) 
【错误详情】

＝＝＝＝＝＝＝＝＝＝ 
【日志级别】ERROR 
【记录时间】2016-07-08 14:50:20,700 
【线程编号】[26] 
【执行时间】[18899]毫秒 
【出错文件】e:\TaskNew\TaskNew\UserNew\Global.asax 
【出错行号】53 
【出错的类】Jnwf.Utils.Log.Logger 属性[(null)] 
【错误描述】发生e`的网页地址：http://localhost:55462/data/upload.ashx
错误信息：e:\TaskNew\TaskNew\UserNew\data\upload.ashx(33): error CS1501: “Write”方法没有任何重载采用 0 个参数
堆栈热荩
   在 System.Web.Compilation.AssemblyBuilder.Compile()
   在 System.Web.Compilation.BuildProvidersCompiler.PerformBuild()
   在 System.Web.Compilation.BuildManager.CompileWebFile(VirtualPath virtualPath)
   在 System.Web.Compilation.BuildManager.GetVPathBuildResultInternal(VirtualPath virtualPath, Boolean noBuild, Boolean allowCrossApp, Boolean allowBuildInPrecompile, Boolean throwIfNotFound, Boolean ensureIsUpToDate)
   在 System.Web.Compilation.BuildManager.GetVPathBuildResultWithNoAssert(HttpContext context, VirtualPath virtualPath, Boolean noBuild, Boolean allowCrossApp, Boolean allowBuildInPrecompile, Boolean throwIfNotFound, Boolean ensureIsUpToDate)
   在 System.Web.Compilation.BuildManager.GetVPathBuildResult(HttpContext context, VirtualPath virtualPath, Boolean noBuild, Boolean allowCrossApp, Boolean allowBuildInPrecompile, Boolean ensureIsUpToDate)
   在 System.Web.UI.SimpleHandlerFactory.System.Web.IHttpHandlerFactory2.GetHandler(HttpContext context, String requestType, VirtualPath virtualPath, String physicalPath)
   在 System.Web.UI.SimpleHandlerFactory.GetHandler(HttpContext context, String requestType, String virtualPath, String path)
   在 System.Web.HttpApplication.MaterializeHandlerExecutionStep.System.Web.HttpApplication.IExecutionStep.Execute()
   在 System.Web.HttpApplication.ExecuteStep(IExecutionStep step, Boolean& completedSynchronously) 
【错误详情】

＝＝＝＝＝＝＝＝＝＝ 
【日志级别】ERROR 
【记录时间】2016-07-08 15:34:27,028 
【线程编号】[8] 
【执行时间】[44]毫秒 
【出错文件】e:\TaskNew\TaskNew\UserNew\Details.aspx.cs 
【出错行号】127 
【出错的类】Jnwf.Utils.Log.Logger 属性[(null)] 
【错误描述】details.aspx,userid:1 
【错误详情】

＝＝＝＝＝＝＝＝＝＝ 
【日志级别】ERROR 
【记录时间】2016-07-08 15:34:35,872 
【线程编号】[9] 
【执行时间】[8887]毫秒 
【出错文件】e:\TaskNew\TaskNew\UserNew\Details.aspx.cs 
【出错行号】127 
【出错的类】Jnwf.Utils.Log.Logger 属性[(null)] 
【错误描述】details.aspx,userid:1 
【错误详情】

＝＝＝＝＝＝＝＝＝＝ 
【日志级别】ERROR 
【记录时间】2016-07-08 15:35:26,182 
【线程编号】[7] 
【执行时间】[59198]毫秒 
【出错文件】e:\TaskNew\TaskNew\UserNew\App_Code\BasePage.cs 
【出错行号】216 
【出错的类】Jnwf.Utils.Log.Logger 属性[(null)] 
【错误描述】error:uploadQinui:未能加载文件或程序集“Newtonsoft.Json, Version=4.5.0.0, Culture=neutral, PublicKeyToken=30ad4fe6b2a6aeed”或它的某一个依赖项。系统找不到指定的文件。| 
【错误详情】

＝＝＝＝＝＝＝＝＝＝ 
【日志级别】ERROR 
【记录时间】2016-07-08 15:35:26,203 
【线程编号】[7] 
【执行时间】[59219]毫秒 
【出错文件】e:\TaskNew\TaskNew\UserNew\App_Code\BasePage.cs 
【出错行号】216 
【出错的类】Jnwf.Utils.Log.Logger 属性[(null)] 
【错误描述】error:uploadQinui:未能加载文件或程序集“Newtonsoft.Json, Version=4.5.0.0, Culture=neutral, PublicKeyToken=30ad4fe6b2a6aeed”或它的某一个依赖项。系统找不到指定的文件。| 
【错误详情】

＝＝＝＝＝＝＝＝＝＝ 
【日志级别】ERROR 
【记录时间】2016-07-08 15:35:26,220 
【线程编号】[7] 
【执行时间】[59236]毫秒 
【出错文件】e:\TaskNew\TaskNew\UserNew\App_Code\BasePage.cs 
【出错行号】216 
【出错的类】Jnwf.Utils.Log.Logger 属性[(null)] 
【错误描述】error:uploadQinui:未能加载文件或程序集“Newtonsoft.Json, Version=4.5.0.0, Culture=neutral, PublicKeyToken=30ad4fe6b2a6aeed”或它的某一个依赖项。系统找不到指定的文件。| 
【错误详情】

＝＝＝＝＝＝＝＝＝＝ 
【日志级别】ERROR 
【记录时间】2016-07-08 15:35:28,733 
【线程编号】[9] 
【执行时间】[61748]毫秒 
【出错文件】e:\TaskNew\TaskNew\UserNew\App_Code\BasePage.cs 
【出错行号】216 
【出错的类】Jnwf.Utils.Log.Logger 属性[(null)] 
【错误描述】error:uploadQinui:未能加载文件或程序集“Newtonsoft.Json, Version=4.5.0.0, Culture=neutral, PublicKeyToken=30ad4fe6b2a6aeed”或它的某一个依赖项。系统找不到指定的文件。| 
【错误详情】

＝＝＝＝＝＝＝＝＝＝ 
【日志级别】ERROR 
【记录时间】2016-07-08 15:35:28,748 
【线程编号】[9] 
【执行时间】[61763]毫秒 
【出错文件】e:\TaskNew\TaskNew\UserNew\App_Code\BasePage.cs 
【出错行号】216 
【出错的类】Jnwf.Utils.Log.Logger 属性[(null)] 
【错误描述】error:uploadQinui:未能加载文件或程序集“Newtonsoft.Json, Version=4.5.0.0, Culture=neutral, PublicKeyToken=30ad4fe6b2a6aeed”或它的某一个依赖项。系统找不到指定的文件。| 
【错误详情】

＝＝＝＝＝＝＝＝＝＝ 
【日志级别】ERROR 
【记录时间】2016-07-08 15:35:28,763 
【线程编号】[9] 
【执行时间】[61778]毫秒 
【出错文件】e:\TaskNew\TaskNew\UserNew\App_Code\BasePage.cs 
【出错行号】216 
【出错的类】Jnwf.Utils.Log.Logger 属性[(null)] 
【错误描述】error:uploadQinui:未能加载文件或程序集“Newtonsoft.Json, Version=4.5.0.0, Culture=neutral, PublicKeyToken=30ad4fe6b2a6aeed”或它的某一个依赖项。系统找不到指定的文件。| 
【错误详情】

＝＝＝＝＝＝＝＝＝＝ 
【日志级别】ERROR 
【记录时间】2016-07-08 15:38:48,666 
【线程编号】[25] 
【执行时间】[261681]毫秒 
【出错文件】e:\TaskNew\TaskNew\UserNew\App_Code\BasePage.cs 
【出错行号】216 
【出错的类】Jnwf.Utils.Log.Logger 属性[(null)] 
【错误描述】error:uploadQinui:未能加载文件或程序集“Newtonsoft.Json, Version=4.5.0.0, Culture=neutral, PublicKeyToken=30ad4fe6b2a6aeed”或它的某一个依赖项。系统找不到指定的文件。| 
【错误详情】

＝＝＝＝＝＝＝＝＝＝ 
【日志级别】ERROR 
【记录时间】2016-07-08 15:38:48,689 
【线程编号】[25] 
【执行时间】[261704]毫秒 
【出错文件】e:\TaskNew\TaskNew\UserNew\App_Code\BasePage.cs 
【出错行号】216 
【出错的类】Jnwf.Utils.Log.Logger 属性[(null)] 
【错误描述】error:uploadQinui:未能加载文件或程序集“Newtonsoft.Json, Version=4.5.0.0, Culture=neutral, PublicKeyToken=30ad4fe6b2a6aeed”或它的某一个依赖项。系统找不到指定的文件。| 
【错误详情】

＝＝＝＝＝＝＝＝＝＝ 
【日志级别】ERROR 
【记录时间】2016-07-08 15:38:48,708 
【线程编号】[25] 
【执行时间】[261723]毫秒 
【出错文件】e:\TaskNew\TaskNew\UserNew\App_Code\BasePage.cs 
【出错行号】216 
【出错的类】Jnwf.Utils.Log.Logger 属性[(null)] 
【错误描述】error:uploadQinui:未能加载文件或程序集“Newtonsoft.Json, Version=4.5.0.0, Culture=neutral, PublicKeyToken=30ad4fe6b2a6aeed”或它的某一个依赖项。系统找不到指定的文件。| 
【错误详情】

＝＝＝＝＝＝＝＝＝＝ 
【日志级别】ERROR 
【记录时间】2016-07-08 15:38:53,076 
【线程编号】[21] 
【执行时间】[266092]毫秒 
【出错文件】e:\TaskNew\TaskNew\UserNew\App_Code\BasePage.cs 
【出错行号】216 
【出错的类】Jnwf.Utils.Log.Logger 属性[(null)] 
【错误描述】error:uploadQinui:未能加载文件或程序集“Newtonsoft.Json, Version=4.5.0.0, Culture=neutral, PublicKeyToken=30ad4fe6b2a6aeed”或它的某一个依赖项。系统找不到指定的文件。| 
【错误详情】

＝＝＝＝＝＝＝＝＝＝ 
【日志级别】ERROR 
【记录时间】2016-07-08 15:38:53,097 
【线程编号】[21] 
【执行时间】[266113]毫秒 
【出错文件】e:\TaskNew\TaskNew\UserNew\App_Code\BasePage.cs 
【出错行号】216 
【出错的类】Jnwf.Utils.Log.Logger 属性[(null)] 
【错误描述】error:uploadQinui:未能加载文件或程序集“Newtonsoft.Json, Version=4.5.0.0, Culture=neutral, PublicKeyToken=30ad4fe6b2a6aeed”或它的某一个依赖项。系统找不到指定的文件。| 
【错误详情】

＝＝＝＝＝＝＝＝＝＝ 
【日志级别】ERROR 
【记录时间】2016-07-08 15:38:53,116 
【线程编号】[21] 
【执行时间】[266132]毫秒 
【出错文件】e:\TaskNew\TaskNew\UserNew\App_Code\BasePage.cs 
【出错行号】216 
【出错的类】Jnwf.Utils.Log.Logger 属性[(null)] 
【错误描述】error:uploadQinui:未能加载文件或程序集“Newtonsoft.Json, Version=4.5.0.0, Culture=neutral, PublicKeyToken=30ad4fe6b2a6aeed”或它的某一个依赖项。系统找不到指定的文件。| 
【错误详情】

＝＝＝＝＝＝＝＝＝＝ 
【日志级别】ERROR 
【记录时间】2016-07-08 16:19:36,302 
【线程编号】[81] 
【执行时间】[2709317]毫秒 
【出错文件】e:\TaskNew\TaskNew\UserNew\Details.aspx.cs 
【出错行号】127 
【出错的类】Jnwf.Utils.Log.Logger 属性[(null)] 
【错误描述】details.aspx,userid:1 
【错误详情】

＝＝＝＝＝＝＝＝＝＝ 
【日志级别】ERROR 
【记录时间】2016-07-08 16:19:44,645 
【线程编号】[82] 
【执行时间】[2717661]毫秒 
【出错文件】e:\TaskNew\TaskNew\UserNew\Details.aspx.cs 
【出错行号】127 
【出错的类】Jnwf.Utils.Log.Logger 属性[(null)] 
【错误描述】details.aspx,userid:1 
【错误详情】

＝＝＝＝＝＝＝＝＝＝ 
【日志级别】ERROR 
【记录时间】2016-07-08 16:21:17,275 
【线程编号】[79] 
【执行时间】[2810290]毫秒 
【出错文件】e:\TaskNew\TaskNew\UserNew\Details.aspx.cs 
【出错行号】127 
【出错的类】Jnwf.Utils.Log.Logger 属性[(null)] 
【错误描述】details.aspx,userid:1 
【错误详情】

＝＝＝＝＝＝＝＝＝＝ 
【日志级别】ERROR 
【记录时间】2016-07-08 16:21:28,390 
【线程编号】[77] 
【执行时间】[2821406]毫秒 
【出错文件】e:\TaskNew\TaskNew\UserNew\Details.aspx.cs 
【出错行号】127 
【出错的类】Jnwf.Utils.Log.Logger 属性[(null)] 
【错误描述】details.aspx,userid:1 
【错误详情】

＝＝＝＝＝＝＝＝＝＝ 
【日志级别】ERROR 
【记录时间】2016-07-08 16:21:43,771 
【线程编号】[77] 
【执行时间】[2836787]毫秒 
【出错文件】e:\TaskNew\TaskNew\UserNew\Details.aspx.cs 
【出错行号】127 
【出错的类】Jnwf.Utils.Log.Logger 属性[(null)] 
【错误描述】details.aspx,userid:1 
【错误详情】

＝＝＝＝＝＝＝＝＝＝ 
【日志级别】ERROR 
【记录时间】2016-07-08 16:30:08,035 
【线程编号】[53] 
【执行时间】[3341051]毫秒 
【出错文件】e:\TaskNew\TaskNew\UserNew\App_Code\BasePage.cs 
【出错行号】216 
【出错的类】Jnwf.Utils.Log.Logger 属性[(null)] 
【错误描述】error:uploadQinui:未能加载文件或程序集“Newtonsoft.Json, Version=4.5.0.0, Culture=neutral, PublicKeyToken=30ad4fe6b2a6aeed”或它的某一个依赖项。系统找不到指定的文件。| 
【错误详情】

＝＝＝＝＝＝＝＝＝＝ 
【日志级别】ERROR 
【记录时间】2016-07-08 16:30:08,037 
【线程编号】[53] 
【执行时间】[3341053]毫秒 
【出错文件】e:\TaskNew\TaskNew\UserNew\App_Code\BasePage.cs 
【出错行号】216 
【出错的类】Jnwf.Utils.Log.Logger 属性[(null)] 
【错误描述】error:uploadQinui:未能加载文件或程序集“Newtonsoft.Json, Version=4.5.0.0, Culture=neutral, PublicKeyToken=30ad4fe6b2a6aeed”或它的某一个依赖项。系统找不到指定的文件。| 
【错误详情】

＝＝＝＝＝＝＝＝＝＝ 
【日志级别】ERROR 
【记录时间】2016-07-08 16:30:08,037 
【线程编号】[53] 
【执行时间】[3341053]毫秒 
【出错文件】e:\TaskNew\TaskNew\UserNew\App_Code\BasePage.cs 
【出错行号】216 
【出错的类】Jnwf.Utils.Log.Logger 属性[(null)] 
【错误描述】error:uploadQinui:未能加载文件或程序集“Newtonsoft.Json, Version=4.5.0.0, Culture=neutral, PublicKeyToken=30ad4fe6b2a6aeed”或它的某一个依赖项。系统找不到指定的文件。| 
【错误详情】

＝＝＝＝＝＝＝＝＝＝ 
【日志级别】ERROR 
【记录时间】2016-07-08 16:30:12,260 
【线程编号】[71] 
【执行时间】[3345276]毫秒 
【出错文件】e:\TaskNew\TaskNew\UserNew\App_Code\BasePage.cs 
【出错行号】216 
【出错的类】Jnwf.Utils.Log.Logger 属性[(null)] 
【错误描述】error:uploadQinui:未能加载文件或程序集“Newtonsoft.Json, Version=4.5.0.0, Culture=neutral, PublicKeyToken=30ad4fe6b2a6aeed”或它的某一个依赖项。系统找不到指定的文件。| 
【错误详情】

＝＝＝＝＝＝＝＝＝＝ 
【日志级别】ERROR 
【记录时间】2016-07-08 16:30:12,261 
【线程编号】[71] 
【执行时间】[3345277]毫秒 
【出错文件】e:\TaskNew\TaskNew\UserNew\App_Code\BasePage.cs 
【出错行号】216 
【出错的类】Jnwf.Utils.Log.Logger 属性[(null)] 
【错误描述】error:uploadQinui:未能加载文件或程序集“Newtonsoft.Json, Version=4.5.0.0, Culture=neutral, PublicKeyToken=30ad4fe6b2a6aeed”或它的某一个依赖项。系统找不到指定的文件。| 
【错误详情】

＝＝＝＝＝＝＝＝＝＝ 
【日志级别】ERROR 
【记录时间】2016-07-08 16:30:12,261 
【线程编号】[71] 
【执行时间】[3345277]毫秒 
【出错文件】e:\TaskNew\TaskNew\UserNew\App_Code\BasePage.cs 
【出错行号】216 
【出错的类】Jnwf.Utils.Log.Logger 属性[(null)] 
【错误描述】error:uploadQinui:未能加载文件或程序集“Newtonsoft.Json, Version=4.5.0.0, Culture=neutral, PublicKeyToken=30ad4fe6b2a6aeed”或它的某一个依赖项。系统找不到指定的文件。| 
【错误详情】

＝＝＝＝＝＝＝＝＝＝ 
【日志级别】ERROR 
【记录时间】2016-07-08 16:39:00,361 
【线程编号】[7] 
【执行时间】[3873376]毫秒 
【出错文件】e:\TaskNew\TaskNew\UserNew\App_Code\BasePage.cs 
【出错行号】216 
【出错的类】Jnwf.Utils.Log.Logger 属性[(null)] 
【错误描述】error:uploadQinui:未能加载文件或程序集“Newtonsoft.Json, Version=4.5.0.0, Culture=neutral, PublicKeyToken=30ad4fe6b2a6aeed”或它的某一个依赖项。系统找不到指定的文件。| 
【错误详情】

＝＝＝＝＝＝＝＝＝＝ 
【日志级别】ERROR 
【记录时间】2016-07-08 16:39:00,362 
【线程编号】[7] 
【执行时间】[3873377]毫秒 
【出错文件】e:\TaskNew\TaskNew\UserNew\App_Code\BasePage.cs 
【出错行号】216 
【出错的类】Jnwf.Utils.Log.Logger 属性[(null)] 
【错误描述】error:uploadQinui:未能加载文件或程序集“Newtonsoft.Json, Version=4.5.0.0, Culture=neutral, PublicKeyToken=30ad4fe6b2a6aeed”或它的某一个依赖项。系统找不到指定的文件。| 
【错误详情】

＝＝＝＝＝＝＝＝＝＝ 
【日志级别】ERROR 
【记录时间】2016-07-08 16:39:00,362 
【线程编号】[7] 
【执行时间】[3873377]毫秒 
【出错文件】e:\TaskNew\TaskNew\UserNew\App_Code\BasePage.cs 
【出错行号】216 
【出错的类】Jnwf.Utils.Log.Logger 属性[(null)] 
【错误描述】error:uploadQinui:未能加载文件或程序集“Newtonsoft.Json, Version=4.5.0.0, Culture=neutral, PublicKeyToken=30ad4fe6b2a6aeed”或它的某一个依赖项。系统找不到指定的文件。| 
【错误详情】

＝＝＝＝＝＝＝＝＝＝ 
【日志级别】ERROR 
【记录时间】2016-07-08 16:39:02,218 
【线程编号】[63] 
【执行时间】[3875233]毫秒 
【出错文件】e:\TaskNew\TaskNew\UserNew\App_Code\BasePage.cs 
【出错行号】216 
【出错的类】Jnwf.Utils.Log.Logger 属性[(null)] 
【错误描述】error:uploadQinui:未能加载文件或程序集“Newtonsoft.Json, Version=4.5.0.0, Culture=neutral, PublicKeyToken=30ad4fe6b2a6aeed”或它的某一个依赖项。系统找不到指定的文件。| 
【错误详情】

＝＝＝＝＝＝＝＝＝＝ 
【日志级别】ERROR 
【记录时间】2016-07-08 16:39:02,218 
【线程编号】[63] 
【执行时间】[3875233]毫秒 
【出错文件】e:\TaskNew\TaskNew\UserNew\App_Code\BasePage.cs 
【出错行号】216 
【出错的类】Jnwf.Utils.Log.Logger 属性[(null)] 
【错误描述】error:uploadQinui:未能加载文件或程序集“Newtonsoft.Json, Version=4.5.0.0, Culture=neutral, PublicKeyToken=30ad4fe6b2a6aeed”或它的某一个依赖项。系统找不到指定的文件。| 
【错误详情】

＝＝＝＝＝＝＝＝＝＝ 
【日志级别】ERROR 
【记录时间】2016-07-08 16:39:02,219 
【线程编号】[63] 
【执行时间】[3875234]毫秒 
【出错文件】e:\TaskNew\TaskNew\UserNew\App_Code\BasePage.cs 
【出错行号】216 
【出错的类】Jnwf.Utils.Log.Logger 属性[(null)] 
【错误描述】error:uploadQinui:未能加载文件或程序集“Newtonsoft.Json, Version=4.5.0.0, Culture=neutral, PublicKeyToken=30ad4fe6b2a6aeed”或它的某一个依赖项。系统找不到指定的文件。| 
【错误详情】

＝＝＝＝＝＝＝＝＝＝ 
【日志级别】ERROR 
【记录时间】2016-07-08 17:02:33,496 
【线程编号】[60] 
【执行时间】[5286512]毫秒 
【出错文件】e:\TaskNew\TaskNew\UserNew\App_Code\BasePage.cs 
【出错行号】216 
【出错的类】Jnwf.Utils.Log.Logger 属性[(null)] 
【错误描述】error:uploadQinui:未能加载文件或程序集“Newtonsoft.Json, Version=4.5.0.0, Culture=neutral, PublicKeyToken=30ad4fe6b2a6aeed”或它的某一个依赖项。系统找不到指定的文件。| 
【错误详情】

＝＝＝＝＝＝＝＝＝＝ 
【日志级别】ERROR 
【记录时间】2016-07-08 17:02:33,497 
【线程编号】[60] 
【执行时间】[5286513]毫秒 
【出错文件】e:\TaskNew\TaskNew\UserNew\App_Code\BasePage.cs 
【出错行号】216 
【出错的类】Jnwf.Utils.Log.Logger 属性[(null)] 
【错误描述】error:uploadQinui:未能加载文件或程序集“Newtonsoft.Json, Version=4.5.0.0, Culture=neutral, PublicKeyToken=30ad4fe6b2a6aeed”或它的某一个依赖项。系统找不到指定的文件。| 
【错误详情】

＝＝＝＝＝＝＝＝＝＝ 
【日志级别】ERROR 
【记录时间】2016-07-08 17:02:33,497 
【线程编号】[60] 
【执行时间】[5286513]毫秒 
【出错文件】e:\TaskNew\TaskNew\UserNew\App_Code\BasePage.cs 
【出错行号】216 
【出错的类】Jnwf.Utils.Log.Logger 属性[(null)] 
【错误描述】error:uploadQinui:未能加载文件或程序集“Newtonsoft.Json, Version=4.5.0.0, Culture=neutral, PublicKeyToken=30ad4fe6b2a6aeed”或它的某一个依赖项。系统找不到指定的文件。| 
【错误详情】

＝＝＝＝＝＝＝＝＝＝ 
【日志级别】ERROR 
【记录时间】2016-07-08 17:24:52,150 
【线程编号】[52] 
【执行时间】[6625165]毫秒 
【出错文件】e:\TaskNew\TaskNew\UserNew\App_Code\BasePage.cs 
【出错行号】216 
【出错的类】Jnwf.Utils.Log.Logger 属性[(null)] 
【错误描述】error:uploadQinui:未能加载文件或程序集“Newtonsoft.Json, Version=4.5.0.0, Culture=neutral, PublicKeyToken=30ad4fe6b2a6aeed”或它的某一个依赖项。系统找不到指定的文件。| 
【错误详情】

＝＝＝＝＝＝＝＝＝＝ 
【日志级别】ERROR 
【记录时间】2016-07-08 17:24:52,152 
【线程编号】[52] 
【执行时间】[6625167]毫秒 
【出错文件】e:\TaskNew\TaskNew\UserNew\App_Code\BasePage.cs 
【出错行号】216 
【出错的类】Jnwf.Utils.Log.Logger 属性[(null)] 
【错误描述】error:uploadQinui:未能加载文件或程序集“Newtonsoft.Json, Version=4.5.0.0, Culture=neutral, PublicKeyToken=30ad4fe6b2a6aeed”或它的某一个依赖项。系统找不到指定的文件。| 
【错误详情】

＝＝＝＝＝＝＝＝＝＝ 
【日志级别】ERROR 
【记录时间】2016-07-08 17:24:52,153 
【线程编号】[52] 
【执行时间】[6625168]毫秒 
【出错文件】e:\TaskNew\TaskNew\UserNew\App_Code\BasePage.cs 
【出错行号】216 
【出错的类】Jnwf.Utils.Log.Logger 属性[(null)] 
【错误描述】error:uploadQinui:未能加载文件或程序集“Newtonsoft.Json, Version=4.5.0.0, Culture=neutral, PublicKeyToken=30ad4fe6b2a6aeed”或它的某一个依赖项。系统找不到指定的文件。| 
【错误详情】

＝＝＝＝＝＝＝＝＝＝ 
【日志级别】ERROR 
【记录时间】2016-07-08 17:29:21,043 
【线程编号】[8] 
【执行时间】[45]毫秒 
【出错文件】e:\TaskNew\TaskNew\UserNew\App_Code\BasePage.cs 
【出错行号】216 
【出错的类】Jnwf.Utils.Log.Logger 属性[(null)] 
【错误描述】error:uploadQinui:未能加载文件或程序集“Newtonsoft.Json, Version=4.5.0.0, Culture=neutral, PublicKeyToken=30ad4fe6b2a6aeed”或它的某一个依赖项。系统找不到指定的文件。| 
【错误详情】

＝＝＝＝＝＝＝＝＝＝ 
【日志级别】ERROR 
【记录时间】2016-07-08 17:29:22,085 
【线程编号】[8] 
【执行时间】[1087]毫秒 
【出错文件】e:\TaskNew\TaskNew\UserNew\App_Code\BasePage.cs 
【出错行号】216 
【出错的类】Jnwf.Utils.Log.Logger 属性[(null)] 
【错误描述】error:uploadQinui:未能加载文件或程序集“Newtonsoft.Json, Version=4.5.0.0, Culture=neutral, PublicKeyToken=30ad4fe6b2a6aeed”或它的某一个依赖项。系统找不到指定的文件。| 
【错误详情】

＝＝＝＝＝＝＝＝＝＝ 
【日志级别】ERROR 
【记录时间】2016-07-08 17:29:22,695 
【线程编号】[8] 
【执行时间】[1697]毫秒 
【出错文件】e:\TaskNew\TaskNew\UserNew\App_Code\BasePage.cs 
【出错行号】216 
【出错的类】Jnwf.Utils.Log.Logger 属性[(null)] 
【错误描述】error:uploadQinui:未能加载文件或程序集“Newtonsoft.Json, Version=4.5.0.0, Culture=neutral, PublicKeyToken=30ad4fe6b2a6aeed”或它的某一个依赖项。系统找不到指定的文件。| 
【错误详情】
