
＝＝＝＝＝＝＝＝＝＝ 
【日志级别】ERROR 
【记录时间】2016-07-26 17:17:58,123 
【线程编号】[11] 
【执行时间】[63]毫秒 
【出错文件】e:\TaskNew\TaskNew\UserNew\Details.aspx.cs 
【出错行号】127 
【出错的类】Jnwf.Utils.Log.Logger 属性[(null)] 
【错误描述】details.aspx,userid:1 
【错误详情】

＝＝＝＝＝＝＝＝＝＝ 
【日志级别】ERROR 
【记录时间】2016-07-26 17:18:33,812 
【线程编号】[9] 
【执行时间】[35752]毫秒 
【出错文件】e:\TaskNew\TaskNew\UserNew\App_Code\BasePage.cs 
【出错行号】216 
【出错的类】Jnwf.Utils.Log.Logger 属性[(null)] 
【错误描述】error:uploadQinui:未能加载文件或程序集“Newtonsoft.Json, Version=4.5.0.0, Culture=neutral, PublicKeyToken=30ad4fe6b2a6aeed”或它的某一个依赖项。系统找不到指定的文件。| 
【错误详情】

＝＝＝＝＝＝＝＝＝＝ 
【日志级别】ERROR 
【记录时间】2016-07-26 17:18:33,818 
【线程编号】[9] 
【执行时间】[35758]毫秒 
【出错文件】e:\TaskNew\TaskNew\UserNew\App_Code\BasePage.cs 
【出错行号】216 
【出错的类】Jnwf.Utils.Log.Logger 属性[(null)] 
【错误描述】error:uploadQinui:未能加载文件或程序集“Newtonsoft.Json, Version=4.5.0.0, Culture=neutral, PublicKeyToken=30ad4fe6b2a6aeed”或它的某一个依赖项。系统找不到指定的文件。| 
【错误详情】

＝＝＝＝＝＝＝＝＝＝ 
【日志级别】ERROR 
【记录时间】2016-07-26 17:18:33,819 
【线程编号】[9] 
【执行时间】[35759]毫秒 
【出错文件】e:\TaskNew\TaskNew\UserNew\App_Code\BasePage.cs 
【出错行号】216 
【出错的类】Jnwf.Utils.Log.Logger 属性[(null)] 
【错误描述】error:uploadQinui:未能加载文件或程序集“Newtonsoft.Json, Version=4.5.0.0, Culture=neutral, PublicKeyToken=30ad4fe6b2a6aeed”或它的某一个依赖项。系统找不到指定的文件。| 
【错误详情】

＝＝＝＝＝＝＝＝＝＝ 
【日志级别】ERROR 
【记录时间】2016-07-26 17:18:38,125 
【线程编号】[6] 
【执行时间】[40065]毫秒 
【出错文件】e:\TaskNew\TaskNew\UserNew\App_Code\BasePage.cs 
【出错行号】216 
【出错的类】Jnwf.Utils.Log.Logger 属性[(null)] 
【错误描述】error:uploadQinui:未能加载文件或程序集“Newtonsoft.Json, Version=4.5.0.0, Culture=neutral, PublicKeyToken=30ad4fe6b2a6aeed”或它的某一个依赖项。系统找不到指定的文件。| 
【错误详情】

＝＝＝＝＝＝＝＝＝＝ 
【日志级别】ERROR 
【记录时间】2016-07-26 17:18:38,126 
【线程编号】[6] 
【执行时间】[40066]毫秒 
【出错文件】e:\TaskNew\TaskNew\UserNew\App_Code\BasePage.cs 
【出错行号】216 
【出错的类】Jnwf.Utils.Log.Logger 属性[(null)] 
【错误描述】error:uploadQinui:未能加载文件或程序集“Newtonsoft.Json, Version=4.5.0.0, Culture=neutral, PublicKeyToken=30ad4fe6b2a6aeed”或它的某一个依赖项。系统找不到指定的文件。| 
【错误详情】

＝＝＝＝＝＝＝＝＝＝ 
【日志级别】ERROR 
【记录时间】2016-07-26 17:18:38,126 
【线程编号】[6] 
【执行时间】[40066]毫秒 
【出错文件】e:\TaskNew\TaskNew\UserNew\App_Code\BasePage.cs 
【出错行号】216 
【出错的类】Jnwf.Utils.Log.Logger 属性[(null)] 
【错误描述】error:uploadQinui:未能加载文件或程序集“Newtonsoft.Json, Version=4.5.0.0, Culture=neutral, PublicKeyToken=30ad4fe6b2a6aeed”或它的某一个依赖项。系统找不到指定的文件。| 
【错误详情】
