
＝＝＝＝＝＝＝＝＝＝ 
【日志级别】ERROR 
【记录时间】2016-04-25 14:41:49,886 
【线程编号】[10] 
【执行时间】[88]毫秒 
【出错文件】d:\zhanglixiangmu\威小宝刷单\User\Global.asax 
【出错行号】53 
【出错的类】Jnwf.Utils.Log.Logger 属性[(null)] 
【错误描述】发生e`的网页地址：http://localhost:51696/users/Require.aspx
错误信息：d:\zhanglixiangmu\威小宝刷单\User\users\Require.aspx.cs(18): error CS0029: 无法将类型“int”隐式转换为“string”
堆栈热荩
   在 System.Web.Compilation.BuildManager.CompileWebFile(VirtualPath virtualPath)
   在 System.Web.Compilation.BuildManager.GetVPathBuildResultInternal(VirtualPath virtualPath, Boolean noBuild, Boolean allowCrossApp, Boolean allowBuildInPrecompile, Boolean throwIfNotFound, Boolean ensureIsUpToDate)
   在 System.Web.Compilation.BuildManager.GetVPathBuildResultWithNoAssert(HttpContext context, VirtualPath virtualPath, Boolean noBuild, Boolean allowCrossApp, Boolean allowBuildInPrecompile, Boolean throwIfNotFound, Boolean ensureIsUpToDate)
   在 System.Web.Compilation.BuildManager.GetVirtualPathObjectFactory(VirtualPath virtualPath, HttpContext context, Boolean allowCrossApp, Boolean throwIfNotFound)
   在 System.Web.Compilation.BuildManager.CreateInstanceFromVirtualPath(VirtualPath virtualPath, Type requiredBaseType, HttpContext context, Boolean allowCrossApp)
   在 System.Web.UI.PageHandlerFactory.GetHandlerHelper(HttpContext context, String requestType, VirtualPath virtualPath, String physicalPath)
   在 System.Web.UI.PageHandlerFactory.GetHandler(HttpContext context, String requestType, String virtualPath, String path)
   在 System.Web.HttpApplication.MaterializeHandlerExecutionStep.System.Web.HttpApplication.IExecutionStep.Execute()
   在 System.Web.HttpApplication.ExecuteStep(IExecutionStep step, Boolean& completedSynchronously) 
【错误详情】

＝＝＝＝＝＝＝＝＝＝ 
【日志级别】ERROR 
【记录时间】2016-04-25 14:42:15,508 
【线程编号】[10] 
【执行时间】[25710]毫秒 
【出错文件】d:\zhanglixiangmu\威小宝刷单\User\Global.asax 
【出错行号】53 
【出错的类】Jnwf.Utils.Log.Logger 属性[(null)] 
【错误描述】发生e`的网页地址：http://localhost:51696/users/Require.aspx
错误信息：索引和长度必须引用该字符串内的位置。
参数名: length
堆栈热荩
   在 System.String.Substring(Int32 startIndex, Int32 length)
   在 ASP.users_require_aspx.__Renderform1(HtmlTextWriter __w, Control parameterContainer) 位置 d:\zhanglixiangmu\威小宝刷单\User\users\Require.aspx:行号 90
   在 System.Web.UI.Control.RenderChildrenInternal(HtmlTextWriter writer, ICollection children)
   在 System.Web.UI.HtmlControls.HtmlForm.RenderChildren(HtmlTextWriter writer)
   在 System.Web.UI.HtmlControls.HtmlContainerControl.Render(HtmlTextWriter writer)
   在 System.Web.UI.HtmlControls.HtmlForm.Render(HtmlTextWriter output)
   在 System.Web.UI.Control.RenderControlInternal(HtmlTextWriter writer, ControlAdapter adapter)
   在 System.Web.UI.Control.RenderControl(HtmlTextWriter writer, ControlAdapter adapter)
   在 System.Web.UI.HtmlControls.HtmlForm.RenderControl(HtmlTextWriter writer)
   在 System.Web.UI.Control.RenderChildrenInternal(HtmlTextWriter writer, ICollection children)
   在 System.Web.UI.Control.RenderChildren(HtmlTextWriter writer)
   在 System.Web.UI.Page.Render(HtmlTextWriter writer)
   在 System.Web.UI.Control.RenderControlInternal(HtmlTextWriter writer, ControlAdapter adapter)
   在 System.Web.UI.Control.RenderControl(HtmlTextWriter writer, ControlAdapter adapter)
   在 System.Web.UI.Control.RenderControl(HtmlTextWriter writer)
   在 System.Web.UI.Page.ProcessRequestMain(Boolean includeStagesBeforeAsyncPoint, Boolean includeStagesAfterAsyncPoint) 
【错误详情】

＝＝＝＝＝＝＝＝＝＝ 
【日志级别】ERROR 
【记录时间】2016-04-25 17:55:05,820 
【线程编号】[56] 
【执行时间】[73]毫秒 
【出错文件】d:\zhanglixiangmu\威小宝刷单\User\Global.asax 
【出错行号】53 
【出错的类】Jnwf.Utils.Log.Logger 属性[(null)] 
【错误描述】发生e`的网页地址：http://localhost:51696/users/Require.aspx?id=81&buy=14
错误信息：索引和长度必须引用该字符串内的位置。
参数名: length
堆栈热荩
   在 System.String.Substring(Int32 startIndex, Int32 length)
   在 ASP.users_require_aspx.__Renderform1(HtmlTextWriter __w, Control parameterContainer) 位置 d:\zhanglixiangmu\威小宝刷单\User\users\Require.aspx:行号 142
   在 System.Web.UI.Control.RenderChildrenInternal(HtmlTextWriter writer, ICollection children)
   在 System.Web.UI.HtmlControls.HtmlForm.RenderChildren(HtmlTextWriter writer)
   在 System.Web.UI.HtmlControls.HtmlContainerControl.Render(HtmlTextWriter writer)
   在 System.Web.UI.HtmlControls.HtmlForm.Render(HtmlTextWriter output)
   在 System.Web.UI.Control.RenderControlInternal(HtmlTextWriter writer, ControlAdapter adapter)
   在 System.Web.UI.Control.RenderControl(HtmlTextWriter writer, ControlAdapter adapter)
   在 System.Web.UI.HtmlControls.HtmlForm.RenderControl(HtmlTextWriter writer)
   在 System.Web.UI.Control.RenderChildrenInternal(HtmlTextWriter writer, ICollection children)
   在 System.Web.UI.Control.RenderChildren(HtmlTextWriter writer)
   在 System.Web.UI.Page.Render(HtmlTextWriter writer)
   在 System.Web.UI.Control.RenderControlInternal(HtmlTextWriter writer, ControlAdapter adapter)
   在 System.Web.UI.Control.RenderControl(HtmlTextWriter writer, ControlAdapter adapter)
   在 System.Web.UI.Control.RenderControl(HtmlTextWriter writer)
   在 System.Web.UI.Page.ProcessRequestMain(Boolean includeStagesBeforeAsyncPoint, Boolean includeStagesAfterAsyncPoint) 
【错误详情】

＝＝＝＝＝＝＝＝＝＝ 
【日志级别】ERROR 
【记录时间】2016-04-25 17:55:15,909 
【线程编号】[52] 
【执行时间】[10161]毫秒 
【出错文件】d:\zhanglixiangmu\威小宝刷单\User\Global.asax 
【出错行号】53 
【出错的类】Jnwf.Utils.Log.Logger 属性[(null)] 
【错误描述】发生e`的网页地址：http://localhost:51696/users/Require.aspx?id=136&buy=14
错误信息：索引和长度必须引用该字符串内的位置。
参数名: length
堆栈热荩
   在 System.String.Substring(Int32 startIndex, Int32 length)
   在 ASP.users_require_aspx.__Renderform1(HtmlTextWriter __w, Control parameterContainer) 位置 d:\zhanglixiangmu\威小宝刷单\User\users\Require.aspx:行号 142
   在 System.Web.UI.Control.RenderChildrenInternal(HtmlTextWriter writer, ICollection children)
   在 System.Web.UI.HtmlControls.HtmlForm.RenderChildren(HtmlTextWriter writer)
   在 System.Web.UI.HtmlControls.HtmlContainerControl.Render(HtmlTextWriter writer)
   在 System.Web.UI.HtmlControls.HtmlForm.Render(HtmlTextWriter output)
   在 System.Web.UI.Control.RenderControlInternal(HtmlTextWriter writer, ControlAdapter adapter)
   在 System.Web.UI.Control.RenderControl(HtmlTextWriter writer, ControlAdapter adapter)
   在 System.Web.UI.HtmlControls.HtmlForm.RenderControl(HtmlTextWriter writer)
   在 System.Web.UI.Control.RenderChildrenInternal(HtmlTextWriter writer, ICollection children)
   在 System.Web.UI.Control.RenderChildren(HtmlTextWriter writer)
   在 System.Web.UI.Page.Render(HtmlTextWriter writer)
   在 System.Web.UI.Control.RenderControlInternal(HtmlTextWriter writer, ControlAdapter adapter)
   在 System.Web.UI.Control.RenderControl(HtmlTextWriter writer, ControlAdapter adapter)
   在 System.Web.UI.Control.RenderControl(HtmlTextWriter writer)
   在 System.Web.UI.Page.ProcessRequestMain(Boolean includeStagesBeforeAsyncPoint, Boolean includeStagesAfterAsyncPoint) 
【错误详情】

＝＝＝＝＝＝＝＝＝＝ 
【日志级别】ERROR 
【记录时间】2016-04-25 17:55:20,719 
【线程编号】[58] 
【执行时间】[14971]毫秒 
【出错文件】d:\zhanglixiangmu\威小宝刷单\User\Global.asax 
【出错行号】53 
【出错的类】Jnwf.Utils.Log.Logger 属性[(null)] 
【错误描述】发生e`的网页地址：http://localhost:51696/users/Require.aspx?id=136&buy=14
错误信息：索引和长度必须引用该字符串内的位置。
参数名: length
堆栈热荩
   在 System.String.Substring(Int32 startIndex, Int32 length)
   在 ASP.users_require_aspx.__Renderform1(HtmlTextWriter __w, Control parameterContainer) 位置 d:\zhanglixiangmu\威小宝刷单\User\users\Require.aspx:行号 142
   在 System.Web.UI.Control.RenderChildrenInternal(HtmlTextWriter writer, ICollection children)
   在 System.Web.UI.HtmlControls.HtmlForm.RenderChildren(HtmlTextWriter writer)
   在 System.Web.UI.HtmlControls.HtmlContainerControl.Render(HtmlTextWriter writer)
   在 System.Web.UI.HtmlControls.HtmlForm.Render(HtmlTextWriter output)
   在 System.Web.UI.Control.RenderControlInternal(HtmlTextWriter writer, ControlAdapter adapter)
   在 System.Web.UI.Control.RenderControl(HtmlTextWriter writer, ControlAdapter adapter)
   在 System.Web.UI.HtmlControls.HtmlForm.RenderControl(HtmlTextWriter writer)
   在 System.Web.UI.Control.RenderChildrenInternal(HtmlTextWriter writer, ICollection children)
   在 System.Web.UI.Control.RenderChildren(HtmlTextWriter writer)
   在 System.Web.UI.Page.Render(HtmlTextWriter writer)
   在 System.Web.UI.Control.RenderControlInternal(HtmlTextWriter writer, ControlAdapter adapter)
   在 System.Web.UI.Control.RenderControl(HtmlTextWriter writer, ControlAdapter adapter)
   在 System.Web.UI.Control.RenderControl(HtmlTextWriter writer)
   在 System.Web.UI.Page.ProcessRequestMain(Boolean includeStagesBeforeAsyncPoint, Boolean includeStagesAfterAsyncPoint) 
【错误详情】

＝＝＝＝＝＝＝＝＝＝ 
【日志级别】ERROR 
【记录时间】2016-04-25 17:56:10,293 
【线程编号】[52] 
【执行时间】[64545]毫秒 
【出错文件】d:\zhanglixiangmu\威小宝刷单\User\Global.asax 
【出错行号】53 
【出错的类】Jnwf.Utils.Log.Logger 属性[(null)] 
【错误描述】发生e`的网页地址：http://localhost:51696/users/Require.aspx?id=88&buy=14
错误信息：索引和长度必须引用该字符串内的位置。
参数名: length
堆栈热荩
   在 System.String.Substring(Int32 startIndex, Int32 length)
   在 ASP.users_require_aspx.__Renderform1(HtmlTextWriter __w, Control parameterContainer) 位置 d:\zhanglixiangmu\威小宝刷单\User\users\Require.aspx:行号 142
   在 System.Web.UI.Control.RenderChildrenInternal(HtmlTextWriter writer, ICollection children)
   在 System.Web.UI.HtmlControls.HtmlForm.RenderChildren(HtmlTextWriter writer)
   在 System.Web.UI.HtmlControls.HtmlContainerControl.Render(HtmlTextWriter writer)
   在 System.Web.UI.HtmlControls.HtmlForm.Render(HtmlTextWriter output)
   在 System.Web.UI.Control.RenderControlInternal(HtmlTextWriter writer, ControlAdapter adapter)
   在 System.Web.UI.Control.RenderControl(HtmlTextWriter writer, ControlAdapter adapter)
   在 System.Web.UI.HtmlControls.HtmlForm.RenderControl(HtmlTextWriter writer)
   在 System.Web.UI.Control.RenderChildrenInternal(HtmlTextWriter writer, ICollection children)
   在 System.Web.UI.Control.RenderChildren(HtmlTextWriter writer)
   在 System.Web.UI.Page.Render(HtmlTextWriter writer)
   在 System.Web.UI.Control.RenderControlInternal(HtmlTextWriter writer, ControlAdapter adapter)
   在 System.Web.UI.Control.RenderControl(HtmlTextWriter writer, ControlAdapter adapter)
   在 System.Web.UI.Control.RenderControl(HtmlTextWriter writer)
   在 System.Web.UI.Page.ProcessRequestMain(Boolean includeStagesBeforeAsyncPoint, Boolean includeStagesAfterAsyncPoint) 
【错误详情】

＝＝＝＝＝＝＝＝＝＝ 
【日志级别】ERROR 
【记录时间】2016-04-25 17:56:13,886 
【线程编号】[56] 
【执行时间】[68139]毫秒 
【出错文件】d:\zhanglixiangmu\威小宝刷单\User\Global.asax 
【出错行号】53 
【出错的类】Jnwf.Utils.Log.Logger 属性[(null)] 
【错误描述】发生e`的网页地址：http://localhost:51696/users/Require.aspx?id=88&buy=14
错误信息：索引和长度必须引用该字符串内的位置。
参数名: length
堆栈热荩
   在 System.String.Substring(Int32 startIndex, Int32 length)
   在 ASP.users_require_aspx.__Renderform1(HtmlTextWriter __w, Control parameterContainer) 位置 d:\zhanglixiangmu\威小宝刷单\User\users\Require.aspx:行号 142
   在 System.Web.UI.Control.RenderChildrenInternal(HtmlTextWriter writer, ICollection children)
   在 System.Web.UI.HtmlControls.HtmlForm.RenderChildren(HtmlTextWriter writer)
   在 System.Web.UI.HtmlControls.HtmlContainerControl.Render(HtmlTextWriter writer)
   在 System.Web.UI.HtmlControls.HtmlForm.Render(HtmlTextWriter output)
   在 System.Web.UI.Control.RenderControlInternal(HtmlTextWriter writer, ControlAdapter adapter)
   在 System.Web.UI.Control.RenderControl(HtmlTextWriter writer, ControlAdapter adapter)
   在 System.Web.UI.HtmlControls.HtmlForm.RenderControl(HtmlTextWriter writer)
   在 System.Web.UI.Control.RenderChildrenInternal(HtmlTextWriter writer, ICollection children)
   在 System.Web.UI.Control.RenderChildren(HtmlTextWriter writer)
   在 System.Web.UI.Page.Render(HtmlTextWriter writer)
   在 System.Web.UI.Control.RenderControlInternal(HtmlTextWriter writer, ControlAdapter adapter)
   在 System.Web.UI.Control.RenderControl(HtmlTextWriter writer, ControlAdapter adapter)
   在 System.Web.UI.Control.RenderControl(HtmlTextWriter writer)
   在 System.Web.UI.Page.ProcessRequestMain(Boolean includeStagesBeforeAsyncPoint, Boolean includeStagesAfterAsyncPoint) 
【错误详情】

＝＝＝＝＝＝＝＝＝＝ 
【日志级别】ERROR 
【记录时间】2016-04-25 17:57:40,623 
【线程编号】[58] 
【执行时间】[154875]毫秒 
【出错文件】d:\zhanglixiangmu\威小宝刷单\User\Global.asax 
【出错行号】53 
【出错的类】Jnwf.Utils.Log.Logger 属性[(null)] 
【错误描述】发生e`的网页地址：http://localhost:51696/users/Require.aspx?id=136&buy=14
错误信息：索引和长度必须引用该字符串内的位置。
参数名: length
堆栈热荩
   在 System.String.Substring(Int32 startIndex, Int32 length)
   在 ASP.users_require_aspx.__Renderform1(HtmlTextWriter __w, Control parameterContainer) 位置 d:\zhanglixiangmu\威小宝刷单\User\users\Require.aspx:行号 142
   在 System.Web.UI.Control.RenderChildrenInternal(HtmlTextWriter writer, ICollection children)
   在 System.Web.UI.HtmlControls.HtmlForm.RenderChildren(HtmlTextWriter writer)
   在 System.Web.UI.HtmlControls.HtmlContainerControl.Render(HtmlTextWriter writer)
   在 System.Web.UI.HtmlControls.HtmlForm.Render(HtmlTextWriter output)
   在 System.Web.UI.Control.RenderControlInternal(HtmlTextWriter writer, ControlAdapter adapter)
   在 System.Web.UI.Control.RenderControl(HtmlTextWriter writer, ControlAdapter adapter)
   在 System.Web.UI.HtmlControls.HtmlForm.RenderControl(HtmlTextWriter writer)
   在 System.Web.UI.Control.RenderChildrenInternal(HtmlTextWriter writer, ICollection children)
   在 System.Web.UI.Control.RenderChildren(HtmlTextWriter writer)
   在 System.Web.UI.Page.Render(HtmlTextWriter writer)
   在 System.Web.UI.Control.RenderControlInternal(HtmlTextWriter writer, ControlAdapter adapter)
   在 System.Web.UI.Control.RenderControl(HtmlTextWriter writer, ControlAdapter adapter)
   在 System.Web.UI.Control.RenderControl(HtmlTextWriter writer)
   在 System.Web.UI.Page.ProcessRequestMain(Boolean includeStagesBeforeAsyncPoint, Boolean includeStagesAfterAsyncPoint) 
【错误详情】

＝＝＝＝＝＝＝＝＝＝ 
【日志级别】ERROR 
【记录时间】2016-04-25 18:01:18,006 
【线程编号】[52] 
【执行时间】[79]毫秒 
【出错文件】d:\zhanglixiangmu\威小宝刷单\User\Global.asax 
【出错行号】53 
【出错的类】Jnwf.Utils.Log.Logger 属性[(null)] 
【错误描述】发生e`的网页地址：http://localhost:51696/users/Require.aspx
错误信息：索引和长度必须引用该字符串内的位置。
参数名: length
堆栈热荩
   在 System.String.Substring(Int32 startIndex, Int32 length)
   在 ASP.users_require_aspx.__Renderform1(HtmlTextWriter __w, Control parameterContainer) 位置 d:\zhanglixiangmu\威小宝刷单\User\users\Require.aspx:行号 142
   在 System.Web.UI.Control.RenderChildrenInternal(HtmlTextWriter writer, ICollection children)
   在 System.Web.UI.HtmlControls.HtmlForm.RenderChildren(HtmlTextWriter writer)
   在 System.Web.UI.HtmlControls.HtmlContainerControl.Render(HtmlTextWriter writer)
   在 System.Web.UI.HtmlControls.HtmlForm.Render(HtmlTextWriter output)
   在 System.Web.UI.Control.RenderControlInternal(HtmlTextWriter writer, ControlAdapter adapter)
   在 System.Web.UI.Control.RenderControl(HtmlTextWriter writer, ControlAdapter adapter)
   在 System.Web.UI.HtmlControls.HtmlForm.RenderControl(HtmlTextWriter writer)
   在 System.Web.UI.Control.RenderChildrenInternal(HtmlTextWriter writer, ICollection children)
   在 System.Web.UI.Control.RenderChildren(HtmlTextWriter writer)
   在 System.Web.UI.Page.Render(HtmlTextWriter writer)
   在 System.Web.UI.Control.RenderControlInternal(HtmlTextWriter writer, ControlAdapter adapter)
   在 System.Web.UI.Control.RenderControl(HtmlTextWriter writer, ControlAdapter adapter)
   在 System.Web.UI.Control.RenderControl(HtmlTextWriter writer)
   在 System.Web.UI.Page.ProcessRequestMain(Boolean includeStagesBeforeAsyncPoint, Boolean includeStagesAfterAsyncPoint) 
【错误详情】

＝＝＝＝＝＝＝＝＝＝ 
【日志级别】ERROR 
【记录时间】2016-04-25 18:02:25,817 
【线程编号】[52] 
【执行时间】[67890]毫秒 
【出错文件】d:\zhanglixiangmu\威小宝刷单\User\Global.asax 
【出错行号】53 
【出错的类】Jnwf.Utils.Log.Logger 属性[(null)] 
【错误描述】发生e`的网页地址：http://localhost:51696/users/Require.aspx?id=136&buy=14
错误信息：索引和长度必须引用该字符串内的位置。
参数名: length
堆栈热荩
   在 System.String.Substring(Int32 startIndex, Int32 length)
   在 ASP.users_require_aspx.__Renderform1(HtmlTextWriter __w, Control parameterContainer) 位置 d:\zhanglixiangmu\威小宝刷单\User\users\Require.aspx:行号 142
   在 System.Web.UI.Control.RenderChildrenInternal(HtmlTextWriter writer, ICollection children)
   在 System.Web.UI.HtmlControls.HtmlForm.RenderChildren(HtmlTextWriter writer)
   在 System.Web.UI.HtmlControls.HtmlContainerControl.Render(HtmlTextWriter writer)
   在 System.Web.UI.HtmlControls.HtmlForm.Render(HtmlTextWriter output)
   在 System.Web.UI.Control.RenderControlInternal(HtmlTextWriter writer, ControlAdapter adapter)
   在 System.Web.UI.Control.RenderControl(HtmlTextWriter writer, ControlAdapter adapter)
   在 System.Web.UI.HtmlControls.HtmlForm.RenderControl(HtmlTextWriter writer)
   在 System.Web.UI.Control.RenderChildrenInternal(HtmlTextWriter writer, ICollection children)
   在 System.Web.UI.Control.RenderChildren(HtmlTextWriter writer)
   在 System.Web.UI.Page.Render(HtmlTextWriter writer)
   在 System.Web.UI.Control.RenderControlInternal(HtmlTextWriter writer, ControlAdapter adapter)
   在 System.Web.UI.Control.RenderControl(HtmlTextWriter writer, ControlAdapter adapter)
   在 System.Web.UI.Control.RenderControl(HtmlTextWriter writer)
   在 System.Web.UI.Page.ProcessRequestMain(Boolean includeStagesBeforeAsyncPoint, Boolean includeStagesAfterAsyncPoint) 
【错误详情】

＝＝＝＝＝＝＝＝＝＝ 
【日志级别】ERROR 
【记录时间】2016-04-25 18:03:54,498 
【线程编号】[47] 
【执行时间】[48]毫秒 
【出错文件】d:\zhanglixiangmu\威小宝刷单\User\Global.asax 
【出错行号】53 
【出错的类】Jnwf.Utils.Log.Logger 属性[(null)] 
【错误描述】发生e`的网页地址：http://localhost:51696/users/Require.aspx?id=136&buy=14
错误信息：索引和长度必须引用该字符串内的位置。
参数名: length
堆栈热荩
   在 System.String.Substring(Int32 startIndex, Int32 length)
   在 ASP.users_require_aspx.__Renderform1(HtmlTextWriter __w, Control parameterContainer) 位置 d:\zhanglixiangmu\威小宝刷单\User\users\Require.aspx:行号 142
   在 System.Web.UI.Control.RenderChildrenInternal(HtmlTextWriter writer, ICollection children)
   在 System.Web.UI.HtmlControls.HtmlForm.RenderChildren(HtmlTextWriter writer)
   在 System.Web.UI.HtmlControls.HtmlContainerControl.Render(HtmlTextWriter writer)
   在 System.Web.UI.HtmlControls.HtmlForm.Render(HtmlTextWriter output)
   在 System.Web.UI.Control.RenderControlInternal(HtmlTextWriter writer, ControlAdapter adapter)
   在 System.Web.UI.Control.RenderControl(HtmlTextWriter writer, ControlAdapter adapter)
   在 System.Web.UI.HtmlControls.HtmlForm.RenderControl(HtmlTextWriter writer)
   在 System.Web.UI.Control.RenderChildrenInternal(HtmlTextWriter writer, ICollection children)
   在 System.Web.UI.Control.RenderChildren(HtmlTextWriter writer)
   在 System.Web.UI.Page.Render(HtmlTextWriter writer)
   在 System.Web.UI.Control.RenderControlInternal(HtmlTextWriter writer, ControlAdapter adapter)
   在 System.Web.UI.Control.RenderControl(HtmlTextWriter writer, ControlAdapter adapter)
   在 System.Web.UI.Control.RenderControl(HtmlTextWriter writer)
   在 System.Web.UI.Page.ProcessRequestMain(Boolean includeStagesBeforeAsyncPoint, Boolean includeStagesAfterAsyncPoint) 
【错误详情】

＝＝＝＝＝＝＝＝＝＝ 
【日志级别】ERROR 
【记录时间】2016-04-25 18:04:11,955 
【线程编号】[49] 
【执行时间】[17504]毫秒 
【出错文件】d:\zhanglixiangmu\威小宝刷单\User\Global.asax 
【出错行号】53 
【出错的类】Jnwf.Utils.Log.Logger 属性[(null)] 
【错误描述】发生e`的网页地址：http://localhost:51696/users/Require.aspx?id=136&buy=14
错误信息：索引和长度必须引用该字符串内的位置。
参数名: length
堆栈热荩
   在 System.String.Substring(Int32 startIndex, Int32 length)
   在 ASP.users_require_aspx.__Renderform1(HtmlTextWriter __w, Control parameterContainer) 位置 d:\zhanglixiangmu\威小宝刷单\User\users\Require.aspx:行号 142
   在 System.Web.UI.Control.RenderChildrenInternal(HtmlTextWriter writer, ICollection children)
   在 System.Web.UI.HtmlControls.HtmlForm.RenderChildren(HtmlTextWriter writer)
   在 System.Web.UI.HtmlControls.HtmlContainerControl.Render(HtmlTextWriter writer)
   在 System.Web.UI.HtmlControls.HtmlForm.Render(HtmlTextWriter output)
   在 System.Web.UI.Control.RenderControlInternal(HtmlTextWriter writer, ControlAdapter adapter)
   在 System.Web.UI.Control.RenderControl(HtmlTextWriter writer, ControlAdapter adapter)
   在 System.Web.UI.HtmlControls.HtmlForm.RenderControl(HtmlTextWriter writer)
   在 System.Web.UI.Control.RenderChildrenInternal(HtmlTextWriter writer, ICollection children)
   在 System.Web.UI.Control.RenderChildren(HtmlTextWriter writer)
   在 System.Web.UI.Page.Render(HtmlTextWriter writer)
   在 System.Web.UI.Control.RenderControlInternal(HtmlTextWriter writer, ControlAdapter adapter)
   在 System.Web.UI.Control.RenderControl(HtmlTextWriter writer, ControlAdapter adapter)
   在 System.Web.UI.Control.RenderControl(HtmlTextWriter writer)
   在 System.Web.UI.Page.ProcessRequestMain(Boolean includeStagesBeforeAsyncPoint, Boolean includeStagesAfterAsyncPoint) 
【错误详情】

＝＝＝＝＝＝＝＝＝＝ 
【日志级别】ERROR 
【记录时间】2016-04-25 18:20:44,002 
【线程编号】[5] 
【执行时间】[88]毫秒 
【出错文件】d:\zhanglixiangmu\威小宝刷单\User\Global.asax 
【出错行号】53 
【出错的类】Jnwf.Utils.Log.Logger 属性[(null)] 
【错误描述】发生e`的网页地址：http://localhost:51696/users/Require.aspx?id=136&seller=14
错误信息：d:\zhanglixiangmu\威小宝刷单\User\users\Require.aspx.cs(73): error CS0103: 当前上下文中不存在名称“buyer”
堆栈热荩
   在 System.Web.Compilation.BuildManager.CompileWebFile(VirtualPath virtualPath)
   在 System.Web.Compilation.BuildManager.GetVPathBuildResultInternal(VirtualPath virtualPath, Boolean noBuild, Boolean allowCrossApp, Boolean allowBuildInPrecompile, Boolean throwIfNotFound, Boolean ensureIsUpToDate)
   在 System.Web.Compilation.BuildManager.GetVPathBuildResultWithNoAssert(HttpContext context, VirtualPath virtualPath, Boolean noBuild, Boolean allowCrossApp, Boolean allowBuildInPrecompile, Boolean throwIfNotFound, Boolean ensureIsUpToDate)
   在 System.Web.Compilation.BuildManager.GetVirtualPathObjectFactory(VirtualPath virtualPath, HttpContext context, Boolean allowCrossApp, Boolean throwIfNotFound)
   在 System.Web.Compilation.BuildManager.CreateInstanceFromVirtualPath(VirtualPath virtualPath, Type requiredBaseType, HttpContext context, Boolean allowCrossApp)
   在 System.Web.UI.PageHandlerFactory.GetHandlerHelper(HttpContext context, String requestType, VirtualPath virtualPath, String physicalPath)
   在 System.Web.UI.PageHandlerFactory.GetHandler(HttpContext context, String requestType, String virtualPath, String path)
   在 System.Web.HttpApplication.MaterializeHandlerExecutionStep.System.Web.HttpApplication.IExecutionStep.Execute()
   在 System.Web.HttpApplication.ExecuteStep(IExecutionStep step, Boolean& completedSynchronously) 
【错误详情】

＝＝＝＝＝＝＝＝＝＝ 
【日志级别】ERROR 
【记录时间】2016-04-25 18:20:52,280 
【线程编号】[5] 
【执行时间】[8366]毫秒 
【出错文件】d:\zhanglixiangmu\威小宝刷单\User\Global.asax 
【出错行号】53 
【出错的类】Jnwf.Utils.Log.Logger 属性[(null)] 
【错误描述】发生e`的网页地址：http://localhost:51696/users/Require.aspx?id=136&seller=25
错误信息：d:\zhanglixiangmu\威小宝刷单\User\users\Require.aspx.cs(73): error CS0103: 当前上下文中不存在名称“buyer”
堆栈热荩
   在 System.Web.Compilation.BuildManager.PostProcessFoundBuildResult(BuildResult result, Boolean keyFromVPP, VirtualPath virtualPath)
   在 System.Web.Compilation.BuildManager.GetBuildResultFromCacheInternal(String cacheKey, Boolean keyFromVPP, VirtualPath virtualPath, Int64 hashCode, Boolean ensureIsUpToDate)
   在 System.Web.Compilation.BuildManager.GetVPathBuildResultFromCacheInternal(VirtualPath virtualPath, Boolean ensureIsUpToDate)
   在 System.Web.Compilation.BuildManager.GetVPathBuildResultInternal(VirtualPath virtualPath, Boolean noBuild, Boolean allowCrossApp, Boolean allowBuildInPrecompile, Boolean throwIfNotFound, Boolean ensureIsUpToDate)
   在 System.Web.Compilation.BuildManager.GetVPathBuildResultWithNoAssert(HttpContext context, VirtualPath virtualPath, Boolean noBuild, Boolean allowCrossApp, Boolean allowBuildInPrecompile, Boolean throwIfNotFound, Boolean ensureIsUpToDate)
   在 System.Web.Compilation.BuildManager.GetVirtualPathObjectFactory(VirtualPath virtualPath, HttpContext context, Boolean allowCrossApp, Boolean throwIfNotFound)
   在 System.Web.Compilation.BuildManager.CreateInstanceFromVirtualPath(VirtualPath virtualPath, Type requiredBaseType, HttpContext context, Boolean allowCrossApp)
   在 System.Web.UI.PageHandlerFactory.GetHandlerHelper(HttpContext context, String requestType, VirtualPath virtualPath, String physicalPath)
   在 System.Web.UI.PageHandlerFactory.GetHandler(HttpContext context, String requestType, String virtualPath, String path)
   在 System.Web.HttpApplication.MaterializeHandlerExecutionStep.System.Web.HttpApplication.IExecutionStep.Execute()
   在 System.Web.HttpApplication.ExecuteStep(IExecutionStep step, Boolean& completedSynchronously) 
【错误详情】
