
＝＝＝＝＝＝＝＝＝＝ 
【日志级别】ERROR 
【记录时间】2016-04-21 19:15:12,048 
【线程编号】[47] 
【执行时间】[274]毫秒 
【出错文件】d:\zhanglixiangmu\威小宝刷单\User\Global.asax 
【出错行号】53 
【出错的类】Jnwf.Utils.Log.Logger 属性[(null)] 
【错误描述】发生e`的网页地址：http://localhost:51696/users/WithdrawPay.aspx
错误信息：未将对象引用设置到对象的实例。
堆栈热荩
   在 users_WithdrawPay.Page_Load(Object sender, EventArgs e) 位置 d:\zhanglixiangmu\威小宝刷单\User\users\WithdrawPay.aspx.cs:行号 26
   在 System.Web.Util.CalliEventHandlerDelegateProxy.Callback(Object sender, EventArgs e)
   在 System.Web.UI.Control.OnLoad(EventArgs e)
   在 System.Web.UI.Control.LoadRecursive()
   在 System.Web.UI.Page.ProcessRequestMain(Boolean includeStagesBeforeAsyncPoint, Boolean includeStagesAfterAsyncPoint) 
【错误详情】

＝＝＝＝＝＝＝＝＝＝ 
【日志级别】ERROR 
【记录时间】2016-04-21 19:15:20,613 
【线程编号】[42] 
【执行时间】[8838]毫秒 
【出错文件】d:\zhanglixiangmu\威小宝刷单\User\Global.asax 
【出错行号】53 
【出错的类】Jnwf.Utils.Log.Logger 属性[(null)] 
【错误描述】发生e`的网页地址：http://localhost:51696/users/WithdrawList.aspx
错误信息：未将对象引用设置到对象的实例。
堆栈热荩
   在 users_WithdrawList.BindData() 位置 d:\zhanglixiangmu\威小宝刷单\User\users\WithdrawList.aspx.cs:行号 20
   在 users_WithdrawList.Page_Load(Object sender, EventArgs e) 位置 d:\zhanglixiangmu\威小宝刷单\User\users\WithdrawList.aspx.cs:行号 15
   在 System.Web.Util.CalliEventHandlerDelegateProxy.Callback(Object sender, EventArgs e)
   在 System.Web.UI.Control.OnLoad(EventArgs e)
   在 System.Web.UI.Control.LoadRecursive()
   在 System.Web.UI.Page.ProcessRequestMain(Boolean includeStagesBeforeAsyncPoint, Boolean includeStagesAfterAsyncPoint) 
【错误详情】
