
＝＝＝＝＝＝＝＝＝＝ 
【日志级别】ERROR 
【记录时间】2016-06-28 18:26:19,596 
【线程编号】[6] 
【执行时间】[41]毫秒 
【出错文件】e:\TaskNew\TaskNew\AdminNew\user\Index.aspx.cs 
【出错行号】37 
【出错的类】Jnwf.Utils.Log.Logger 属性[(null)] 
【错误描述】zcy123123|4|zcy|!QAZxsw2#EDCvfr4 
【错误详情】

＝＝＝＝＝＝＝＝＝＝ 
【日志级别】ERROR 
【记录时间】2016-06-28 18:28:19,291 
【线程编号】[8] 
【执行时间】[119735]毫秒 
【出错文件】e:\TaskNew\TaskNew\AdminNew\data\upload.aspx.cs 
【出错行号】82 
【出错的类】Jnwf.Utils.Log.Logger 属性[(null)] 
【错误描述】uploadQinui3:ak:1G5S7rsUN6OROvmI0tAayz5PC8faGXnqWkcB5HLa,sk:ZJc2Gkv1orA7gwLHTs_JgOqdbpEAvcuV67rS6x0x,name:image91,file:20160628182819254.jpg,originalImagePath:E:\TaskNew\TaskNew\AdminNew\upimg\20160628182819254.jpg 
【错误详情】

＝＝＝＝＝＝＝＝＝＝ 
【日志级别】ERROR 
【记录时间】2016-06-28 18:28:19,366 
【线程编号】[8] 
【执行时间】[119810]毫秒 
【出错文件】e:\TaskNew\TaskNew\AdminNew\App_Code\BasePage.cs 
【出错行号】209 
【出错的类】Jnwf.Utils.Log.Logger 属性[(null)] 
【错误描述】uploadQinui2:E:\TaskNew\TaskNew\AdminNew\upimg\20160628182819254.jpg 
【错误详情】

＝＝＝＝＝＝＝＝＝＝ 
【日志级别】ERROR 
【记录时间】2016-06-28 18:28:19,602 
【线程编号】[8] 
【执行时间】[120046]毫秒 
【出错文件】e:\TaskNew\TaskNew\AdminNew\App_Code\BasePage.cs 
【出错行号】212 
【出错的类】Jnwf.Utils.Log.Logger 属性[(null)] 
【错误描述】uploadQinui1:Qiniu.IO.PutRet 
【错误详情】

＝＝＝＝＝＝＝＝＝＝ 
【日志级别】ERROR 
【记录时间】2016-06-28 18:28:19,603 
【线程编号】[8] 
【执行时间】[120047]毫秒 
【出错文件】e:\TaskNew\TaskNew\AdminNew\App_Code\BasePage.cs 
【出错行号】209 
【出错的类】Jnwf.Utils.Log.Logger 属性[(null)] 
【错误描述】uploadQinui2:E:\TaskNew\TaskNew\AdminNew\upimg\20160628182819254.jpg 
【错误详情】

＝＝＝＝＝＝＝＝＝＝ 
【日志级别】ERROR 
【记录时间】2016-06-28 18:28:19,722 
【线程编号】[8] 
【执行时间】[120166]毫秒 
【出错文件】e:\TaskNew\TaskNew\AdminNew\App_Code\BasePage.cs 
【出错行号】212 
【出错的类】Jnwf.Utils.Log.Logger 属性[(null)] 
【错误描述】uploadQinui1:Qiniu.IO.PutRet 
【错误详情】

＝＝＝＝＝＝＝＝＝＝ 
【日志级别】ERROR 
【记录时间】2016-06-28 18:28:19,722 
【线程编号】[8] 
【执行时间】[120166]毫秒 
【出错文件】e:\TaskNew\TaskNew\AdminNew\App_Code\BasePage.cs 
【出错行号】209 
【出错的类】Jnwf.Utils.Log.Logger 属性[(null)] 
【错误描述】uploadQinui2:E:\TaskNew\TaskNew\AdminNew\upimg\20160628182819254.jpg 
【错误详情】

＝＝＝＝＝＝＝＝＝＝ 
【日志级别】ERROR 
【记录时间】2016-06-28 18:28:19,845 
【线程编号】[8] 
【执行时间】[120289]毫秒 
【出错文件】e:\TaskNew\TaskNew\AdminNew\App_Code\BasePage.cs 
【出错行号】212 
【出错的类】Jnwf.Utils.Log.Logger 属性[(null)] 
【错误描述】uploadQinui1:Qiniu.IO.PutRet 
【错误详情】

＝＝＝＝＝＝＝＝＝＝ 
【日志级别】ERROR 
【记录时间】2016-06-28 18:28:44,355 
【线程编号】[16] 
【执行时间】[144799]毫秒 
【出错文件】e:\TaskNew\TaskNew\AdminNew\data\upload.aspx.cs 
【出错行号】82 
【出错的类】Jnwf.Utils.Log.Logger 属性[(null)] 
【错误描述】uploadQinui3:ak:1G5S7rsUN6OROvmI0tAayz5PC8faGXnqWkcB5HLa,sk:ZJc2Gkv1orA7gwLHTs_JgOqdbpEAvcuV67rS6x0x,name:image91,file:20160628182844314.jpg,originalImagePath:E:\TaskNew\TaskNew\AdminNew\upimg\20160628182844314.jpg 
【错误详情】

＝＝＝＝＝＝＝＝＝＝ 
【日志级别】ERROR 
【记录时间】2016-06-28 18:28:44,356 
【线程编号】[16] 
【执行时间】[144800]毫秒 
【出错文件】e:\TaskNew\TaskNew\AdminNew\App_Code\BasePage.cs 
【出错行号】209 
【出错的类】Jnwf.Utils.Log.Logger 属性[(null)] 
【错误描述】uploadQinui2:E:\TaskNew\TaskNew\AdminNew\upimg\20160628182844314.jpg 
【错误详情】

＝＝＝＝＝＝＝＝＝＝ 
【日志级别】ERROR 
【记录时间】2016-06-28 18:28:44,473 
【线程编号】[16] 
【执行时间】[144917]毫秒 
【出错文件】e:\TaskNew\TaskNew\AdminNew\App_Code\BasePage.cs 
【出错行号】212 
【出错的类】Jnwf.Utils.Log.Logger 属性[(null)] 
【错误描述】uploadQinui1:Qiniu.IO.PutRet 
【错误详情】

＝＝＝＝＝＝＝＝＝＝ 
【日志级别】ERROR 
【记录时间】2016-06-28 18:28:44,474 
【线程编号】[16] 
【执行时间】[144918]毫秒 
【出错文件】e:\TaskNew\TaskNew\AdminNew\App_Code\BasePage.cs 
【出错行号】209 
【出错的类】Jnwf.Utils.Log.Logger 属性[(null)] 
【错误描述】uploadQinui2:E:\TaskNew\TaskNew\AdminNew\upimg\20160628182844314.jpg 
【错误详情】

＝＝＝＝＝＝＝＝＝＝ 
【日志级别】ERROR 
【记录时间】2016-06-28 18:28:44,571 
【线程编号】[16] 
【执行时间】[145015]毫秒 
【出错文件】e:\TaskNew\TaskNew\AdminNew\App_Code\BasePage.cs 
【出错行号】212 
【出错的类】Jnwf.Utils.Log.Logger 属性[(null)] 
【错误描述】uploadQinui1:Qiniu.IO.PutRet 
【错误详情】

＝＝＝＝＝＝＝＝＝＝ 
【日志级别】ERROR 
【记录时间】2016-06-28 18:28:44,572 
【线程编号】[16] 
【执行时间】[145016]毫秒 
【出错文件】e:\TaskNew\TaskNew\AdminNew\App_Code\BasePage.cs 
【出错行号】209 
【出错的类】Jnwf.Utils.Log.Logger 属性[(null)] 
【错误描述】uploadQinui2:E:\TaskNew\TaskNew\AdminNew\upimg\20160628182844314.jpg 
【错误详情】

＝＝＝＝＝＝＝＝＝＝ 
【日志级别】ERROR 
【记录时间】2016-06-28 18:28:44,675 
【线程编号】[16] 
【执行时间】[145119]毫秒 
【出错文件】e:\TaskNew\TaskNew\AdminNew\App_Code\BasePage.cs 
【出错行号】212 
【出错的类】Jnwf.Utils.Log.Logger 属性[(null)] 
【错误描述】uploadQinui1:Qiniu.IO.PutRet 
【错误详情】

＝＝＝＝＝＝＝＝＝＝ 
【日志级别】ERROR 
【记录时间】2016-06-28 18:29:51,268 
【线程编号】[7] 
【执行时间】[211712]毫秒 
【出错文件】e:\TaskNew\TaskNew\AdminNew\data\data.aspx.cs 
【出错行号】228 
【出错的类】Jnwf.Utils.Log.Logger 属性[(null)] 
【错误描述】addshiyongtask,userid:4,platForm:2,activeMethod:1,isEvaluate:0,isMessage:0,activeName:测试数据,url:https://item.taobao.com/item.htm?spm=a21cv.7771689.114489.4.SZcT6Z&id=534433217370,guanjianci:2,1,车市,15,30,guanjianci:2,1,车市订单,15,30,guanjianci:2,1,测试,15,30,guanjianci:2,1,车市,15,30,guanjianci:2,1,测试,15,30,seller:23,productType:0,price:15.5,productNum:30,activeNum:13,commissionPrice:0,guaranteePrice:465,productImage:http://localhost:59415/upimg/20160628182819254.jpg,listImage:http://localhost:59415/upimg/20160628182844314.jpg,activeType:3,message:<p>1.打开淘宝网站。</p><p>2.产品大致在第--页。</p><p>3.认准对比图上的主图，下单前假聊产品相关的5-10句。</p><p>4.禁止搜店铺和秒拍。请核对好宝贝和价格，确认好再下单。</p><p>5.快递默认：--。</p><p>6.签收后，请及时到店确认收货并写大约20字与之相关的好评语。</p> 
【错误详情】

＝＝＝＝＝＝＝＝＝＝ 
【日志级别】ERROR 
【记录时间】2016-06-28 18:51:20,711 
【线程编号】[30] 
【执行时间】[42]毫秒 
【出错文件】e:\TaskNew\TaskNew\AdminNew\user\Index.aspx.cs 
【出错行号】37 
【出错的类】Jnwf.Utils.Log.Logger 属性[(null)] 
【错误描述】zcy123123|4|zcy|!QAZxsw2#EDCvfr4 
【错误详情】

＝＝＝＝＝＝＝＝＝＝ 
【日志级别】ERROR 
【记录时间】2016-06-28 18:51:46,553 
【线程编号】[26] 
【执行时间】[25883]毫秒 
【出错文件】e:\TaskNew\TaskNew\AdminNew\data\upload.aspx.cs 
【出错行号】82 
【出错的类】Jnwf.Utils.Log.Logger 属性[(null)] 
【错误描述】uploadQinui3:ak:1G5S7rsUN6OROvmI0tAayz5PC8faGXnqWkcB5HLa,sk:ZJc2Gkv1orA7gwLHTs_JgOqdbpEAvcuV67rS6x0x,name:image91,file:20160628185146532.jpg,originalImagePath:E:\TaskNew\TaskNew\AdminNew\upimg\20160628185146532.jpg 
【错误详情】

＝＝＝＝＝＝＝＝＝＝ 
【日志级别】ERROR 
【记录时间】2016-06-28 18:51:46,624 
【线程编号】[26] 
【执行时间】[25954]毫秒 
【出错文件】e:\TaskNew\TaskNew\AdminNew\App_Code\BasePage.cs 
【出错行号】209 
【出错的类】Jnwf.Utils.Log.Logger 属性[(null)] 
【错误描述】uploadQinui2:E:\TaskNew\TaskNew\AdminNew\upimg\20160628185146532.jpg 
【错误详情】

＝＝＝＝＝＝＝＝＝＝ 
【日志级别】ERROR 
【记录时间】2016-06-28 18:51:46,839 
【线程编号】[26] 
【执行时间】[26169]毫秒 
【出错文件】e:\TaskNew\TaskNew\AdminNew\App_Code\BasePage.cs 
【出错行号】212 
【出错的类】Jnwf.Utils.Log.Logger 属性[(null)] 
【错误描述】uploadQinui1:Qiniu.IO.PutRet 
【错误详情】

＝＝＝＝＝＝＝＝＝＝ 
【日志级别】ERROR 
【记录时间】2016-06-28 18:51:46,839 
【线程编号】[26] 
【执行时间】[26169]毫秒 
【出错文件】e:\TaskNew\TaskNew\AdminNew\App_Code\BasePage.cs 
【出错行号】209 
【出错的类】Jnwf.Utils.Log.Logger 属性[(null)] 
【错误描述】uploadQinui2:E:\TaskNew\TaskNew\AdminNew\upimg\20160628185146532.jpg 
【错误详情】

＝＝＝＝＝＝＝＝＝＝ 
【日志级别】ERROR 
【记录时间】2016-06-28 18:51:46,979 
【线程编号】[26] 
【执行时间】[26309]毫秒 
【出错文件】e:\TaskNew\TaskNew\AdminNew\App_Code\BasePage.cs 
【出错行号】212 
【出错的类】Jnwf.Utils.Log.Logger 属性[(null)] 
【错误描述】uploadQinui1:Qiniu.IO.PutRet 
【错误详情】

＝＝＝＝＝＝＝＝＝＝ 
【日志级别】ERROR 
【记录时间】2016-06-28 18:51:46,980 
【线程编号】[26] 
【执行时间】[26310]毫秒 
【出错文件】e:\TaskNew\TaskNew\AdminNew\App_Code\BasePage.cs 
【出错行号】209 
【出错的类】Jnwf.Utils.Log.Logger 属性[(null)] 
【错误描述】uploadQinui2:E:\TaskNew\TaskNew\AdminNew\upimg\20160628185146532.jpg 
【错误详情】

＝＝＝＝＝＝＝＝＝＝ 
【日志级别】ERROR 
【记录时间】2016-06-28 18:51:47,093 
【线程编号】[26] 
【执行时间】[26423]毫秒 
【出错文件】e:\TaskNew\TaskNew\AdminNew\App_Code\BasePage.cs 
【出错行号】212 
【出错的类】Jnwf.Utils.Log.Logger 属性[(null)] 
【错误描述】uploadQinui1:Qiniu.IO.PutRet 
【错误详情】
