
＝＝＝＝＝＝＝＝＝＝ 
【日志级别】ERROR 
【记录时间】2016-04-01 14:01:45,841 
【线程编号】[13] 
【执行时间】[462]毫秒 
【出错文件】c:\Users\v\Documents\Visual Studio 2012\WebSites\Admin1\user\Index.aspx.cs 
【出错行号】36 
【出错的类】Jnwf.Utils.Log.Logger 属性[(null)] 
【错误描述】zcy123123|19|zcy|123123 
【错误详情】

＝＝＝＝＝＝＝＝＝＝ 
【日志级别】ERROR 
【记录时间】2016-04-01 14:02:42,000 
【线程编号】[13] 
【执行时间】[56621]毫秒 
【出错文件】c:\Users\v\Documents\Visual Studio 2012\WebSites\Admin1\user\Index.aspx.cs 
【出错行号】36 
【出错的类】Jnwf.Utils.Log.Logger 属性[(null)] 
【错误描述】zcy123123|19|zcy|123123 
【错误详情】

＝＝＝＝＝＝＝＝＝＝ 
【日志级别】ERROR 
【记录时间】2016-04-01 14:53:24,755 
【线程编号】[4] 
【执行时间】[3099376]毫秒 
【出错文件】c:\Users\v\Documents\Visual Studio 2012\WebSites\Admin1\user\Index.aspx.cs 
【出错行号】36 
【出错的类】Jnwf.Utils.Log.Logger 属性[(null)] 
【错误描述】zcy123123|19|zcy|123123 
【错误详情】

＝＝＝＝＝＝＝＝＝＝ 
【日志级别】ERROR 
【记录时间】2016-04-01 16:03:51,999 
【线程编号】[25] 
【执行时间】[7326620]毫秒 
【出错文件】c:\Users\v\Documents\Visual Studio 2012\WebSites\Admin1\user\Index.aspx.cs 
【出错行号】36 
【出错的类】Jnwf.Utils.Log.Logger 属性[(null)] 
【错误描述】zcy123123|19|zcy|123123 
【错误详情】

＝＝＝＝＝＝＝＝＝＝ 
【日志级别】ERROR 
【记录时间】2016-04-01 17:04:49,065 
【线程编号】[12] 
【执行时间】[197]毫秒 
【出错文件】c:\Users\v\Documents\Visual Studio 2012\WebSites\Admin1\user\Index.aspx.cs 
【出错行号】36 
【出错的类】Jnwf.Utils.Log.Logger 属性[(null)] 
【错误描述】zcy123123|19|zcy|123123 
【错误详情】

＝＝＝＝＝＝＝＝＝＝ 
【日志级别】ERROR 
【记录时间】2016-04-01 18:04:17,929 
【线程编号】[42] 
【执行时间】[191]毫秒 
【出错文件】c:\Users\v\Documents\Visual Studio 2012\WebSites\Admin1\user\Index.aspx.cs 
【出错行号】36 
【出错的类】Jnwf.Utils.Log.Logger 属性[(null)] 
【错误描述】zcy123123|19|zcy|123123 
【错误详情】

＝＝＝＝＝＝＝＝＝＝ 
【日志级别】ERROR 
【记录时间】2016-04-01 19:01:08,937 
【线程编号】[29] 
【执行时间】[210]毫秒 
【出错文件】c:\Users\v\Documents\Visual Studio 2012\WebSites\Admin1\user\Index.aspx.cs 
【出错行号】36 
【出错的类】Jnwf.Utils.Log.Logger 属性[(null)] 
【错误描述】zcy123123|19|zcy|123123 
【错误详情】
