
＝＝＝＝＝＝＝＝＝＝ 
【日志级别】ERROR 
【记录时间】2016-03-18 09:38:50,727 
【线程编号】[390] 
【执行时间】[234]毫秒 
【出错文件】e:\localhost_6108\user\Index.aspx.cs 
【出错行号】36 
【出错的类】Jnwf.Utils.Log.Logger 属性[(null)] 
【错误描述】test|37||123123 
【错误详情】

＝＝＝＝＝＝＝＝＝＝ 
【日志级别】ERROR 
【记录时间】2016-03-18 09:39:47,458 
【线程编号】[422] 
【执行时间】[56964]毫秒 
【出错文件】e:\localhost_6108\busines\TradeShilist.aspx.cs 
【出错行号】68 
【出错的类】Jnwf.Utils.Log.Logger 属性[(null)] 
【错误描述】tradeshilist.aspx.audittongguo,value:5 
【错误详情】

＝＝＝＝＝＝＝＝＝＝ 
【日志级别】ERROR 
【记录时间】2016-03-18 09:40:28,798 
【线程编号】[422] 
【执行时间】[98305]毫秒 
【出错文件】e:\localhost_6108\busines\TradeShilist.aspx.cs 
【出错行号】68 
【出错的类】Jnwf.Utils.Log.Logger 属性[(null)] 
【错误描述】tradeshilist.aspx.audittongguo,value:5 
【错误详情】

＝＝＝＝＝＝＝＝＝＝ 
【日志级别】ERROR 
【记录时间】2016-03-18 09:40:36,986 
【线程编号】[422] 
【执行时间】[106492]毫秒 
【出错文件】e:\localhost_6108\busines\TradeShilist.aspx.cs 
【出错行号】68 
【出错的类】Jnwf.Utils.Log.Logger 属性[(null)] 
【错误描述】tradeshilist.aspx.audittongguo,value:5 
【错误详情】

＝＝＝＝＝＝＝＝＝＝ 
【日志级别】ERROR 
【记录时间】2016-03-18 09:40:54,428 
【线程编号】[394] 
【执行时间】[123934]毫秒 
【出错文件】e:\localhost_6108\user\Index.aspx.cs 
【出错行号】36 
【出错的类】Jnwf.Utils.Log.Logger 属性[(null)] 
【错误描述】zcy123123|19|zcy|123123 
【错误详情】

＝＝＝＝＝＝＝＝＝＝ 
【日志级别】ERROR 
【记录时间】2016-03-18 09:41:00,565 
【线程编号】[390] 
【执行时间】[130072]毫秒 
【出错文件】e:\localhost_6108\busines\TradeShilist.aspx.cs 
【出错行号】68 
【出错的类】Jnwf.Utils.Log.Logger 属性[(null)] 
【错误描述】tradeshilist.aspx.audittongguo,value:2 
【错误详情】

＝＝＝＝＝＝＝＝＝＝ 
【日志级别】ERROR 
【记录时间】2016-03-18 09:58:55,676 
【线程编号】[366] 
【执行时间】[1205183]毫秒 
【出错文件】e:\localhost_6108\busines\TradeShilist.aspx.cs 
【出错行号】68 
【出错的类】Jnwf.Utils.Log.Logger 属性[(null)] 
【错误描述】tradeshilist.aspx.audittongguo,value:2 
【错误详情】
