
＝＝＝＝＝＝＝＝＝＝ 
【日志级别】ERROR 
【记录时间】2016-03-07 10:18:30,803 
【线程编号】[6] 
【执行时间】[95]毫秒 
【出错文件】e:\localhost_6108\user\Index.aspx.cs 
【出错行号】35 
【出错的类】Jnwf.Utils.Log.Logger 属性[(null)] 
【错误描述】zcy123123|19|zcy|123123 
【错误详情】

＝＝＝＝＝＝＝＝＝＝ 
【日志级别】ERROR 
【记录时间】2016-03-07 10:21:21,977 
【线程编号】[6] 
【执行时间】[58]毫秒 
【出错文件】e:\localhost_6108\user\Index.aspx.cs 
【出错行号】35 
【出错的类】Jnwf.Utils.Log.Logger 属性[(null)] 
【错误描述】zcy123123|19|zcy|123123 
【错误详情】

＝＝＝＝＝＝＝＝＝＝ 
【日志级别】ERROR 
【记录时间】2016-03-07 10:21:30,075 
【线程编号】[6] 
【执行时间】[8155]毫秒 
【出错文件】e:\localhost_6108\user\Index.aspx.cs 
【出错行号】35 
【出错的类】Jnwf.Utils.Log.Logger 属性[(null)] 
【错误描述】zcy123123|19|zcy|123123 
【错误详情】
