
＝＝＝＝＝＝＝＝＝＝ 
【日志级别】ERROR 
【记录时间】2016-03-10 09:07:31,607 
【线程编号】[5] 
【执行时间】[163]毫秒 
【出错文件】e:\localhost_6108\user\Index.aspx.cs 
【出错行号】35 
【出错的类】Jnwf.Utils.Log.Logger 属性[(null)] 
【错误描述】zcy123123|19|zcy|123123 
【错误详情】

＝＝＝＝＝＝＝＝＝＝ 
【日志级别】ERROR 
【记录时间】2016-03-10 10:13:10,412 
【线程编号】[36] 
【执行时间】[94]毫秒 
【出错文件】e:\localhost_6108\user\Index.aspx.cs 
【出错行号】35 
【出错的类】Jnwf.Utils.Log.Logger 属性[(null)] 
【错误描述】zcy123123|19|zcy|123123 
【错误详情】

＝＝＝＝＝＝＝＝＝＝ 
【日志级别】ERROR 
【记录时间】2016-03-10 13:32:07,758 
【线程编号】[29] 
【执行时间】[248]毫秒 
【出错文件】e:\localhost_6108\user\Index.aspx.cs 
【出错行号】35 
【出错的类】Jnwf.Utils.Log.Logger 属性[(null)] 
【错误描述】zcy123123|19|zcy|123123 
【错误详情】

＝＝＝＝＝＝＝＝＝＝ 
【日志级别】ERROR 
【记录时间】2016-03-10 13:34:33,414 
【线程编号】[29] 
【执行时间】[145903]毫秒 
【出错文件】e:\localhost_6108\user\Index.aspx.cs 
【出错行号】35 
【出错的类】Jnwf.Utils.Log.Logger 属性[(null)] 
【错误描述】zcy123123|19|zcy|123123 
【错误详情】

＝＝＝＝＝＝＝＝＝＝ 
【日志级别】ERROR 
【记录时间】2016-03-10 13:34:48,902 
【线程编号】[28] 
【执行时间】[161391]毫秒 
【出错文件】e:\localhost_6108\user\Index.aspx.cs 
【出错行号】35 
【出错的类】Jnwf.Utils.Log.Logger 属性[(null)] 
【错误描述】zcy123123|19|zcy|123123 
【错误详情】

＝＝＝＝＝＝＝＝＝＝ 
【日志级别】ERROR 
【记录时间】2016-03-10 13:35:23,465 
【线程编号】[81] 
【执行时间】[195954]毫秒 
【出错文件】e:\localhost_6108\user\Index.aspx.cs 
【出错行号】35 
【出错的类】Jnwf.Utils.Log.Logger 属性[(null)] 
【错误描述】zcy123123|19|zcy|123123 
【错误详情】

＝＝＝＝＝＝＝＝＝＝ 
【日志级别】ERROR 
【记录时间】2016-03-10 13:35:52,505 
【线程编号】[81] 
【执行时间】[224994]毫秒 
【出错文件】e:\localhost_6108\user\Index.aspx.cs 
【出错行号】35 
【出错的类】Jnwf.Utils.Log.Logger 属性[(null)] 
【错误描述】zcy123123|19|zcy|123123 
【错误详情】

＝＝＝＝＝＝＝＝＝＝ 
【日志级别】ERROR 
【记录时间】2016-03-10 13:35:59,975 
【线程编号】[81] 
【执行时间】[232464]毫秒 
【出错文件】e:\localhost_6108\user\Index.aspx.cs 
【出错行号】35 
【出错的类】Jnwf.Utils.Log.Logger 属性[(null)] 
【错误描述】zcy123123|19|zcy|123123 
【错误详情】

＝＝＝＝＝＝＝＝＝＝ 
【日志级别】ERROR 
【记录时间】2016-03-10 13:36:16,075 
【线程编号】[29] 
【执行时间】[248564]毫秒 
【出错文件】e:\localhost_6108\user\Index.aspx.cs 
【出错行号】35 
【出错的类】Jnwf.Utils.Log.Logger 属性[(null)] 
【错误描述】zcy123123|19|zcy|123123 
【错误详情】

＝＝＝＝＝＝＝＝＝＝ 
【日志级别】ERROR 
【记录时间】2016-03-10 15:09:07,116 
【线程编号】[73] 
【执行时间】[5819606]毫秒 
【出错文件】e:\localhost_6108\user\Index.aspx.cs 
【出错行号】35 
【出错的类】Jnwf.Utils.Log.Logger 属性[(null)] 
【错误描述】zcy123123|19|zcy|123123 
【错误详情】

＝＝＝＝＝＝＝＝＝＝ 
【日志级别】ERROR 
【记录时间】2016-03-10 16:32:45,391 
【线程编号】[102] 
【执行时间】[10837880]毫秒 
【出错文件】e:\localhost_6108\user\Index.aspx.cs 
【出错行号】35 
【出错的类】Jnwf.Utils.Log.Logger 属性[(null)] 
【错误描述】zcy123123|19|zcy|123123 
【错误详情】

＝＝＝＝＝＝＝＝＝＝ 
【日志级别】ERROR 
【记录时间】2016-03-10 16:36:36,033 
【线程编号】[34] 
【执行时间】[11068522]毫秒 
【出错文件】e:\localhost_6108\user\Index.aspx.cs 
【出错行号】35 
【出错的类】Jnwf.Utils.Log.Logger 属性[(null)] 
【错误描述】zcy123123|19|zcy|123123 
【错误详情】

＝＝＝＝＝＝＝＝＝＝ 
【日志级别】ERROR 
【记录时间】2016-03-10 17:14:48,396 
【线程编号】[5] 
【执行时间】[13360885]毫秒 
【出错文件】e:\localhost_6108\user\Index.aspx.cs 
【出错行号】35 
【出错的类】Jnwf.Utils.Log.Logger 属性[(null)] 
【错误描述】zcy123123|19|zcy|123123 
【错误详情】

＝＝＝＝＝＝＝＝＝＝ 
【日志级别】ERROR 
【记录时间】2016-03-10 18:24:09,688 
【线程编号】[102] 
【执行时间】[17522177]毫秒 
【出错文件】e:\localhost_6108\user\Index.aspx.cs 
【出错行号】35 
【出错的类】Jnwf.Utils.Log.Logger 属性[(null)] 
【错误描述】zcy123123|19|zcy|123123 
【错误详情】

＝＝＝＝＝＝＝＝＝＝ 
【日志级别】ERROR 
【记录时间】2016-03-10 18:48:10,353 
【线程编号】[53] 
【执行时间】[18962843]毫秒 
【出错文件】e:\localhost_6108\user\Index.aspx.cs 
【出错行号】35 
【出错的类】Jnwf.Utils.Log.Logger 属性[(null)] 
【错误描述】zcy123123|19|zcy|123123 
【错误详情】

＝＝＝＝＝＝＝＝＝＝ 
【日志级别】ERROR 
【记录时间】2016-03-10 19:30:41,898 
【线程编号】[91] 
【执行时间】[21514388]毫秒 
【出错文件】e:\localhost_6108\user\Index.aspx.cs 
【出错行号】35 
【出错的类】Jnwf.Utils.Log.Logger 属性[(null)] 
【错误描述】zcy123123|19|zcy|123123 
【错误详情】
