
＝＝＝＝＝＝＝＝＝＝ 
【记录时间】2015-11-13 09:22:04,860 
【执行时间】[65620985]毫秒 
【出错文件】d:\zhanglixiangmu\威小宝刷单\Web\Login.aspx.cs 
【错误描述】login,name:admin,pwd:123123,ex:正在中止线程。|   在 System.Threading.Thread.AbortInternal()
   在 System.Threading.Thread.Abort(Object stateInfo)
   在 System.Web.HttpResponse.AbortCurrentThread()
   在 System.Web.HttpResponse.End()
   在 System.Web.HttpResponse.Redirect(String url, Boolean endResponse, Boolean permanent)
   在 System.Web.HttpResponse.Redirect(String url)
   在 Login.btn_dl_Click(Object sender, EventArgs e) 位置 d:\zhanglixiangmu\威小宝刷单\Web\Login.aspx.cs:行号 38
＝＝＝＝＝＝＝＝＝＝ 
【记录时间】2015-11-13 09:48:11,419 
【执行时间】[67187543]毫秒 
【出错文件】d:\zhanglixiangmu\威小宝刷单\Web\Login.aspx.cs 
【错误描述】login,name:admin,pwd:123123,ex:正在中止线程。|   在 System.Threading.Thread.AbortInternal()
   在 System.Threading.Thread.Abort(Object stateInfo)
   在 System.Web.HttpResponse.AbortCurrentThread()
   在 System.Web.HttpResponse.End()
   在 System.Web.HttpResponse.Redirect(String url, Boolean endResponse, Boolean permanent)
   在 System.Web.HttpResponse.Redirect(String url)
   在 Login.btn_dl_Click(Object sender, EventArgs e) 位置 d:\zhanglixiangmu\威小宝刷单\Web\Login.aspx.cs:行号 38
＝＝＝＝＝＝＝＝＝＝ 
【记录时间】2015-11-13 09:48:12,089 
【执行时间】[67188214]毫秒 
【出错文件】d:\zhanglixiangmu\威小宝刷单\Web\Login.aspx.cs 
【错误描述】login,name:admin,pwd:123123,ex:正在中止线程。|   在 System.Threading.Thread.AbortInternal()
   在 System.Threading.Thread.Abort(Object stateInfo)
   在 System.Web.HttpResponse.AbortCurrentThread()
   在 System.Web.HttpResponse.End()
   在 System.Web.HttpResponse.Redirect(String url, Boolean endResponse, Boolean permanent)
   在 System.Web.HttpResponse.Redirect(String url)
   在 Login.btn_dl_Click(Object sender, EventArgs e) 位置 d:\zhanglixiangmu\威小宝刷单\Web\Login.aspx.cs:行号 38
＝＝＝＝＝＝＝＝＝＝ 
【记录时间】2015-11-13 11:30:54,911 
【执行时间】[162]毫秒 
【出错文件】d:\zhanglixiangmu\威小宝刷单\Web\Login.aspx.cs 
【错误描述】login,name:admin,pwd:123123,ex:正在中止线程。|   在 System.Threading.Thread.AbortInternal()
   在 System.Threading.Thread.Abort(Object stateInfo)
   在 System.Web.HttpResponse.AbortCurrentThread()
   在 System.Web.HttpResponse.End()
   在 System.Web.HttpResponse.Redirect(String url, Boolean endResponse, Boolean permanent)
   在 System.Web.HttpResponse.Redirect(String url)
   在 Login.btn_dl_Click(Object sender, EventArgs e) 位置 d:\zhanglixiangmu\威小宝刷单\Web\Login.aspx.cs:行号 38
＝＝＝＝＝＝＝＝＝＝ 
【记录时间】2015-11-13 13:35:02,306 
【执行时间】[97]毫秒 
【出错文件】d:\zhanglixiangmu\威小宝刷单\Web\Login.aspx.cs 
【错误描述】login,name:admin,pwd:123123,ex:正在中止线程。|   在 System.Threading.Thread.AbortInternal()
   在 System.Threading.Thread.Abort(Object stateInfo)
   在 System.Web.HttpResponse.AbortCurrentThread()
   在 System.Web.HttpResponse.End()
   在 System.Web.HttpResponse.Redirect(String url, Boolean endResponse, Boolean permanent)
   在 System.Web.HttpResponse.Redirect(String url)
   在 Login.btn_dl_Click(Object sender, EventArgs e) 位置 d:\zhanglixiangmu\威小宝刷单\Web\Login.aspx.cs:行号 38