
＝＝＝＝＝＝＝＝＝＝ 
【记录时间】2015-11-24 13:49:42,183 
【执行时间】[103227360]毫秒 
【出错文件】d:\zhanglixiangmu\威小宝刷单\Web\Login.aspx.cs 
【错误描述】login,name:admin,pwd:123123,ex:正在中止线程。|   在 System.Threading.Thread.AbortInternal()
   在 System.Threading.Thread.Abort(Object stateInfo)
   在 System.Web.HttpResponse.AbortCurrentThread()
   在 System.Web.HttpResponse.End()
   在 System.Web.HttpResponse.Redirect(String url, Boolean endResponse, Boolean permanent)
   在 System.Web.HttpResponse.Redirect(String url)
   在 Login.btn_dl_Click(Object sender, EventArgs e) 位置 d:\zhanglixiangmu\威小宝刷单\Web\Login.aspx.cs:行号 38
＝＝＝＝＝＝＝＝＝＝ 
【记录时间】2015-11-24 15:21:32,863 
【执行时间】[206]毫秒 
【出错文件】d:\zhanglixiangmu\威小宝刷单\Web\Login.aspx.cs 
【错误描述】login,name:admin,pwd:123123,ex:正在中止线程。|   在 System.Threading.Thread.AbortInternal()
   在 System.Threading.Thread.Abort(Object stateInfo)
   在 System.Web.HttpResponse.AbortCurrentThread()
   在 System.Web.HttpResponse.End()
   在 System.Web.HttpResponse.Redirect(String url, Boolean endResponse, Boolean permanent)
   在 System.Web.HttpResponse.Redirect(String url)
   在 Login.btn_dl_Click(Object sender, EventArgs e) 位置 d:\zhanglixiangmu\威小宝刷单\Web\Login.aspx.cs:行号 38