
＝＝＝＝＝＝＝＝＝＝ 
【记录时间】2015-11-10 09:10:46,879 
【执行时间】[56008470]毫秒 
【出错文件】d:\zhanglixiangmu\威小宝刷单\Web\Login.aspx.cs 
【错误描述】login,name:admin,pwd:123123,ex:正在中止线程。|   在 System.Threading.Thread.AbortInternal()
   在 System.Threading.Thread.Abort(Object stateInfo)
   在 System.Web.HttpResponse.AbortCurrentThread()
   在 System.Web.HttpResponse.End()
   在 System.Web.HttpResponse.Redirect(String url, Boolean endResponse, Boolean permanent)
   在 System.Web.HttpResponse.Redirect(String url)
   在 Login.btn_dl_Click(Object sender, EventArgs e) 位置 d:\zhanglixiangmu\威小宝刷单\Web\Login.aspx.cs:行号 38
＝＝＝＝＝＝＝＝＝＝ 
【记录时间】2015-11-10 09:46:20,066 
【执行时间】[58141657]毫秒 
【出错文件】d:\zhanglixiangmu\威小宝刷单\Web\Login.aspx.cs 
【错误描述】login,name:admin,pwd:123123,ex:正在中止线程。|   在 System.Threading.Thread.AbortInternal()
   在 System.Threading.Thread.Abort(Object stateInfo)
   在 System.Web.HttpResponse.AbortCurrentThread()
   在 System.Web.HttpResponse.End()
   在 System.Web.HttpResponse.Redirect(String url, Boolean endResponse, Boolean permanent)
   在 System.Web.HttpResponse.Redirect(String url)
   在 Login.btn_dl_Click(Object sender, EventArgs e) 位置 d:\zhanglixiangmu\威小宝刷单\Web\Login.aspx.cs:行号 38
＝＝＝＝＝＝＝＝＝＝ 
【记录时间】2015-11-10 11:39:56,925 
【执行时间】[64958516]毫秒 
【出错文件】d:\zhanglixiangmu\威小宝刷单\Web\Login.aspx.cs 
【错误描述】login,name:admin,pwd:123123,ex:正在中止线程。|   在 System.Threading.Thread.AbortInternal()
   在 System.Threading.Thread.Abort(Object stateInfo)
   在 System.Web.HttpResponse.AbortCurrentThread()
   在 System.Web.HttpResponse.End()
   在 System.Web.HttpResponse.Redirect(String url, Boolean endResponse, Boolean permanent)
   在 System.Web.HttpResponse.Redirect(String url)
   在 Login.btn_dl_Click(Object sender, EventArgs e) 位置 d:\zhanglixiangmu\威小宝刷单\Web\Login.aspx.cs:行号 38
＝＝＝＝＝＝＝＝＝＝ 
【记录时间】2015-11-10 11:39:57,402 
【执行时间】[64958993]毫秒 
【出错文件】d:\zhanglixiangmu\威小宝刷单\Web\Login.aspx.cs 
【错误描述】login,name:admin,pwd:123123,ex:正在中止线程。|   在 System.Threading.Thread.AbortInternal()
   在 System.Threading.Thread.Abort(Object stateInfo)
   在 System.Web.HttpResponse.AbortCurrentThread()
   在 System.Web.HttpResponse.End()
   在 System.Web.HttpResponse.Redirect(String url, Boolean endResponse, Boolean permanent)
   在 System.Web.HttpResponse.Redirect(String url)
   在 Login.btn_dl_Click(Object sender, EventArgs e) 位置 d:\zhanglixiangmu\威小宝刷单\Web\Login.aspx.cs:行号 38
＝＝＝＝＝＝＝＝＝＝ 
【记录时间】2015-11-10 11:39:57,988 
【执行时间】[64959579]毫秒 
【出错文件】d:\zhanglixiangmu\威小宝刷单\Web\Login.aspx.cs 
【错误描述】login,name:admin,pwd:123123,ex:正在中止线程。|   在 System.Threading.Thread.AbortInternal()
   在 System.Threading.Thread.Abort(Object stateInfo)
   在 System.Web.HttpResponse.AbortCurrentThread()
   在 System.Web.HttpResponse.End()
   在 System.Web.HttpResponse.Redirect(String url, Boolean endResponse, Boolean permanent)
   在 System.Web.HttpResponse.Redirect(String url)
   在 Login.btn_dl_Click(Object sender, EventArgs e) 位置 d:\zhanglixiangmu\威小宝刷单\Web\Login.aspx.cs:行号 38
＝＝＝＝＝＝＝＝＝＝ 
【记录时间】2015-11-10 13:21:16,116 
【执行时间】[146]毫秒 
【出错文件】d:\zhanglixiangmu\威小宝刷单\Web\Login.aspx.cs 
【错误描述】login,name:admin,pwd:123123,ex:正在中止线程。|   在 System.Threading.Thread.AbortInternal()
   在 System.Threading.Thread.Abort(Object stateInfo)
   在 System.Web.HttpResponse.AbortCurrentThread()
   在 System.Web.HttpResponse.End()
   在 System.Web.HttpResponse.Redirect(String url, Boolean endResponse, Boolean permanent)
   在 System.Web.HttpResponse.Redirect(String url)
   在 Login.btn_dl_Click(Object sender, EventArgs e) 位置 d:\zhanglixiangmu\威小宝刷单\Web\Login.aspx.cs:行号 38
＝＝＝＝＝＝＝＝＝＝ 
【记录时间】2015-11-10 14:08:30,895 
【执行时间】[135]毫秒 
【出错文件】d:\zhanglixiangmu\威小宝刷单\Web\Login.aspx.cs 
【错误描述】login,name:admin,pwd:123123,ex:正在中止线程。|   在 System.Threading.Thread.AbortInternal()
   在 System.Threading.Thread.Abort(Object stateInfo)
   在 System.Web.HttpResponse.AbortCurrentThread()
   在 System.Web.HttpResponse.End()
   在 System.Web.HttpResponse.Redirect(String url, Boolean endResponse, Boolean permanent)
   在 System.Web.HttpResponse.Redirect(String url)
   在 Login.btn_dl_Click(Object sender, EventArgs e) 位置 d:\zhanglixiangmu\威小宝刷单\Web\Login.aspx.cs:行号 38
＝＝＝＝＝＝＝＝＝＝ 
【记录时间】2015-11-10 15:19:36,371 
【执行时间】[170]毫秒 
【出错文件】d:\zhanglixiangmu\威小宝刷单\Web\Login.aspx.cs 
【错误描述】login,name:admin,pwd:123123,ex:正在中止线程。|   在 System.Threading.Thread.AbortInternal()
   在 System.Threading.Thread.Abort(Object stateInfo)
   在 System.Web.HttpResponse.AbortCurrentThread()
   在 System.Web.HttpResponse.End()
   在 System.Web.HttpResponse.Redirect(String url, Boolean endResponse, Boolean permanent)
   在 System.Web.HttpResponse.Redirect(String url)
   在 Login.btn_dl_Click(Object sender, EventArgs e) 位置 d:\zhanglixiangmu\威小宝刷单\Web\Login.aspx.cs:行号 38
＝＝＝＝＝＝＝＝＝＝ 
【记录时间】2015-11-10 15:21:23,254 
【执行时间】[107052]毫秒 
【出错文件】d:\zhanglixiangmu\威小宝刷单\Web\Login.aspx.cs 
【错误描述】login,name:admin,pwd:123123,ex:正在中止线程。|   在 System.Threading.Thread.AbortInternal()
   在 System.Threading.Thread.Abort(Object stateInfo)
   在 System.Web.HttpResponse.AbortCurrentThread()
   在 System.Web.HttpResponse.End()
   在 System.Web.HttpResponse.Redirect(String url, Boolean endResponse, Boolean permanent)
   在 System.Web.HttpResponse.Redirect(String url)
   在 Login.btn_dl_Click(Object sender, EventArgs e) 位置 d:\zhanglixiangmu\威小宝刷单\Web\Login.aspx.cs:行号 38
＝＝＝＝＝＝＝＝＝＝ 
【记录时间】2015-11-10 15:23:44,228 
【执行时间】[248026]毫秒 
【出错文件】d:\zhanglixiangmu\威小宝刷单\Web\Login.aspx.cs 
【错误描述】login,name:admin,pwd:123123,ex:无法使用前导 .. 在顶级目录上退出。|   在 System.Web.Util.UrlPath.ReduceVirtualPath(String path)
   在 System.Web.Util.UrlPath.Reduce(String path)
   在 System.Web.Util.UrlPath.Combine(String appPath, String basepath, String relative)
   在 System.Web.HttpResponse.ApplyAppPathModifier(String virtualPath)
   在 System.Web.HttpResponse.Redirect(String url, Boolean endResponse, Boolean permanent)
   在 System.Web.HttpResponse.Redirect(String url)
   在 Login.btn_dl_Click(Object sender, EventArgs e) 位置 d:\zhanglixiangmu\威小宝刷单\Web\Login.aspx.cs:行号 38
＝＝＝＝＝＝＝＝＝＝ 
【记录时间】2015-11-10 15:23:47,317 
【执行时间】[251115]毫秒 
【出错文件】d:\zhanglixiangmu\威小宝刷单\Web\Login.aspx.cs 
【错误描述】login,name:admin,pwd:123123,ex:无法使用前导 .. 在顶级目录上退出。|   在 System.Web.Util.UrlPath.ReduceVirtualPath(String path)
   在 System.Web.Util.UrlPath.Reduce(String path)
   在 System.Web.Util.UrlPath.Combine(String appPath, String basepath, String relative)
   在 System.Web.HttpResponse.ApplyAppPathModifier(String virtualPath)
   在 System.Web.HttpResponse.Redirect(String url, Boolean endResponse, Boolean permanent)
   在 System.Web.HttpResponse.Redirect(String url)
   在 Login.btn_dl_Click(Object sender, EventArgs e) 位置 d:\zhanglixiangmu\威小宝刷单\Web\Login.aspx.cs:行号 38
＝＝＝＝＝＝＝＝＝＝ 
【记录时间】2015-11-10 15:23:49,854 
【执行时间】[253652]毫秒 
【出错文件】d:\zhanglixiangmu\威小宝刷单\Web\Login.aspx.cs 
【错误描述】login,name:admin,pwd:123123,ex:无法使用前导 .. 在顶级目录上退出。|   在 System.Web.Util.UrlPath.ReduceVirtualPath(String path)
   在 System.Web.Util.UrlPath.Reduce(String path)
   在 System.Web.Util.UrlPath.Combine(String appPath, String basepath, String relative)
   在 System.Web.HttpResponse.ApplyAppPathModifier(String virtualPath)
   在 System.Web.HttpResponse.Redirect(String url, Boolean endResponse, Boolean permanent)
   在 System.Web.HttpResponse.Redirect(String url)
   在 Login.btn_dl_Click(Object sender, EventArgs e) 位置 d:\zhanglixiangmu\威小宝刷单\Web\Login.aspx.cs:行号 38
＝＝＝＝＝＝＝＝＝＝ 
【记录时间】2015-11-10 15:23:55,690 
【执行时间】[259488]毫秒 
【出错文件】d:\zhanglixiangmu\威小宝刷单\Web\Login.aspx.cs 
【错误描述】login,name:admin,pwd:123123,ex:无法使用前导 .. 在顶级目录上退出。|   在 System.Web.Util.UrlPath.ReduceVirtualPath(String path)
   在 System.Web.Util.UrlPath.Reduce(String path)
   在 System.Web.Util.UrlPath.Combine(String appPath, String basepath, String relative)
   在 System.Web.HttpResponse.ApplyAppPathModifier(String virtualPath)
   在 System.Web.HttpResponse.Redirect(String url, Boolean endResponse, Boolean permanent)
   在 System.Web.HttpResponse.Redirect(String url)
   在 Login.btn_dl_Click(Object sender, EventArgs e) 位置 d:\zhanglixiangmu\威小宝刷单\Web\Login.aspx.cs:行号 38
＝＝＝＝＝＝＝＝＝＝ 
【记录时间】2015-11-10 15:23:59,568 
【执行时间】[263366]毫秒 
【出错文件】d:\zhanglixiangmu\威小宝刷单\Web\Login.aspx.cs 
【错误描述】login,name:admin,pwd:123123,ex:无法使用前导 .. 在顶级目录上退出。|   在 System.Web.Util.UrlPath.ReduceVirtualPath(String path)
   在 System.Web.Util.UrlPath.Reduce(String path)
   在 System.Web.Util.UrlPath.Combine(String appPath, String basepath, String relative)
   在 System.Web.HttpResponse.ApplyAppPathModifier(String virtualPath)
   在 System.Web.HttpResponse.Redirect(String url, Boolean endResponse, Boolean permanent)
   在 System.Web.HttpResponse.Redirect(String url)
   在 Login.btn_dl_Click(Object sender, EventArgs e) 位置 d:\zhanglixiangmu\威小宝刷单\Web\Login.aspx.cs:行号 38
＝＝＝＝＝＝＝＝＝＝ 
【记录时间】2015-11-10 15:24:33,231 
【执行时间】[297029]毫秒 
【出错文件】d:\zhanglixiangmu\威小宝刷单\Web\Login.aspx.cs 
【错误描述】login,name:admin,pwd:123123,ex:正在中止线程。|   在 System.Threading.Thread.AbortInternal()
   在 System.Threading.Thread.Abort(Object stateInfo)
   在 System.Web.HttpResponse.AbortCurrentThread()
   在 System.Web.HttpResponse.End()
   在 System.Web.HttpResponse.Redirect(String url, Boolean endResponse, Boolean permanent)
   在 System.Web.HttpResponse.Redirect(String url)
   在 Login.btn_dl_Click(Object sender, EventArgs e) 位置 d:\zhanglixiangmu\威小宝刷单\Web\Login.aspx.cs:行号 38
＝＝＝＝＝＝＝＝＝＝ 
【记录时间】2015-11-10 15:28:03,265 
【执行时间】[507063]毫秒 
【出错文件】d:\zhanglixiangmu\威小宝刷单\Web\Login.aspx.cs 
【错误描述】login,name:admin,pwd:123123,ex:正在中止线程。|   在 System.Threading.Thread.AbortInternal()
   在 System.Threading.Thread.Abort(Object stateInfo)
   在 System.Web.HttpResponse.AbortCurrentThread()
   在 System.Web.HttpResponse.End()
   在 System.Web.HttpResponse.Redirect(String url, Boolean endResponse, Boolean permanent)
   在 System.Web.HttpResponse.Redirect(String url)
   在 Login.btn_dl_Click(Object sender, EventArgs e) 位置 d:\zhanglixiangmu\威小宝刷单\Web\Login.aspx.cs:行号 38