
＝＝＝＝＝＝＝＝＝＝ 
【记录时间】2015-11-27 09:13:17,717 
【执行时间】[53606305]毫秒 
【出错文件】d:\zhanglixiangmu\威小宝刷单\Web\Login.aspx.cs 
【错误描述】login,name:admin,pwd:123123,ex:正在中止线程。|   在 System.Threading.Thread.AbortInternal()
   在 System.Threading.Thread.Abort(Object stateInfo)
   在 System.Web.HttpResponse.AbortCurrentThread()
   在 System.Web.HttpResponse.End()
   在 System.Web.HttpResponse.Redirect(String url, Boolean endResponse, Boolean permanent)
   在 System.Web.HttpResponse.Redirect(String url)
   在 Login.btn_dl_Click(Object sender, EventArgs e) 位置 d:\zhanglixiangmu\威小宝刷单\Web\Login.aspx.cs:行号 38
＝＝＝＝＝＝＝＝＝＝ 
【记录时间】2015-11-27 09:42:21,253 
【执行时间】[55349842]毫秒 
【出错文件】d:\zhanglixiangmu\威小宝刷单\Web\Login.aspx.cs 
【错误描述】login,name:admin,pwd:123123,ex:正在中止线程。|   在 System.Threading.Thread.AbortInternal()
   在 System.Threading.Thread.Abort(Object stateInfo)
   在 System.Web.HttpResponse.AbortCurrentThread()
   在 System.Web.HttpResponse.End()
   在 System.Web.HttpResponse.Redirect(String url, Boolean endResponse, Boolean permanent)
   在 System.Web.HttpResponse.Redirect(String url)
   在 Login.btn_dl_Click(Object sender, EventArgs e) 位置 d:\zhanglixiangmu\威小宝刷单\Web\Login.aspx.cs:行号 38
＝＝＝＝＝＝＝＝＝＝ 
【记录时间】2015-11-27 10:07:01,651 
【执行时间】[56830240]毫秒 
【出错文件】d:\zhanglixiangmu\威小宝刷单\Web\Login.aspx.cs 
【错误描述】login,name:admin,pwd:123123,ex:正在中止线程。|   在 System.Threading.Thread.AbortInternal()
   在 System.Threading.Thread.Abort(Object stateInfo)
   在 System.Web.HttpResponse.AbortCurrentThread()
   在 System.Web.HttpResponse.End()
   在 System.Web.HttpResponse.Redirect(String url, Boolean endResponse, Boolean permanent)
   在 System.Web.HttpResponse.Redirect(String url)
   在 Login.btn_dl_Click(Object sender, EventArgs e) 位置 d:\zhanglixiangmu\威小宝刷单\Web\Login.aspx.cs:行号 38
＝＝＝＝＝＝＝＝＝＝ 
【记录时间】2015-11-27 12:02:03,706 
【执行时间】[332]毫秒 
【出错文件】d:\zhanglixiangmu\威小宝刷单\Web\Login.aspx.cs 
【错误描述】login,name:admin,pwd:123123,ex:正在中止线程。|   在 System.Threading.Thread.AbortInternal()
   在 System.Threading.Thread.Abort(Object stateInfo)
   在 System.Web.HttpResponse.AbortCurrentThread()
   在 System.Web.HttpResponse.End()
   在 System.Web.HttpResponse.Redirect(String url, Boolean endResponse, Boolean permanent)
   在 System.Web.HttpResponse.Redirect(String url)
   在 Login.btn_dl_Click(Object sender, EventArgs e) 位置 d:\zhanglixiangmu\威小宝刷单\Web\Login.aspx.cs:行号 38
＝＝＝＝＝＝＝＝＝＝ 
【记录时间】2015-11-27 13:40:47,734 
【执行时间】[5924360]毫秒 
【出错文件】d:\zhanglixiangmu\威小宝刷单\Web\Login.aspx.cs 
【错误描述】login,name:admin,pwd:123123,ex:正在中止线程。|   在 System.Threading.Thread.AbortInternal()
   在 System.Threading.Thread.Abort(Object stateInfo)
   在 System.Web.HttpResponse.AbortCurrentThread()
   在 System.Web.HttpResponse.End()
   在 System.Web.HttpResponse.Redirect(String url, Boolean endResponse, Boolean permanent)
   在 System.Web.HttpResponse.Redirect(String url)
   在 Login.btn_dl_Click(Object sender, EventArgs e) 位置 d:\zhanglixiangmu\威小宝刷单\Web\Login.aspx.cs:行号 38
＝＝＝＝＝＝＝＝＝＝ 
【记录时间】2015-11-27 14:12:47,139 
【执行时间】[7843765]毫秒 
【出错文件】d:\zhanglixiangmu\威小宝刷单\Web\Login.aspx.cs 
【错误描述】login,name:admin,pwd:123123,ex:正在中止线程。|   在 System.Threading.Thread.AbortInternal()
   在 System.Threading.Thread.Abort(Object stateInfo)
   在 System.Web.HttpResponse.AbortCurrentThread()
   在 System.Web.HttpResponse.End()
   在 System.Web.HttpResponse.Redirect(String url, Boolean endResponse, Boolean permanent)
   在 System.Web.HttpResponse.Redirect(String url)
   在 Login.btn_dl_Click(Object sender, EventArgs e) 位置 d:\zhanglixiangmu\威小宝刷单\Web\Login.aspx.cs:行号 38
＝＝＝＝＝＝＝＝＝＝ 
【记录时间】2015-11-27 16:07:50,215 
【执行时间】[98]毫秒 
【出错文件】d:\zhanglixiangmu\威小宝刷单\Web\Login.aspx.cs 
【错误描述】login,name:admin,pwd:123123,ex:正在中止线程。|   在 System.Threading.Thread.AbortInternal()
   在 System.Threading.Thread.Abort(Object stateInfo)
   在 System.Web.HttpResponse.AbortCurrentThread()
   在 System.Web.HttpResponse.End()
   在 System.Web.HttpResponse.Redirect(String url, Boolean endResponse, Boolean permanent)
   在 System.Web.HttpResponse.Redirect(String url)
   在 Login.btn_dl_Click(Object sender, EventArgs e) 位置 d:\zhanglixiangmu\威小宝刷单\Web\Login.aspx.cs:行号 38
＝＝＝＝＝＝＝＝＝＝ 
【记录时间】2015-11-27 17:16:42,147 
【执行时间】[4132030]毫秒 
【出错文件】d:\zhanglixiangmu\威小宝刷单\Web\Login.aspx.cs 
【错误描述】login,name:admin,pwd:123123,ex:正在中止线程。|   在 System.Threading.Thread.AbortInternal()
   在 System.Threading.Thread.Abort(Object stateInfo)
   在 System.Web.HttpResponse.AbortCurrentThread()
   在 System.Web.HttpResponse.End()
   在 System.Web.HttpResponse.Redirect(String url, Boolean endResponse, Boolean permanent)
   在 System.Web.HttpResponse.Redirect(String url)
   在 Login.btn_dl_Click(Object sender, EventArgs e) 位置 d:\zhanglixiangmu\威小宝刷单\Web\Login.aspx.cs:行号 38
＝＝＝＝＝＝＝＝＝＝ 
【记录时间】2015-11-27 17:59:31,472 
【执行时间】[50]毫秒 
【出错文件】d:\zhanglixiangmu\威小宝刷单\Web\Login.aspx.cs 
【错误描述】login,name:admin,pwd:123123,ex:正在中止线程。|   在 System.Threading.Thread.AbortInternal()
   在 System.Threading.Thread.Abort(Object stateInfo)
   在 System.Web.HttpResponse.AbortCurrentThread()
   在 System.Web.HttpResponse.End()
   在 System.Web.HttpResponse.Redirect(String url, Boolean endResponse, Boolean permanent)
   在 System.Web.HttpResponse.Redirect(String url)
   在 Login.btn_dl_Click(Object sender, EventArgs e) 位置 d:\zhanglixiangmu\威小宝刷单\Web\Login.aspx.cs:行号 38