
＝＝＝＝＝＝＝＝＝＝ 
【日志级别】ERROR 
【记录时间】2016-02-26 12:01:05,029 
【线程编号】[87] 
【执行时间】[346]毫秒 
【出错文件】d:\zhanglixiangmu\威小宝刷单\Web\Global.asax 
【出错行号】53 
【出错的类】Jnwf.Utils.Log.Logger 属性[(null)] 
【错误描述】发生e`的网页地址：http://localhost:3581/busines/userManage.aspx
错误信息：DataBinding:“System.Data.DataRowView”不包含名为“QQ”的属性。
堆栈热荩
   在 System.Web.UI.DataBinder.GetPropertyValue(Object container, String propName)
   在 System.Web.UI.DataBinder.Eval(Object container, String[] expressionParts)
   在 System.Web.UI.DataBinder.Eval(Object container, String expression)
   在 System.Web.UI.TemplateControl.Eval(String expression)
   在 ASP.busines_usermanage_aspx.__DataBind__control6(Object sender, EventArgs e) 位置 d:\zhanglixiangmu\威小宝刷单\Web\busines\userManage.aspx:行号 30
   在 System.Web.UI.Control.OnDataBinding(EventArgs e)
   在 System.Web.UI.Control.DataBind(Boolean raiseOnDataBinding)
   在 System.Web.UI.Control.DataBind()
   在 System.Web.UI.Control.DataBindChildren()
   在 System.Web.UI.Control.DataBind(Boolean raiseOnDataBinding)
   在 System.Web.UI.Control.DataBind()
   在 System.Web.UI.WebControls.Repeater.CreateItem(Int32 itemIndex, ListItemType itemType, Boolean dataBind, Object dataItem)
   在 System.Web.UI.WebControls.Repeater.AddDataItemsIntoItemsArray(IEnumerable dataSource, Boolean useDataSource)
   在 System.Web.UI.WebControls.Repeater.PostGetDataAction(IEnumerable dataSource)
   在 System.Web.UI.WebControls.Repeater.CreateControlHierarchy(Boolean useDataSource)
   在 System.Web.UI.WebControls.Repeater.OnDataBinding(EventArgs e)
   在 System.Web.UI.WebControls.Repeater.DataBind()
   在 busines_userManage.BindData() 位置 d:\zhanglixiangmu\威小宝刷单\Web\busines\userManage.aspx.cs:行号 27
   在 busines_userManage.Page_Load(Object sender, EventArgs e) 位置 d:\zhanglixiangmu\威小宝刷单\Web\busines\userManage.aspx.cs:行号 15
   在 System.Web.Util.CalliEventHandlerDelegateProxy.Callback(Object sender, EventArgs e)
   在 System.Web.UI.Control.OnLoad(EventArgs e)
   在 System.Web.UI.Control.LoadRecursive()
   在 System.Web.UI.Page.ProcessRequestMain(Boolean includeStagesBeforeAsyncPoint, Boolean includeStagesAfterAsyncPoint) 
【错误详情】
