
＝＝＝＝＝＝＝＝＝＝ 
【日志级别】ERROR 
【记录时间】2016-07-20 10:19:26,051 
【线程编号】[5] 
【执行时间】[42]毫秒 
【出错文件】e:\TaskNew\TaskNew\WebNew\Global.asax 
【出错行号】53 
【出错的类】Jnwf.Utils.Log.Logger 属性[(null)] 
【错误描述】发生e`的网页地址：http://localhost:63503/admin/ModifyTime.aspx
错误信息：e:\TaskNew\TaskNew\WebNew\admin\ModifyTime.aspx(21): error CS1061: “ASP.admin_modifytime_aspx”不包含“rpttaskadmin_ItemCommand”的定义，并且找不到可接受类型为“ASP.admin_modifytime_aspx”的第一个参数的扩展方法“rpttaskadmin_ItemCommand”(是否缺少 using 指令或程序集引用?)
堆栈热荩
   在 System.Web.Compilation.BuildManager.CompileWebFile(VirtualPath virtualPath)
   在 System.Web.Compilation.BuildManager.GetVPathBuildResultInternal(VirtualPath virtualPath, Boolean noBuild, Boolean allowCrossApp, Boolean allowBuildInPrecompile, Boolean throwIfNotFound, Boolean ensureIsUpToDate)
   在 System.Web.Compilation.BuildManager.GetVPathBuildResultWithNoAssert(HttpContext context, VirtualPath virtualPath, Boolean noBuild, Boolean allowCrossApp, Boolean allowBuildInPrecompile, Boolean throwIfNotFound, Boolean ensureIsUpToDate)
   在 System.Web.Compilation.BuildManager.GetVirtualPathObjectFactory(VirtualPath virtualPath, HttpContext context, Boolean allowCrossApp, Boolean throwIfNotFound)
   在 System.Web.Compilation.BuildManager.CreateInstanceFromVirtualPath(VirtualPath virtualPath, Type requiredBaseType, HttpContext context, Boolean allowCrossApp)
   在 System.Web.UI.PageHandlerFactory.GetHandlerHelper(HttpContext context, String requestType, VirtualPath virtualPath, String physicalPath)
   在 System.Web.UI.PageHandlerFactory.GetHandler(HttpContext context, String requestType, String virtualPath, String path)
   在 System.Web.HttpApplication.MaterializeHandlerExecutionStep.System.Web.HttpApplication.IExecutionStep.Execute()
   在 System.Web.HttpApplication.ExecuteStep(IExecutionStep step, Boolean& completedSynchronously) 
【错误详情】

＝＝＝＝＝＝＝＝＝＝ 
【日志级别】ERROR 
【记录时间】2016-07-20 11:43:52,633 
【线程编号】[13] 
【执行时间】[40]毫秒 
【出错文件】e:\TaskNew\TaskNew\WebNew\Global.asax 
【出错行号】53 
【出错的类】Jnwf.Utils.Log.Logger 属性[(null)] 
【错误描述】发生e`的网页地址：http://localhost:63503/admin/ModifyTime.aspx
错误信息：服务器标记的格式不正确。
堆栈热荩
   在 System.Web.UI.TemplateParser.ProcessError(String message)
   在 System.Web.UI.TemplateParser.DetectSpecialServerTagError(String text, Int32 textPos)
   在 System.Web.UI.TemplateParser.ParseStringInternal(String text, Encoding fileEncoding)
   在 System.Web.UI.TemplateParser.ParseString(String text, VirtualPath virtualPath, Encoding fileEncoding) 
【错误详情】

＝＝＝＝＝＝＝＝＝＝ 
【日志级别】ERROR 
【记录时间】2016-07-20 14:04:19,890 
【线程编号】[16] 
【执行时间】[40]毫秒 
【出错文件】e:\TaskNew\TaskNew\WebNew\Global.asax 
【出错行号】53 
【出错的类】Jnwf.Utils.Log.Logger 属性[(null)] 
【错误描述】发生e`的网页地址：http://localhost:63503/admin/ModifyTime.aspx
错误信息：e:\TaskNew\TaskNew\WebNew\admin\ModifyTime.aspx.cs(34): error CS1501: “ShowMsg”方法没有任何重载采用 1 个参数
堆栈热荩
   在 System.Web.Compilation.BuildManager.CompileWebFile(VirtualPath virtualPath)
   在 System.Web.Compilation.BuildManager.GetVPathBuildResultInternal(VirtualPath virtualPath, Boolean noBuild, Boolean allowCrossApp, Boolean allowBuildInPrecompile, Boolean throwIfNotFound, Boolean ensureIsUpToDate)
   在 System.Web.Compilation.BuildManager.GetVPathBuildResultWithNoAssert(HttpContext context, VirtualPath virtualPath, Boolean noBuild, Boolean allowCrossApp, Boolean allowBuildInPrecompile, Boolean throwIfNotFound, Boolean ensureIsUpToDate)
   在 System.Web.Compilation.BuildManager.GetVirtualPathObjectFactory(VirtualPath virtualPath, HttpContext context, Boolean allowCrossApp, Boolean throwIfNotFound)
   在 System.Web.Compilation.BuildManager.CreateInstanceFromVirtualPath(VirtualPath virtualPath, Type requiredBaseType, HttpContext context, Boolean allowCrossApp)
   在 System.Web.UI.PageHandlerFactory.GetHandlerHelper(HttpContext context, String requestType, VirtualPath virtualPath, String physicalPath)
   在 System.Web.UI.PageHandlerFactory.GetHandler(HttpContext context, String requestType, String virtualPath, String path)
   在 System.Web.HttpApplication.MaterializeHandlerExecutionStep.System.Web.HttpApplication.IExecutionStep.Execute()
   在 System.Web.HttpApplication.ExecuteStep(IExecutionStep step, Boolean& completedSynchronously) 
【错误详情】

＝＝＝＝＝＝＝＝＝＝ 
【日志级别】ERROR 
【记录时间】2016-07-20 14:05:01,011 
【线程编号】[31] 
【执行时间】[41161]毫秒 
【出错文件】e:\TaskNew\TaskNew\WebNew\Global.asax 
【出错行号】53 
【出错的类】Jnwf.Utils.Log.Logger 属性[(null)] 
【错误描述】发生e`的网页地址：http://localhost:63503/admin/ModifyTime.aspx
错误信息：未将对象引用设置到对象的实例。
堆栈热荩
   在 admin_ModifyTime.rpttaskadmin_ItemCommand(Object source, RepeaterCommandEventArgs e) 位置 e:\TaskNew\TaskNew\WebNew\admin\ModifyTime.aspx.cs:行号 34
   在 System.Web.UI.WebControls.Repeater.OnItemCommand(RepeaterCommandEventArgs e)
   在 System.Web.UI.WebControls.Repeater.OnBubbleEvent(Object sender, EventArgs e)
   在 System.Web.UI.Control.RaiseBubbleEvent(Object source, EventArgs args)
   在 System.Web.UI.WebControls.RepeaterItem.OnBubbleEvent(Object source, EventArgs e)
   在 System.Web.UI.Control.RaiseBubbleEvent(Object source, EventArgs args)
   在 System.Web.UI.WebControls.Button.OnCommand(CommandEventArgs e)
   在 System.Web.UI.WebControls.Button.RaisePostBackEvent(String eventArgument)
   在 System.Web.UI.WebControls.Button.System.Web.UI.IPostBackEventHandler.RaisePostBackEvent(String eventArgument)
   在 System.Web.UI.Page.RaisePostBackEvent(IPostBackEventHandler sourceControl, String eventArgument)
   在 System.Web.UI.Page.RaisePostBackEvent(NameValueCollection postData)
   在 System.Web.UI.Page.ProcessRequestMain(Boolean includeStagesBeforeAsyncPoint, Boolean includeStagesAfterAsyncPoint) 
【错误详情】

＝＝＝＝＝＝＝＝＝＝ 
【日志级别】ERROR 
【记录时间】2016-07-20 14:09:25,395 
【线程编号】[37] 
【执行时间】[305545]毫秒 
【出错文件】e:\TaskNew\TaskNew\WebNew\Global.asax 
【出错行号】53 
【出错的类】Jnwf.Utils.Log.Logger 属性[(null)] 
【错误描述】发生e`的网页地址：http://localhost:63503/admin/ModifyTime.aspx
错误信息：该字符串未被识别为有效的 DateTime。
堆栈热荩
   在 System.DateTimeParse.Parse(String s, DateTimeFormatInfo dtfi, DateTimeStyles styles)
   在 System.Convert.ToDateTime(String value)
   在 admin_ModifyTime.rpttaskadmin_ItemCommand(Object source, RepeaterCommandEventArgs e) 位置 e:\TaskNew\TaskNew\WebNew\admin\ModifyTime.aspx.cs:行号 37
   在 System.Web.UI.WebControls.Repeater.OnItemCommand(RepeaterCommandEventArgs e)
   在 System.Web.UI.WebControls.Repeater.OnBubbleEvent(Object sender, EventArgs e)
   在 System.Web.UI.Control.RaiseBubbleEvent(Object source, EventArgs args)
   在 System.Web.UI.WebControls.RepeaterItem.OnBubbleEvent(Object source, EventArgs e)
   在 System.Web.UI.Control.RaiseBubbleEvent(Object source, EventArgs args)
   在 System.Web.UI.WebControls.Button.OnCommand(CommandEventArgs e)
   在 System.Web.UI.WebControls.Button.RaisePostBackEvent(String eventArgument)
   在 System.Web.UI.WebControls.Button.System.Web.UI.IPostBackEventHandler.RaisePostBackEvent(String eventArgument)
   在 System.Web.UI.Page.RaisePostBackEvent(IPostBackEventHandler sourceControl, String eventArgument)
   在 System.Web.UI.Page.RaisePostBackEvent(NameValueCollection postData)
   在 System.Web.UI.Page.ProcessRequestMain(Boolean includeStagesBeforeAsyncPoint, Boolean includeStagesAfterAsyncPoint) 
【错误详情】

＝＝＝＝＝＝＝＝＝＝ 
【日志级别】ERROR 
【记录时间】2016-07-20 14:09:39,668 
【线程编号】[41] 
【执行时间】[319818]毫秒 
【出错文件】e:\TaskNew\TaskNew\WebNew\Global.asax 
【出错行号】53 
【出错的类】Jnwf.Utils.Log.Logger 属性[(null)] 
【错误描述】发生e`的网页地址：http://localhost:63503/admin/ModifyTime.aspx
错误信息：该字符串未被识别为有效的 DateTime。
堆栈热荩
   在 System.DateTimeParse.Parse(String s, DateTimeFormatInfo dtfi, DateTimeStyles styles)
   在 System.Convert.ToDateTime(String value)
   在 admin_ModifyTime.rpttaskadmin_ItemCommand(Object source, RepeaterCommandEventArgs e) 位置 e:\TaskNew\TaskNew\WebNew\admin\ModifyTime.aspx.cs:行号 37
   在 System.Web.UI.WebControls.Repeater.OnItemCommand(RepeaterCommandEventArgs e)
   在 System.Web.UI.WebControls.Repeater.OnBubbleEvent(Object sender, EventArgs e)
   在 System.Web.UI.Control.RaiseBubbleEvent(Object source, EventArgs args)
   在 System.Web.UI.WebControls.RepeaterItem.OnBubbleEvent(Object source, EventArgs e)
   在 System.Web.UI.Control.RaiseBubbleEvent(Object source, EventArgs args)
   在 System.Web.UI.WebControls.Button.OnCommand(CommandEventArgs e)
   在 System.Web.UI.WebControls.Button.RaisePostBackEvent(String eventArgument)
   在 System.Web.UI.WebControls.Button.System.Web.UI.IPostBackEventHandler.RaisePostBackEvent(String eventArgument)
   在 System.Web.UI.Page.RaisePostBackEvent(IPostBackEventHandler sourceControl, String eventArgument)
   在 System.Web.UI.Page.RaisePostBackEvent(NameValueCollection postData)
   在 System.Web.UI.Page.ProcessRequestMain(Boolean includeStagesBeforeAsyncPoint, Boolean includeStagesAfterAsyncPoint) 
【错误详情】

＝＝＝＝＝＝＝＝＝＝ 
【日志级别】ERROR 
【记录时间】2016-07-20 14:12:32,351 
【线程编号】[12] 
【执行时间】[47]毫秒 
【出错文件】e:\TaskNew\TaskNew\WebNew\Global.asax 
【出错行号】53 
【出错的类】Jnwf.Utils.Log.Logger 属性[(null)] 
【错误描述】发生e`的网页地址：http://localhost:63503/admin/ModifyTime.aspx
错误信息：该字符串未被识别为有效的 DateTime。
堆栈热荩
   在 System.DateTimeParse.Parse(String s, DateTimeFormatInfo dtfi, DateTimeStyles styles)
   在 System.Convert.ToDateTime(String value)
   在 admin_ModifyTime.rpttaskadmin_ItemCommand(Object source, RepeaterCommandEventArgs e) 位置 e:\TaskNew\TaskNew\WebNew\admin\ModifyTime.aspx.cs:行号 38
   在 System.Web.UI.WebControls.Repeater.OnItemCommand(RepeaterCommandEventArgs e)
   在 System.Web.UI.WebControls.Repeater.OnBubbleEvent(Object sender, EventArgs e)
   在 System.Web.UI.Control.RaiseBubbleEvent(Object source, EventArgs args)
   在 System.Web.UI.WebControls.RepeaterItem.OnBubbleEvent(Object source, EventArgs e)
   在 System.Web.UI.Control.RaiseBubbleEvent(Object source, EventArgs args)
   在 System.Web.UI.WebControls.Button.OnCommand(CommandEventArgs e)
   在 System.Web.UI.WebControls.Button.RaisePostBackEvent(String eventArgument)
   在 System.Web.UI.WebControls.Button.System.Web.UI.IPostBackEventHandler.RaisePostBackEvent(String eventArgument)
   在 System.Web.UI.Page.RaisePostBackEvent(IPostBackEventHandler sourceControl, String eventArgument)
   在 System.Web.UI.Page.RaisePostBackEvent(NameValueCollection postData)
   在 System.Web.UI.Page.ProcessRequestMain(Boolean includeStagesBeforeAsyncPoint, Boolean includeStagesAfterAsyncPoint) 
【错误详情】

＝＝＝＝＝＝＝＝＝＝ 
【日志级别】ERROR 
【记录时间】2016-07-20 14:30:12,853 
【线程编号】[15] 
【执行时间】[1060549]毫秒 
【出错文件】e:\TaskNew\TaskNew\WebNew\Global.asax 
【出错行号】53 
【出错的类】Jnwf.Utils.Log.Logger 属性[(null)] 
【错误描述】发生e`的网页地址：http://localhost:63503/busines/CardList.aspx?id=0
错误信息：文件“/busines/CardList.aspx”不存在。
堆栈热荩
   在 System.Web.UI.Util.CheckVirtualFileExists(VirtualPath virtualPath)
   在 System.Web.Compilation.BuildManager.GetVPathBuildResultInternal(VirtualPath virtualPath, Boolean noBuild, Boolean allowCrossApp, Boolean allowBuildInPrecompile, Boolean throwIfNotFound, Boolean ensureIsUpToDate)
   在 System.Web.Compilation.BuildManager.GetVPathBuildResultWithNoAssert(HttpContext context, VirtualPath virtualPath, Boolean noBuild, Boolean allowCrossApp, Boolean allowBuildInPrecompile, Boolean throwIfNotFound, Boolean ensureIsUpToDate)
   在 System.Web.Compilation.BuildManager.GetVirtualPathObjectFactory(VirtualPath virtualPath, HttpContext context, Boolean allowCrossApp, Boolean throwIfNotFound)
   在 System.Web.Compilation.BuildManager.CreateInstanceFromVirtualPath(VirtualPath virtualPath, Type requiredBaseType, HttpContext context, Boolean allowCrossApp)
   在 System.Web.UI.PageHandlerFactory.GetHandlerHelper(HttpContext context, String requestType, VirtualPath virtualPath, String physicalPath)
   在 System.Web.UI.PageHandlerFactory.GetHandler(HttpContext context, String requestType, String virtualPath, String path)
   在 System.Web.HttpApplication.MaterializeHandlerExecutionStep.System.Web.HttpApplication.IExecutionStep.Execute()
   在 System.Web.HttpApplication.ExecuteStep(IExecutionStep step, Boolean& completedSynchronously) 
【错误详情】
