
＝＝＝＝＝＝＝＝＝＝ 
【日志级别】ERROR 
【记录时间】2016-04-25 11:36:26,231 
【线程编号】[9] 
【执行时间】[150]毫秒 
【出错文件】d:\zhanglixiangmu\威小宝刷单\Web\Details.aspx.cs 
【出错行号】127 
【出错的类】Jnwf.Utils.Log.Logger 属性[(null)] 
【错误描述】details.aspx,userid:0 
【错误详情】

＝＝＝＝＝＝＝＝＝＝ 
【日志级别】ERROR 
【记录时间】2016-04-25 11:46:55,729 
【线程编号】[36] 
【执行时间】[629648]毫秒 
【出错文件】d:\zhanglixiangmu\威小宝刷单\Web\Details.aspx.cs 
【出错行号】127 
【出错的类】Jnwf.Utils.Log.Logger 属性[(null)] 
【错误描述】details.aspx,userid:0 
【错误详情】

＝＝＝＝＝＝＝＝＝＝ 
【日志级别】ERROR 
【记录时间】2016-04-25 11:50:14,235 
【线程编号】[40] 
【执行时间】[828153]毫秒 
【出错文件】d:\zhanglixiangmu\威小宝刷单\Web\Details.aspx.cs 
【出错行号】127 
【出错的类】Jnwf.Utils.Log.Logger 属性[(null)] 
【错误描述】details.aspx,userid:0 
【错误详情】

＝＝＝＝＝＝＝＝＝＝ 
【日志级别】ERROR 
【记录时间】2016-04-25 11:53:33,036 
【线程编号】[41] 
【执行时间】[1026955]毫秒 
【出错文件】d:\zhanglixiangmu\威小宝刷单\Web\Details.aspx.cs 
【出错行号】127 
【出错的类】Jnwf.Utils.Log.Logger 属性[(null)] 
【错误描述】details.aspx,userid:0 
【错误详情】

＝＝＝＝＝＝＝＝＝＝ 
【日志级别】ERROR 
【记录时间】2016-04-25 11:53:41,304 
【线程编号】[37] 
【执行时间】[1035223]毫秒 
【出错文件】d:\zhanglixiangmu\威小宝刷单\Web\Details.aspx.cs 
【出错行号】127 
【出错的类】Jnwf.Utils.Log.Logger 属性[(null)] 
【错误描述】details.aspx,userid:29 
【错误详情】

＝＝＝＝＝＝＝＝＝＝ 
【日志级别】ERROR 
【记录时间】2016-04-25 14:24:12,469 
【线程编号】[113] 
【执行时间】[10066388]毫秒 
【出错文件】d:\zhanglixiangmu\威小宝刷单\Web\Details.aspx.cs 
【出错行号】127 
【出错的类】Jnwf.Utils.Log.Logger 属性[(null)] 
【错误描述】details.aspx,userid:0 
【错误详情】

＝＝＝＝＝＝＝＝＝＝ 
【日志级别】ERROR 
【记录时间】2016-04-25 14:24:41,069 
【线程编号】[119] 
【执行时间】[10094988]毫秒 
【出错文件】d:\zhanglixiangmu\威小宝刷单\Web\Details.aspx.cs 
【出错行号】127 
【出错的类】Jnwf.Utils.Log.Logger 属性[(null)] 
【错误描述】details.aspx,userid:29 
【错误详情】

＝＝＝＝＝＝＝＝＝＝ 
【日志级别】ERROR 
【记录时间】2016-04-25 14:26:09,947 
【线程编号】[113] 
【执行时间】[10183866]毫秒 
【出错文件】d:\zhanglixiangmu\威小宝刷单\Web\Details.aspx.cs 
【出错行号】127 
【出错的类】Jnwf.Utils.Log.Logger 属性[(null)] 
【错误描述】details.aspx,userid:29 
【错误详情】

＝＝＝＝＝＝＝＝＝＝ 
【日志级别】ERROR 
【记录时间】2016-04-25 14:30:02,180 
【线程编号】[110] 
【执行时间】[10416098]毫秒 
【出错文件】d:\zhanglixiangmu\威小宝刷单\Web\Details.aspx.cs 
【出错行号】128 
【出错的类】Jnwf.Utils.Log.Logger 属性[(null)] 
【错误描述】details.aspx,userid:29 
【错误详情】

＝＝＝＝＝＝＝＝＝＝ 
【日志级别】ERROR 
【记录时间】2016-04-25 14:30:28,857 
【线程编号】[101] 
【执行时间】[10442776]毫秒 
【出错文件】d:\zhanglixiangmu\威小宝刷单\Web\Details.aspx.cs 
【出错行号】128 
【出错的类】Jnwf.Utils.Log.Logger 属性[(null)] 
【错误描述】details.aspx,userid:29 
【错误详情】

＝＝＝＝＝＝＝＝＝＝ 
【日志级别】ERROR 
【记录时间】2016-04-25 14:31:51,207 
【线程编号】[8] 
【执行时间】[97]毫秒 
【出错文件】d:\zhanglixiangmu\威小宝刷单\Web\Details.aspx.cs 
【出错行号】128 
【出错的类】Jnwf.Utils.Log.Logger 属性[(null)] 
【错误描述】details.aspx,userid:29 
【错误详情】

＝＝＝＝＝＝＝＝＝＝ 
【日志级别】ERROR 
【记录时间】2016-04-25 14:32:48,518 
【线程编号】[9] 
【执行时间】[57408]毫秒 
【出错文件】d:\zhanglixiangmu\威小宝刷单\Web\Details.aspx.cs 
【出错行号】128 
【出错的类】Jnwf.Utils.Log.Logger 属性[(null)] 
【错误描述】details.aspx,userid:29 
【错误详情】

＝＝＝＝＝＝＝＝＝＝ 
【日志级别】ERROR 
【记录时间】2016-04-25 15:07:05,322 
【线程编号】[37] 
【执行时间】[2114212]毫秒 
【出错文件】d:\zhanglixiangmu\威小宝刷单\Web\Details.aspx.cs 
【出错行号】128 
【出错的类】Jnwf.Utils.Log.Logger 属性[(null)] 
【错误描述】details.aspx,userid:0 
【错误详情】

＝＝＝＝＝＝＝＝＝＝ 
【日志级别】ERROR 
【记录时间】2016-04-25 15:07:14,202 
【线程编号】[35] 
【执行时间】[2123091]毫秒 
【出错文件】d:\zhanglixiangmu\威小宝刷单\Web\Details.aspx.cs 
【出错行号】128 
【出错的类】Jnwf.Utils.Log.Logger 属性[(null)] 
【错误描述】details.aspx,userid:29 
【错误详情】

＝＝＝＝＝＝＝＝＝＝ 
【日志级别】ERROR 
【记录时间】2016-04-25 15:07:26,625 
【线程编号】[51] 
【执行时间】[2135515]毫秒 
【出错文件】d:\zhanglixiangmu\威小宝刷单\Web\Details.aspx.cs 
【出错行号】128 
【出错的类】Jnwf.Utils.Log.Logger 属性[(null)] 
【错误描述】details.aspx,userid:29 
【错误详情】

＝＝＝＝＝＝＝＝＝＝ 
【日志级别】ERROR 
【记录时间】2016-04-25 15:07:35,068 
【线程编号】[47] 
【执行时间】[2143957]毫秒 
【出错文件】d:\zhanglixiangmu\威小宝刷单\Web\Details.aspx.cs 
【出错行号】128 
【出错的类】Jnwf.Utils.Log.Logger 属性[(null)] 
【错误描述】details.aspx,userid:29 
【错误详情】

＝＝＝＝＝＝＝＝＝＝ 
【日志级别】ERROR 
【记录时间】2016-04-25 15:10:04,005 
【线程编号】[47] 
【执行时间】[2292894]毫秒 
【出错文件】d:\zhanglixiangmu\威小宝刷单\Web\Details.aspx.cs 
【出错行号】128 
【出错的类】Jnwf.Utils.Log.Logger 属性[(null)] 
【错误描述】details.aspx,userid:29 
【错误详情】

＝＝＝＝＝＝＝＝＝＝ 
【日志级别】ERROR 
【记录时间】2016-04-25 15:10:46,864 
【线程编号】[47] 
【执行时间】[2335754]毫秒 
【出错文件】d:\zhanglixiangmu\威小宝刷单\Web\Details.aspx.cs 
【出错行号】128 
【出错的类】Jnwf.Utils.Log.Logger 属性[(null)] 
【错误描述】details.aspx,userid:29 
【错误详情】

＝＝＝＝＝＝＝＝＝＝ 
【日志级别】ERROR 
【记录时间】2016-04-25 15:11:09,996 
【线程编号】[47] 
【执行时间】[2358886]毫秒 
【出错文件】d:\zhanglixiangmu\威小宝刷单\Web\Details.aspx.cs 
【出错行号】128 
【出错的类】Jnwf.Utils.Log.Logger 属性[(null)] 
【错误描述】details.aspx,userid:29 
【错误详情】

＝＝＝＝＝＝＝＝＝＝ 
【日志级别】ERROR 
【记录时间】2016-04-25 19:11:52,563 
【线程编号】[43] 
【执行时间】[73]毫秒 
【出错文件】d:\zhanglixiangmu\威小宝刷单\Web\Details.aspx.cs 
【出错行号】128 
【出错的类】Jnwf.Utils.Log.Logger 属性[(null)] 
【错误描述】details.aspx,userid:0 
【错误详情】

＝＝＝＝＝＝＝＝＝＝ 
【日志级别】ERROR 
【记录时间】2016-04-25 19:12:01,364 
【线程编号】[29] 
【执行时间】[8873]毫秒 
【出错文件】d:\zhanglixiangmu\威小宝刷单\Web\Details.aspx.cs 
【出错行号】128 
【出错的类】Jnwf.Utils.Log.Logger 属性[(null)] 
【错误描述】details.aspx,userid:29 
【错误详情】

＝＝＝＝＝＝＝＝＝＝ 
【日志级别】ERROR 
【记录时间】2016-04-25 19:12:07,181 
【线程编号】[35] 
【执行时间】[14691]毫秒 
【出错文件】d:\zhanglixiangmu\威小宝刷单\Web\Details.aspx.cs 
【出错行号】128 
【出错的类】Jnwf.Utils.Log.Logger 属性[(null)] 
【错误描述】details.aspx,userid:29 
【错误详情】

＝＝＝＝＝＝＝＝＝＝ 
【日志级别】ERROR 
【记录时间】2016-04-25 19:14:22,125 
【线程编号】[38] 
【执行时间】[149635]毫秒 
【出错文件】d:\zhanglixiangmu\威小宝刷单\Web\Details.aspx.cs 
【出错行号】128 
【出错的类】Jnwf.Utils.Log.Logger 属性[(null)] 
【错误描述】details.aspx,userid:29 
【错误详情】

＝＝＝＝＝＝＝＝＝＝ 
【日志级别】ERROR 
【记录时间】2016-04-25 19:14:28,225 
【线程编号】[35] 
【执行时间】[155735]毫秒 
【出错文件】d:\zhanglixiangmu\威小宝刷单\Web\Details.aspx.cs 
【出错行号】128 
【出错的类】Jnwf.Utils.Log.Logger 属性[(null)] 
【错误描述】details.aspx,userid:29 
【错误详情】

＝＝＝＝＝＝＝＝＝＝ 
【日志级别】ERROR 
【记录时间】2016-04-25 19:14:37,572 
【线程编号】[37] 
【执行时间】[165082]毫秒 
【出错文件】d:\zhanglixiangmu\威小宝刷单\Web\Details.aspx.cs 
【出错行号】128 
【出错的类】Jnwf.Utils.Log.Logger 属性[(null)] 
【错误描述】details.aspx,userid:29 
【错误详情】

＝＝＝＝＝＝＝＝＝＝ 
【日志级别】ERROR 
【记录时间】2016-04-25 19:15:32,893 
【线程编号】[40] 
【执行时间】[220403]毫秒 
【出错文件】d:\zhanglixiangmu\威小宝刷单\Web\Details.aspx.cs 
【出错行号】128 
【出错的类】Jnwf.Utils.Log.Logger 属性[(null)] 
【错误描述】details.aspx,userid:29 
【错误详情】

＝＝＝＝＝＝＝＝＝＝ 
【日志级别】ERROR 
【记录时间】2016-04-25 19:17:23,493 
【线程编号】[44] 
【执行时间】[331003]毫秒 
【出错文件】d:\zhanglixiangmu\威小宝刷单\Web\Details.aspx.cs 
【出错行号】128 
【出错的类】Jnwf.Utils.Log.Logger 属性[(null)] 
【错误描述】details.aspx,userid:29 
【错误详情】

＝＝＝＝＝＝＝＝＝＝ 
【日志级别】ERROR 
【记录时间】2016-04-25 19:17:46,802 
【线程编号】[40] 
【执行时间】[354312]毫秒 
【出错文件】d:\zhanglixiangmu\威小宝刷单\Web\Details.aspx.cs 
【出错行号】128 
【出错的类】Jnwf.Utils.Log.Logger 属性[(null)] 
【错误描述】details.aspx,userid:29 
【错误详情】

＝＝＝＝＝＝＝＝＝＝ 
【日志级别】ERROR 
【记录时间】2016-04-25 19:17:52,212 
【线程编号】[37] 
【执行时间】[359722]毫秒 
【出错文件】d:\zhanglixiangmu\威小宝刷单\Web\Details.aspx.cs 
【出错行号】128 
【出错的类】Jnwf.Utils.Log.Logger 属性[(null)] 
【错误描述】details.aspx,userid:29 
【错误详情】

＝＝＝＝＝＝＝＝＝＝ 
【日志级别】ERROR 
【记录时间】2016-04-25 19:18:50,381 
【线程编号】[40] 
【执行时间】[417890]毫秒 
【出错文件】d:\zhanglixiangmu\威小宝刷单\Web\Details.aspx.cs 
【出错行号】128 
【出错的类】Jnwf.Utils.Log.Logger 属性[(null)] 
【错误描述】details.aspx,userid:29 
【错误详情】

＝＝＝＝＝＝＝＝＝＝ 
【日志级别】ERROR 
【记录时间】2016-04-25 19:19:02,706 
【线程编号】[37] 
【执行时间】[430216]毫秒 
【出错文件】d:\zhanglixiangmu\威小宝刷单\Web\Details.aspx.cs 
【出错行号】128 
【出错的类】Jnwf.Utils.Log.Logger 属性[(null)] 
【错误描述】details.aspx,userid:29 
【错误详情】

＝＝＝＝＝＝＝＝＝＝ 
【日志级别】ERROR 
【记录时间】2016-04-25 19:19:27,153 
【线程编号】[40] 
【执行时间】[454663]毫秒 
【出错文件】d:\zhanglixiangmu\威小宝刷单\Web\Details.aspx.cs 
【出错行号】128 
【出错的类】Jnwf.Utils.Log.Logger 属性[(null)] 
【错误描述】details.aspx,userid:29 
【错误详情】

＝＝＝＝＝＝＝＝＝＝ 
【日志级别】ERROR 
【记录时间】2016-04-25 19:20:37,924 
【线程编号】[38] 
【执行时间】[525434]毫秒 
【出错文件】d:\zhanglixiangmu\威小宝刷单\Web\Details.aspx.cs 
【出错行号】128 
【出错的类】Jnwf.Utils.Log.Logger 属性[(null)] 
【错误描述】details.aspx,userid:29 
【错误详情】

＝＝＝＝＝＝＝＝＝＝ 
【日志级别】ERROR 
【记录时间】2016-04-25 19:21:48,006 
【线程编号】[40] 
【执行时间】[595516]毫秒 
【出错文件】d:\zhanglixiangmu\威小宝刷单\Web\Details.aspx.cs 
【出错行号】128 
【出错的类】Jnwf.Utils.Log.Logger 属性[(null)] 
【错误描述】details.aspx,userid:29 
【错误详情】

＝＝＝＝＝＝＝＝＝＝ 
【日志级别】ERROR 
【记录时间】2016-04-25 19:22:18,880 
【线程编号】[27] 
【执行时间】[626390]毫秒 
【出错文件】d:\zhanglixiangmu\威小宝刷单\Web\Details.aspx.cs 
【出错行号】128 
【出错的类】Jnwf.Utils.Log.Logger 属性[(null)] 
【错误描述】details.aspx,userid:29 
【错误详情】
