
＝＝＝＝＝＝＝＝＝＝ 
【日志级别】ERROR 
【记录时间】2016-02-15 11:10:56,856 
【线程编号】[65] 
【执行时间】[226]毫秒 
【出错文件】e:\Web\Global.asax 
【出错行号】53 
【出错的类】Jnwf.Utils.Log.Logger 属性[(null)] 
【错误描述】发生e`的网页地址：http://localhost:3581/core/CoreList.aspx
错误信息：列“”不属于表 Table。
堆栈热荩
   在 System.Data.DataRow.GetDataColumn(String columnName)
   在 System.Data.DataRow.get_Item(String columnName)
   在 core_CoreList.Page_Load(Object sender, EventArgs e) 位置 e:\Web\core\CoreList.aspx.cs:行号 38
   在 System.Web.Util.CalliEventHandlerDelegateProxy.Callback(Object sender, EventArgs e)
   在 System.Web.UI.Control.OnLoad(EventArgs e)
   在 System.Web.UI.Control.LoadRecursive()
   在 System.Web.UI.Page.ProcessRequestMain(Boolean includeStagesBeforeAsyncPoint, Boolean includeStagesAfterAsyncPoint) 
【错误详情】

＝＝＝＝＝＝＝＝＝＝ 
【日志级别】ERROR 
【记录时间】2016-02-15 11:40:09,058 
【线程编号】[54] 
【执行时间】[1752428]毫秒 
【出错文件】e:\Web\Global.asax 
【出错行号】53 
【出错的类】Jnwf.Utils.Log.Logger 属性[(null)] 
【错误描述】发生e`的网页地址：http://localhost:3581/core/Overview.aspx
错误信息：e:\Web\core\Overview.aspx.cs(39): error CS1061: “Task.BLL.tb_BindCardBLL”不包含“GetCardModelByUserId”的定义，并且找不到可接受类型为“Task.BLL.tb_BindCardBLL”的第一个参数的扩展方法“GetCardModelByUserId”(是否缺少 using 指令或程序集引用?)
堆栈热荩
   在 System.Web.Compilation.BuildManager.CompileWebFile(VirtualPath virtualPath)
   在 System.Web.Compilation.BuildManager.GetVPathBuildResultInternal(VirtualPath virtualPath, Boolean noBuild, Boolean allowCrossApp, Boolean allowBuildInPrecompile, Boolean throwIfNotFound, Boolean ensureIsUpToDate)
   在 System.Web.Compilation.BuildManager.GetVPathBuildResultWithNoAssert(HttpContext context, VirtualPath virtualPath, Boolean noBuild, Boolean allowCrossApp, Boolean allowBuildInPrecompile, Boolean throwIfNotFound, Boolean ensureIsUpToDate)
   在 System.Web.Compilation.BuildManager.GetVirtualPathObjectFactory(VirtualPath virtualPath, HttpContext context, Boolean allowCrossApp, Boolean throwIfNotFound)
   在 System.Web.Compilation.BuildManager.CreateInstanceFromVirtualPath(VirtualPath virtualPath, Type requiredBaseType, HttpContext context, Boolean allowCrossApp)
   在 System.Web.UI.PageHandlerFactory.GetHandlerHelper(HttpContext context, String requestType, VirtualPath virtualPath, String physicalPath)
   在 System.Web.UI.PageHandlerFactory.GetHandler(HttpContext context, String requestType, String virtualPath, String path)
   在 System.Web.HttpApplication.MaterializeHandlerExecutionStep.System.Web.HttpApplication.IExecutionStep.Execute()
   在 System.Web.HttpApplication.ExecuteStep(IExecutionStep step, Boolean& completedSynchronously) 
【错误详情】

＝＝＝＝＝＝＝＝＝＝ 
【日志级别】ERROR 
【记录时间】2016-02-15 11:41:35,360 
【线程编号】[54] 
【执行时间】[72]毫秒 
【出错文件】e:\Web\Global.asax 
【出错行号】53 
【出错的类】Jnwf.Utils.Log.Logger 属性[(null)] 
【错误描述】发生e`的网页地址：http://localhost:3581/core/Overview.aspx
错误信息：值不能为 null。
参数名: commandText
堆栈热荩
   在 Jnwf.Utils.Data.SqlHelper.PrepareCommand(SqlCommand command, SqlConnection connection, SqlTransaction transaction, CommandType commandType, String commandText, SqlParameter[] commandParameters, Boolean& mustCloseConnection)
   在 Jnwf.Utils.Data.SqlHelper.ExecuteReader(SqlConnection connection, SqlTransaction transaction, CommandType commandType, String commandText, SqlParameter[] commandParameters, SqlConnectionOwnership connectionOwnership)
   在 Jnwf.Utils.Data.SqlHelper.ExecuteReader(String connectionString, CommandType commandType, String commandText, SqlParameter[] commandParameters)
   在 Task.DAL.tb_BindCardDataAccessLayer.GetCardModelByUserId(Int32 userId) 位置 e:\DAL\tb_BindCardDalExt.cs:行号 56
   在 Task.BLL.tb_BindCardBLL.GetCardModelByUserId(Int32 userId) 位置 e:\BLL\tb_BindCardLogic.cs:行号 56
   在 core_Overview.Page_Load(Object sender, EventArgs e) 位置 e:\Web\core\Overview.aspx.cs:行号 39
   在 System.Web.Util.CalliEventHandlerDelegateProxy.Callback(Object sender, EventArgs e)
   在 System.Web.UI.Control.OnLoad(EventArgs e)
   在 System.Web.UI.Control.LoadRecursive()
   在 System.Web.UI.Page.ProcessRequestMain(Boolean includeStagesBeforeAsyncPoint, Boolean includeStagesAfterAsyncPoint) 
【错误详情】

＝＝＝＝＝＝＝＝＝＝ 
【日志级别】ERROR 
【记录时间】2016-02-15 11:47:37,260 
【线程编号】[8] 
【执行时间】[92]毫秒 
【出错文件】e:\Web\Global.asax 
【出错行号】53 
【出错的类】Jnwf.Utils.Log.Logger 属性[(null)] 
【错误描述】发生e`的网页地址：http://localhost:3581/core/Overview.aspx
错误信息：值不能为 null。
参数名: commandText
堆栈热荩
   在 Jnwf.Utils.Data.SqlHelper.PrepareCommand(SqlCommand command, SqlConnection connection, SqlTransaction transaction, CommandType commandType, String commandText, SqlParameter[] commandParameters, Boolean& mustCloseConnection)
   在 Jnwf.Utils.Data.SqlHelper.ExecuteReader(SqlConnection connection, SqlTransaction transaction, CommandType commandType, String commandText, SqlParameter[] commandParameters, SqlConnectionOwnership connectionOwnership)
   在 Jnwf.Utils.Data.SqlHelper.ExecuteReader(String connectionString, CommandType commandType, String commandText, SqlParameter[] commandParameters)
   在 Task.DAL.tb_BindCardDataAccessLayer.GetCardModelByUserId(Int32 userId) 位置 e:\DAL\tb_BindCardDalExt.cs:行号 56
   在 Task.BLL.tb_BindCardBLL.GetCardModelByUserId(Int32 userId) 位置 e:\BLL\tb_BindCardLogic.cs:行号 56
   在 core_Overview.Page_Load(Object sender, EventArgs e) 位置 e:\Web\core\Overview.aspx.cs:行号 39
   在 System.Web.Util.CalliEventHandlerDelegateProxy.Callback(Object sender, EventArgs e)
   在 System.Web.UI.Control.OnLoad(EventArgs e)
   在 System.Web.UI.Control.LoadRecursive()
   在 System.Web.UI.Page.ProcessRequestMain(Boolean includeStagesBeforeAsyncPoint, Boolean includeStagesAfterAsyncPoint) 
【错误详情】

＝＝＝＝＝＝＝＝＝＝ 
【日志级别】ERROR 
【记录时间】2016-02-15 11:51:42,191 
【线程编号】[8] 
【执行时间】[96]毫秒 
【出错文件】e:\Web\Global.asax 
【出错行号】53 
【出错的类】Jnwf.Utils.Log.Logger 属性[(null)] 
【错误描述】发生e`的网页地址：http://localhost:3581/core/Overview.aspx
错误信息：值不能为 null。
参数名: commandText
堆栈热荩
   在 Jnwf.Utils.Data.SqlHelper.PrepareCommand(SqlCommand command, SqlConnection connection, SqlTransaction transaction, CommandType commandType, String commandText, SqlParameter[] commandParameters, Boolean& mustCloseConnection)
   在 Jnwf.Utils.Data.SqlHelper.ExecuteReader(SqlConnection connection, SqlTransaction transaction, CommandType commandType, String commandText, SqlParameter[] commandParameters, SqlConnectionOwnership connectionOwnership)
   在 Jnwf.Utils.Data.SqlHelper.ExecuteReader(String connectionString, CommandType commandType, String commandText, SqlParameter[] commandParameters)
   在 Task.DAL.tb_BindCardDataAccessLayer.GetCardModelByUserId(Int32 userId) 位置 e:\DAL\tb_BindCardDalExt.cs:行号 56
   在 Task.BLL.tb_BindCardBLL.GetCardModelByUserId(Int32 userId) 位置 e:\BLL\tb_BindCardLogic.cs:行号 56
   在 core_Overview.Page_Load(Object sender, EventArgs e) 位置 e:\Web\core\Overview.aspx.cs:行号 39
   在 System.Web.Util.CalliEventHandlerDelegateProxy.Callback(Object sender, EventArgs e)
   在 System.Web.UI.Control.OnLoad(EventArgs e)
   在 System.Web.UI.Control.LoadRecursive()
   在 System.Web.UI.Page.ProcessRequestMain(Boolean includeStagesBeforeAsyncPoint, Boolean includeStagesAfterAsyncPoint) 
【错误详情】

＝＝＝＝＝＝＝＝＝＝ 
【日志级别】ERROR 
【记录时间】2016-02-15 11:52:38,946 
【线程编号】[6] 
【执行时间】[56851]毫秒 
【出错文件】e:\Web\Global.asax 
【出错行号】53 
【出错的类】Jnwf.Utils.Log.Logger 属性[(null)] 
【错误描述】发生e`的网页地址：http://localhost:3581/core/Overview.aspx
错误信息：值不能为 null。
参数名: commandText
堆栈热荩
   在 Jnwf.Utils.Data.SqlHelper.PrepareCommand(SqlCommand command, SqlConnection connection, SqlTransaction transaction, CommandType commandType, String commandText, SqlParameter[] commandParameters, Boolean& mustCloseConnection)
   在 Jnwf.Utils.Data.SqlHelper.ExecuteReader(SqlConnection connection, SqlTransaction transaction, CommandType commandType, String commandText, SqlParameter[] commandParameters, SqlConnectionOwnership connectionOwnership)
   在 Jnwf.Utils.Data.SqlHelper.ExecuteReader(String connectionString, CommandType commandType, String commandText, SqlParameter[] commandParameters)
   在 Task.DAL.tb_BindCardDataAccessLayer.GetCardModelByUserId(Int32 userId) 位置 e:\DAL\tb_BindCardDalExt.cs:行号 56
   在 Task.BLL.tb_BindCardBLL.GetCardModelByUserId(Int32 userId) 位置 e:\BLL\tb_BindCardLogic.cs:行号 56
   在 core_Overview.Page_Load(Object sender, EventArgs e) 位置 e:\Web\core\Overview.aspx.cs:行号 39
   在 System.Web.Util.CalliEventHandlerDelegateProxy.Callback(Object sender, EventArgs e)
   在 System.Web.UI.Control.OnLoad(EventArgs e)
   在 System.Web.UI.Control.LoadRecursive()
   在 System.Web.UI.Page.ProcessRequestMain(Boolean includeStagesBeforeAsyncPoint, Boolean includeStagesAfterAsyncPoint) 
【错误详情】

＝＝＝＝＝＝＝＝＝＝ 
【日志级别】ERROR 
【记录时间】2016-02-15 11:52:42,581 
【线程编号】[9] 
【执行时间】[60486]毫秒 
【出错文件】e:\Web\Global.asax 
【出错行号】53 
【出错的类】Jnwf.Utils.Log.Logger 属性[(null)] 
【错误描述】发生e`的网页地址：http://localhost:3581/core/Overview.aspx
错误信息：值不能为 null。
参数名: commandText
堆栈热荩
   在 Jnwf.Utils.Data.SqlHelper.PrepareCommand(SqlCommand command, SqlConnection connection, SqlTransaction transaction, CommandType commandType, String commandText, SqlParameter[] commandParameters, Boolean& mustCloseConnection)
   在 Jnwf.Utils.Data.SqlHelper.ExecuteReader(SqlConnection connection, SqlTransaction transaction, CommandType commandType, String commandText, SqlParameter[] commandParameters, SqlConnectionOwnership connectionOwnership)
   在 Jnwf.Utils.Data.SqlHelper.ExecuteReader(String connectionString, CommandType commandType, String commandText, SqlParameter[] commandParameters)
   在 Task.DAL.tb_BindCardDataAccessLayer.GetCardModelByUserId(Int32 userId) 位置 e:\DAL\tb_BindCardDalExt.cs:行号 56
   在 Task.BLL.tb_BindCardBLL.GetCardModelByUserId(Int32 userId) 位置 e:\BLL\tb_BindCardLogic.cs:行号 56
   在 core_Overview.Page_Load(Object sender, EventArgs e) 位置 e:\Web\core\Overview.aspx.cs:行号 39
   在 System.Web.Util.CalliEventHandlerDelegateProxy.Callback(Object sender, EventArgs e)
   在 System.Web.UI.Control.OnLoad(EventArgs e)
   在 System.Web.UI.Control.LoadRecursive()
   在 System.Web.UI.Page.ProcessRequestMain(Boolean includeStagesBeforeAsyncPoint, Boolean includeStagesAfterAsyncPoint) 
【错误详情】

＝＝＝＝＝＝＝＝＝＝ 
【日志级别】ERROR 
【记录时间】2016-02-15 12:01:01,519 
【线程编号】[8] 
【执行时间】[124]毫秒 
【出错文件】e:\Web\Global.asax 
【出错行号】53 
【出错的类】Jnwf.Utils.Log.Logger 属性[(null)] 
【错误描述】发生e`的网页地址：http://localhost:3581/core/Overview.aspx
错误信息：e:\Web\core\Overview.aspx.cs(40): error CS0019: 运算符“!=”无法应用于“Task.Entity.tb_BindCardEntity”和“string”类型的操作数
堆栈热荩
   在 System.Web.Compilation.BuildManager.CompileWebFile(VirtualPath virtualPath)
   在 System.Web.Compilation.BuildManager.GetVPathBuildResultInternal(VirtualPath virtualPath, Boolean noBuild, Boolean allowCrossApp, Boolean allowBuildInPrecompile, Boolean throwIfNotFound, Boolean ensureIsUpToDate)
   在 System.Web.Compilation.BuildManager.GetVPathBuildResultWithNoAssert(HttpContext context, VirtualPath virtualPath, Boolean noBuild, Boolean allowCrossApp, Boolean allowBuildInPrecompile, Boolean throwIfNotFound, Boolean ensureIsUpToDate)
   在 System.Web.Compilation.BuildManager.GetVirtualPathObjectFactory(VirtualPath virtualPath, HttpContext context, Boolean allowCrossApp, Boolean throwIfNotFound)
   在 System.Web.Compilation.BuildManager.CreateInstanceFromVirtualPath(VirtualPath virtualPath, Type requiredBaseType, HttpContext context, Boolean allowCrossApp)
   在 System.Web.UI.PageHandlerFactory.GetHandlerHelper(HttpContext context, String requestType, VirtualPath virtualPath, String physicalPath)
   在 System.Web.UI.PageHandlerFactory.GetHandler(HttpContext context, String requestType, String virtualPath, String path)
   在 System.Web.HttpApplication.MaterializeHandlerExecutionStep.System.Web.HttpApplication.IExecutionStep.Execute()
   在 System.Web.HttpApplication.ExecuteStep(IExecutionStep step, Boolean& completedSynchronously) 
【错误详情】

＝＝＝＝＝＝＝＝＝＝ 
【日志级别】ERROR 
【记录时间】2016-02-15 13:08:23,210 
【线程编号】[64] 
【执行时间】[217]毫秒 
【出错文件】e:\Web\Global.asax 
【出错行号】53 
【出错的类】Jnwf.Utils.Log.Logger 属性[(null)] 
【错误描述】发生e`的网页地址：http://localhost:3581/core/RechargeOne.aspx
错误信息：e:\Web\core\RechargeOne.aspx(72): error CS0103: 当前上下文中不存在名称“txtzhanghao”
堆栈热荩
   在 System.Web.Compilation.BuildManager.CompileWebFile(VirtualPath virtualPath)
   在 System.Web.Compilation.BuildManager.GetVPathBuildResultInternal(VirtualPath virtualPath, Boolean noBuild, Boolean allowCrossApp, Boolean allowBuildInPrecompile, Boolean throwIfNotFound, Boolean ensureIsUpToDate)
   在 System.Web.Compilation.BuildManager.GetVPathBuildResultWithNoAssert(HttpContext context, VirtualPath virtualPath, Boolean noBuild, Boolean allowCrossApp, Boolean allowBuildInPrecompile, Boolean throwIfNotFound, Boolean ensureIsUpToDate)
   在 System.Web.Compilation.BuildManager.GetVirtualPathObjectFactory(VirtualPath virtualPath, HttpContext context, Boolean allowCrossApp, Boolean throwIfNotFound)
   在 System.Web.Compilation.BuildManager.CreateInstanceFromVirtualPath(VirtualPath virtualPath, Type requiredBaseType, HttpContext context, Boolean allowCrossApp)
   在 System.Web.UI.PageHandlerFactory.GetHandlerHelper(HttpContext context, String requestType, VirtualPath virtualPath, String physicalPath)
   在 System.Web.UI.PageHandlerFactory.GetHandler(HttpContext context, String requestType, String virtualPath, String path)
   在 System.Web.HttpApplication.MaterializeHandlerExecutionStep.System.Web.HttpApplication.IExecutionStep.Execute()
   在 System.Web.HttpApplication.ExecuteStep(IExecutionStep step, Boolean& completedSynchronously) 
【错误详情】

＝＝＝＝＝＝＝＝＝＝ 
【日志级别】ERROR 
【记录时间】2016-02-15 14:30:30,250 
【线程编号】[13] 
【执行时间】[155]毫秒 
【出错文件】e:\Web\Global.asax 
【出错行号】53 
【出错的类】Jnwf.Utils.Log.Logger 属性[(null)] 
【错误描述】发生e`的网页地址：http://localhost:3581/core/RechargeOne.aspx
错误信息：e:\Web\core\RechargeOne.aspx.cs(17): error CS1061: “Task.BLL.tb_MoneyBLL”不包含“GetMoneyModelByUserId”的定义，并且找不到可接受类型为“Task.BLL.tb_MoneyBLL”的第一个参数的扩展方法“GetMoneyModelByUserId”(是否缺少 using 指令或程序集引用?)
堆栈热荩
   在 System.Web.Compilation.BuildManager.CompileWebFile(VirtualPath virtualPath)
   在 System.Web.Compilation.BuildManager.GetVPathBuildResultInternal(VirtualPath virtualPath, Boolean noBuild, Boolean allowCrossApp, Boolean allowBuildInPrecompile, Boolean throwIfNotFound, Boolean ensureIsUpToDate)
   在 System.Web.Compilation.BuildManager.GetVPathBuildResultWithNoAssert(HttpContext context, VirtualPath virtualPath, Boolean noBuild, Boolean allowCrossApp, Boolean allowBuildInPrecompile, Boolean throwIfNotFound, Boolean ensureIsUpToDate)
   在 System.Web.Compilation.BuildManager.GetVirtualPathObjectFactory(VirtualPath virtualPath, HttpContext context, Boolean allowCrossApp, Boolean throwIfNotFound)
   在 System.Web.Compilation.BuildManager.CreateInstanceFromVirtualPath(VirtualPath virtualPath, Type requiredBaseType, HttpContext context, Boolean allowCrossApp)
   在 System.Web.UI.PageHandlerFactory.GetHandlerHelper(HttpContext context, String requestType, VirtualPath virtualPath, String physicalPath)
   在 System.Web.UI.PageHandlerFactory.GetHandler(HttpContext context, String requestType, String virtualPath, String path)
   在 System.Web.HttpApplication.MaterializeHandlerExecutionStep.System.Web.HttpApplication.IExecutionStep.Execute()
   在 System.Web.HttpApplication.ExecuteStep(IExecutionStep step, Boolean& completedSynchronously) 
【错误详情】

＝＝＝＝＝＝＝＝＝＝ 
【日志级别】ERROR 
【记录时间】2016-02-15 16:47:05,147 
【线程编号】[67] 
【执行时间】[262]毫秒 
【出错文件】e:\Web\Home.aspx.cs 
【出错行号】146 
【出错的类】Jnwf.Utils.Log.Logger 属性[(null)] 
【错误描述】1列“ProductType”不属于表 Table。|   在 System.Data.DataRow.GetDataColumn(String columnName)
   在 System.Data.DataRow.get_Item(String columnName)
   在 System.Data.DataRowExtensions.Field[T](DataRow row, String columnName)
   在 desktop_Home.<BindData>b__4(DataRow c) 位置 e:\Web\Home.aspx.cs:行号 111
   在 System.Linq.Enumerable.WhereEnumerableIterator`1.MoveNext()
   在 System.Web.UI.WebControls.Repeater.CreateControlHierarchy(Boolean useDataSource)
   在 System.Web.UI.WebControls.Repeater.OnDataBinding(EventArgs e)
   在 System.Web.UI.WebControls.Repeater.DataBind()
   在 desktop_Home.BindData() 位置 e:\Web\Home.aspx.cs:行号 112 
【错误详情】

＝＝＝＝＝＝＝＝＝＝ 
【日志级别】ERROR 
【记录时间】2016-02-15 16:47:38,741 
【线程编号】[67] 
【执行时间】[33855]毫秒 
【出错文件】e:\Web\Home.aspx.cs 
【出错行号】146 
【出错的类】Jnwf.Utils.Log.Logger 属性[(null)] 
【错误描述】1列“ProductType”不属于表 Table。|   在 System.Data.DataRow.GetDataColumn(String columnName)
   在 System.Data.DataRow.get_Item(String columnName)
   在 System.Data.DataRowExtensions.Field[T](DataRow row, String columnName)
   在 desktop_Home.<BindData>b__4(DataRow c) 位置 e:\Web\Home.aspx.cs:行号 111
   在 System.Linq.Enumerable.WhereEnumerableIterator`1.MoveNext()
   在 System.Web.UI.WebControls.Repeater.CreateControlHierarchy(Boolean useDataSource)
   在 System.Web.UI.WebControls.Repeater.OnDataBinding(EventArgs e)
   在 System.Web.UI.WebControls.Repeater.DataBind()
   在 desktop_Home.BindData() 位置 e:\Web\Home.aspx.cs:行号 112 
【错误详情】

＝＝＝＝＝＝＝＝＝＝ 
【日志级别】ERROR 
【记录时间】2016-02-15 16:49:20,194 
【线程编号】[58] 
【执行时间】[135308]毫秒 
【出错文件】e:\Web\Home.aspx.cs 
【出错行号】146 
【出错的类】Jnwf.Utils.Log.Logger 属性[(null)] 
【错误描述】1列“ProductType”不属于表 Table。|   在 System.Data.DataRow.GetDataColumn(String columnName)
   在 System.Data.DataRow.get_Item(String columnName)
   在 System.Data.DataRowExtensions.Field[T](DataRow row, String columnName)
   在 desktop_Home.<BindData>b__4(DataRow c) 位置 e:\Web\Home.aspx.cs:行号 111
   在 System.Linq.Enumerable.WhereEnumerableIterator`1.MoveNext()
   在 System.Web.UI.WebControls.Repeater.CreateControlHierarchy(Boolean useDataSource)
   在 System.Web.UI.WebControls.Repeater.OnDataBinding(EventArgs e)
   在 System.Web.UI.WebControls.Repeater.DataBind()
   在 desktop_Home.BindData() 位置 e:\Web\Home.aspx.cs:行号 112 
【错误详情】

＝＝＝＝＝＝＝＝＝＝ 
【日志级别】ERROR 
【记录时间】2016-02-15 16:49:25,479 
【线程编号】[56] 
【执行时间】[140594]毫秒 
【出错文件】e:\Web\Home.aspx.cs 
【出错行号】146 
【出错的类】Jnwf.Utils.Log.Logger 属性[(null)] 
【错误描述】1数据源中没有 DataRow。|   在 System.Data.DataTableExtensions.LoadTableFromEnumerable[T](IEnumerable`1 source, DataTable table, Nullable`1 options, FillErrorEventHandler errorHandler)
   在 System.Data.DataTableExtensions.CopyToDataTable[T](IEnumerable`1 source)
   在 desktop_Home.BindData() 位置 e:\Web\Home.aspx.cs:行号 76 
【错误详情】

＝＝＝＝＝＝＝＝＝＝ 
【日志级别】ERROR 
【记录时间】2016-02-15 16:49:29,737 
【线程编号】[58] 
【执行时间】[144851]毫秒 
【出错文件】e:\Web\Home.aspx.cs 
【出错行号】146 
【出错的类】Jnwf.Utils.Log.Logger 属性[(null)] 
【错误描述】1数据源中没有 DataRow。|   在 System.Data.DataTableExtensions.LoadTableFromEnumerable[T](IEnumerable`1 source, DataTable table, Nullable`1 options, FillErrorEventHandler errorHandler)
   在 System.Data.DataTableExtensions.CopyToDataTable[T](IEnumerable`1 source)
   在 desktop_Home.BindData() 位置 e:\Web\Home.aspx.cs:行号 76 
【错误详情】

＝＝＝＝＝＝＝＝＝＝ 
【日志级别】ERROR 
【记录时间】2016-02-15 16:49:31,753 
【线程编号】[61] 
【执行时间】[146867]毫秒 
【出错文件】e:\Web\Home.aspx.cs 
【出错行号】146 
【出错的类】Jnwf.Utils.Log.Logger 属性[(null)] 
【错误描述】1数据源中没有 DataRow。|   在 System.Data.DataTableExtensions.LoadTableFromEnumerable[T](IEnumerable`1 source, DataTable table, Nullable`1 options, FillErrorEventHandler errorHandler)
   在 System.Data.DataTableExtensions.CopyToDataTable[T](IEnumerable`1 source)
   在 desktop_Home.BindData() 位置 e:\Web\Home.aspx.cs:行号 76 
【错误详情】

＝＝＝＝＝＝＝＝＝＝ 
【日志级别】ERROR 
【记录时间】2016-02-15 16:49:33,626 
【线程编号】[56] 
【执行时间】[148740]毫秒 
【出错文件】e:\Web\Home.aspx.cs 
【出错行号】146 
【出错的类】Jnwf.Utils.Log.Logger 属性[(null)] 
【错误描述】1数据源中没有 DataRow。|   在 System.Data.DataTableExtensions.LoadTableFromEnumerable[T](IEnumerable`1 source, DataTable table, Nullable`1 options, FillErrorEventHandler errorHandler)
   在 System.Data.DataTableExtensions.CopyToDataTable[T](IEnumerable`1 source)
   在 desktop_Home.BindData() 位置 e:\Web\Home.aspx.cs:行号 76 
【错误详情】

＝＝＝＝＝＝＝＝＝＝ 
【日志级别】ERROR 
【记录时间】2016-02-15 16:49:36,992 
【线程编号】[61] 
【执行时间】[152106]毫秒 
【出错文件】e:\Web\Home.aspx.cs 
【出错行号】146 
【出错的类】Jnwf.Utils.Log.Logger 属性[(null)] 
【错误描述】1数据源中没有 DataRow。|   在 System.Data.DataTableExtensions.LoadTableFromEnumerable[T](IEnumerable`1 source, DataTable table, Nullable`1 options, FillErrorEventHandler errorHandler)
   在 System.Data.DataTableExtensions.CopyToDataTable[T](IEnumerable`1 source)
   在 desktop_Home.BindData() 位置 e:\Web\Home.aspx.cs:行号 76 
【错误详情】

＝＝＝＝＝＝＝＝＝＝ 
【日志级别】ERROR 
【记录时间】2016-02-15 16:49:39,004 
【线程编号】[63] 
【执行时间】[154118]毫秒 
【出错文件】e:\Web\Home.aspx.cs 
【出错行号】146 
【出错的类】Jnwf.Utils.Log.Logger 属性[(null)] 
【错误描述】1列“ProductType”不属于表 Table。|   在 System.Data.DataRow.GetDataColumn(String columnName)
   在 System.Data.DataRow.get_Item(String columnName)
   在 System.Data.DataRowExtensions.Field[T](DataRow row, String columnName)
   在 desktop_Home.<BindData>b__4(DataRow c) 位置 e:\Web\Home.aspx.cs:行号 111
   在 System.Linq.Enumerable.WhereEnumerableIterator`1.MoveNext()
   在 System.Web.UI.WebControls.Repeater.CreateControlHierarchy(Boolean useDataSource)
   在 System.Web.UI.WebControls.Repeater.OnDataBinding(EventArgs e)
   在 System.Web.UI.WebControls.Repeater.DataBind()
   在 desktop_Home.BindData() 位置 e:\Web\Home.aspx.cs:行号 112 
【错误详情】

＝＝＝＝＝＝＝＝＝＝ 
【日志级别】ERROR 
【记录时间】2016-02-15 16:51:00,109 
【线程编号】[57] 
【执行时间】[235223]毫秒 
【出错文件】e:\Web\Home.aspx.cs 
【出错行号】146 
【出错的类】Jnwf.Utils.Log.Logger 属性[(null)] 
【错误描述】1列“ProductType”不属于表 Table。|   在 System.Data.DataRow.GetDataColumn(String columnName)
   在 System.Data.DataRow.get_Item(String columnName)
   在 System.Data.DataRowExtensions.Field[T](DataRow row, String columnName)
   在 desktop_Home.<BindData>b__4(DataRow c) 位置 e:\Web\Home.aspx.cs:行号 111
   在 System.Linq.Enumerable.WhereEnumerableIterator`1.MoveNext()
   在 System.Web.UI.WebControls.Repeater.CreateControlHierarchy(Boolean useDataSource)
   在 System.Web.UI.WebControls.Repeater.OnDataBinding(EventArgs e)
   在 System.Web.UI.WebControls.Repeater.DataBind()
   在 desktop_Home.BindData() 位置 e:\Web\Home.aspx.cs:行号 112 
【错误详情】

＝＝＝＝＝＝＝＝＝＝ 
【日志级别】ERROR 
【记录时间】2016-02-15 16:52:15,895 
【线程编号】[57] 
【执行时间】[311009]毫秒 
【出错文件】e:\Web\Home.aspx.cs 
【出错行号】146 
【出错的类】Jnwf.Utils.Log.Logger 属性[(null)] 
【错误描述】1列“ProductType”不属于表 Table。|   在 System.Data.DataRow.GetDataColumn(String columnName)
   在 System.Data.DataRow.get_Item(String columnName)
   在 System.Data.DataRowExtensions.Field[T](DataRow row, String columnName)
   在 desktop_Home.<BindData>b__4(DataRow c) 位置 e:\Web\Home.aspx.cs:行号 111
   在 System.Linq.Enumerable.WhereEnumerableIterator`1.MoveNext()
   在 System.Web.UI.WebControls.Repeater.CreateControlHierarchy(Boolean useDataSource)
   在 System.Web.UI.WebControls.Repeater.OnDataBinding(EventArgs e)
   在 System.Web.UI.WebControls.Repeater.DataBind()
   在 desktop_Home.BindData() 位置 e:\Web\Home.aspx.cs:行号 112 
【错误详情】

＝＝＝＝＝＝＝＝＝＝ 
【日志级别】ERROR 
【记录时间】2016-02-15 16:55:30,176 
【线程编号】[55] 
【执行时间】[505290]毫秒 
【出错文件】e:\Web\Home.aspx.cs 
【出错行号】146 
【出错的类】Jnwf.Utils.Log.Logger 属性[(null)] 
【错误描述】1列“ProductType”不属于表 Table。|   在 System.Data.DataRow.GetDataColumn(String columnName)
   在 System.Data.DataRow.get_Item(String columnName)
   在 System.Data.DataRowExtensions.Field[T](DataRow row, String columnName)
   在 desktop_Home.<BindData>b__4(DataRow c) 位置 e:\Web\Home.aspx.cs:行号 111
   在 System.Linq.Enumerable.WhereEnumerableIterator`1.MoveNext()
   在 System.Web.UI.WebControls.Repeater.CreateControlHierarchy(Boolean useDataSource)
   在 System.Web.UI.WebControls.Repeater.OnDataBinding(EventArgs e)
   在 System.Web.UI.WebControls.Repeater.DataBind()
   在 desktop_Home.BindData() 位置 e:\Web\Home.aspx.cs:行号 112 
【错误详情】

＝＝＝＝＝＝＝＝＝＝ 
【日志级别】ERROR 
【记录时间】2016-02-15 17:15:00,175 
【线程编号】[55] 
【执行时间】[1675289]毫秒 
【出错文件】e:\Web\Home.aspx.cs 
【出错行号】146 
【出错的类】Jnwf.Utils.Log.Logger 属性[(null)] 
【错误描述】1列“ProductType”不属于表 Table。|   在 System.Data.DataRow.GetDataColumn(String columnName)
   在 System.Data.DataRow.get_Item(String columnName)
   在 System.Data.DataRowExtensions.Field[T](DataRow row, String columnName)
   在 desktop_Home.<BindData>b__4(DataRow c) 位置 e:\Web\Home.aspx.cs:行号 111
   在 System.Linq.Enumerable.WhereEnumerableIterator`1.MoveNext()
   在 System.Web.UI.WebControls.Repeater.CreateControlHierarchy(Boolean useDataSource)
   在 System.Web.UI.WebControls.Repeater.OnDataBinding(EventArgs e)
   在 System.Web.UI.WebControls.Repeater.DataBind()
   在 desktop_Home.BindData() 位置 e:\Web\Home.aspx.cs:行号 112 
【错误详情】

＝＝＝＝＝＝＝＝＝＝ 
【日志级别】ERROR 
【记录时间】2016-02-15 17:16:14,623 
【线程编号】[55] 
【执行时间】[112]毫秒 
【出错文件】e:\Web\Home.aspx.cs 
【出错行号】146 
【出错的类】Jnwf.Utils.Log.Logger 属性[(null)] 
【错误描述】1列“ProductType”不属于表 Table。|   在 System.Data.DataRow.GetDataColumn(String columnName)
   在 System.Data.DataRow.get_Item(String columnName)
   在 System.Data.DataRowExtensions.Field[T](DataRow row, String columnName)
   在 desktop_Home.<BindData>b__4(DataRow c) 位置 e:\Web\Home.aspx.cs:行号 111
   在 System.Linq.Enumerable.WhereEnumerableIterator`1.MoveNext()
   在 System.Web.UI.WebControls.Repeater.CreateControlHierarchy(Boolean useDataSource)
   在 System.Web.UI.WebControls.Repeater.OnDataBinding(EventArgs e)
   在 System.Web.UI.WebControls.Repeater.DataBind()
   在 desktop_Home.BindData() 位置 e:\Web\Home.aspx.cs:行号 112 
【错误详情】

＝＝＝＝＝＝＝＝＝＝ 
【日志级别】ERROR 
【记录时间】2016-02-15 17:16:22,176 
【线程编号】[56] 
【执行时间】[7665]毫秒 
【出错文件】e:\Web\Home.aspx.cs 
【出错行号】146 
【出错的类】Jnwf.Utils.Log.Logger 属性[(null)] 
【错误描述】1数据源中没有 DataRow。|   在 System.Data.DataTableExtensions.LoadTableFromEnumerable[T](IEnumerable`1 source, DataTable table, Nullable`1 options, FillErrorEventHandler errorHandler)
   在 System.Data.DataTableExtensions.CopyToDataTable[T](IEnumerable`1 source)
   在 desktop_Home.BindData() 位置 e:\Web\Home.aspx.cs:行号 76 
【错误详情】

＝＝＝＝＝＝＝＝＝＝ 
【日志级别】ERROR 
【记录时间】2016-02-15 17:16:24,824 
【线程编号】[60] 
【执行时间】[10313]毫秒 
【出错文件】e:\Web\Home.aspx.cs 
【出错行号】146 
【出错的类】Jnwf.Utils.Log.Logger 属性[(null)] 
【错误描述】1数据源中没有 DataRow。|   在 System.Data.DataTableExtensions.LoadTableFromEnumerable[T](IEnumerable`1 source, DataTable table, Nullable`1 options, FillErrorEventHandler errorHandler)
   在 System.Data.DataTableExtensions.CopyToDataTable[T](IEnumerable`1 source)
   在 desktop_Home.BindData() 位置 e:\Web\Home.aspx.cs:行号 76 
【错误详情】

＝＝＝＝＝＝＝＝＝＝ 
【日志级别】ERROR 
【记录时间】2016-02-15 17:16:28,606 
【线程编号】[52] 
【执行时间】[14094]毫秒 
【出错文件】e:\Web\Home.aspx.cs 
【出错行号】146 
【出错的类】Jnwf.Utils.Log.Logger 属性[(null)] 
【错误描述】1列“ProductType”不属于表 Table。|   在 System.Data.DataRow.GetDataColumn(String columnName)
   在 System.Data.DataRow.get_Item(String columnName)
   在 System.Data.DataRowExtensions.Field[T](DataRow row, String columnName)
   在 desktop_Home.<BindData>b__4(DataRow c) 位置 e:\Web\Home.aspx.cs:行号 111
   在 System.Linq.Enumerable.WhereEnumerableIterator`1.MoveNext()
   在 System.Web.UI.WebControls.Repeater.CreateControlHierarchy(Boolean useDataSource)
   在 System.Web.UI.WebControls.Repeater.OnDataBinding(EventArgs e)
   在 System.Web.UI.WebControls.Repeater.DataBind()
   在 desktop_Home.BindData() 位置 e:\Web\Home.aspx.cs:行号 112 
【错误详情】

＝＝＝＝＝＝＝＝＝＝ 
【日志级别】ERROR 
【记录时间】2016-02-15 17:16:34,405 
【线程编号】[52] 
【执行时间】[19894]毫秒 
【出错文件】e:\Web\Home.aspx.cs 
【出错行号】146 
【出错的类】Jnwf.Utils.Log.Logger 属性[(null)] 
【错误描述】1数据源中没有 DataRow。|   在 System.Data.DataTableExtensions.LoadTableFromEnumerable[T](IEnumerable`1 source, DataTable table, Nullable`1 options, FillErrorEventHandler errorHandler)
   在 System.Data.DataTableExtensions.CopyToDataTable[T](IEnumerable`1 source)
   在 desktop_Home.BindData() 位置 e:\Web\Home.aspx.cs:行号 76 
【错误详情】

＝＝＝＝＝＝＝＝＝＝ 
【日志级别】ERROR 
【记录时间】2016-02-15 17:16:38,123 
【线程编号】[60] 
【执行时间】[23612]毫秒 
【出错文件】e:\Web\Home.aspx.cs 
【出错行号】146 
【出错的类】Jnwf.Utils.Log.Logger 属性[(null)] 
【错误描述】1数据源中没有 DataRow。|   在 System.Data.DataTableExtensions.LoadTableFromEnumerable[T](IEnumerable`1 source, DataTable table, Nullable`1 options, FillErrorEventHandler errorHandler)
   在 System.Data.DataTableExtensions.CopyToDataTable[T](IEnumerable`1 source)
   在 desktop_Home.BindData() 位置 e:\Web\Home.aspx.cs:行号 76 
【错误详情】

＝＝＝＝＝＝＝＝＝＝ 
【日志级别】ERROR 
【记录时间】2016-02-15 17:18:04,738 
【线程编号】[52] 
【执行时间】[110227]毫秒 
【出错文件】e:\Web\Home.aspx.cs 
【出错行号】146 
【出错的类】Jnwf.Utils.Log.Logger 属性[(null)] 
【错误描述】1列“ProductType”不属于表 Table。|   在 System.Data.DataRow.GetDataColumn(String columnName)
   在 System.Data.DataRow.get_Item(String columnName)
   在 System.Data.DataRowExtensions.Field[T](DataRow row, String columnName)
   在 desktop_Home.<BindData>b__4(DataRow c) 位置 e:\Web\Home.aspx.cs:行号 111
   在 System.Linq.Enumerable.WhereEnumerableIterator`1.MoveNext()
   在 System.Web.UI.WebControls.Repeater.CreateControlHierarchy(Boolean useDataSource)
   在 System.Web.UI.WebControls.Repeater.OnDataBinding(EventArgs e)
   在 System.Web.UI.WebControls.Repeater.DataBind()
   在 desktop_Home.BindData() 位置 e:\Web\Home.aspx.cs:行号 112 
【错误详情】

＝＝＝＝＝＝＝＝＝＝ 
【日志级别】ERROR 
【记录时间】2016-02-15 17:18:12,423 
【线程编号】[57] 
【执行时间】[117911]毫秒 
【出错文件】e:\Web\Home.aspx.cs 
【出错行号】146 
【出错的类】Jnwf.Utils.Log.Logger 属性[(null)] 
【错误描述】1数据源中没有 DataRow。|   在 System.Data.DataTableExtensions.LoadTableFromEnumerable[T](IEnumerable`1 source, DataTable table, Nullable`1 options, FillErrorEventHandler errorHandler)
   在 System.Data.DataTableExtensions.CopyToDataTable[T](IEnumerable`1 source)
   在 desktop_Home.BindData() 位置 e:\Web\Home.aspx.cs:行号 76 
【错误详情】

＝＝＝＝＝＝＝＝＝＝ 
【日志级别】ERROR 
【记录时间】2016-02-15 17:42:55,427 
【线程编号】[52] 
【执行时间】[1600916]毫秒 
【出错文件】e:\Web\Home.aspx.cs 
【出错行号】146 
【出错的类】Jnwf.Utils.Log.Logger 属性[(null)] 
【错误描述】1列“ProductType”不属于表 Table。|   在 System.Data.DataRow.GetDataColumn(String columnName)
   在 System.Data.DataRow.get_Item(String columnName)
   在 System.Data.DataRowExtensions.Field[T](DataRow row, String columnName)
   在 desktop_Home.<BindData>b__4(DataRow c) 位置 e:\Web\Home.aspx.cs:行号 111
   在 System.Linq.Enumerable.WhereEnumerableIterator`1.MoveNext()
   在 System.Web.UI.WebControls.Repeater.CreateControlHierarchy(Boolean useDataSource)
   在 System.Web.UI.WebControls.Repeater.OnDataBinding(EventArgs e)
   在 System.Web.UI.WebControls.Repeater.DataBind()
   在 desktop_Home.BindData() 位置 e:\Web\Home.aspx.cs:行号 112 
【错误详情】

＝＝＝＝＝＝＝＝＝＝ 
【日志级别】ERROR 
【记录时间】2016-02-15 17:42:58,607 
【线程编号】[56] 
【执行时间】[1604095]毫秒 
【出错文件】e:\Web\Home.aspx.cs 
【出错行号】146 
【出错的类】Jnwf.Utils.Log.Logger 属性[(null)] 
【错误描述】1数据源中没有 DataRow。|   在 System.Data.DataTableExtensions.LoadTableFromEnumerable[T](IEnumerable`1 source, DataTable table, Nullable`1 options, FillErrorEventHandler errorHandler)
   在 System.Data.DataTableExtensions.CopyToDataTable[T](IEnumerable`1 source)
   在 desktop_Home.BindData() 位置 e:\Web\Home.aspx.cs:行号 76 
【错误详情】

＝＝＝＝＝＝＝＝＝＝ 
【日志级别】ERROR 
【记录时间】2016-02-15 17:43:01,949 
【线程编号】[57] 
【执行时间】[1607437]毫秒 
【出错文件】e:\Web\Home.aspx.cs 
【出错行号】146 
【出错的类】Jnwf.Utils.Log.Logger 属性[(null)] 
【错误描述】1列“ProductType”不属于表 Table。|   在 System.Data.DataRow.GetDataColumn(String columnName)
   在 System.Data.DataRow.get_Item(String columnName)
   在 System.Data.DataRowExtensions.Field[T](DataRow row, String columnName)
   在 desktop_Home.<BindData>b__4(DataRow c) 位置 e:\Web\Home.aspx.cs:行号 111
   在 System.Linq.Enumerable.WhereEnumerableIterator`1.MoveNext()
   在 System.Web.UI.WebControls.Repeater.CreateControlHierarchy(Boolean useDataSource)
   在 System.Web.UI.WebControls.Repeater.OnDataBinding(EventArgs e)
   在 System.Web.UI.WebControls.Repeater.DataBind()
   在 desktop_Home.BindData() 位置 e:\Web\Home.aspx.cs:行号 112 
【错误详情】

＝＝＝＝＝＝＝＝＝＝ 
【日志级别】ERROR 
【记录时间】2016-02-15 17:46:44,081 
【线程编号】[56] 
【执行时间】[1829569]毫秒 
【出错文件】e:\Web\Home.aspx.cs 
【出错行号】146 
【出错的类】Jnwf.Utils.Log.Logger 属性[(null)] 
【错误描述】1数据源中没有 DataRow。|   在 System.Data.DataTableExtensions.LoadTableFromEnumerable[T](IEnumerable`1 source, DataTable table, Nullable`1 options, FillErrorEventHandler errorHandler)
   在 System.Data.DataTableExtensions.CopyToDataTable[T](IEnumerable`1 source)
   在 desktop_Home.BindData() 位置 e:\Web\Home.aspx.cs:行号 76 
【错误详情】

＝＝＝＝＝＝＝＝＝＝ 
【日志级别】ERROR 
【记录时间】2016-02-15 17:46:45,947 
【线程编号】[60] 
【执行时间】[1831435]毫秒 
【出错文件】e:\Web\Home.aspx.cs 
【出错行号】146 
【出错的类】Jnwf.Utils.Log.Logger 属性[(null)] 
【错误描述】1数据源中没有 DataRow。|   在 System.Data.DataTableExtensions.LoadTableFromEnumerable[T](IEnumerable`1 source, DataTable table, Nullable`1 options, FillErrorEventHandler errorHandler)
   在 System.Data.DataTableExtensions.CopyToDataTable[T](IEnumerable`1 source)
   在 desktop_Home.BindData() 位置 e:\Web\Home.aspx.cs:行号 76 
【错误详情】

＝＝＝＝＝＝＝＝＝＝ 
【日志级别】ERROR 
【记录时间】2016-02-15 17:48:28,237 
【线程编号】[60] 
【执行时间】[1933726]毫秒 
【出错文件】e:\Web\Home.aspx.cs 
【出错行号】146 
【出错的类】Jnwf.Utils.Log.Logger 属性[(null)] 
【错误描述】1数据源中没有 DataRow。|   在 System.Data.DataTableExtensions.LoadTableFromEnumerable[T](IEnumerable`1 source, DataTable table, Nullable`1 options, FillErrorEventHandler errorHandler)
   在 System.Data.DataTableExtensions.CopyToDataTable[T](IEnumerable`1 source)
   在 desktop_Home.BindData() 位置 e:\Web\Home.aspx.cs:行号 76 
【错误详情】

＝＝＝＝＝＝＝＝＝＝ 
【日志级别】ERROR 
【记录时间】2016-02-15 17:48:42,532 
【线程编号】[56] 
【执行时间】[1948021]毫秒 
【出错文件】e:\Web\Home.aspx.cs 
【出错行号】146 
【出错的类】Jnwf.Utils.Log.Logger 属性[(null)] 
【错误描述】1数据源中没有 DataRow。|   在 System.Data.DataTableExtensions.LoadTableFromEnumerable[T](IEnumerable`1 source, DataTable table, Nullable`1 options, FillErrorEventHandler errorHandler)
   在 System.Data.DataTableExtensions.CopyToDataTable[T](IEnumerable`1 source)
   在 desktop_Home.BindData() 位置 e:\Web\Home.aspx.cs:行号 76 
【错误详情】
