
＝＝＝＝＝＝＝＝＝＝ 
【日志级别】ERROR 
【记录时间】2016-04-09 10:28:42,159 
【线程编号】[17] 
【执行时间】[51]毫秒 
【出错文件】d:\zhanglixiangmu\威小宝刷单\Web\Details.aspx.cs 
【出错行号】124 
【出错的类】Jnwf.Utils.Log.Logger 属性[(null)] 
【错误描述】details.aspx,userid:0 
【错误详情】

＝＝＝＝＝＝＝＝＝＝ 
【日志级别】ERROR 
【记录时间】2016-04-09 10:29:44,419 
【线程编号】[17] 
【执行时间】[62311]毫秒 
【出错文件】d:\zhanglixiangmu\威小宝刷单\Web\Details.aspx.cs 
【出错行号】124 
【出错的类】Jnwf.Utils.Log.Logger 属性[(null)] 
【错误描述】details.aspx,userid:29 
【错误详情】

＝＝＝＝＝＝＝＝＝＝ 
【日志级别】ERROR 
【记录时间】2016-04-09 10:29:50,144 
【线程编号】[16] 
【执行时间】[68036]毫秒 
【出错文件】d:\zhanglixiangmu\威小宝刷单\Web\Details.aspx.cs 
【出错行号】124 
【出错的类】Jnwf.Utils.Log.Logger 属性[(null)] 
【错误描述】details.aspx,userid:29 
【错误详情】

＝＝＝＝＝＝＝＝＝＝ 
【日志级别】ERROR 
【记录时间】2016-04-09 10:30:04,583 
【线程编号】[6] 
【执行时间】[82474]毫秒 
【出错文件】d:\zhanglixiangmu\威小宝刷单\Web\Global.asax 
【出错行号】53 
【出错的类】Jnwf.Utils.Log.Logger 属性[(null)] 
【错误描述】发生e`的网页地址：http://localhost:3581/Details/57/&_g=A1C1EB88-537C-4CFA-BC88-965BFCBF9D99
错误信息：从客户端(&)中检测到有潜在危险的 Request.Path 值。
堆栈热荩
   在 System.Web.HttpRequest.ValidateInputIfRequiredByConfig()
   在 System.Web.HttpApplication.PipelineStepManager.ValidateHelper(HttpContext context) 
【错误详情】

＝＝＝＝＝＝＝＝＝＝ 
【日志级别】ERROR 
【记录时间】2016-04-09 11:12:18,579 
【线程编号】[30] 
【执行时间】[2616470]毫秒 
【出错文件】d:\zhanglixiangmu\威小宝刷单\Web\Details.aspx.cs 
【出错行号】124 
【出错的类】Jnwf.Utils.Log.Logger 属性[(null)] 
【错误描述】details.aspx,userid:0 
【错误详情】

＝＝＝＝＝＝＝＝＝＝ 
【日志级别】ERROR 
【记录时间】2016-04-09 11:18:51,209 
【线程编号】[56] 
【执行时间】[3009100]毫秒 
【出错文件】d:\zhanglixiangmu\威小宝刷单\Web\Details.aspx.cs 
【出错行号】124 
【出错的类】Jnwf.Utils.Log.Logger 属性[(null)] 
【错误描述】details.aspx,userid:0 
【错误详情】

＝＝＝＝＝＝＝＝＝＝ 
【日志级别】ERROR 
【记录时间】2016-04-09 11:18:59,446 
【线程编号】[19] 
【执行时间】[3017338]毫秒 
【出错文件】d:\zhanglixiangmu\威小宝刷单\Web\Details.aspx.cs 
【出错行号】124 
【出错的类】Jnwf.Utils.Log.Logger 属性[(null)] 
【错误描述】details.aspx,userid:0 
【错误详情】

＝＝＝＝＝＝＝＝＝＝ 
【日志级别】ERROR 
【记录时间】2016-04-09 11:19:11,128 
【线程编号】[20] 
【执行时间】[3029019]毫秒 
【出错文件】d:\zhanglixiangmu\威小宝刷单\Web\Details.aspx.cs 
【出错行号】124 
【出错的类】Jnwf.Utils.Log.Logger 属性[(null)] 
【错误描述】details.aspx,userid:29 
【错误详情】

＝＝＝＝＝＝＝＝＝＝ 
【日志级别】ERROR 
【记录时间】2016-04-09 11:19:14,746 
【线程编号】[20] 
【执行时间】[3032638]毫秒 
【出错文件】d:\zhanglixiangmu\威小宝刷单\Web\Details.aspx.cs 
【出错行号】124 
【出错的类】Jnwf.Utils.Log.Logger 属性[(null)] 
【错误描述】details.aspx,userid:29 
【错误详情】

＝＝＝＝＝＝＝＝＝＝ 
【日志级别】ERROR 
【记录时间】2016-04-09 11:19:25,879 
【线程编号】[19] 
【执行时间】[3043770]毫秒 
【出错文件】d:\zhanglixiangmu\威小宝刷单\Web\Global.asax 
【出错行号】53 
【出错的类】Jnwf.Utils.Log.Logger 属性[(null)] 
【错误描述】发生e`的网页地址：http://localhost:3581/data/data.aspx
错误信息：输入字符串的格式不正确。
堆栈热荩
   在 System.Number.StringToNumber(String str, NumberStyles options, NumberBuffer& number, NumberFormatInfo info, Boolean parseDecimal)
   在 System.Number.ParseInt32(String s, NumberStyles style, NumberFormatInfo info)
   在 System.Int32.Parse(String s)
   在 data_data.Page_Load(Object sender, EventArgs e) 位置 d:\zhanglixiangmu\威小宝刷单\Web\data\data.aspx.cs:行号 150
   在 System.Web.Util.CalliEventHandlerDelegateProxy.Callback(Object sender, EventArgs e)
   在 System.Web.UI.Control.OnLoad(EventArgs e)
   在 System.Web.UI.Control.LoadRecursive()
   在 System.Web.UI.Page.ProcessRequestMain(Boolean includeStagesBeforeAsyncPoint, Boolean includeStagesAfterAsyncPoint) 
【错误详情】

＝＝＝＝＝＝＝＝＝＝ 
【日志级别】ERROR 
【记录时间】2016-04-09 11:19:28,855 
【线程编号】[19] 
【执行时间】[3046746]毫秒 
【出错文件】d:\zhanglixiangmu\威小宝刷单\Web\Global.asax 
【出错行号】53 
【出错的类】Jnwf.Utils.Log.Logger 属性[(null)] 
【错误描述】发生e`的网页地址：http://localhost:3581/data/data.aspx
错误信息：输入字符串的格式不正确。
堆栈热荩
   在 System.Number.StringToNumber(String str, NumberStyles options, NumberBuffer& number, NumberFormatInfo info, Boolean parseDecimal)
   在 System.Number.ParseInt32(String s, NumberStyles style, NumberFormatInfo info)
   在 System.Int32.Parse(String s)
   在 data_data.Page_Load(Object sender, EventArgs e) 位置 d:\zhanglixiangmu\威小宝刷单\Web\data\data.aspx.cs:行号 150
   在 System.Web.Util.CalliEventHandlerDelegateProxy.Callback(Object sender, EventArgs e)
   在 System.Web.UI.Control.OnLoad(EventArgs e)
   在 System.Web.UI.Control.LoadRecursive()
   在 System.Web.UI.Page.ProcessRequestMain(Boolean includeStagesBeforeAsyncPoint, Boolean includeStagesAfterAsyncPoint) 
【错误详情】

＝＝＝＝＝＝＝＝＝＝ 
【日志级别】ERROR 
【记录时间】2016-04-09 11:19:42,531 
【线程编号】[52] 
【执行时间】[3060422]毫秒 
【出错文件】d:\zhanglixiangmu\威小宝刷单\Web\Details.aspx.cs 
【出错行号】124 
【出错的类】Jnwf.Utils.Log.Logger 属性[(null)] 
【错误描述】details.aspx,userid:29 
【错误详情】

＝＝＝＝＝＝＝＝＝＝ 
【日志级别】ERROR 
【记录时间】2016-04-09 11:19:44,467 
【线程编号】[50] 
【执行时间】[3062359]毫秒 
【出错文件】d:\zhanglixiangmu\威小宝刷单\Web\Details.aspx.cs 
【出错行号】124 
【出错的类】Jnwf.Utils.Log.Logger 属性[(null)] 
【错误描述】details.aspx,userid:29 
【错误详情】

＝＝＝＝＝＝＝＝＝＝ 
【日志级别】ERROR 
【记录时间】2016-04-09 11:19:47,340 
【线程编号】[57] 
【执行时间】[3065232]毫秒 
【出错文件】d:\zhanglixiangmu\威小宝刷单\Web\Details.aspx.cs 
【出错行号】124 
【出错的类】Jnwf.Utils.Log.Logger 属性[(null)] 
【错误描述】details.aspx,userid:29 
【错误详情】

＝＝＝＝＝＝＝＝＝＝ 
【日志级别】ERROR 
【记录时间】2016-04-09 11:19:49,669 
【线程编号】[52] 
【执行时间】[3067561]毫秒 
【出错文件】d:\zhanglixiangmu\威小宝刷单\Web\Details.aspx.cs 
【出错行号】124 
【出错的类】Jnwf.Utils.Log.Logger 属性[(null)] 
【错误描述】details.aspx,userid:29 
【错误详情】

＝＝＝＝＝＝＝＝＝＝ 
【日志级别】ERROR 
【记录时间】2016-04-09 11:27:47,728 
【线程编号】[20] 
【执行时间】[3545619]毫秒 
【出错文件】d:\zhanglixiangmu\威小宝刷单\Web\Details.aspx.cs 
【出错行号】124 
【出错的类】Jnwf.Utils.Log.Logger 属性[(null)] 
【错误描述】details.aspx,userid:0 
【错误详情】

＝＝＝＝＝＝＝＝＝＝ 
【日志级别】ERROR 
【记录时间】2016-04-09 11:28:21,075 
【线程编号】[44] 
【执行时间】[3578966]毫秒 
【出错文件】d:\zhanglixiangmu\威小宝刷单\Web\Details.aspx.cs 
【出错行号】124 
【出错的类】Jnwf.Utils.Log.Logger 属性[(null)] 
【错误描述】details.aspx,userid:0 
【错误详情】

＝＝＝＝＝＝＝＝＝＝ 
【日志级别】ERROR 
【记录时间】2016-04-09 11:28:29,441 
【线程编号】[35] 
【执行时间】[3587333]毫秒 
【出错文件】d:\zhanglixiangmu\威小宝刷单\Web\Details.aspx.cs 
【出错行号】124 
【出错的类】Jnwf.Utils.Log.Logger 属性[(null)] 
【错误描述】details.aspx,userid:29 
【错误详情】

＝＝＝＝＝＝＝＝＝＝ 
【日志级别】ERROR 
【记录时间】2016-04-09 11:31:43,810 
【线程编号】[11] 
【执行时间】[101]毫秒 
【出错文件】d:\zhanglixiangmu\威小宝刷单\Web\Details.aspx.cs 
【出错行号】124 
【出错的类】Jnwf.Utils.Log.Logger 属性[(null)] 
【错误描述】details.aspx,userid:0 
【错误详情】

＝＝＝＝＝＝＝＝＝＝ 
【日志级别】ERROR 
【记录时间】2016-04-09 11:32:36,123 
【线程编号】[10] 
【执行时间】[52414]毫秒 
【出错文件】d:\zhanglixiangmu\威小宝刷单\Web\Details.aspx.cs 
【出错行号】124 
【出错的类】Jnwf.Utils.Log.Logger 属性[(null)] 
【错误描述】details.aspx,userid:29 
【错误详情】

＝＝＝＝＝＝＝＝＝＝ 
【日志级别】ERROR 
【记录时间】2016-04-09 11:33:38,196 
【线程编号】[10] 
【执行时间】[114486]毫秒 
【出错文件】d:\zhanglixiangmu\威小宝刷单\Web\Global.asax 
【出错行号】53 
【出错的类】Jnwf.Utils.Log.Logger 属性[(null)] 
【错误描述】发生e`的网页地址：http://localhost:3581/data/data.aspx
错误信息：输入字符串的格式不正确。
堆栈热荩
   在 System.Number.StringToNumber(String str, NumberStyles options, NumberBuffer& number, NumberFormatInfo info, Boolean parseDecimal)
   在 System.Number.ParseInt32(String s, NumberStyles style, NumberFormatInfo info)
   在 System.Int32.Parse(String s)
   在 data_data.Page_Load(Object sender, EventArgs e) 位置 d:\zhanglixiangmu\威小宝刷单\Web\data\data.aspx.cs:行号 150
   在 System.Web.Util.CalliEventHandlerDelegateProxy.Callback(Object sender, EventArgs e)
   在 System.Web.UI.Control.OnLoad(EventArgs e)
   在 System.Web.UI.Control.LoadRecursive()
   在 System.Web.UI.Page.ProcessRequestMain(Boolean includeStagesBeforeAsyncPoint, Boolean includeStagesAfterAsyncPoint) 
【错误详情】

＝＝＝＝＝＝＝＝＝＝ 
【日志级别】ERROR 
【记录时间】2016-04-09 11:33:47,096 
【线程编号】[10] 
【执行时间】[123387]毫秒 
【出错文件】d:\zhanglixiangmu\威小宝刷单\Web\Global.asax 
【出错行号】53 
【出错的类】Jnwf.Utils.Log.Logger 属性[(null)] 
【错误描述】发生e`的网页地址：http://localhost:3581/data/data.aspx
错误信息：输入字符串的格式不正确。
堆栈热荩
   在 System.Number.StringToNumber(String str, NumberStyles options, NumberBuffer& number, NumberFormatInfo info, Boolean parseDecimal)
   在 System.Number.ParseInt32(String s, NumberStyles style, NumberFormatInfo info)
   在 System.Int32.Parse(String s)
   在 data_data.Page_Load(Object sender, EventArgs e) 位置 d:\zhanglixiangmu\威小宝刷单\Web\data\data.aspx.cs:行号 150
   在 System.Web.Util.CalliEventHandlerDelegateProxy.Callback(Object sender, EventArgs e)
   在 System.Web.UI.Control.OnLoad(EventArgs e)
   在 System.Web.UI.Control.LoadRecursive()
   在 System.Web.UI.Page.ProcessRequestMain(Boolean includeStagesBeforeAsyncPoint, Boolean includeStagesAfterAsyncPoint) 
【错误详情】

＝＝＝＝＝＝＝＝＝＝ 
【日志级别】ERROR 
【记录时间】2016-04-09 11:41:29,098 
【线程编号】[12] 
【执行时间】[585388]毫秒 
【出错文件】d:\zhanglixiangmu\威小宝刷单\Web\Details.aspx.cs 
【出错行号】124 
【出错的类】Jnwf.Utils.Log.Logger 属性[(null)] 
【错误描述】details.aspx,userid:29 
【错误详情】

＝＝＝＝＝＝＝＝＝＝ 
【日志级别】ERROR 
【记录时间】2016-04-09 11:41:36,452 
【线程编号】[16] 
【执行时间】[592742]毫秒 
【出错文件】d:\zhanglixiangmu\威小宝刷单\Web\Global.asax 
【出错行号】53 
【出错的类】Jnwf.Utils.Log.Logger 属性[(null)] 
【错误描述】发生e`的网页地址：http://localhost:3581/data/data.aspx
错误信息：输入字符串的格式不正确。
堆栈热荩
   在 System.Number.StringToNumber(String str, NumberStyles options, NumberBuffer& number, NumberFormatInfo info, Boolean parseDecimal)
   在 System.Number.ParseInt32(String s, NumberStyles style, NumberFormatInfo info)
   在 System.Int32.Parse(String s)
   在 data_data.Page_Load(Object sender, EventArgs e) 位置 d:\zhanglixiangmu\威小宝刷单\Web\data\data.aspx.cs:行号 150
   在 System.Web.Util.CalliEventHandlerDelegateProxy.Callback(Object sender, EventArgs e)
   在 System.Web.UI.Control.OnLoad(EventArgs e)
   在 System.Web.UI.Control.LoadRecursive()
   在 System.Web.UI.Page.ProcessRequestMain(Boolean includeStagesBeforeAsyncPoint, Boolean includeStagesAfterAsyncPoint) 
【错误详情】

＝＝＝＝＝＝＝＝＝＝ 
【日志级别】ERROR 
【记录时间】2016-04-09 11:43:45,162 
【线程编号】[10] 
【执行时间】[721452]毫秒 
【出错文件】d:\zhanglixiangmu\威小宝刷单\Web\Details.aspx.cs 
【出错行号】124 
【出错的类】Jnwf.Utils.Log.Logger 属性[(null)] 
【错误描述】details.aspx,userid:29 
【错误详情】

＝＝＝＝＝＝＝＝＝＝ 
【日志级别】ERROR 
【记录时间】2016-04-09 11:43:56,670 
【线程编号】[16] 
【执行时间】[732960]毫秒 
【出错文件】d:\zhanglixiangmu\威小宝刷单\Web\Details.aspx.cs 
【出错行号】124 
【出错的类】Jnwf.Utils.Log.Logger 属性[(null)] 
【错误描述】details.aspx,userid:29 
【错误详情】

＝＝＝＝＝＝＝＝＝＝ 
【日志级别】ERROR 
【记录时间】2016-04-09 11:44:06,167 
【线程编号】[10] 
【执行时间】[742457]毫秒 
【出错文件】d:\zhanglixiangmu\威小宝刷单\Web\Global.asax 
【出错行号】53 
【出错的类】Jnwf.Utils.Log.Logger 属性[(null)] 
【错误描述】发生e`的网页地址：http://localhost:3581/data/data.aspx
错误信息：输入字符串的格式不正确。
堆栈热荩
   在 System.Number.StringToNumber(String str, NumberStyles options, NumberBuffer& number, NumberFormatInfo info, Boolean parseDecimal)
   在 System.Number.ParseInt32(String s, NumberStyles style, NumberFormatInfo info)
   在 System.Int32.Parse(String s)
   在 data_data.Page_Load(Object sender, EventArgs e) 位置 d:\zhanglixiangmu\威小宝刷单\Web\data\data.aspx.cs:行号 150
   在 System.Web.Util.CalliEventHandlerDelegateProxy.Callback(Object sender, EventArgs e)
   在 System.Web.UI.Control.OnLoad(EventArgs e)
   在 System.Web.UI.Control.LoadRecursive()
   在 System.Web.UI.Page.ProcessRequestMain(Boolean includeStagesBeforeAsyncPoint, Boolean includeStagesAfterAsyncPoint) 
【错误详情】

＝＝＝＝＝＝＝＝＝＝ 
【日志级别】ERROR 
【记录时间】2016-04-09 11:46:28,075 
【线程编号】[10] 
【执行时间】[884365]毫秒 
【出错文件】d:\zhanglixiangmu\威小宝刷单\Web\Global.asax 
【出错行号】53 
【出错的类】Jnwf.Utils.Log.Logger 属性[(null)] 
【错误描述】发生e`的网页地址：http://localhost:3581/data/data.aspx
错误信息：输入字符串的格式不正确。
堆栈热荩
   在 System.Number.StringToNumber(String str, NumberStyles options, NumberBuffer& number, NumberFormatInfo info, Boolean parseDecimal)
   在 System.Number.ParseInt32(String s, NumberStyles style, NumberFormatInfo info)
   在 System.Int32.Parse(String s)
   在 data_data.Page_Load(Object sender, EventArgs e) 位置 d:\zhanglixiangmu\威小宝刷单\Web\data\data.aspx.cs:行号 150
   在 System.Web.Util.CalliEventHandlerDelegateProxy.Callback(Object sender, EventArgs e)
   在 System.Web.UI.Control.OnLoad(EventArgs e)
   在 System.Web.UI.Control.LoadRecursive()
   在 System.Web.UI.Page.ProcessRequestMain(Boolean includeStagesBeforeAsyncPoint, Boolean includeStagesAfterAsyncPoint) 
【错误详情】

＝＝＝＝＝＝＝＝＝＝ 
【日志级别】ERROR 
【记录时间】2016-04-09 11:51:03,494 
【线程编号】[10] 
【执行时间】[1159784]毫秒 
【出错文件】d:\zhanglixiangmu\威小宝刷单\Web\Details.aspx.cs 
【出错行号】124 
【出错的类】Jnwf.Utils.Log.Logger 属性[(null)] 
【错误描述】details.aspx,userid:29 
【错误详情】

＝＝＝＝＝＝＝＝＝＝ 
【日志级别】ERROR 
【记录时间】2016-04-09 11:51:31,711 
【线程编号】[8] 
【执行时间】[65]毫秒 
【出错文件】d:\zhanglixiangmu\威小宝刷单\Web\Details.aspx.cs 
【出错行号】124 
【出错的类】Jnwf.Utils.Log.Logger 属性[(null)] 
【错误描述】details.aspx,userid:29 
【错误详情】

＝＝＝＝＝＝＝＝＝＝ 
【日志级别】ERROR 
【记录时间】2016-04-09 11:52:17,870 
【线程编号】[8] 
【执行时间】[46223]毫秒 
【出错文件】d:\zhanglixiangmu\威小宝刷单\Web\Details.aspx.cs 
【出错行号】124 
【出错的类】Jnwf.Utils.Log.Logger 属性[(null)] 
【错误描述】details.aspx,userid:0 
【错误详情】

＝＝＝＝＝＝＝＝＝＝ 
【日志级别】ERROR 
【记录时间】2016-04-09 11:52:31,845 
【线程编号】[8] 
【执行时间】[60199]毫秒 
【出错文件】d:\zhanglixiangmu\威小宝刷单\Web\Details.aspx.cs 
【出错行号】124 
【出错的类】Jnwf.Utils.Log.Logger 属性[(null)] 
【错误描述】details.aspx,userid:0 
【错误详情】

＝＝＝＝＝＝＝＝＝＝ 
【日志级别】ERROR 
【记录时间】2016-04-09 11:52:41,566 
【线程编号】[8] 
【执行时间】[69919]毫秒 
【出错文件】d:\zhanglixiangmu\威小宝刷单\Web\Details.aspx.cs 
【出错行号】124 
【出错的类】Jnwf.Utils.Log.Logger 属性[(null)] 
【错误描述】details.aspx,userid:0 
【错误详情】

＝＝＝＝＝＝＝＝＝＝ 
【日志级别】ERROR 
【记录时间】2016-04-09 11:54:02,578 
【线程编号】[8] 
【执行时间】[150932]毫秒 
【出错文件】d:\zhanglixiangmu\威小宝刷单\Web\Details.aspx.cs 
【出错行号】124 
【出错的类】Jnwf.Utils.Log.Logger 属性[(null)] 
【错误描述】details.aspx,userid:29 
【错误详情】

＝＝＝＝＝＝＝＝＝＝ 
【日志级别】ERROR 
【记录时间】2016-04-09 11:54:18,861 
【线程编号】[9] 
【执行时间】[167215]毫秒 
【出错文件】d:\zhanglixiangmu\威小宝刷单\Web\Details.aspx.cs 
【出错行号】124 
【出错的类】Jnwf.Utils.Log.Logger 属性[(null)] 
【错误描述】details.aspx,userid:29 
【错误详情】

＝＝＝＝＝＝＝＝＝＝ 
【日志级别】ERROR 
【记录时间】2016-04-09 11:55:20,294 
【线程编号】[9] 
【执行时间】[228648]毫秒 
【出错文件】d:\zhanglixiangmu\威小宝刷单\Web\Details.aspx.cs 
【出错行号】124 
【出错的类】Jnwf.Utils.Log.Logger 属性[(null)] 
【错误描述】details.aspx,userid:29 
【错误详情】

＝＝＝＝＝＝＝＝＝＝ 
【日志级别】ERROR 
【记录时间】2016-04-09 11:57:00,165 
【线程编号】[9] 
【执行时间】[328519]毫秒 
【出错文件】d:\zhanglixiangmu\威小宝刷单\Web\Global.asax 
【出错行号】53 
【出错的类】Jnwf.Utils.Log.Logger 属性[(null)] 
【错误描述】发生e`的网页地址：http://localhost:3581/data/data.aspx
错误信息：输入字符串的格式不正确。
堆栈热荩
   在 System.Number.StringToNumber(String str, NumberStyles options, NumberBuffer& number, NumberFormatInfo info, Boolean parseDecimal)
   在 System.Number.ParseInt32(String s, NumberStyles style, NumberFormatInfo info)
   在 System.Int32.Parse(String s)
   在 data_data.Page_Load(Object sender, EventArgs e) 位置 d:\zhanglixiangmu\威小宝刷单\Web\data\data.aspx.cs:行号 150
   在 System.Web.Util.CalliEventHandlerDelegateProxy.Callback(Object sender, EventArgs e)
   在 System.Web.UI.Control.OnLoad(EventArgs e)
   在 System.Web.UI.Control.LoadRecursive()
   在 System.Web.UI.Page.ProcessRequestMain(Boolean includeStagesBeforeAsyncPoint, Boolean includeStagesAfterAsyncPoint) 
【错误详情】

＝＝＝＝＝＝＝＝＝＝ 
【日志级别】ERROR 
【记录时间】2016-04-09 11:57:10,405 
【线程编号】[6] 
【执行时间】[338759]毫秒 
【出错文件】d:\zhanglixiangmu\威小宝刷单\Web\Details.aspx.cs 
【出错行号】124 
【出错的类】Jnwf.Utils.Log.Logger 属性[(null)] 
【错误描述】details.aspx,userid:29 
【错误详情】

＝＝＝＝＝＝＝＝＝＝ 
【日志级别】ERROR 
【记录时间】2016-04-09 11:57:12,827 
【线程编号】[10] 
【执行时间】[341180]毫秒 
【出错文件】d:\zhanglixiangmu\威小宝刷单\Web\Details.aspx.cs 
【出错行号】124 
【出错的类】Jnwf.Utils.Log.Logger 属性[(null)] 
【错误描述】details.aspx,userid:29 
【错误详情】

＝＝＝＝＝＝＝＝＝＝ 
【日志级别】ERROR 
【记录时间】2016-04-09 12:21:03,919 
【线程编号】[9] 
【执行时间】[1772273]毫秒 
【出错文件】d:\zhanglixiangmu\威小宝刷单\Web\Global.asax 
【出错行号】53 
【出错的类】Jnwf.Utils.Log.Logger 属性[(null)] 
【错误描述】发生e`的网页地址：http://localhost:3581/data/data.aspx
错误信息：输入字符串的格式不正确。
堆栈热荩
   在 System.Number.StringToNumber(String str, NumberStyles options, NumberBuffer& number, NumberFormatInfo info, Boolean parseDecimal)
   在 System.Number.ParseInt32(String s, NumberStyles style, NumberFormatInfo info)
   在 System.Int32.Parse(String s)
   在 data_data.Page_Load(Object sender, EventArgs e) 位置 d:\zhanglixiangmu\威小宝刷单\Web\data\data.aspx.cs:行号 150
   在 System.Web.Util.CalliEventHandlerDelegateProxy.Callback(Object sender, EventArgs e)
   在 System.Web.UI.Control.OnLoad(EventArgs e)
   在 System.Web.UI.Control.LoadRecursive()
   在 System.Web.UI.Page.ProcessRequestMain(Boolean includeStagesBeforeAsyncPoint, Boolean includeStagesAfterAsyncPoint) 
【错误详情】

＝＝＝＝＝＝＝＝＝＝ 
【日志级别】ERROR 
【记录时间】2016-04-09 13:33:55,293 
【线程编号】[13] 
【执行时间】[75]毫秒 
【出错文件】d:\zhanglixiangmu\威小宝刷单\Web\Details.aspx.cs 
【出错行号】124 
【出错的类】Jnwf.Utils.Log.Logger 属性[(null)] 
【错误描述】details.aspx,userid:29 
【错误详情】

＝＝＝＝＝＝＝＝＝＝ 
【日志级别】ERROR 
【记录时间】2016-04-09 13:33:59,746 
【线程编号】[14] 
【执行时间】[4527]毫秒 
【出错文件】d:\zhanglixiangmu\威小宝刷单\Web\Global.asax 
【出错行号】53 
【出错的类】Jnwf.Utils.Log.Logger 属性[(null)] 
【错误描述】发生e`的网页地址：http://localhost:3581/data/data.aspx
错误信息：输入字符串的格式不正确。
堆栈热荩
   在 System.Number.StringToNumber(String str, NumberStyles options, NumberBuffer& number, NumberFormatInfo info, Boolean parseDecimal)
   在 System.Number.ParseInt32(String s, NumberStyles style, NumberFormatInfo info)
   在 System.Int32.Parse(String s)
   在 data_data.Page_Load(Object sender, EventArgs e) 位置 d:\zhanglixiangmu\威小宝刷单\Web\data\data.aspx.cs:行号 150
   在 System.Web.Util.CalliEventHandlerDelegateProxy.Callback(Object sender, EventArgs e)
   在 System.Web.UI.Control.OnLoad(EventArgs e)
   在 System.Web.UI.Control.LoadRecursive()
   在 System.Web.UI.Page.ProcessRequestMain(Boolean includeStagesBeforeAsyncPoint, Boolean includeStagesAfterAsyncPoint) 
【错误详情】

＝＝＝＝＝＝＝＝＝＝ 
【日志级别】ERROR 
【记录时间】2016-04-09 13:34:15,070 
【线程编号】[14] 
【执行时间】[19852]毫秒 
【出错文件】d:\zhanglixiangmu\威小宝刷单\Web\Details.aspx.cs 
【出错行号】124 
【出错的类】Jnwf.Utils.Log.Logger 属性[(null)] 
【错误描述】details.aspx,userid:29 
【错误详情】

＝＝＝＝＝＝＝＝＝＝ 
【日志级别】ERROR 
【记录时间】2016-04-09 13:35:27,413 
【线程编号】[13] 
【执行时间】[92195]毫秒 
【出错文件】d:\zhanglixiangmu\威小宝刷单\Web\Details.aspx.cs 
【出错行号】124 
【出错的类】Jnwf.Utils.Log.Logger 属性[(null)] 
【错误描述】details.aspx,userid:29 
【错误详情】

＝＝＝＝＝＝＝＝＝＝ 
【日志级别】ERROR 
【记录时间】2016-04-09 13:40:41,748 
【线程编号】[12] 
【执行时间】[406530]毫秒 
【出错文件】d:\zhanglixiangmu\威小宝刷单\Web\Details.aspx.cs 
【出错行号】124 
【出错的类】Jnwf.Utils.Log.Logger 属性[(null)] 
【错误描述】details.aspx,userid:0 
【错误详情】

＝＝＝＝＝＝＝＝＝＝ 
【日志级别】ERROR 
【记录时间】2016-04-09 13:40:56,485 
【线程编号】[14] 
【执行时间】[421266]毫秒 
【出错文件】d:\zhanglixiangmu\威小宝刷单\Web\Details.aspx.cs 
【出错行号】124 
【出错的类】Jnwf.Utils.Log.Logger 属性[(null)] 
【错误描述】details.aspx,userid:29 
【错误详情】

＝＝＝＝＝＝＝＝＝＝ 
【日志级别】ERROR 
【记录时间】2016-04-09 13:41:50,958 
【线程编号】[16] 
【执行时间】[475739]毫秒 
【出错文件】d:\zhanglixiangmu\威小宝刷单\Web\Details.aspx.cs 
【出错行号】124 
【出错的类】Jnwf.Utils.Log.Logger 属性[(null)] 
【错误描述】details.aspx,userid:29 
【错误详情】

＝＝＝＝＝＝＝＝＝＝ 
【日志级别】ERROR 
【记录时间】2016-04-09 13:46:07,791 
【线程编号】[18] 
【执行时间】[732573]毫秒 
【出错文件】d:\zhanglixiangmu\威小宝刷单\Web\Details.aspx.cs 
【出错行号】124 
【出错的类】Jnwf.Utils.Log.Logger 属性[(null)] 
【错误描述】details.aspx,userid:29 
【错误详情】

＝＝＝＝＝＝＝＝＝＝ 
【日志级别】ERROR 
【记录时间】2016-04-09 13:46:41,670 
【线程编号】[16] 
【执行时间】[766452]毫秒 
【出错文件】d:\zhanglixiangmu\威小宝刷单\Web\Details.aspx.cs 
【出错行号】124 
【出错的类】Jnwf.Utils.Log.Logger 属性[(null)] 
【错误描述】details.aspx,userid:29 
【错误详情】

＝＝＝＝＝＝＝＝＝＝ 
【日志级别】ERROR 
【记录时间】2016-04-09 13:57:32,431 
【线程编号】[25] 
【执行时间】[1417212]毫秒 
【出错文件】d:\zhanglixiangmu\威小宝刷单\Web\Details.aspx.cs 
【出错行号】124 
【出错的类】Jnwf.Utils.Log.Logger 属性[(null)] 
【错误描述】details.aspx,userid:29 
【错误详情】

＝＝＝＝＝＝＝＝＝＝ 
【日志级别】ERROR 
【记录时间】2016-04-09 13:57:39,382 
【线程编号】[18] 
【执行时间】[1424163]毫秒 
【出错文件】d:\zhanglixiangmu\威小宝刷单\Web\Details.aspx.cs 
【出错行号】124 
【出错的类】Jnwf.Utils.Log.Logger 属性[(null)] 
【错误描述】details.aspx,userid:29 
【错误详情】

＝＝＝＝＝＝＝＝＝＝ 
【日志级别】ERROR 
【记录时间】2016-04-09 13:59:26,062 
【线程编号】[12] 
【执行时间】[1530843]毫秒 
【出错文件】d:\zhanglixiangmu\威小宝刷单\Web\Details.aspx.cs 
【出错行号】124 
【出错的类】Jnwf.Utils.Log.Logger 属性[(null)] 
【错误描述】details.aspx,userid:29 
【错误详情】
