
＝＝＝＝＝＝＝＝＝＝ 
【日志级别】ERROR 
【记录时间】2016-01-27 15:08:04,282 
【线程编号】[11] 
【执行时间】[236]毫秒 
【出错文件】d:\zhanglixiangmu\威小宝刷单\Web\Global.asax 
【出错行号】53 
【出错的类】Jnwf.Utils.Log.Logger 属性[(null)] 
【错误描述】发生e`的网页地址：http://localhost:3581/DetailsList.aspx
错误信息：值不能为 null。
参数名: s
堆栈热荩
   在 System.IO.StringReader..ctor(String s)
   在 Newtonsoft.Json.JsonConvert.DeserializeObject(String value, Type type, JsonSerializerSettings settings)
   在 Newtonsoft.Json.JsonConvert.DeserializeObject[T](String value, JsonSerializerSettings settings)
   在 Newtonsoft.Json.JsonConvert.DeserializeObject[T](String value)
   在 Jnwf.Utils.Json.JsonHelper.DeserializeJsonReturnList[T](String s)
   在 desktop_DetailsList.BindData() 位置 d:\zhanglixiangmu\威小宝刷单\Web\DetailsList.aspx.cs:行号 27
   在 desktop_DetailsList.Page_Load(Object sender, EventArgs e) 位置 d:\zhanglixiangmu\威小宝刷单\Web\DetailsList.aspx.cs:行号 17
   在 System.Web.Util.CalliEventHandlerDelegateProxy.Callback(Object sender, EventArgs e)
   在 System.Web.UI.Control.OnLoad(EventArgs e)
   在 System.Web.UI.Control.LoadRecursive()
   在 System.Web.UI.Page.ProcessRequestMain(Boolean includeStagesBeforeAsyncPoint, Boolean includeStagesAfterAsyncPoint) 
【错误详情】

＝＝＝＝＝＝＝＝＝＝ 
【日志级别】ERROR 
【记录时间】2016-01-27 15:08:16,943 
【线程编号】[10] 
【执行时间】[72]毫秒 
【出错文件】d:\zhanglixiangmu\威小宝刷单\Web\Global.asax 
【出错行号】53 
【出错的类】Jnwf.Utils.Log.Logger 属性[(null)] 
【错误描述】发生e`的网页地址：http://localhost:3581/DetailsList.aspx
错误信息：值不能为 null。
参数名: s
堆栈热荩
   在 System.IO.StringReader..ctor(String s)
   在 Newtonsoft.Json.JsonConvert.DeserializeObject(String value, Type type, JsonSerializerSettings settings)
   在 Newtonsoft.Json.JsonConvert.DeserializeObject[T](String value, JsonSerializerSettings settings)
   在 Newtonsoft.Json.JsonConvert.DeserializeObject[T](String value)
   在 Jnwf.Utils.Json.JsonHelper.DeserializeJsonReturnList[T](String s)
   在 desktop_DetailsList.BindData() 位置 d:\zhanglixiangmu\威小宝刷单\Web\DetailsList.aspx.cs:行号 27
   在 desktop_DetailsList.Page_Load(Object sender, EventArgs e) 位置 d:\zhanglixiangmu\威小宝刷单\Web\DetailsList.aspx.cs:行号 17
   在 System.Web.Util.CalliEventHandlerDelegateProxy.Callback(Object sender, EventArgs e)
   在 System.Web.UI.Control.OnLoad(EventArgs e)
   在 System.Web.UI.Control.LoadRecursive()
   在 System.Web.UI.Page.ProcessRequestMain(Boolean includeStagesBeforeAsyncPoint, Boolean includeStagesAfterAsyncPoint) 
【错误详情】

＝＝＝＝＝＝＝＝＝＝ 
【日志级别】ERROR 
【记录时间】2016-01-27 15:29:50,905 
【线程编号】[5] 
【执行时间】[63]毫秒 
【出错文件】d:\zhanglixiangmu\威小宝刷单\Web\Global.asax 
【出错行号】53 
【出错的类】Jnwf.Utils.Log.Logger 属性[(null)] 
【错误描述】发生e`的网页地址：http://localhost:3581/DetailsList.aspx
错误信息：无法将类型为“System.Data.DataRow”的对象强制转换为类型“Task.Entity.tb_TaskEntity”。
堆栈热荩
   在 desktop_DetailsList.BindData() 位置 d:\zhanglixiangmu\威小宝刷单\Web\DetailsList.aspx.cs:行号 36
   在 desktop_DetailsList.Page_Load(Object sender, EventArgs e) 位置 d:\zhanglixiangmu\威小宝刷单\Web\DetailsList.aspx.cs:行号 17
   在 System.Web.Util.CalliEventHandlerDelegateProxy.Callback(Object sender, EventArgs e)
   在 System.Web.UI.Control.OnLoad(EventArgs e)
   在 System.Web.UI.Control.LoadRecursive()
   在 System.Web.UI.Page.ProcessRequestMain(Boolean includeStagesBeforeAsyncPoint, Boolean includeStagesAfterAsyncPoint) 
【错误详情】

＝＝＝＝＝＝＝＝＝＝ 
【日志级别】ERROR 
【记录时间】2016-01-27 15:30:51,955 
【线程编号】[9] 
【执行时间】[60]毫秒 
【出错文件】d:\zhanglixiangmu\威小宝刷单\Web\Global.asax 
【出错行号】53 
【出错的类】Jnwf.Utils.Log.Logger 属性[(null)] 
【错误描述】发生e`的网页地址：http://localhost:3581/DetailsList.aspx
错误信息：无法将类型为“System.Data.DataRow”的对象强制转换为类型“System.String”。
堆栈热荩
   在 desktop_DetailsList.BindData() 位置 d:\zhanglixiangmu\威小宝刷单\Web\DetailsList.aspx.cs:行号 36
   在 desktop_DetailsList.Page_Load(Object sender, EventArgs e) 位置 d:\zhanglixiangmu\威小宝刷单\Web\DetailsList.aspx.cs:行号 17
   在 System.Web.Util.CalliEventHandlerDelegateProxy.Callback(Object sender, EventArgs e)
   在 System.Web.UI.Control.OnLoad(EventArgs e)
   在 System.Web.UI.Control.LoadRecursive()
   在 System.Web.UI.Page.ProcessRequestMain(Boolean includeStagesBeforeAsyncPoint, Boolean includeStagesAfterAsyncPoint) 
【错误详情】

＝＝＝＝＝＝＝＝＝＝ 
【日志级别】ERROR 
【记录时间】2016-01-27 15:38:37,437 
【线程编号】[17] 
【执行时间】[69]毫秒 
【出错文件】d:\zhanglixiangmu\威小宝刷单\Web\Global.asax 
【出错行号】53 
【出错的类】Jnwf.Utils.Log.Logger 属性[(null)] 
【错误描述】发生e`的网页地址：http://localhost:3581/DetailsList.aspx
错误信息：值不能为 null。
参数名: s
堆栈热荩
   在 System.IO.StringReader..ctor(String s)
   在 Newtonsoft.Json.JsonConvert.DeserializeObject(String value, Type type, JsonSerializerSettings settings)
   在 Newtonsoft.Json.JsonConvert.DeserializeObject[T](String value, JsonSerializerSettings settings)
   在 Newtonsoft.Json.JsonConvert.DeserializeObject[T](String value)
   在 Jnwf.Utils.Json.JsonHelper.DeserializeJsonReturnList[T](String s)
   在 desktop_DetailsList.BindData() 位置 d:\zhanglixiangmu\威小宝刷单\Web\DetailsList.aspx.cs:行号 27
   在 desktop_DetailsList.Page_Load(Object sender, EventArgs e) 位置 d:\zhanglixiangmu\威小宝刷单\Web\DetailsList.aspx.cs:行号 17
   在 System.Web.Util.CalliEventHandlerDelegateProxy.Callback(Object sender, EventArgs e)
   在 System.Web.UI.Control.OnLoad(EventArgs e)
   在 System.Web.UI.Control.LoadRecursive()
   在 System.Web.UI.Page.ProcessRequestMain(Boolean includeStagesBeforeAsyncPoint, Boolean includeStagesAfterAsyncPoint) 
【错误详情】

＝＝＝＝＝＝＝＝＝＝ 
【日志级别】ERROR 
【记录时间】2016-01-27 15:51:55,195 
【线程编号】[30] 
【执行时间】[797826]毫秒 
【出错文件】d:\zhanglixiangmu\威小宝刷单\Web\Global.asax 
【出错行号】53 
【出错的类】Jnwf.Utils.Log.Logger 属性[(null)] 
【错误描述】发生e`的网页地址：http://localhost:3581/DetailsList.aspx
错误信息：值不能为 null。
参数名: s
堆栈热荩
   在 System.IO.StringReader..ctor(String s)
   在 Newtonsoft.Json.JsonConvert.DeserializeObject(String value, Type type, JsonSerializerSettings settings)
   在 Newtonsoft.Json.JsonConvert.DeserializeObject[T](String value, JsonSerializerSettings settings)
   在 Newtonsoft.Json.JsonConvert.DeserializeObject[T](String value)
   在 Jnwf.Utils.Json.JsonHelper.DeserializeJsonReturnList[T](String s)
   在 desktop_DetailsList.BindData() 位置 d:\zhanglixiangmu\威小宝刷单\Web\DetailsList.aspx.cs:行号 27
   在 desktop_DetailsList.Page_Load(Object sender, EventArgs e) 位置 d:\zhanglixiangmu\威小宝刷单\Web\DetailsList.aspx.cs:行号 17
   在 System.Web.Util.CalliEventHandlerDelegateProxy.Callback(Object sender, EventArgs e)
   在 System.Web.UI.Control.OnLoad(EventArgs e)
   在 System.Web.UI.Control.LoadRecursive()
   在 System.Web.UI.Page.ProcessRequestMain(Boolean includeStagesBeforeAsyncPoint, Boolean includeStagesAfterAsyncPoint) 
【错误详情】

＝＝＝＝＝＝＝＝＝＝ 
【日志级别】ERROR 
【记录时间】2016-01-27 15:52:21,962 
【线程编号】[31] 
【执行时间】[824593]毫秒 
【出错文件】d:\zhanglixiangmu\威小宝刷单\Web\Global.asax 
【出错行号】53 
【出错的类】Jnwf.Utils.Log.Logger 属性[(null)] 
【错误描述】发生e`的网页地址：http://localhost:3581/DetailsList.aspx
错误信息：值不能为 null。
参数名: s
堆栈热荩
   在 System.IO.StringReader..ctor(String s)
   在 Newtonsoft.Json.JsonConvert.DeserializeObject(String value, Type type, JsonSerializerSettings settings)
   在 Newtonsoft.Json.JsonConvert.DeserializeObject[T](String value, JsonSerializerSettings settings)
   在 Newtonsoft.Json.JsonConvert.DeserializeObject[T](String value)
   在 Jnwf.Utils.Json.JsonHelper.DeserializeJsonReturnList[T](String s)
   在 desktop_DetailsList.BindData() 位置 d:\zhanglixiangmu\威小宝刷单\Web\DetailsList.aspx.cs:行号 27
   在 desktop_DetailsList.Page_Load(Object sender, EventArgs e) 位置 d:\zhanglixiangmu\威小宝刷单\Web\DetailsList.aspx.cs:行号 17
   在 System.Web.Util.CalliEventHandlerDelegateProxy.Callback(Object sender, EventArgs e)
   在 System.Web.UI.Control.OnLoad(EventArgs e)
   在 System.Web.UI.Control.LoadRecursive()
   在 System.Web.UI.Page.ProcessRequestMain(Boolean includeStagesBeforeAsyncPoint, Boolean includeStagesAfterAsyncPoint) 
【错误详情】

＝＝＝＝＝＝＝＝＝＝ 
【日志级别】ERROR 
【记录时间】2016-01-27 17:37:26,391 
【线程编号】[6] 
【执行时间】[193]毫秒 
【出错文件】d:\zhanglixiangmu\威小宝刷单\Web\Global.asax 
【出错行号】53 
【出错的类】Jnwf.Utils.Log.Logger 属性[(null)] 
【错误描述】发生e`的网页地址：http://localhost:3581/DetailsList.aspx
错误信息：值不能为 null。
参数名: s
堆栈热荩
   在 System.IO.StringReader..ctor(String s)
   在 Newtonsoft.Json.JsonConvert.DeserializeObject(String value, Type type, JsonSerializerSettings settings)
   在 Newtonsoft.Json.JsonConvert.DeserializeObject[T](String value, JsonSerializerSettings settings)
   在 Newtonsoft.Json.JsonConvert.DeserializeObject[T](String value)
   在 Jnwf.Utils.Json.JsonHelper.DeserializeJsonReturnList[T](String s)
   在 desktop_DetailsList.BindData() 位置 d:\zhanglixiangmu\威小宝刷单\Web\DetailsList.aspx.cs:行号 27
   在 desktop_DetailsList.Page_Load(Object sender, EventArgs e) 位置 d:\zhanglixiangmu\威小宝刷单\Web\DetailsList.aspx.cs:行号 17
   在 System.Web.Util.CalliEventHandlerDelegateProxy.Callback(Object sender, EventArgs e)
   在 System.Web.UI.Control.OnLoad(EventArgs e)
   在 System.Web.UI.Control.LoadRecursive()
   在 System.Web.UI.Page.ProcessRequestMain(Boolean includeStagesBeforeAsyncPoint, Boolean includeStagesAfterAsyncPoint) 
【错误详情】

＝＝＝＝＝＝＝＝＝＝ 
【日志级别】ERROR 
【记录时间】2016-01-27 18:01:42,480 
【线程编号】[9] 
【执行时间】[1456281]毫秒 
【出错文件】d:\zhanglixiangmu\威小宝刷单\Web\Global.asax 
【出错行号】53 
【出错的类】Jnwf.Utils.Log.Logger 属性[(null)] 
【错误描述】发生e`的网页地址：http://localhost:3581/DetailsList.aspx
错误信息：值不能为 null。
参数名: s
堆栈热荩
   在 System.IO.StringReader..ctor(String s)
   在 Newtonsoft.Json.JsonConvert.DeserializeObject(String value, Type type, JsonSerializerSettings settings)
   在 Newtonsoft.Json.JsonConvert.DeserializeObject[T](String value, JsonSerializerSettings settings)
   在 Newtonsoft.Json.JsonConvert.DeserializeObject[T](String value)
   在 Jnwf.Utils.Json.JsonHelper.DeserializeJsonReturnList[T](String s)
   在 desktop_DetailsList.BindData() 位置 d:\zhanglixiangmu\威小宝刷单\Web\DetailsList.aspx.cs:行号 27
   在 desktop_DetailsList.Page_Load(Object sender, EventArgs e) 位置 d:\zhanglixiangmu\威小宝刷单\Web\DetailsList.aspx.cs:行号 17
   在 System.Web.Util.CalliEventHandlerDelegateProxy.Callback(Object sender, EventArgs e)
   在 System.Web.UI.Control.OnLoad(EventArgs e)
   在 System.Web.UI.Control.LoadRecursive()
   在 System.Web.UI.Page.ProcessRequestMain(Boolean includeStagesBeforeAsyncPoint, Boolean includeStagesAfterAsyncPoint) 
【错误详情】

＝＝＝＝＝＝＝＝＝＝ 
【日志级别】ERROR 
【记录时间】2016-01-27 18:17:00,223 
【线程编号】[8] 
【执行时间】[75]毫秒 
【出错文件】d:\zhanglixiangmu\威小宝刷单\Web\Global.asax 
【出错行号】53 
【出错的类】Jnwf.Utils.Log.Logger 属性[(null)] 
【错误描述】发生e`的网页地址：http://localhost:3581/DetailsList.aspx
错误信息：值不能为 null。
参数名: s
堆栈热荩
   在 System.IO.StringReader..ctor(String s)
   在 Newtonsoft.Json.JsonConvert.DeserializeObject(String value, Type type, JsonSerializerSettings settings)
   在 Newtonsoft.Json.JsonConvert.DeserializeObject[T](String value, JsonSerializerSettings settings)
   在 Newtonsoft.Json.JsonConvert.DeserializeObject[T](String value)
   在 Jnwf.Utils.Json.JsonHelper.DeserializeJsonReturnList[T](String s)
   在 desktop_DetailsList.BindData() 位置 d:\zhanglixiangmu\威小宝刷单\Web\DetailsList.aspx.cs:行号 27
   在 desktop_DetailsList.Page_Load(Object sender, EventArgs e) 位置 d:\zhanglixiangmu\威小宝刷单\Web\DetailsList.aspx.cs:行号 17
   在 System.Web.Util.CalliEventHandlerDelegateProxy.Callback(Object sender, EventArgs e)
   在 System.Web.UI.Control.OnLoad(EventArgs e)
   在 System.Web.UI.Control.LoadRecursive()
   在 System.Web.UI.Page.ProcessRequestMain(Boolean includeStagesBeforeAsyncPoint, Boolean includeStagesAfterAsyncPoint) 
【错误详情】
