
＝＝＝＝＝＝＝＝＝＝ 
【日志级别】ERROR 
【记录时间】2016-06-06 16:22:57,350 
【线程编号】[5] 
【执行时间】[113]毫秒 
【出错文件】d:\zhanglixiangmu\威小宝刷单\User\Global.asax 
【出错行号】53 
【出错的类】Jnwf.Utils.Log.Logger 属性[(null)] 
【错误描述】发生e`的网页地址：http://localhost:51696/StartExam.aspx
错误信息：未能找到路径“D:\zhanglixiangmu\威小宝刷单\User\examresult\examresult_29.txt”的一部分。
堆栈热荩
   在 System.IO.__Error.WinIOError(Int32 errorCode, String maybeFullPath)
   在 System.IO.FileStream.Init(String path, FileMode mode, FileAccess access, Int32 rights, Boolean useRights, FileShare share, Int32 bufferSize, FileOptions options, SECURITY_ATTRIBUTES secAttrs, String msgPath, Boolean bFromProxy, Boolean useLongPath, Boolean checkHost)
   在 System.IO.FileStream..ctor(String path, FileMode mode, FileAccess access, FileShare share, Int32 bufferSize, FileOptions options, String msgPath, Boolean bFromProxy)
   在 System.IO.FileStream..ctor(String path, FileMode mode)
   在 StartExam.Page_Load(Object sender, EventArgs e) 位置 d:\zhanglixiangmu\威小宝刷单\User\StartExam.aspx.cs:行号 257
   在 System.Web.Util.CalliEventHandlerDelegateProxy.Callback(Object sender, EventArgs e)
   在 System.Web.UI.Control.OnLoad(EventArgs e)
   在 System.Web.UI.Control.LoadRecursive()
   在 System.Web.UI.Page.ProcessRequestMain(Boolean includeStagesBeforeAsyncPoint, Boolean includeStagesAfterAsyncPoint) 
【错误详情】
