
＝＝＝＝＝＝＝＝＝＝ 
【日志级别】ERROR 
【记录时间】2016-03-30 10:02:29,975 
【线程编号】[7] 
【执行时间】[178]毫秒 
【出错文件】d:\zhanglixiangmu\威小宝刷单\User\Global.asax 
【出错行号】53 
【出错的类】Jnwf.Utils.Log.Logger 属性[(null)] 
【错误描述】发生e`的网页地址：http://localhost:51696/users/Index.aspx
错误信息：Id
堆栈热荩
   在 System.Data.ProviderBase.FieldNameLookup.GetOrdinal(String fieldName)
   在 System.Data.SqlClient.SqlDataReader.GetOrdinal(String name)
   在 System.Data.SqlClient.SqlDataReader.get_Item(String name)
   在 Task.DAL.tb_BuyerDataAccessLayer.Populate_tb_BuyerEntity_FromDr(IDataReader dr) 位置 d:\zhanglixiangmu\威小宝刷单\DAL\tb_BuyerDal.cs:行号 266
   在 Task.DAL.tb_BuyerDataAccessLayer.Gettbbuyerall(Int32 userid) 位置 d:\zhanglixiangmu\威小宝刷单\DAL\tb_BuyerDalExt.cs:行号 100
   在 Task.BLL.tb_BuyerBLL.Get_tb_buyer(Int32 userid) 位置 d:\zhanglixiangmu\威小宝刷单\BLL\tb_BuyerLogic.cs:行号 64
   在 MasterPage.Page_Load(Object sender, EventArgs e) 位置 d:\zhanglixiangmu\威小宝刷单\User\MasterPage.master.cs:行号 38
   在 System.Web.Util.CalliEventHandlerDelegateProxy.Callback(Object sender, EventArgs e)
   在 System.Web.UI.Control.OnLoad(EventArgs e)
   在 System.Web.UI.Control.LoadRecursive()
   在 System.Web.UI.Control.LoadRecursive()
   在 System.Web.UI.Page.ProcessRequestMain(Boolean includeStagesBeforeAsyncPoint, Boolean includeStagesAfterAsyncPoint) 
【错误详情】

＝＝＝＝＝＝＝＝＝＝ 
【日志级别】ERROR 
【记录时间】2016-03-30 10:58:13,470 
【线程编号】[5] 
【执行时间】[102]毫秒 
【出错文件】d:\zhanglixiangmu\威小宝刷单\User\Global.asax 
【出错行号】53 
【出错的类】Jnwf.Utils.Log.Logger 属性[(null)] 
【错误描述】发生e`的网页地址：http://localhost:51696/users/index.aspx
错误信息：Id
堆栈热荩
   在 System.Data.ProviderBase.FieldNameLookup.GetOrdinal(String fieldName)
   在 System.Data.SqlClient.SqlDataReader.GetOrdinal(String name)
   在 System.Data.SqlClient.SqlDataReader.get_Item(String name)
   在 Task.DAL.tb_BuyerDataAccessLayer.Populate_tb_BuyerEntity_FromDr(IDataReader dr) 位置 d:\zhanglixiangmu\威小宝刷单\DAL\tb_BuyerDal.cs:行号 266
   在 Task.DAL.tb_BuyerDataAccessLayer.Gettbbuyerall(Int32 userid) 位置 d:\zhanglixiangmu\威小宝刷单\DAL\tb_BuyerDalExt.cs:行号 100
   在 Task.BLL.tb_BuyerBLL.Get_tb_buyer(Int32 userid) 位置 d:\zhanglixiangmu\威小宝刷单\BLL\tb_BuyerLogic.cs:行号 64
   在 MasterPage.Page_Load(Object sender, EventArgs e) 位置 d:\zhanglixiangmu\威小宝刷单\User\MasterPage.master.cs:行号 38
   在 System.Web.Util.CalliEventHandlerDelegateProxy.Callback(Object sender, EventArgs e)
   在 System.Web.UI.Control.OnLoad(EventArgs e)
   在 System.Web.UI.Control.LoadRecursive()
   在 System.Web.UI.Control.LoadRecursive()
   在 System.Web.UI.Page.ProcessRequestMain(Boolean includeStagesBeforeAsyncPoint, Boolean includeStagesAfterAsyncPoint) 
【错误详情】

＝＝＝＝＝＝＝＝＝＝ 
【日志级别】ERROR 
【记录时间】2016-03-30 10:59:30,129 
【线程编号】[7] 
【执行时间】[76760]毫秒 
【出错文件】d:\zhanglixiangmu\威小宝刷单\User\Global.asax 
【出错行号】53 
【出错的类】Jnwf.Utils.Log.Logger 属性[(null)] 
【错误描述】发生e`的网页地址：http://localhost:51696/users/index.aspx
错误信息：Id
堆栈热荩
   在 System.Data.ProviderBase.FieldNameLookup.GetOrdinal(String fieldName)
   在 System.Data.SqlClient.SqlDataReader.GetOrdinal(String name)
   在 System.Data.SqlClient.SqlDataReader.get_Item(String name)
   在 Task.DAL.tb_BuyerDataAccessLayer.Populate_tb_BuyerEntity_FromDr(IDataReader dr) 位置 d:\zhanglixiangmu\威小宝刷单\DAL\tb_BuyerDal.cs:行号 266
   在 Task.DAL.tb_BuyerDataAccessLayer.Gettbbuyerall(Int32 userid) 位置 d:\zhanglixiangmu\威小宝刷单\DAL\tb_BuyerDalExt.cs:行号 100
   在 Task.BLL.tb_BuyerBLL.Get_tb_buyer(Int32 userid) 位置 d:\zhanglixiangmu\威小宝刷单\BLL\tb_BuyerLogic.cs:行号 64
   在 MasterPage.Page_Load(Object sender, EventArgs e) 位置 d:\zhanglixiangmu\威小宝刷单\User\MasterPage.master.cs:行号 38
   在 System.Web.Util.CalliEventHandlerDelegateProxy.Callback(Object sender, EventArgs e)
   在 System.Web.UI.Control.OnLoad(EventArgs e)
   在 System.Web.UI.Control.LoadRecursive()
   在 System.Web.UI.Control.LoadRecursive()
   在 System.Web.UI.Page.ProcessRequestMain(Boolean includeStagesBeforeAsyncPoint, Boolean includeStagesAfterAsyncPoint) 
【错误详情】

＝＝＝＝＝＝＝＝＝＝ 
【日志级别】ERROR 
【记录时间】2016-03-30 11:43:10,454 
【线程编号】[16] 
【执行时间】[399]毫秒 
【出错文件】d:\zhanglixiangmu\威小宝刷单\User\Global.asax 
【出错行号】53 
【出错的类】Jnwf.Utils.Log.Logger 属性[(null)] 
【错误描述】发生e`的网页地址：http://localhost:51696/user/BindBuyer.aspx
错误信息：文件“/user/BindBuyer.aspx”不存在。
堆栈热荩
   在 System.Web.UI.Util.CheckVirtualFileExists(VirtualPath virtualPath)
   在 System.Web.Compilation.BuildManager.GetVPathBuildResultInternal(VirtualPath virtualPath, Boolean noBuild, Boolean allowCrossApp, Boolean allowBuildInPrecompile, Boolean throwIfNotFound, Boolean ensureIsUpToDate)
   在 System.Web.Compilation.BuildManager.GetVPathBuildResultWithNoAssert(HttpContext context, VirtualPath virtualPath, Boolean noBuild, Boolean allowCrossApp, Boolean allowBuildInPrecompile, Boolean throwIfNotFound, Boolean ensureIsUpToDate)
   在 System.Web.Compilation.BuildManager.GetVirtualPathObjectFactory(VirtualPath virtualPath, HttpContext context, Boolean allowCrossApp, Boolean throwIfNotFound)
   在 System.Web.Compilation.BuildManager.CreateInstanceFromVirtualPath(VirtualPath virtualPath, Type requiredBaseType, HttpContext context, Boolean allowCrossApp)
   在 System.Web.UI.PageHandlerFactory.GetHandlerHelper(HttpContext context, String requestType, VirtualPath virtualPath, String physicalPath)
   在 System.Web.UI.PageHandlerFactory.GetHandler(HttpContext context, String requestType, String virtualPath, String path)
   在 System.Web.HttpApplication.MaterializeHandlerExecutionStep.System.Web.HttpApplication.IExecutionStep.Execute()
   在 System.Web.HttpApplication.ExecuteStep(IExecutionStep step, Boolean& completedSynchronously) 
【错误详情】
