
＝＝＝＝＝＝＝＝＝＝ 
【日志级别】ERROR 
【记录时间】2016-03-31 11:08:20,228 
【线程编号】[43] 
【执行时间】[175]毫秒 
【出错文件】d:\zhanglixiangmu\威小宝刷单\User\Global.asax 
【出错行号】53 
【出错的类】Jnwf.Utils.Log.Logger 属性[(null)] 
【错误描述】发生e`的网页地址：http://localhost:51696/users/TradelistShi.aspx?status=1
错误信息：请在配置文件的appSettings中配置'shentime'的值。
堆栈热荩
   在 Jnwf.Utils.Config.ConfigurationUtil.GetAppSettingValue(String configKey, Boolean isThrowExceptionIfNotExist)
   在 Jnwf.Utils.Config.ConfigurationUtil.GetAppSettingValue(String configKey)
   在 users_TradelistShi..cctor() 位置 d:\zhanglixiangmu\威小宝刷单\User\users\TradelistShi.aspx.cs:行号 13 
【错误详情】

＝＝＝＝＝＝＝＝＝＝ 
【日志级别】ERROR 
【记录时间】2016-03-31 12:12:07,077 
【线程编号】[27] 
【执行时间】[174]毫秒 
【出错文件】d:\zhanglixiangmu\威小宝刷单\User\Global.asax 
【出错行号】53 
【出错的类】Jnwf.Utils.Log.Logger 属性[(null)] 
【错误描述】发生e`的网页地址：http://localhost:51696/users/TradelistShi.aspx?status=1
错误信息：该字符串未被识别为有效的 DateTime。
堆栈热荩
   在 System.DateTimeParse.Parse(String s, DateTimeFormatInfo dtfi, DateTimeStyles styles)
   在 System.Convert.ToDateTime(String value)
   在 users_TradelistShi.showtime(String audit, String id, String UserAuditTime) 位置 d:\zhanglixiangmu\威小宝刷单\User\users\TradelistShi.aspx.cs:行号 166
   在 ASP.users_tradelistshi_aspx.__DataBind__control5(Object sender, EventArgs e) 位置 d:\zhanglixiangmu\威小宝刷单\User\users\TradelistShi.aspx:行号 76
   在 System.Web.UI.Control.OnDataBinding(EventArgs e)
   在 System.Web.UI.Control.DataBind(Boolean raiseOnDataBinding)
   在 System.Web.UI.Control.DataBind()
   在 System.Web.UI.Control.DataBindChildren()
   在 System.Web.UI.Control.DataBind(Boolean raiseOnDataBinding)
   在 System.Web.UI.Control.DataBind()
   在 System.Web.UI.WebControls.Repeater.CreateItem(Int32 itemIndex, ListItemType itemType, Boolean dataBind, Object dataItem)
   在 System.Web.UI.WebControls.Repeater.AddDataItemsIntoItemsArray(IEnumerable dataSource, Boolean useDataSource)
   在 System.Web.UI.WebControls.Repeater.PostGetDataAction(IEnumerable dataSource)
   在 System.Web.UI.WebControls.Repeater.CreateControlHierarchy(Boolean useDataSource)
   在 System.Web.UI.WebControls.Repeater.OnDataBinding(EventArgs e)
   在 System.Web.UI.WebControls.Repeater.DataBind()
   在 users_TradelistShi.BindData() 位置 d:\zhanglixiangmu\威小宝刷单\User\users\TradelistShi.aspx.cs:行号 58
   在 users_TradelistShi.Page_Load(Object sender, EventArgs e) 位置 d:\zhanglixiangmu\威小宝刷单\User\users\TradelistShi.aspx.cs:行号 33
   在 System.Web.Util.CalliEventHandlerDelegateProxy.Callback(Object sender, EventArgs e)
   在 System.Web.UI.Control.OnLoad(EventArgs e)
   在 System.Web.UI.Control.LoadRecursive()
   在 System.Web.UI.Page.ProcessRequestMain(Boolean includeStagesBeforeAsyncPoint, Boolean includeStagesAfterAsyncPoint) 
【错误详情】

＝＝＝＝＝＝＝＝＝＝ 
【日志级别】ERROR 
【记录时间】2016-03-31 12:12:19,997 
【线程编号】[20] 
【执行时间】[13093]毫秒 
【出错文件】d:\zhanglixiangmu\威小宝刷单\User\Global.asax 
【出错行号】53 
【出错的类】Jnwf.Utils.Log.Logger 属性[(null)] 
【错误描述】发生e`的网页地址：http://localhost:51696/users/TradelistShi.aspx?status=1
错误信息：该字符串未被识别为有效的 DateTime。
堆栈热荩
   在 System.DateTimeParse.Parse(String s, DateTimeFormatInfo dtfi, DateTimeStyles styles)
   在 System.Convert.ToDateTime(String value)
   在 users_TradelistShi.showtime(String audit, String id, String UserAuditTime) 位置 d:\zhanglixiangmu\威小宝刷单\User\users\TradelistShi.aspx.cs:行号 166
   在 ASP.users_tradelistshi_aspx.__DataBind__control5(Object sender, EventArgs e) 位置 d:\zhanglixiangmu\威小宝刷单\User\users\TradelistShi.aspx:行号 76
   在 System.Web.UI.Control.OnDataBinding(EventArgs e)
   在 System.Web.UI.Control.DataBind(Boolean raiseOnDataBinding)
   在 System.Web.UI.Control.DataBind()
   在 System.Web.UI.Control.DataBindChildren()
   在 System.Web.UI.Control.DataBind(Boolean raiseOnDataBinding)
   在 System.Web.UI.Control.DataBind()
   在 System.Web.UI.WebControls.Repeater.CreateItem(Int32 itemIndex, ListItemType itemType, Boolean dataBind, Object dataItem)
   在 System.Web.UI.WebControls.Repeater.AddDataItemsIntoItemsArray(IEnumerable dataSource, Boolean useDataSource)
   在 System.Web.UI.WebControls.Repeater.PostGetDataAction(IEnumerable dataSource)
   在 System.Web.UI.WebControls.Repeater.CreateControlHierarchy(Boolean useDataSource)
   在 System.Web.UI.WebControls.Repeater.OnDataBinding(EventArgs e)
   在 System.Web.UI.WebControls.Repeater.DataBind()
   在 users_TradelistShi.BindData() 位置 d:\zhanglixiangmu\威小宝刷单\User\users\TradelistShi.aspx.cs:行号 58
   在 users_TradelistShi.Page_Load(Object sender, EventArgs e) 位置 d:\zhanglixiangmu\威小宝刷单\User\users\TradelistShi.aspx.cs:行号 33
   在 System.Web.Util.CalliEventHandlerDelegateProxy.Callback(Object sender, EventArgs e)
   在 System.Web.UI.Control.OnLoad(EventArgs e)
   在 System.Web.UI.Control.LoadRecursive()
   在 System.Web.UI.Page.ProcessRequestMain(Boolean includeStagesBeforeAsyncPoint, Boolean includeStagesAfterAsyncPoint) 
【错误详情】

＝＝＝＝＝＝＝＝＝＝ 
【日志级别】ERROR 
【记录时间】2016-03-31 12:12:55,813 
【线程编号】[21] 
【执行时间】[48910]毫秒 
【出错文件】d:\zhanglixiangmu\威小宝刷单\User\Global.asax 
【出错行号】53 
【出错的类】Jnwf.Utils.Log.Logger 属性[(null)] 
【错误描述】发生e`的网页地址：http://localhost:51696/users/TradelistShi.aspx?status=1
错误信息：该字符串未被识别为有效的 DateTime。
堆栈热荩
   在 System.DateTimeParse.Parse(String s, DateTimeFormatInfo dtfi, DateTimeStyles styles)
   在 System.Convert.ToDateTime(String value)
   在 users_TradelistShi.showtime(String audit, String id, String UserAuditTime) 位置 d:\zhanglixiangmu\威小宝刷单\User\users\TradelistShi.aspx.cs:行号 166
   在 ASP.users_tradelistshi_aspx.__DataBind__control5(Object sender, EventArgs e) 位置 d:\zhanglixiangmu\威小宝刷单\User\users\TradelistShi.aspx:行号 76
   在 System.Web.UI.Control.OnDataBinding(EventArgs e)
   在 System.Web.UI.Control.DataBind(Boolean raiseOnDataBinding)
   在 System.Web.UI.Control.DataBind()
   在 System.Web.UI.Control.DataBindChildren()
   在 System.Web.UI.Control.DataBind(Boolean raiseOnDataBinding)
   在 System.Web.UI.Control.DataBind()
   在 System.Web.UI.WebControls.Repeater.CreateItem(Int32 itemIndex, ListItemType itemType, Boolean dataBind, Object dataItem)
   在 System.Web.UI.WebControls.Repeater.AddDataItemsIntoItemsArray(IEnumerable dataSource, Boolean useDataSource)
   在 System.Web.UI.WebControls.Repeater.PostGetDataAction(IEnumerable dataSource)
   在 System.Web.UI.WebControls.Repeater.CreateControlHierarchy(Boolean useDataSource)
   在 System.Web.UI.WebControls.Repeater.OnDataBinding(EventArgs e)
   在 System.Web.UI.WebControls.Repeater.DataBind()
   在 users_TradelistShi.BindData() 位置 d:\zhanglixiangmu\威小宝刷单\User\users\TradelistShi.aspx.cs:行号 58
   在 users_TradelistShi.Page_Load(Object sender, EventArgs e) 位置 d:\zhanglixiangmu\威小宝刷单\User\users\TradelistShi.aspx.cs:行号 33
   在 System.Web.Util.CalliEventHandlerDelegateProxy.Callback(Object sender, EventArgs e)
   在 System.Web.UI.Control.OnLoad(EventArgs e)
   在 System.Web.UI.Control.LoadRecursive()
   在 System.Web.UI.Page.ProcessRequestMain(Boolean includeStagesBeforeAsyncPoint, Boolean includeStagesAfterAsyncPoint) 
【错误详情】

＝＝＝＝＝＝＝＝＝＝ 
【日志级别】ERROR 
【记录时间】2016-03-31 12:15:21,187 
【线程编号】[21] 
【执行时间】[194283]毫秒 
【出错文件】d:\zhanglixiangmu\威小宝刷单\User\Global.asax 
【出错行号】53 
【出错的类】Jnwf.Utils.Log.Logger 属性[(null)] 
【错误描述】发生e`的网页地址：http://localhost:51696/users/TradelistShi.aspx?status=1
错误信息：该字符串未被识别为有效的 DateTime。
堆栈热荩
   在 System.DateTimeParse.Parse(String s, DateTimeFormatInfo dtfi, DateTimeStyles styles)
   在 System.Convert.ToDateTime(String value)
   在 users_TradelistShi.showtime(String audit, String id, String UserAuditTime) 位置 d:\zhanglixiangmu\威小宝刷单\User\users\TradelistShi.aspx.cs:行号 166
   在 ASP.users_tradelistshi_aspx.__DataBind__control5(Object sender, EventArgs e) 位置 d:\zhanglixiangmu\威小宝刷单\User\users\TradelistShi.aspx:行号 76
   在 System.Web.UI.Control.OnDataBinding(EventArgs e)
   在 System.Web.UI.Control.DataBind(Boolean raiseOnDataBinding)
   在 System.Web.UI.Control.DataBind()
   在 System.Web.UI.Control.DataBindChildren()
   在 System.Web.UI.Control.DataBind(Boolean raiseOnDataBinding)
   在 System.Web.UI.Control.DataBind()
   在 System.Web.UI.WebControls.Repeater.CreateItem(Int32 itemIndex, ListItemType itemType, Boolean dataBind, Object dataItem)
   在 System.Web.UI.WebControls.Repeater.AddDataItemsIntoItemsArray(IEnumerable dataSource, Boolean useDataSource)
   在 System.Web.UI.WebControls.Repeater.PostGetDataAction(IEnumerable dataSource)
   在 System.Web.UI.WebControls.Repeater.CreateControlHierarchy(Boolean useDataSource)
   在 System.Web.UI.WebControls.Repeater.OnDataBinding(EventArgs e)
   在 System.Web.UI.WebControls.Repeater.DataBind()
   在 users_TradelistShi.BindData() 位置 d:\zhanglixiangmu\威小宝刷单\User\users\TradelistShi.aspx.cs:行号 58
   在 users_TradelistShi.Page_Load(Object sender, EventArgs e) 位置 d:\zhanglixiangmu\威小宝刷单\User\users\TradelistShi.aspx.cs:行号 33
   在 System.Web.Util.CalliEventHandlerDelegateProxy.Callback(Object sender, EventArgs e)
   在 System.Web.UI.Control.OnLoad(EventArgs e)
   在 System.Web.UI.Control.LoadRecursive()
   在 System.Web.UI.Page.ProcessRequestMain(Boolean includeStagesBeforeAsyncPoint, Boolean includeStagesAfterAsyncPoint) 
【错误详情】

＝＝＝＝＝＝＝＝＝＝ 
【日志级别】ERROR 
【记录时间】2016-03-31 13:07:37,087 
【线程编号】[16] 
【执行时间】[165]毫秒 
【出错文件】d:\zhanglixiangmu\威小宝刷单\User\Global.asax 
【出错行号】53 
【出错的类】Jnwf.Utils.Log.Logger 属性[(null)] 
【错误描述】发生e`的网页地址：http://localhost:51696/users/TradelistShi.aspx?status=1
错误信息：“minValue”不能大于 maxValue。
参数名: minValue
堆栈热荩
   在 System.Random.Next(Int32 minValue, Int32 maxValue)
   在 users_TradelistShi.showtime(String audit, String id, String UserAuditTime) 位置 d:\zhanglixiangmu\威小宝刷单\User\users\TradelistShi.aspx.cs:行号 169
   在 ASP.users_tradelistshi_aspx.__DataBind__control5(Object sender, EventArgs e) 位置 d:\zhanglixiangmu\威小宝刷单\User\users\TradelistShi.aspx:行号 76
   在 System.Web.UI.Control.OnDataBinding(EventArgs e)
   在 System.Web.UI.Control.DataBind(Boolean raiseOnDataBinding)
   在 System.Web.UI.Control.DataBind()
   在 System.Web.UI.Control.DataBindChildren()
   在 System.Web.UI.Control.DataBind(Boolean raiseOnDataBinding)
   在 System.Web.UI.Control.DataBind()
   在 System.Web.UI.WebControls.Repeater.CreateItem(Int32 itemIndex, ListItemType itemType, Boolean dataBind, Object dataItem)
   在 System.Web.UI.WebControls.Repeater.AddDataItemsIntoItemsArray(IEnumerable dataSource, Boolean useDataSource)
   在 System.Web.UI.WebControls.Repeater.PostGetDataAction(IEnumerable dataSource)
   在 System.Web.UI.WebControls.Repeater.CreateControlHierarchy(Boolean useDataSource)
   在 System.Web.UI.WebControls.Repeater.OnDataBinding(EventArgs e)
   在 System.Web.UI.WebControls.Repeater.DataBind()
   在 users_TradelistShi.BindData() 位置 d:\zhanglixiangmu\威小宝刷单\User\users\TradelistShi.aspx.cs:行号 58
   在 users_TradelistShi.Page_Load(Object sender, EventArgs e) 位置 d:\zhanglixiangmu\威小宝刷单\User\users\TradelistShi.aspx.cs:行号 33
   在 System.Web.Util.CalliEventHandlerDelegateProxy.Callback(Object sender, EventArgs e)
   在 System.Web.UI.Control.OnLoad(EventArgs e)
   在 System.Web.UI.Control.LoadRecursive()
   在 System.Web.UI.Page.ProcessRequestMain(Boolean includeStagesBeforeAsyncPoint, Boolean includeStagesAfterAsyncPoint) 
【错误详情】

＝＝＝＝＝＝＝＝＝＝ 
【日志级别】ERROR 
【记录时间】2016-03-31 13:07:54,307 
【线程编号】[14] 
【执行时间】[17384]毫秒 
【出错文件】d:\zhanglixiangmu\威小宝刷单\User\Global.asax 
【出错行号】53 
【出错的类】Jnwf.Utils.Log.Logger 属性[(null)] 
【错误描述】发生e`的网页地址：http://localhost:51696/users/TradelistShi.aspx?status=1
错误信息：“minValue”不能大于 maxValue。
参数名: minValue
堆栈热荩
   在 System.Random.Next(Int32 minValue, Int32 maxValue)
   在 users_TradelistShi.showtime(String audit, String id, String UserAuditTime) 位置 d:\zhanglixiangmu\威小宝刷单\User\users\TradelistShi.aspx.cs:行号 169
   在 ASP.users_tradelistshi_aspx.__DataBind__control5(Object sender, EventArgs e) 位置 d:\zhanglixiangmu\威小宝刷单\User\users\TradelistShi.aspx:行号 76
   在 System.Web.UI.Control.OnDataBinding(EventArgs e)
   在 System.Web.UI.Control.DataBind(Boolean raiseOnDataBinding)
   在 System.Web.UI.Control.DataBind()
   在 System.Web.UI.Control.DataBindChildren()
   在 System.Web.UI.Control.DataBind(Boolean raiseOnDataBinding)
   在 System.Web.UI.Control.DataBind()
   在 System.Web.UI.WebControls.Repeater.CreateItem(Int32 itemIndex, ListItemType itemType, Boolean dataBind, Object dataItem)
   在 System.Web.UI.WebControls.Repeater.AddDataItemsIntoItemsArray(IEnumerable dataSource, Boolean useDataSource)
   在 System.Web.UI.WebControls.Repeater.PostGetDataAction(IEnumerable dataSource)
   在 System.Web.UI.WebControls.Repeater.CreateControlHierarchy(Boolean useDataSource)
   在 System.Web.UI.WebControls.Repeater.OnDataBinding(EventArgs e)
   在 System.Web.UI.WebControls.Repeater.DataBind()
   在 users_TradelistShi.BindData() 位置 d:\zhanglixiangmu\威小宝刷单\User\users\TradelistShi.aspx.cs:行号 58
   在 users_TradelistShi.Page_Load(Object sender, EventArgs e) 位置 d:\zhanglixiangmu\威小宝刷单\User\users\TradelistShi.aspx.cs:行号 33
   在 System.Web.Util.CalliEventHandlerDelegateProxy.Callback(Object sender, EventArgs e)
   在 System.Web.UI.Control.OnLoad(EventArgs e)
   在 System.Web.UI.Control.LoadRecursive()
   在 System.Web.UI.Page.ProcessRequestMain(Boolean includeStagesBeforeAsyncPoint, Boolean includeStagesAfterAsyncPoint) 
【错误详情】

＝＝＝＝＝＝＝＝＝＝ 
【日志级别】ERROR 
【记录时间】2016-03-31 13:38:53,896 
【线程编号】[34] 
【执行时间】[175]毫秒 
【出错文件】d:\zhanglixiangmu\威小宝刷单\User\Global.asax 
【出错行号】53 
【出错的类】Jnwf.Utils.Log.Logger 属性[(null)] 
【错误描述】发生e`的网页地址：http://localhost:51696/users/TradelistShi.aspx?status=1
错误信息：d:\zhanglixiangmu\威小宝刷单\User\users\TradelistShi.aspx(132): error CS0103: 当前上下文中不存在名称“shentime”
堆栈热荩
   在 System.Web.Compilation.BuildManager.CompileWebFile(VirtualPath virtualPath)
   在 System.Web.Compilation.BuildManager.GetVPathBuildResultInternal(VirtualPath virtualPath, Boolean noBuild, Boolean allowCrossApp, Boolean allowBuildInPrecompile, Boolean throwIfNotFound, Boolean ensureIsUpToDate)
   在 System.Web.Compilation.BuildManager.GetVPathBuildResultWithNoAssert(HttpContext context, VirtualPath virtualPath, Boolean noBuild, Boolean allowCrossApp, Boolean allowBuildInPrecompile, Boolean throwIfNotFound, Boolean ensureIsUpToDate)
   在 System.Web.Compilation.BuildManager.GetVirtualPathObjectFactory(VirtualPath virtualPath, HttpContext context, Boolean allowCrossApp, Boolean throwIfNotFound)
   在 System.Web.Compilation.BuildManager.CreateInstanceFromVirtualPath(VirtualPath virtualPath, Type requiredBaseType, HttpContext context, Boolean allowCrossApp)
   在 System.Web.UI.PageHandlerFactory.GetHandlerHelper(HttpContext context, String requestType, VirtualPath virtualPath, String physicalPath)
   在 System.Web.UI.PageHandlerFactory.GetHandler(HttpContext context, String requestType, String virtualPath, String path)
   在 System.Web.HttpApplication.MaterializeHandlerExecutionStep.System.Web.HttpApplication.IExecutionStep.Execute()
   在 System.Web.HttpApplication.ExecuteStep(IExecutionStep step, Boolean& completedSynchronously) 
【错误详情】

＝＝＝＝＝＝＝＝＝＝ 
【日志级别】ERROR 
【记录时间】2016-03-31 17:10:11,848 
【线程编号】[7] 
【执行时间】[142]毫秒 
【出错文件】d:\zhanglixiangmu\威小宝刷单\User\Global.asax 
【出错行号】53 
【出错的类】Jnwf.Utils.Log.Logger 属性[(null)] 
【错误描述】发生e`的网页地址：http://localhost:51696/users/TradelistShi.aspx?status=6
错误信息：d:\zhanglixiangmu\威小宝刷单\User\users\TradelistShi.aspx.cs(169): error CS0019: 运算符“!=”无法应用于“string”和“int”类型的操作数
堆栈热荩
   在 System.Web.Compilation.BuildManager.CompileWebFile(VirtualPath virtualPath)
   在 System.Web.Compilation.BuildManager.GetVPathBuildResultInternal(VirtualPath virtualPath, Boolean noBuild, Boolean allowCrossApp, Boolean allowBuildInPrecompile, Boolean throwIfNotFound, Boolean ensureIsUpToDate)
   在 System.Web.Compilation.BuildManager.GetVPathBuildResultWithNoAssert(HttpContext context, VirtualPath virtualPath, Boolean noBuild, Boolean allowCrossApp, Boolean allowBuildInPrecompile, Boolean throwIfNotFound, Boolean ensureIsUpToDate)
   在 System.Web.Compilation.BuildManager.GetVirtualPathObjectFactory(VirtualPath virtualPath, HttpContext context, Boolean allowCrossApp, Boolean throwIfNotFound)
   在 System.Web.Compilation.BuildManager.CreateInstanceFromVirtualPath(VirtualPath virtualPath, Type requiredBaseType, HttpContext context, Boolean allowCrossApp)
   在 System.Web.UI.PageHandlerFactory.GetHandlerHelper(HttpContext context, String requestType, VirtualPath virtualPath, String physicalPath)
   在 System.Web.UI.PageHandlerFactory.GetHandler(HttpContext context, String requestType, String virtualPath, String path)
   在 System.Web.HttpApplication.MaterializeHandlerExecutionStep.System.Web.HttpApplication.IExecutionStep.Execute()
   在 System.Web.HttpApplication.ExecuteStep(IExecutionStep step, Boolean& completedSynchronously) 
【错误详情】

＝＝＝＝＝＝＝＝＝＝ 
【日志级别】ERROR 
【记录时间】2016-03-31 17:35:08,042 
【线程编号】[7] 
【执行时间】[82]毫秒 
【出错文件】d:\zhanglixiangmu\威小宝刷单\User\Global.asax 
【出错行号】53 
【出错的类】Jnwf.Utils.Log.Logger 属性[(null)] 
【错误描述】发生e`的网页地址：http://localhost:51696/users/TtadelistYong.aspx
错误信息：d:\zhanglixiangmu\威小宝刷单\User\users\TtadelistYong.aspx.cs(86): error CS0161: “users_TtadelistYong.showStatus(int, string)”: 并非所有的代码路径都返回值
堆栈热荩
   在 System.Web.Compilation.BuildManager.PostProcessFoundBuildResult(BuildResult result, Boolean keyFromVPP, VirtualPath virtualPath)
   在 System.Web.Compilation.BuildManager.GetBuildResultFromCacheInternal(String cacheKey, Boolean keyFromVPP, VirtualPath virtualPath, Int64 hashCode, Boolean ensureIsUpToDate)
   在 System.Web.Compilation.BuildManager.GetVPathBuildResultFromCacheInternal(VirtualPath virtualPath, Boolean ensureIsUpToDate)
   在 System.Web.Compilation.BuildManager.GetVPathBuildResultInternal(VirtualPath virtualPath, Boolean noBuild, Boolean allowCrossApp, Boolean allowBuildInPrecompile, Boolean throwIfNotFound, Boolean ensureIsUpToDate)
   在 System.Web.Compilation.BuildManager.GetVPathBuildResultWithNoAssert(HttpContext context, VirtualPath virtualPath, Boolean noBuild, Boolean allowCrossApp, Boolean allowBuildInPrecompile, Boolean throwIfNotFound, Boolean ensureIsUpToDate)
   在 System.Web.Compilation.BuildManager.GetVirtualPathObjectFactory(VirtualPath virtualPath, HttpContext context, Boolean allowCrossApp, Boolean throwIfNotFound)
   在 System.Web.Compilation.BuildManager.CreateInstanceFromVirtualPath(VirtualPath virtualPath, Type requiredBaseType, HttpContext context, Boolean allowCrossApp)
   在 System.Web.UI.PageHandlerFactory.GetHandlerHelper(HttpContext context, String requestType, VirtualPath virtualPath, String physicalPath)
   在 System.Web.UI.PageHandlerFactory.GetHandler(HttpContext context, String requestType, String virtualPath, String path)
   在 System.Web.HttpApplication.MaterializeHandlerExecutionStep.System.Web.HttpApplication.IExecutionStep.Execute()
   在 System.Web.HttpApplication.ExecuteStep(IExecutionStep step, Boolean& completedSynchronously) 
【错误详情】
