
＝＝＝＝＝＝＝＝＝＝ 
【日志级别】ERROR 
【记录时间】2016-03-17 14:27:52,731 
【线程编号】[6] 
【执行时间】[122]毫秒 
【出错文件】e:\localhost_6108\user\Index.aspx.cs 
【出错行号】36 
【出错的类】Jnwf.Utils.Log.Logger 属性[(null)] 
【错误描述】test|37||123123 
【错误详情】

＝＝＝＝＝＝＝＝＝＝ 
【日志级别】ERROR 
【记录时间】2016-03-17 15:04:11,843 
【线程编号】[42] 
【执行时间】[2179233]毫秒 
【出错文件】e:\localhost_6108\user\Index.aspx.cs 
【出错行号】36 
【出错的类】Jnwf.Utils.Log.Logger 属性[(null)] 
【错误描述】test|37||123123 
【错误详情】

＝＝＝＝＝＝＝＝＝＝ 
【日志级别】ERROR 
【记录时间】2016-03-17 15:04:29,714 
【线程编号】[44] 
【执行时间】[2197104]毫秒 
【出错文件】e:\localhost_6108\user\Index.aspx.cs 
【出错行号】36 
【出错的类】Jnwf.Utils.Log.Logger 属性[(null)] 
【错误描述】test|37||123123 
【错误详情】

＝＝＝＝＝＝＝＝＝＝ 
【日志级别】ERROR 
【记录时间】2016-03-17 15:18:13,536 
【线程编号】[29] 
【执行时间】[128]毫秒 
【出错文件】e:\localhost_6108\user\Index.aspx.cs 
【出错行号】36 
【出错的类】Jnwf.Utils.Log.Logger 属性[(null)] 
【错误描述】test|37||123123 
【错误详情】

＝＝＝＝＝＝＝＝＝＝ 
【日志级别】ERROR 
【记录时间】2016-03-17 15:19:12,376 
【线程编号】[29] 
【执行时间】[67]毫秒 
【出错文件】e:\localhost_6108\user\Index.aspx.cs 
【出错行号】36 
【出错的类】Jnwf.Utils.Log.Logger 属性[(null)] 
【错误描述】test|37||123123 
【错误详情】

＝＝＝＝＝＝＝＝＝＝ 
【日志级别】ERROR 
【记录时间】2016-03-17 15:19:27,835 
【线程编号】[31] 
【执行时间】[15526]毫秒 
【出错文件】e:\localhost_6108\user\Index.aspx.cs 
【出错行号】36 
【出错的类】Jnwf.Utils.Log.Logger 属性[(null)] 
【错误描述】test|37||123123 
【错误详情】

＝＝＝＝＝＝＝＝＝＝ 
【日志级别】ERROR 
【记录时间】2016-03-17 15:21:06,728 
【线程编号】[33] 
【执行时间】[114418]毫秒 
【出错文件】e:\localhost_6108\user\Index.aspx.cs 
【出错行号】36 
【出错的类】Jnwf.Utils.Log.Logger 属性[(null)] 
【错误描述】test|37||123123 
【错误详情】

＝＝＝＝＝＝＝＝＝＝ 
【日志级别】ERROR 
【记录时间】2016-03-17 15:23:03,041 
【线程编号】[42] 
【执行时间】[230731]毫秒 
【出错文件】e:\localhost_6108\user\Index.aspx.cs 
【出错行号】36 
【出错的类】Jnwf.Utils.Log.Logger 属性[(null)] 
【错误描述】test|37||123123 
【错误详情】

＝＝＝＝＝＝＝＝＝＝ 
【日志级别】ERROR 
【记录时间】2016-03-17 15:23:43,233 
【线程编号】[42] 
【执行时间】[270923]毫秒 
【出错文件】e:\localhost_6108\user\Index.aspx.cs 
【出错行号】36 
【出错的类】Jnwf.Utils.Log.Logger 属性[(null)] 
【错误描述】test|37||123123 
【错误详情】

＝＝＝＝＝＝＝＝＝＝ 
【日志级别】ERROR 
【记录时间】2016-03-17 15:24:35,322 
【线程编号】[29] 
【执行时间】[323012]毫秒 
【出错文件】e:\localhost_6108\user\Index.aspx.cs 
【出错行号】36 
【出错的类】Jnwf.Utils.Log.Logger 属性[(null)] 
【错误描述】test|37||123123 
【错误详情】

＝＝＝＝＝＝＝＝＝＝ 
【日志级别】ERROR 
【记录时间】2016-03-17 15:26:08,719 
【线程编号】[5] 
【执行时间】[306]毫秒 
【出错文件】e:\localhost_6108\user\Index.aspx.cs 
【出错行号】36 
【出错的类】Jnwf.Utils.Log.Logger 属性[(null)] 
【错误描述】test|37||123123 
【错误详情】

＝＝＝＝＝＝＝＝＝＝ 
【日志级别】ERROR 
【记录时间】2016-03-17 15:26:49,270 
【线程编号】[5] 
【执行时间】[40856]毫秒 
【出错文件】e:\localhost_6108\user\Index.aspx.cs 
【出错行号】36 
【出错的类】Jnwf.Utils.Log.Logger 属性[(null)] 
【错误描述】test|37||123123 
【错误详情】

＝＝＝＝＝＝＝＝＝＝ 
【日志级别】ERROR 
【记录时间】2016-03-17 15:28:39,619 
【线程编号】[5] 
【执行时间】[151205]毫秒 
【出错文件】e:\localhost_6108\user\Index.aspx.cs 
【出错行号】36 
【出错的类】Jnwf.Utils.Log.Logger 属性[(null)] 
【错误描述】test|37||123123 
【错误详情】

＝＝＝＝＝＝＝＝＝＝ 
【日志级别】ERROR 
【记录时间】2016-03-17 15:34:09,674 
【线程编号】[5] 
【执行时间】[481260]毫秒 
【出错文件】e:\localhost_6108\user\Index.aspx.cs 
【出错行号】36 
【出错的类】Jnwf.Utils.Log.Logger 属性[(null)] 
【错误描述】test|37||123123 
【错误详情】

＝＝＝＝＝＝＝＝＝＝ 
【日志级别】ERROR 
【记录时间】2016-03-17 15:41:38,668 
【线程编号】[18] 
【执行时间】[930254]毫秒 
【出错文件】e:\localhost_6108\user\Index.aspx.cs 
【出错行号】36 
【出错的类】Jnwf.Utils.Log.Logger 属性[(null)] 
【错误描述】test|37||123123 
【错误详情】

＝＝＝＝＝＝＝＝＝＝ 
【日志级别】ERROR 
【记录时间】2016-03-17 15:47:22,009 
【线程编号】[19] 
【执行时间】[1273595]毫秒 
【出错文件】e:\localhost_6108\user\Index.aspx.cs 
【出错行号】36 
【出错的类】Jnwf.Utils.Log.Logger 属性[(null)] 
【错误描述】test|37||123123 
【错误详情】

＝＝＝＝＝＝＝＝＝＝ 
【日志级别】ERROR 
【记录时间】2016-03-17 15:47:28,010 
【线程编号】[19] 
【执行时间】[1279597]毫秒 
【出错文件】e:\localhost_6108\user\Index.aspx.cs 
【出错行号】36 
【出错的类】Jnwf.Utils.Log.Logger 属性[(null)] 
【错误描述】test|37||123123 
【错误详情】

＝＝＝＝＝＝＝＝＝＝ 
【日志级别】ERROR 
【记录时间】2016-03-17 16:12:32,261 
【线程编号】[51] 
【执行时间】[2783847]毫秒 
【出错文件】e:\localhost_6108\user\Index.aspx.cs 
【出错行号】36 
【出错的类】Jnwf.Utils.Log.Logger 属性[(null)] 
【错误描述】test|37||123123 
【错误详情】

＝＝＝＝＝＝＝＝＝＝ 
【日志级别】ERROR 
【记录时间】2016-03-17 16:50:58,406 
【线程编号】[92] 
【执行时间】[5089992]毫秒 
【出错文件】e:\localhost_6108\user\Index.aspx.cs 
【出错行号】36 
【出错的类】Jnwf.Utils.Log.Logger 属性[(null)] 
【错误描述】test|37||123123 
【错误详情】

＝＝＝＝＝＝＝＝＝＝ 
【日志级别】ERROR 
【记录时间】2016-03-17 17:03:32,839 
【线程编号】[95] 
【执行时间】[5844425]毫秒 
【出错文件】e:\localhost_6108\user\Index.aspx.cs 
【出错行号】36 
【出错的类】Jnwf.Utils.Log.Logger 属性[(null)] 
【错误描述】test|37||123123 
【错误详情】

＝＝＝＝＝＝＝＝＝＝ 
【日志级别】ERROR 
【记录时间】2016-03-17 17:10:54,000 
【线程编号】[93] 
【执行时间】[6285586]毫秒 
【出错文件】e:\localhost_6108\user\Index.aspx.cs 
【出错行号】36 
【出错的类】Jnwf.Utils.Log.Logger 属性[(null)] 
【错误描述】test|37||123123 
【错误详情】

＝＝＝＝＝＝＝＝＝＝ 
【日志级别】ERROR 
【记录时间】2016-03-17 18:13:32,226 
【线程编号】[6] 
【执行时间】[120]毫秒 
【出错文件】e:\localhost_6108\user\Index.aspx.cs 
【出错行号】36 
【出错的类】Jnwf.Utils.Log.Logger 属性[(null)] 
【错误描述】zhangli|29||123123 
【错误详情】

＝＝＝＝＝＝＝＝＝＝ 
【日志级别】ERROR 
【记录时间】2016-03-17 19:32:39,786 
【线程编号】[6] 
【执行时间】[196]毫秒 
【出错文件】e:\localhost_6108\user\Index.aspx.cs 
【出错行号】36 
【出错的类】Jnwf.Utils.Log.Logger 属性[(null)] 
【错误描述】zcy123123|19|zcy|123123 
【错误详情】

＝＝＝＝＝＝＝＝＝＝ 
【日志级别】ERROR 
【记录时间】2016-03-17 19:33:11,289 
【线程编号】[10] 
【执行时间】[31698]毫秒 
【出错文件】e:\localhost_6108\user\Index.aspx.cs 
【出错行号】36 
【出错的类】Jnwf.Utils.Log.Logger 属性[(null)] 
【错误描述】test|37||123123 
【错误详情】

＝＝＝＝＝＝＝＝＝＝ 
【日志级别】ERROR 
【记录时间】2016-03-17 19:33:49,184 
【线程编号】[10] 
【执行时间】[69593]毫秒 
【出错文件】e:\localhost_6108\busines\TradeShilist.aspx.cs 
【出错行号】68 
【出错的类】Jnwf.Utils.Log.Logger 属性[(null)] 
【错误描述】tradeshilist.aspx.audittongguo,value:0 
【错误详情】

＝＝＝＝＝＝＝＝＝＝ 
【日志级别】ERROR 
【记录时间】2016-03-17 19:40:14,296 
【线程编号】[11] 
【执行时间】[454706]毫秒 
【出错文件】e:\localhost_6108\busines\TradeShilist.aspx.cs 
【出错行号】68 
【出错的类】Jnwf.Utils.Log.Logger 属性[(null)] 
【错误描述】tradeshilist.aspx.audittongguo,value:5 
【错误详情】

＝＝＝＝＝＝＝＝＝＝ 
【日志级别】ERROR 
【记录时间】2016-03-17 19:42:07,669 
【线程编号】[6] 
【执行时间】[568079]毫秒 
【出错文件】e:\localhost_6108\busines\TradeShilist.aspx.cs 
【出错行号】68 
【出错的类】Jnwf.Utils.Log.Logger 属性[(null)] 
【错误描述】tradeshilist.aspx.audittongguo,value:5 
【错误详情】

＝＝＝＝＝＝＝＝＝＝ 
【日志级别】ERROR 
【记录时间】2016-03-17 19:42:41,987 
【线程编号】[11] 
【执行时间】[602397]毫秒 
【出错文件】e:\localhost_6108\busines\TradeShilist.aspx.cs 
【出错行号】68 
【出错的类】Jnwf.Utils.Log.Logger 属性[(null)] 
【错误描述】tradeshilist.aspx.audittongguo,value:1 
【错误详情】

＝＝＝＝＝＝＝＝＝＝ 
【日志级别】ERROR 
【记录时间】2016-03-17 19:43:08,391 
【线程编号】[10] 
【执行时间】[628801]毫秒 
【出错文件】e:\localhost_6108\busines\TradeShilist.aspx.cs 
【出错行号】68 
【出错的类】Jnwf.Utils.Log.Logger 属性[(null)] 
【错误描述】tradeshilist.aspx.audittongguo,value:1 
【错误详情】
