
＝＝＝＝＝＝＝＝＝＝ 
【日志级别】ERROR 
【记录时间】2016-03-26 16:10:05,111 
【线程编号】[8] 
【执行时间】[124]毫秒 
【出错文件】c:\Users\v\Documents\Visual Studio 2012\WebSites\Admin1\user\Index.aspx.cs 
【出错行号】35 
【出错的类】Jnwf.Utils.Log.Logger 属性[(null)] 
【错误描述】zcy123123|19|zcy|123123 
【错误详情】

＝＝＝＝＝＝＝＝＝＝ 
【日志级别】ERROR 
【记录时间】2016-03-26 17:22:00,274 
【线程编号】[42] 
【执行时间】[4315288]毫秒 
【出错文件】c:\Users\v\Documents\Visual Studio 2012\WebSites\Admin1\user\Index.aspx.cs 
【出错行号】35 
【出错的类】Jnwf.Utils.Log.Logger 属性[(null)] 
【错误描述】zcy123123|19|zcy|123123 
【错误详情】
