
＝＝＝＝＝＝＝＝＝＝ 
【日志级别】ERROR 
【记录时间】2016-05-11 16:48:51,857 
【线程编号】[41] 
【执行时间】[314]毫秒 
【出错文件】d:\zhanglixiangmu\威小宝刷单\Admin\busines\TradeShilist.aspx.cs 
【出错行号】69 
【出错的类】Jnwf.Utils.Log.Logger 属性[(null)] 
【错误描述】tradeshilist.aspx.audittongguo,value:0 
【错误详情】

＝＝＝＝＝＝＝＝＝＝ 
【日志级别】ERROR 
【记录时间】2016-05-11 16:48:57,072 
【线程编号】[43] 
【执行时间】[5529]毫秒 
【出错文件】d:\zhanglixiangmu\威小宝刷单\Admin\busines\TradeShilist.aspx.cs 
【出错行号】69 
【出错的类】Jnwf.Utils.Log.Logger 属性[(null)] 
【错误描述】tradeshilist.aspx.audittongguo,value:1 
【错误详情】
