
＝＝＝＝＝＝＝＝＝＝ 
【日志级别】ERROR 
【记录时间】2016-05-16 16:18:45,769 
【线程编号】[20] 
【执行时间】[99]毫秒 
【出错文件】d:\zhanglixiangmu\威小宝刷单\Admin\user\Index.aspx.cs 
【出错行号】36 
【出错的类】Jnwf.Utils.Log.Logger 属性[(null)] 
【错误描述】zcy123123|19|zcy|123123 
【错误详情】

＝＝＝＝＝＝＝＝＝＝ 
【日志级别】ERROR 
【记录时间】2016-05-16 17:25:15,901 
【线程编号】[23] 
【执行时间】[3990231]毫秒 
【出错文件】d:\zhanglixiangmu\威小宝刷单\Admin\user\Index.aspx.cs 
【出错行号】36 
【出错的类】Jnwf.Utils.Log.Logger 属性[(null)] 
【错误描述】zcy123123|19|zcy|123123 
【错误详情】

＝＝＝＝＝＝＝＝＝＝ 
【日志级别】ERROR 
【记录时间】2016-05-16 17:25:28,047 
【线程编号】[12] 
【执行时间】[4002377]毫秒 
【出错文件】d:\zhanglixiangmu\威小宝刷单\Admin\busines\TradeShilist.aspx.cs 
【出错行号】69 
【出错的类】Jnwf.Utils.Log.Logger 属性[(null)] 
【错误描述】tradeshilist.aspx.audittongguo,value:3 
【错误详情】
