
＝＝＝＝＝＝＝＝＝＝ 
【日志级别】ERROR 
【记录时间】2016-05-10 11:30:07,251 
【线程编号】[6] 
【执行时间】[225]毫秒 
【出错文件】d:\zhanglixiangmu\威小宝刷单\Admin\user\Index.aspx.cs 
【出错行号】36 
【出错的类】Jnwf.Utils.Log.Logger 属性[(null)] 
【错误描述】zcy123123|19|zcy|123123 
【错误详情】

＝＝＝＝＝＝＝＝＝＝ 
【日志级别】ERROR 
【记录时间】2016-05-10 11:30:37,329 
【线程编号】[5] 
【执行时间】[30303]毫秒 
【出错文件】d:\zhanglixiangmu\威小宝刷单\Admin\busines\TradeShilist.aspx.cs 
【出错行号】69 
【出错的类】Jnwf.Utils.Log.Logger 属性[(null)] 
【错误描述】tradeshilist.aspx.audittongguo,value:0 
【错误详情】

＝＝＝＝＝＝＝＝＝＝ 
【日志级别】ERROR 
【记录时间】2016-05-10 11:33:00,174 
【线程编号】[6] 
【执行时间】[173148]毫秒 
【出错文件】d:\zhanglixiangmu\威小宝刷单\Admin\busines\TradeShilist.aspx.cs 
【出错行号】69 
【出错的类】Jnwf.Utils.Log.Logger 属性[(null)] 
【错误描述】tradeshilist.aspx.audittongguo,value:0 
【错误详情】

＝＝＝＝＝＝＝＝＝＝ 
【日志级别】ERROR 
【记录时间】2016-05-10 11:56:21,939 
【线程编号】[21] 
【执行时间】[1574913]毫秒 
【出错文件】d:\zhanglixiangmu\威小宝刷单\Admin\user\Index.aspx.cs 
【出错行号】36 
【出错的类】Jnwf.Utils.Log.Logger 属性[(null)] 
【错误描述】zcy123123|19|zcy|123123 
【错误详情】

＝＝＝＝＝＝＝＝＝＝ 
【日志级别】ERROR 
【记录时间】2016-05-10 11:56:30,214 
【线程编号】[21] 
【执行时间】[1583188]毫秒 
【出错文件】d:\zhanglixiangmu\威小宝刷单\Admin\busines\TradeShilist.aspx.cs 
【出错行号】69 
【出错的类】Jnwf.Utils.Log.Logger 属性[(null)] 
【错误描述】tradeshilist.aspx.audittongguo,value:2 
【错误详情】

＝＝＝＝＝＝＝＝＝＝ 
【日志级别】ERROR 
【记录时间】2016-05-10 14:15:10,067 
【线程编号】[35] 
【执行时间】[9903041]毫秒 
【出错文件】d:\zhanglixiangmu\威小宝刷单\Admin\user\Index.aspx.cs 
【出错行号】36 
【出错的类】Jnwf.Utils.Log.Logger 属性[(null)] 
【错误描述】zcy123123|19|zcy|123123 
【错误详情】

＝＝＝＝＝＝＝＝＝＝ 
【日志级别】ERROR 
【记录时间】2016-05-10 14:56:44,028 
【线程编号】[7] 
【执行时间】[142]毫秒 
【出错文件】d:\zhanglixiangmu\威小宝刷单\Admin\user\Index.aspx.cs 
【出错行号】36 
【出错的类】Jnwf.Utils.Log.Logger 属性[(null)] 
【错误描述】zcy123123|19|zcy|123123 
【错误详情】

＝＝＝＝＝＝＝＝＝＝ 
【日志级别】ERROR 
【记录时间】2016-05-10 14:59:03,672 
【线程编号】[6] 
【执行时间】[139787]毫秒 
【出错文件】d:\zhanglixiangmu\威小宝刷单\Admin\data\data.aspx.cs 
【出错行号】153 
【出错的类】Jnwf.Utils.Log.Logger 属性[(null)] 
【错误描述】addCommission:索引超出了数组界限。|   在 Task.DAL.tb_TaskDataAccessLayer.ShenHeTask(Int32 id, Int32 activeType) 位置 d:\zhanglixiangmu\威小宝刷单\DAL\tb_TaskDalExt.cs:行号 97
   在 Task.BLL.tb_TaskBLL.shenheTask(Int32 id, Int32 activeType) 位置 d:\zhanglixiangmu\威小宝刷单\BLL\tb_TaskLogic.cs:行号 53
   在 data_data.addCommission(String platForm, String activeMethod, String activeName, String url, String guanjianci, String seller, String productType, String price, String productNum, String activeNum, String commissionPrice, String guaranteePrice, String productImage, String listImage, String activeType, String message) 位置 d:\zhanglixiangmu\威小宝刷单\Admin\data\data.aspx.cs:行号 143 
【错误详情】

＝＝＝＝＝＝＝＝＝＝ 
【日志级别】ERROR 
【记录时间】2016-05-10 15:01:59,611 
【线程编号】[7] 
【执行时间】[158]毫秒 
【出错文件】d:\zhanglixiangmu\威小宝刷单\Admin\data\data.aspx.cs 
【出错行号】153 
【出错的类】Jnwf.Utils.Log.Logger 属性[(null)] 
【错误描述】addCommission:过程或函数 'pro_ShenheTask' 需要参数 '@taskid'，但未提供该参数。|   在 Task.DAL.tb_TaskDataAccessLayer.ShenHeTask(Int32 id, Int32 activeType) 位置 d:\zhanglixiangmu\威小宝刷单\DAL\tb_TaskDalExt.cs:行号 106
   在 Task.BLL.tb_TaskBLL.shenheTask(Int32 id, Int32 activeType) 位置 d:\zhanglixiangmu\威小宝刷单\BLL\tb_TaskLogic.cs:行号 53
   在 data_data.addCommission(String platForm, String activeMethod, String activeName, String url, String guanjianci, String seller, String productType, String price, String productNum, String activeNum, String commissionPrice, String guaranteePrice, String productImage, String listImage, String activeType, String message) 位置 d:\zhanglixiangmu\威小宝刷单\Admin\data\data.aspx.cs:行号 143 
【错误详情】

＝＝＝＝＝＝＝＝＝＝ 
【日志级别】ERROR 
【记录时间】2016-05-10 15:18:34,191 
【线程编号】[37] 
【执行时间】[994737]毫秒 
【出错文件】d:\zhanglixiangmu\威小宝刷单\Admin\user\Index.aspx.cs 
【出错行号】36 
【出错的类】Jnwf.Utils.Log.Logger 属性[(null)] 
【错误描述】zcy123123|19|zcy|123123 
【错误详情】

＝＝＝＝＝＝＝＝＝＝ 
【日志级别】ERROR 
【记录时间】2016-05-10 15:18:40,554 
【线程编号】[34] 
【执行时间】[1001101]毫秒 
【出错文件】d:\zhanglixiangmu\威小宝刷单\Admin\busines\addGoodsb.aspx.cs 
【出错行号】28 
【出错的类】Jnwf.Utils.Log.Logger 属性[(null)] 
【错误描述】abdan:ASPSESSID:zjl4yhcanb1hdysxqo0hhxmg 
【错误详情】

＝＝＝＝＝＝＝＝＝＝ 
【日志级别】ERROR 
【记录时间】2016-05-10 15:18:40,556 
【线程编号】[34] 
【执行时间】[1001103]毫秒 
【出错文件】d:\zhanglixiangmu\威小宝刷单\Admin\busines\addGoodsb.aspx.cs 
【出错行号】29 
【出错的类】Jnwf.Utils.Log.Logger 属性[(null)] 
【错误描述】abdan:AUTHID:F77228EF583737691B9F1203E42DA7A33EB1A41312E43813409D9F08594547F86F40C79810E38C560317FCD2657A18493D3ED4E6646AD5D78550470ED21153321E0CB6AFBD933E3D311B669B7493CF8E0B32CD23AFDD7CE6C9F81462CA066F3000FEB70AB2F59A2ECC52D75E029B1F6A27E9EB79B38AD1D5005C7CE39C7D799B7C46E2BAB7EA81F4275F0051FFF13EB2A2BEDD6EE502A6778EDC88CCF0624577D12E2D00E58B85B147E9CB5B15496C686AC6FE58E9D6AC12C9E92C60D7336B96 
【错误详情】

＝＝＝＝＝＝＝＝＝＝ 
【日志级别】ERROR 
【记录时间】2016-05-10 15:22:28,875 
【线程编号】[44] 
【执行时间】[1229422]毫秒 
【出错文件】d:\zhanglixiangmu\威小宝刷单\Admin\busines\addGoodsb.aspx.cs 
【出错行号】28 
【出错的类】Jnwf.Utils.Log.Logger 属性[(null)] 
【错误描述】abdan:ASPSESSID:zjl4yhcanb1hdysxqo0hhxmg 
【错误详情】

＝＝＝＝＝＝＝＝＝＝ 
【日志级别】ERROR 
【记录时间】2016-05-10 15:22:28,879 
【线程编号】[44] 
【执行时间】[1229426]毫秒 
【出错文件】d:\zhanglixiangmu\威小宝刷单\Admin\busines\addGoodsb.aspx.cs 
【出错行号】29 
【出错的类】Jnwf.Utils.Log.Logger 属性[(null)] 
【错误描述】abdan:AUTHID:F77228EF583737691B9F1203E42DA7A33EB1A41312E43813409D9F08594547F86F40C79810E38C560317FCD2657A18493D3ED4E6646AD5D78550470ED21153321E0CB6AFBD933E3D311B669B7493CF8E0B32CD23AFDD7CE6C9F81462CA066F3000FEB70AB2F59A2ECC52D75E029B1F6A27E9EB79B38AD1D5005C7CE39C7D799B7C46E2BAB7EA81F4275F0051FFF13EB2A2BEDD6EE502A6778EDC88CCF0624577D12E2D00E58B85B147E9CB5B15496C686AC6FE58E9D6AC12C9E92C60D7336B96 
【错误详情】

＝＝＝＝＝＝＝＝＝＝ 
【日志级别】ERROR 
【记录时间】2016-05-10 15:22:42,867 
【线程编号】[26] 
【执行时间】[1243414]毫秒 
【出错文件】d:\zhanglixiangmu\威小宝刷单\Admin\data\data.aspx.cs 
【出错行号】169 
【出错的类】Jnwf.Utils.Log.Logger 属性[(null)] 
【错误描述】updateCommission,taskid:156,platForm:1,activeMethod:1,activeName:r,url:http://baidu.com,guanjianci:1,1,r,seller:14,productType:2,price:2,productNum:5,activeNum:5,commissionPrice:1,guaranteePrice:15,productImage:http://localhost:35753/upimg/20160510151925676.jpg,listImage:http://localhost:35753/upimg/20160510151927156.jpg,activeType:2,message:<p>1.打开淘宝网站。</p><p>2.产品大致在第--页。</p><p>3.认准对比图上的主图，下单前假聊产品相关的5-10句。</p><p>4.禁止搜店铺和秒拍。请核对好宝贝和价格，确认好再下单。</p><p>5.快递默认：--。</p><p>6.签收后，请及时到店确认收货并写大约20字与之相关的好评语。</p> 
【错误详情】

＝＝＝＝＝＝＝＝＝＝ 
【日志级别】ERROR 
【记录时间】2016-05-10 17:03:02,932 
【线程编号】[9] 
【执行时间】[203]毫秒 
【出错文件】d:\zhanglixiangmu\威小宝刷单\Admin\user\Index.aspx.cs 
【出错行号】36 
【出错的类】Jnwf.Utils.Log.Logger 属性[(null)] 
【错误描述】zcy123123|19|zcy|123123 
【错误详情】

＝＝＝＝＝＝＝＝＝＝ 
【日志级别】ERROR 
【记录时间】2016-05-10 17:03:26,730 
【线程编号】[9] 
【执行时间】[24002]毫秒 
【出错文件】d:\zhanglixiangmu\威小宝刷单\Admin\busines\TradeShilist.aspx.cs 
【出错行号】69 
【出错的类】Jnwf.Utils.Log.Logger 属性[(null)] 
【错误描述】tradeshilist.aspx.audittongguo,value:2 
【错误详情】

＝＝＝＝＝＝＝＝＝＝ 
【日志级别】ERROR 
【记录时间】2016-05-10 17:11:38,818 
【线程编号】[15] 
【执行时间】[516090]毫秒 
【出错文件】d:\zhanglixiangmu\威小宝刷单\Admin\busines\TradeShilist.aspx.cs 
【出错行号】69 
【出错的类】Jnwf.Utils.Log.Logger 属性[(null)] 
【错误描述】tradeshilist.aspx.audittongguo,value:2 
【错误详情】

＝＝＝＝＝＝＝＝＝＝ 
【日志级别】ERROR 
【记录时间】2016-05-10 17:18:53,371 
【线程编号】[9] 
【执行时间】[950643]毫秒 
【出错文件】d:\zhanglixiangmu\威小宝刷单\Admin\busines\TradeShilist.aspx.cs 
【出错行号】69 
【出错的类】Jnwf.Utils.Log.Logger 属性[(null)] 
【错误描述】tradeshilist.aspx.audittongguo,value:2 
【错误详情】

＝＝＝＝＝＝＝＝＝＝ 
【日志级别】ERROR 
【记录时间】2016-05-10 17:53:51,480 
【线程编号】[24] 
【执行时间】[3048751]毫秒 
【出错文件】d:\zhanglixiangmu\威小宝刷单\Admin\busines\TradeShilist.aspx.cs 
【出错行号】69 
【出错的类】Jnwf.Utils.Log.Logger 属性[(null)] 
【错误描述】tradeshilist.aspx.audittongguo,value:2 
【错误详情】

＝＝＝＝＝＝＝＝＝＝ 
【日志级别】ERROR 
【记录时间】2016-05-10 17:53:51,609 
【线程编号】[24] 
【执行时间】[3048881]毫秒 
【出错文件】d:\zhanglixiangmu\威小宝刷单\Admin\Global.asax 
【出错行号】53 
【出错的类】Jnwf.Utils.Log.Logger 属性[(null)] 
【错误描述】发生e`的网页地址：http://localhost:35753/busines/TradeShilist.aspx?id=150
错误信息：输入字符串的格式不正确。
堆栈热荩
   在 System.Number.StringToNumber(String str, NumberStyles options, NumberBuffer& number, NumberFormatInfo info, Boolean parseDecimal)
   在 System.Number.ParseInt32(String s, NumberStyles style, NumberFormatInfo info)
   在 System.Int32.Parse(String s)
   在 ASP.busines_tradeshilist_aspx.__DataBind__control4(Object sender, EventArgs e) 位置 d:\zhanglixiangmu\威小宝刷单\Admin\busines\TradeShilist.aspx:行号 85
   在 System.Web.UI.Control.OnDataBinding(EventArgs e)
   在 System.Web.UI.Control.DataBind(Boolean raiseOnDataBinding)
   在 System.Web.UI.Control.DataBind()
   在 System.Web.UI.Control.DataBindChildren()
   在 System.Web.UI.Control.DataBind(Boolean raiseOnDataBinding)
   在 System.Web.UI.Control.DataBind()
   在 System.Web.UI.WebControls.Repeater.CreateItem(Int32 itemIndex, ListItemType itemType, Boolean dataBind, Object dataItem)
   在 System.Web.UI.WebControls.Repeater.AddDataItemsIntoItemsArray(IEnumerable dataSource, Boolean useDataSource)
   在 System.Web.UI.WebControls.Repeater.PostGetDataAction(IEnumerable dataSource)
   在 System.Web.UI.WebControls.Repeater.CreateControlHierarchy(Boolean useDataSource)
   在 System.Web.UI.WebControls.Repeater.OnDataBinding(EventArgs e)
   在 System.Web.UI.WebControls.Repeater.DataBind()
   在 busines_TradeShilist.BindData() 位置 d:\zhanglixiangmu\威小宝刷单\Admin\busines\TradeShilist.aspx.cs:行号 104
   在 busines_TradeShilist.Page_Load(Object sender, EventArgs e) 位置 d:\zhanglixiangmu\威小宝刷单\Admin\busines\TradeShilist.aspx.cs:行号 76
   在 System.Web.Util.CalliEventHandlerDelegateProxy.Callback(Object sender, EventArgs e)
   在 System.Web.UI.Control.OnLoad(EventArgs e)
   在 System.Web.UI.Control.LoadRecursive()
   在 System.Web.UI.Page.ProcessRequestMain(Boolean includeStagesBeforeAsyncPoint, Boolean includeStagesAfterAsyncPoint) 
【错误详情】

＝＝＝＝＝＝＝＝＝＝ 
【日志级别】ERROR 
【记录时间】2016-05-10 17:54:37,663 
【线程编号】[17] 
【执行时间】[3094935]毫秒 
【出错文件】d:\zhanglixiangmu\威小宝刷单\Admin\busines\TradeShilist.aspx.cs 
【出错行号】69 
【出错的类】Jnwf.Utils.Log.Logger 属性[(null)] 
【错误描述】tradeshilist.aspx.audittongguo,value:2 
【错误详情】

＝＝＝＝＝＝＝＝＝＝ 
【日志级别】ERROR 
【记录时间】2016-05-10 17:54:37,670 
【线程编号】[17] 
【执行时间】[3094942]毫秒 
【出错文件】d:\zhanglixiangmu\威小宝刷单\Admin\Global.asax 
【出错行号】53 
【出错的类】Jnwf.Utils.Log.Logger 属性[(null)] 
【错误描述】发生e`的网页地址：http://localhost:35753/busines/TradeShilist.aspx?id=150
错误信息：输入字符串的格式不正确。
堆栈热荩
   在 System.Number.StringToNumber(String str, NumberStyles options, NumberBuffer& number, NumberFormatInfo info, Boolean parseDecimal)
   在 System.Number.ParseInt32(String s, NumberStyles style, NumberFormatInfo info)
   在 System.Int32.Parse(String s)
   在 ASP.busines_tradeshilist_aspx.__DataBind__control4(Object sender, EventArgs e) 位置 d:\zhanglixiangmu\威小宝刷单\Admin\busines\TradeShilist.aspx:行号 85
   在 System.Web.UI.Control.OnDataBinding(EventArgs e)
   在 System.Web.UI.Control.DataBind(Boolean raiseOnDataBinding)
   在 System.Web.UI.Control.DataBind()
   在 System.Web.UI.Control.DataBindChildren()
   在 System.Web.UI.Control.DataBind(Boolean raiseOnDataBinding)
   在 System.Web.UI.Control.DataBind()
   在 System.Web.UI.WebControls.Repeater.CreateItem(Int32 itemIndex, ListItemType itemType, Boolean dataBind, Object dataItem)
   在 System.Web.UI.WebControls.Repeater.AddDataItemsIntoItemsArray(IEnumerable dataSource, Boolean useDataSource)
   在 System.Web.UI.WebControls.Repeater.PostGetDataAction(IEnumerable dataSource)
   在 System.Web.UI.WebControls.Repeater.CreateControlHierarchy(Boolean useDataSource)
   在 System.Web.UI.WebControls.Repeater.OnDataBinding(EventArgs e)
   在 System.Web.UI.WebControls.Repeater.DataBind()
   在 busines_TradeShilist.BindData() 位置 d:\zhanglixiangmu\威小宝刷单\Admin\busines\TradeShilist.aspx.cs:行号 104
   在 busines_TradeShilist.Page_Load(Object sender, EventArgs e) 位置 d:\zhanglixiangmu\威小宝刷单\Admin\busines\TradeShilist.aspx.cs:行号 76
   在 System.Web.Util.CalliEventHandlerDelegateProxy.Callback(Object sender, EventArgs e)
   在 System.Web.UI.Control.OnLoad(EventArgs e)
   在 System.Web.UI.Control.LoadRecursive()
   在 System.Web.UI.Page.ProcessRequestMain(Boolean includeStagesBeforeAsyncPoint, Boolean includeStagesAfterAsyncPoint) 
【错误详情】

＝＝＝＝＝＝＝＝＝＝ 
【日志级别】ERROR 
【记录时间】2016-05-10 17:57:13,804 
【线程编号】[10] 
【执行时间】[3251076]毫秒 
【出错文件】d:\zhanglixiangmu\威小宝刷单\Admin\busines\TradeShilist.aspx.cs 
【出错行号】69 
【出错的类】Jnwf.Utils.Log.Logger 属性[(null)] 
【错误描述】tradeshilist.aspx.audittongguo,value:2 
【错误详情】

＝＝＝＝＝＝＝＝＝＝ 
【日志级别】ERROR 
【记录时间】2016-05-10 17:57:13,810 
【线程编号】[10] 
【执行时间】[3251082]毫秒 
【出错文件】d:\zhanglixiangmu\威小宝刷单\Admin\Global.asax 
【出错行号】53 
【出错的类】Jnwf.Utils.Log.Logger 属性[(null)] 
【错误描述】发生e`的网页地址：http://localhost:35753/busines/TradeShilist.aspx?id=150
错误信息：输入字符串的格式不正确。
堆栈热荩
   在 System.Number.StringToNumber(String str, NumberStyles options, NumberBuffer& number, NumberFormatInfo info, Boolean parseDecimal)
   在 System.Number.ParseInt32(String s, NumberStyles style, NumberFormatInfo info)
   在 System.Int32.Parse(String s)
   在 ASP.busines_tradeshilist_aspx.__DataBind__control4(Object sender, EventArgs e) 位置 d:\zhanglixiangmu\威小宝刷单\Admin\busines\TradeShilist.aspx:行号 85
   在 System.Web.UI.Control.OnDataBinding(EventArgs e)
   在 System.Web.UI.Control.DataBind(Boolean raiseOnDataBinding)
   在 System.Web.UI.Control.DataBind()
   在 System.Web.UI.Control.DataBindChildren()
   在 System.Web.UI.Control.DataBind(Boolean raiseOnDataBinding)
   在 System.Web.UI.Control.DataBind()
   在 System.Web.UI.WebControls.Repeater.CreateItem(Int32 itemIndex, ListItemType itemType, Boolean dataBind, Object dataItem)
   在 System.Web.UI.WebControls.Repeater.AddDataItemsIntoItemsArray(IEnumerable dataSource, Boolean useDataSource)
   在 System.Web.UI.WebControls.Repeater.PostGetDataAction(IEnumerable dataSource)
   在 System.Web.UI.WebControls.Repeater.CreateControlHierarchy(Boolean useDataSource)
   在 System.Web.UI.WebControls.Repeater.OnDataBinding(EventArgs e)
   在 System.Web.UI.WebControls.Repeater.DataBind()
   在 busines_TradeShilist.BindData() 位置 d:\zhanglixiangmu\威小宝刷单\Admin\busines\TradeShilist.aspx.cs:行号 104
   在 busines_TradeShilist.Page_Load(Object sender, EventArgs e) 位置 d:\zhanglixiangmu\威小宝刷单\Admin\busines\TradeShilist.aspx.cs:行号 76
   在 System.Web.Util.CalliEventHandlerDelegateProxy.Callback(Object sender, EventArgs e)
   在 System.Web.UI.Control.OnLoad(EventArgs e)
   在 System.Web.UI.Control.LoadRecursive()
   在 System.Web.UI.Page.ProcessRequestMain(Boolean includeStagesBeforeAsyncPoint, Boolean includeStagesAfterAsyncPoint) 
【错误详情】

＝＝＝＝＝＝＝＝＝＝ 
【日志级别】ERROR 
【记录时间】2016-05-10 17:57:24,440 
【线程编号】[19] 
【执行时间】[3261712]毫秒 
【出错文件】d:\zhanglixiangmu\威小宝刷单\Admin\busines\TradeShilist.aspx.cs 
【出错行号】69 
【出错的类】Jnwf.Utils.Log.Logger 属性[(null)] 
【错误描述】tradeshilist.aspx.audittongguo,value:2 
【错误详情】

＝＝＝＝＝＝＝＝＝＝ 
【日志级别】ERROR 
【记录时间】2016-05-10 17:57:24,448 
【线程编号】[19] 
【执行时间】[3261720]毫秒 
【出错文件】d:\zhanglixiangmu\威小宝刷单\Admin\Global.asax 
【出错行号】53 
【出错的类】Jnwf.Utils.Log.Logger 属性[(null)] 
【错误描述】发生e`的网页地址：http://localhost:35753/busines/TradeShilist.aspx?id=150
错误信息：输入字符串的格式不正确。
堆栈热荩
   在 System.Number.StringToNumber(String str, NumberStyles options, NumberBuffer& number, NumberFormatInfo info, Boolean parseDecimal)
   在 System.Number.ParseInt32(String s, NumberStyles style, NumberFormatInfo info)
   在 System.Int32.Parse(String s)
   在 ASP.busines_tradeshilist_aspx.__DataBind__control4(Object sender, EventArgs e) 位置 d:\zhanglixiangmu\威小宝刷单\Admin\busines\TradeShilist.aspx:行号 85
   在 System.Web.UI.Control.OnDataBinding(EventArgs e)
   在 System.Web.UI.Control.DataBind(Boolean raiseOnDataBinding)
   在 System.Web.UI.Control.DataBind()
   在 System.Web.UI.Control.DataBindChildren()
   在 System.Web.UI.Control.DataBind(Boolean raiseOnDataBinding)
   在 System.Web.UI.Control.DataBind()
   在 System.Web.UI.WebControls.Repeater.CreateItem(Int32 itemIndex, ListItemType itemType, Boolean dataBind, Object dataItem)
   在 System.Web.UI.WebControls.Repeater.AddDataItemsIntoItemsArray(IEnumerable dataSource, Boolean useDataSource)
   在 System.Web.UI.WebControls.Repeater.PostGetDataAction(IEnumerable dataSource)
   在 System.Web.UI.WebControls.Repeater.CreateControlHierarchy(Boolean useDataSource)
   在 System.Web.UI.WebControls.Repeater.OnDataBinding(EventArgs e)
   在 System.Web.UI.WebControls.Repeater.DataBind()
   在 busines_TradeShilist.BindData() 位置 d:\zhanglixiangmu\威小宝刷单\Admin\busines\TradeShilist.aspx.cs:行号 104
   在 busines_TradeShilist.Page_Load(Object sender, EventArgs e) 位置 d:\zhanglixiangmu\威小宝刷单\Admin\busines\TradeShilist.aspx.cs:行号 76
   在 System.Web.Util.CalliEventHandlerDelegateProxy.Callback(Object sender, EventArgs e)
   在 System.Web.UI.Control.OnLoad(EventArgs e)
   在 System.Web.UI.Control.LoadRecursive()
   在 System.Web.UI.Page.ProcessRequestMain(Boolean includeStagesBeforeAsyncPoint, Boolean includeStagesAfterAsyncPoint) 
【错误详情】

＝＝＝＝＝＝＝＝＝＝ 
【日志级别】ERROR 
【记录时间】2016-05-10 18:34:40,839 
【线程编号】[6] 
【执行时间】[90]毫秒 
【出错文件】d:\zhanglixiangmu\威小宝刷单\Admin\user\Index.aspx.cs 
【出错行号】36 
【出错的类】Jnwf.Utils.Log.Logger 属性[(null)] 
【错误描述】zcy123123|19|zcy|123123 
【错误详情】

＝＝＝＝＝＝＝＝＝＝ 
【日志级别】ERROR 
【记录时间】2016-05-10 18:35:07,928 
【线程编号】[8] 
【执行时间】[27179]毫秒 
【出错文件】d:\zhanglixiangmu\威小宝刷单\Admin\busines\TradeShilist.aspx.cs 
【出错行号】69 
【出错的类】Jnwf.Utils.Log.Logger 属性[(null)] 
【错误描述】tradeshilist.aspx.audittongguo,value:2 
【错误详情】

＝＝＝＝＝＝＝＝＝＝ 
【日志级别】ERROR 
【记录时间】2016-05-10 18:35:08,025 
【线程编号】[8] 
【执行时间】[27276]毫秒 
【出错文件】d:\zhanglixiangmu\威小宝刷单\Admin\Global.asax 
【出错行号】53 
【出错的类】Jnwf.Utils.Log.Logger 属性[(null)] 
【错误描述】发生e`的网页地址：http://localhost:35753/busines/TradeShilist.aspx?id=150
错误信息：输入字符串的格式不正确。
堆栈热荩
   在 System.Number.StringToNumber(String str, NumberStyles options, NumberBuffer& number, NumberFormatInfo info, Boolean parseDecimal)
   在 System.Number.ParseInt32(String s, NumberStyles style, NumberFormatInfo info)
   在 System.Int32.Parse(String s)
   在 ASP.busines_tradeshilist_aspx.__DataBind__control4(Object sender, EventArgs e) 位置 d:\zhanglixiangmu\威小宝刷单\Admin\busines\TradeShilist.aspx:行号 85
   在 System.Web.UI.Control.OnDataBinding(EventArgs e)
   在 System.Web.UI.Control.DataBind(Boolean raiseOnDataBinding)
   在 System.Web.UI.Control.DataBind()
   在 System.Web.UI.Control.DataBindChildren()
   在 System.Web.UI.Control.DataBind(Boolean raiseOnDataBinding)
   在 System.Web.UI.Control.DataBind()
   在 System.Web.UI.WebControls.Repeater.CreateItem(Int32 itemIndex, ListItemType itemType, Boolean dataBind, Object dataItem)
   在 System.Web.UI.WebControls.Repeater.AddDataItemsIntoItemsArray(IEnumerable dataSource, Boolean useDataSource)
   在 System.Web.UI.WebControls.Repeater.PostGetDataAction(IEnumerable dataSource)
   在 System.Web.UI.WebControls.Repeater.CreateControlHierarchy(Boolean useDataSource)
   在 System.Web.UI.WebControls.Repeater.OnDataBinding(EventArgs e)
   在 System.Web.UI.WebControls.Repeater.DataBind()
   在 busines_TradeShilist.BindData() 位置 d:\zhanglixiangmu\威小宝刷单\Admin\busines\TradeShilist.aspx.cs:行号 104
   在 busines_TradeShilist.Page_Load(Object sender, EventArgs e) 位置 d:\zhanglixiangmu\威小宝刷单\Admin\busines\TradeShilist.aspx.cs:行号 76
   在 System.Web.Util.CalliEventHandlerDelegateProxy.Callback(Object sender, EventArgs e)
   在 System.Web.UI.Control.OnLoad(EventArgs e)
   在 System.Web.UI.Control.LoadRecursive()
   在 System.Web.UI.Page.ProcessRequestMain(Boolean includeStagesBeforeAsyncPoint, Boolean includeStagesAfterAsyncPoint) 
【错误详情】

＝＝＝＝＝＝＝＝＝＝ 
【日志级别】ERROR 
【记录时间】2016-05-10 18:38:02,300 
【线程编号】[9] 
【执行时间】[201550]毫秒 
【出错文件】d:\zhanglixiangmu\威小宝刷单\Admin\busines\TradeShilist.aspx.cs 
【出错行号】69 
【出错的类】Jnwf.Utils.Log.Logger 属性[(null)] 
【错误描述】tradeshilist.aspx.audittongguo,value:2 
【错误详情】

＝＝＝＝＝＝＝＝＝＝ 
【日志级别】ERROR 
【记录时间】2016-05-10 18:39:23,002 
【线程编号】[7] 
【执行时间】[282252]毫秒 
【出错文件】d:\zhanglixiangmu\威小宝刷单\Admin\busines\TradeShilist.aspx.cs 
【出错行号】69 
【出错的类】Jnwf.Utils.Log.Logger 属性[(null)] 
【错误描述】tradeshilist.aspx.audittongguo,value:2 
【错误详情】

＝＝＝＝＝＝＝＝＝＝ 
【日志级别】ERROR 
【记录时间】2016-05-10 18:40:13,703 
【线程编号】[9] 
【执行时间】[332954]毫秒 
【出错文件】d:\zhanglixiangmu\威小宝刷单\Admin\busines\TradeShilist.aspx.cs 
【出错行号】69 
【出错的类】Jnwf.Utils.Log.Logger 属性[(null)] 
【错误描述】tradeshilist.aspx.audittongguo,value:2 
【错误详情】

＝＝＝＝＝＝＝＝＝＝ 
【日志级别】ERROR 
【记录时间】2016-05-10 19:08:01,065 
【线程编号】[8] 
【执行时间】[92]毫秒 
【出错文件】d:\zhanglixiangmu\威小宝刷单\Admin\user\Index.aspx.cs 
【出错行号】36 
【出错的类】Jnwf.Utils.Log.Logger 属性[(null)] 
【错误描述】zcy123123|19|zcy|123123 
【错误详情】

＝＝＝＝＝＝＝＝＝＝ 
【日志级别】ERROR 
【记录时间】2016-05-10 19:08:17,414 
【线程编号】[6] 
【执行时间】[16440]毫秒 
【出错文件】d:\zhanglixiangmu\威小宝刷单\Admin\busines\TradeShilist.aspx.cs 
【出错行号】69 
【出错的类】Jnwf.Utils.Log.Logger 属性[(null)] 
【错误描述】tradeshilist.aspx.audittongguo,value:0 
【错误详情】

＝＝＝＝＝＝＝＝＝＝ 
【日志级别】ERROR 
【记录时间】2016-05-10 19:08:26,975 
【线程编号】[7] 
【执行时间】[26002]毫秒 
【出错文件】d:\zhanglixiangmu\威小宝刷单\Admin\busines\TradeShilist.aspx.cs 
【出错行号】69 
【出错的类】Jnwf.Utils.Log.Logger 属性[(null)] 
【错误描述】tradeshilist.aspx.audittongguo,value:0 
【错误详情】

＝＝＝＝＝＝＝＝＝＝ 
【日志级别】ERROR 
【记录时间】2016-05-10 19:08:33,874 
【线程编号】[6] 
【执行时间】[32900]毫秒 
【出错文件】d:\zhanglixiangmu\威小宝刷单\Admin\busines\TradeShilist.aspx.cs 
【出错行号】69 
【出错的类】Jnwf.Utils.Log.Logger 属性[(null)] 
【错误描述】tradeshilist.aspx.audittongguo,value:0 
【错误详情】

＝＝＝＝＝＝＝＝＝＝ 
【日志级别】ERROR 
【记录时间】2016-05-10 19:08:58,091 
【线程编号】[7] 
【执行时间】[57117]毫秒 
【出错文件】d:\zhanglixiangmu\威小宝刷单\Admin\busines\TradeShilist.aspx.cs 
【出错行号】69 
【出错的类】Jnwf.Utils.Log.Logger 属性[(null)] 
【错误描述】tradeshilist.aspx.audittongguo,value:0 
【错误详情】

＝＝＝＝＝＝＝＝＝＝ 
【日志级别】ERROR 
【记录时间】2016-05-10 19:09:03,222 
【线程编号】[9] 
【执行时间】[62249]毫秒 
【出错文件】d:\zhanglixiangmu\威小宝刷单\Admin\busines\TradeShilist.aspx.cs 
【出错行号】69 
【出错的类】Jnwf.Utils.Log.Logger 属性[(null)] 
【错误描述】tradeshilist.aspx.audittongguo,value:0 
【错误详情】

＝＝＝＝＝＝＝＝＝＝ 
【日志级别】ERROR 
【记录时间】2016-05-10 19:09:14,214 
【线程编号】[6] 
【执行时间】[73240]毫秒 
【出错文件】d:\zhanglixiangmu\威小宝刷单\Admin\busines\TradeShilist.aspx.cs 
【出错行号】69 
【出错的类】Jnwf.Utils.Log.Logger 属性[(null)] 
【错误描述】tradeshilist.aspx.audittongguo,value:2 
【错误详情】

＝＝＝＝＝＝＝＝＝＝ 
【日志级别】ERROR 
【记录时间】2016-05-10 19:10:03,100 
【线程编号】[6] 
【执行时间】[122127]毫秒 
【出错文件】d:\zhanglixiangmu\威小宝刷单\Admin\busines\TradeShilist.aspx.cs 
【出错行号】69 
【出错的类】Jnwf.Utils.Log.Logger 属性[(null)] 
【错误描述】tradeshilist.aspx.audittongguo,value:2 
【错误详情】

＝＝＝＝＝＝＝＝＝＝ 
【日志级别】ERROR 
【记录时间】2016-05-10 19:10:25,924 
【线程编号】[10] 
【执行时间】[144951]毫秒 
【出错文件】d:\zhanglixiangmu\威小宝刷单\Admin\busines\TradeShilist.aspx.cs 
【出错行号】69 
【出错的类】Jnwf.Utils.Log.Logger 属性[(null)] 
【错误描述】tradeshilist.aspx.audittongguo,value:2 
【错误详情】

＝＝＝＝＝＝＝＝＝＝ 
【日志级别】ERROR 
【记录时间】2016-05-10 19:11:19,515 
【线程编号】[6] 
【执行时间】[198541]毫秒 
【出错文件】d:\zhanglixiangmu\威小宝刷单\Admin\busines\TradeShilist.aspx.cs 
【出错行号】69 
【出错的类】Jnwf.Utils.Log.Logger 属性[(null)] 
【错误描述】tradeshilist.aspx.audittongguo,value:2 
【错误详情】

＝＝＝＝＝＝＝＝＝＝ 
【日志级别】ERROR 
【记录时间】2016-05-10 19:18:07,809 
【线程编号】[16] 
【执行时间】[606836]毫秒 
【出错文件】d:\zhanglixiangmu\威小宝刷单\Admin\busines\TradeShilist.aspx.cs 
【出错行号】69 
【出错的类】Jnwf.Utils.Log.Logger 属性[(null)] 
【错误描述】tradeshilist.aspx.audittongguo,value:2 
【错误详情】

＝＝＝＝＝＝＝＝＝＝ 
【日志级别】ERROR 
【记录时间】2016-05-10 19:18:54,007 
【线程编号】[16] 
【执行时间】[653034]毫秒 
【出错文件】d:\zhanglixiangmu\威小宝刷单\Admin\Global.asax 
【出错行号】53 
【出错的类】Jnwf.Utils.Log.Logger 属性[(null)] 
【错误描述】发生e`的网页地址：http://localhost:35753/busines/TradeShilist.aspx?id=150
错误信息：输入字符串的格式不正确。
堆栈热荩
   在 System.Number.StringToNumber(String str, NumberStyles options, NumberBuffer& number, NumberFormatInfo info, Boolean parseDecimal)
   在 System.Number.ParseDecimal(String value, NumberStyles options, NumberFormatInfo numfmt)
   在 System.Convert.ToDecimal(String value)
   在 busines_TradeShilist.optionpwd(Int32 id, String OptionPwd) 位置 d:\zhanglixiangmu\威小宝刷单\Admin\busines\TradeShilist.aspx.cs:行号 207
   在 ASP.busines_tradeshilist_aspx.__DataBind__control4(Object sender, EventArgs e) 位置 d:\zhanglixiangmu\威小宝刷单\Admin\busines\TradeShilist.aspx:行号 85
   在 System.Web.UI.Control.OnDataBinding(EventArgs e)
   在 System.Web.UI.Control.DataBind(Boolean raiseOnDataBinding)
   在 System.Web.UI.Control.DataBind()
   在 System.Web.UI.Control.DataBindChildren()
   在 System.Web.UI.Control.DataBind(Boolean raiseOnDataBinding)
   在 System.Web.UI.Control.DataBind()
   在 System.Web.UI.WebControls.Repeater.CreateItem(Int32 itemIndex, ListItemType itemType, Boolean dataBind, Object dataItem)
   在 System.Web.UI.WebControls.Repeater.AddDataItemsIntoItemsArray(IEnumerable dataSource, Boolean useDataSource)
   在 System.Web.UI.WebControls.Repeater.PostGetDataAction(IEnumerable dataSource)
   在 System.Web.UI.WebControls.Repeater.CreateControlHierarchy(Boolean useDataSource)
   在 System.Web.UI.WebControls.Repeater.OnDataBinding(EventArgs e)
   在 System.Web.UI.WebControls.Repeater.DataBind()
   在 busines_TradeShilist.BindData() 位置 d:\zhanglixiangmu\威小宝刷单\Admin\busines\TradeShilist.aspx.cs:行号 104
   在 busines_TradeShilist.Page_Load(Object sender, EventArgs e) 位置 d:\zhanglixiangmu\威小宝刷单\Admin\busines\TradeShilist.aspx.cs:行号 76
   在 System.Web.Util.CalliEventHandlerDelegateProxy.Callback(Object sender, EventArgs e)
   在 System.Web.UI.Control.OnLoad(EventArgs e)
   在 System.Web.UI.Control.LoadRecursive()
   在 System.Web.UI.Page.ProcessRequestMain(Boolean includeStagesBeforeAsyncPoint, Boolean includeStagesAfterAsyncPoint) 
【错误详情】

＝＝＝＝＝＝＝＝＝＝ 
【日志级别】ERROR 
【记录时间】2016-05-10 19:19:38,166 
【线程编号】[11] 
【执行时间】[697193]毫秒 
【出错文件】d:\zhanglixiangmu\威小宝刷单\Admin\busines\TradeShilist.aspx.cs 
【出错行号】69 
【出错的类】Jnwf.Utils.Log.Logger 属性[(null)] 
【错误描述】tradeshilist.aspx.audittongguo,value:2 
【错误详情】

＝＝＝＝＝＝＝＝＝＝ 
【日志级别】ERROR 
【记录时间】2016-05-10 19:19:54,986 
【线程编号】[11] 
【执行时间】[714012]毫秒 
【出错文件】d:\zhanglixiangmu\威小宝刷单\Admin\Global.asax 
【出错行号】53 
【出错的类】Jnwf.Utils.Log.Logger 属性[(null)] 
【错误描述】发生e`的网页地址：http://localhost:35753/busines/TradeShilist.aspx?id=150
错误信息：输入字符串的格式不正确。
堆栈热荩
   在 System.Number.StringToNumber(String str, NumberStyles options, NumberBuffer& number, NumberFormatInfo info, Boolean parseDecimal)
   在 System.Number.ParseDecimal(String value, NumberStyles options, NumberFormatInfo numfmt)
   在 System.Convert.ToDecimal(String value)
   在 busines_TradeShilist.optionpwd(Int32 id, String OptionPwd) 位置 d:\zhanglixiangmu\威小宝刷单\Admin\busines\TradeShilist.aspx.cs:行号 207
   在 ASP.busines_tradeshilist_aspx.__DataBind__control4(Object sender, EventArgs e) 位置 d:\zhanglixiangmu\威小宝刷单\Admin\busines\TradeShilist.aspx:行号 85
   在 System.Web.UI.Control.OnDataBinding(EventArgs e)
   在 System.Web.UI.Control.DataBind(Boolean raiseOnDataBinding)
   在 System.Web.UI.Control.DataBind()
   在 System.Web.UI.Control.DataBindChildren()
   在 System.Web.UI.Control.DataBind(Boolean raiseOnDataBinding)
   在 System.Web.UI.Control.DataBind()
   在 System.Web.UI.WebControls.Repeater.CreateItem(Int32 itemIndex, ListItemType itemType, Boolean dataBind, Object dataItem)
   在 System.Web.UI.WebControls.Repeater.AddDataItemsIntoItemsArray(IEnumerable dataSource, Boolean useDataSource)
   在 System.Web.UI.WebControls.Repeater.PostGetDataAction(IEnumerable dataSource)
   在 System.Web.UI.WebControls.Repeater.CreateControlHierarchy(Boolean useDataSource)
   在 System.Web.UI.WebControls.Repeater.OnDataBinding(EventArgs e)
   在 System.Web.UI.WebControls.Repeater.DataBind()
   在 busines_TradeShilist.BindData() 位置 d:\zhanglixiangmu\威小宝刷单\Admin\busines\TradeShilist.aspx.cs:行号 104
   在 busines_TradeShilist.Page_Load(Object sender, EventArgs e) 位置 d:\zhanglixiangmu\威小宝刷单\Admin\busines\TradeShilist.aspx.cs:行号 76
   在 System.Web.Util.CalliEventHandlerDelegateProxy.Callback(Object sender, EventArgs e)
   在 System.Web.UI.Control.OnLoad(EventArgs e)
   在 System.Web.UI.Control.LoadRecursive()
   在 System.Web.UI.Page.ProcessRequestMain(Boolean includeStagesBeforeAsyncPoint, Boolean includeStagesAfterAsyncPoint) 
【错误详情】

＝＝＝＝＝＝＝＝＝＝ 
【日志级别】ERROR 
【记录时间】2016-05-10 19:20:11,266 
【线程编号】[11] 
【执行时间】[730293]毫秒 
【出错文件】d:\zhanglixiangmu\威小宝刷单\Admin\busines\TradeShilist.aspx.cs 
【出错行号】69 
【出错的类】Jnwf.Utils.Log.Logger 属性[(null)] 
【错误描述】tradeshilist.aspx.audittongguo,value:2 
【错误详情】

＝＝＝＝＝＝＝＝＝＝ 
【日志级别】ERROR 
【记录时间】2016-05-10 19:20:39,290 
【线程编号】[11] 
【执行时间】[758316]毫秒 
【出错文件】d:\zhanglixiangmu\威小宝刷单\Admin\Global.asax 
【出错行号】53 
【出错的类】Jnwf.Utils.Log.Logger 属性[(null)] 
【错误描述】发生e`的网页地址：http://localhost:35753/busines/TradeShilist.aspx?id=150
错误信息：输入字符串的格式不正确。
堆栈热荩
   在 System.Number.StringToNumber(String str, NumberStyles options, NumberBuffer& number, NumberFormatInfo info, Boolean parseDecimal)
   在 System.Number.ParseDecimal(String value, NumberStyles options, NumberFormatInfo numfmt)
   在 System.Convert.ToDecimal(String value)
   在 busines_TradeShilist.optionpwd(Int32 id, String OptionPwd) 位置 d:\zhanglixiangmu\威小宝刷单\Admin\busines\TradeShilist.aspx.cs:行号 207
   在 ASP.busines_tradeshilist_aspx.__DataBind__control4(Object sender, EventArgs e) 位置 d:\zhanglixiangmu\威小宝刷单\Admin\busines\TradeShilist.aspx:行号 85
   在 System.Web.UI.Control.OnDataBinding(EventArgs e)
   在 System.Web.UI.Control.DataBind(Boolean raiseOnDataBinding)
   在 System.Web.UI.Control.DataBind()
   在 System.Web.UI.Control.DataBindChildren()
   在 System.Web.UI.Control.DataBind(Boolean raiseOnDataBinding)
   在 System.Web.UI.Control.DataBind()
   在 System.Web.UI.WebControls.Repeater.CreateItem(Int32 itemIndex, ListItemType itemType, Boolean dataBind, Object dataItem)
   在 System.Web.UI.WebControls.Repeater.AddDataItemsIntoItemsArray(IEnumerable dataSource, Boolean useDataSource)
   在 System.Web.UI.WebControls.Repeater.PostGetDataAction(IEnumerable dataSource)
   在 System.Web.UI.WebControls.Repeater.CreateControlHierarchy(Boolean useDataSource)
   在 System.Web.UI.WebControls.Repeater.OnDataBinding(EventArgs e)
   在 System.Web.UI.WebControls.Repeater.DataBind()
   在 busines_TradeShilist.BindData() 位置 d:\zhanglixiangmu\威小宝刷单\Admin\busines\TradeShilist.aspx.cs:行号 104
   在 busines_TradeShilist.Page_Load(Object sender, EventArgs e) 位置 d:\zhanglixiangmu\威小宝刷单\Admin\busines\TradeShilist.aspx.cs:行号 76
   在 System.Web.Util.CalliEventHandlerDelegateProxy.Callback(Object sender, EventArgs e)
   在 System.Web.UI.Control.OnLoad(EventArgs e)
   在 System.Web.UI.Control.LoadRecursive()
   在 System.Web.UI.Page.ProcessRequestMain(Boolean includeStagesBeforeAsyncPoint, Boolean includeStagesAfterAsyncPoint) 
【错误详情】

＝＝＝＝＝＝＝＝＝＝ 
【日志级别】ERROR 
【记录时间】2016-05-10 19:21:08,687 
【线程编号】[9] 
【执行时间】[787714]毫秒 
【出错文件】d:\zhanglixiangmu\威小宝刷单\Admin\busines\TradeShilist.aspx.cs 
【出错行号】69 
【出错的类】Jnwf.Utils.Log.Logger 属性[(null)] 
【错误描述】tradeshilist.aspx.audittongguo,value:2 
【错误详情】

＝＝＝＝＝＝＝＝＝＝ 
【日志级别】ERROR 
【记录时间】2016-05-10 19:21:45,898 
【线程编号】[9] 
【执行时间】[824925]毫秒 
【出错文件】d:\zhanglixiangmu\威小宝刷单\Admin\Global.asax 
【出错行号】53 
【出错的类】Jnwf.Utils.Log.Logger 属性[(null)] 
【错误描述】发生e`的网页地址：http://localhost:35753/busines/TradeShilist.aspx?id=150
错误信息：输入字符串的格式不正确。
堆栈热荩
   在 System.Number.StringToNumber(String str, NumberStyles options, NumberBuffer& number, NumberFormatInfo info, Boolean parseDecimal)
   在 System.Number.ParseDecimal(String value, NumberStyles options, NumberFormatInfo numfmt)
   在 System.Decimal.Parse(String s)
   在 busines_TradeShilist.optionpwd(Int32 id, String OptionPwd) 位置 d:\zhanglixiangmu\威小宝刷单\Admin\busines\TradeShilist.aspx.cs:行号 207
   在 ASP.busines_tradeshilist_aspx.__DataBind__control4(Object sender, EventArgs e) 位置 d:\zhanglixiangmu\威小宝刷单\Admin\busines\TradeShilist.aspx:行号 85
   在 System.Web.UI.Control.OnDataBinding(EventArgs e)
   在 System.Web.UI.Control.DataBind(Boolean raiseOnDataBinding)
   在 System.Web.UI.Control.DataBind()
   在 System.Web.UI.Control.DataBindChildren()
   在 System.Web.UI.Control.DataBind(Boolean raiseOnDataBinding)
   在 System.Web.UI.Control.DataBind()
   在 System.Web.UI.WebControls.Repeater.CreateItem(Int32 itemIndex, ListItemType itemType, Boolean dataBind, Object dataItem)
   在 System.Web.UI.WebControls.Repeater.AddDataItemsIntoItemsArray(IEnumerable dataSource, Boolean useDataSource)
   在 System.Web.UI.WebControls.Repeater.PostGetDataAction(IEnumerable dataSource)
   在 System.Web.UI.WebControls.Repeater.CreateControlHierarchy(Boolean useDataSource)
   在 System.Web.UI.WebControls.Repeater.OnDataBinding(EventArgs e)
   在 System.Web.UI.WebControls.Repeater.DataBind()
   在 busines_TradeShilist.BindData() 位置 d:\zhanglixiangmu\威小宝刷单\Admin\busines\TradeShilist.aspx.cs:行号 104
   在 busines_TradeShilist.Page_Load(Object sender, EventArgs e) 位置 d:\zhanglixiangmu\威小宝刷单\Admin\busines\TradeShilist.aspx.cs:行号 76
   在 System.Web.Util.CalliEventHandlerDelegateProxy.Callback(Object sender, EventArgs e)
   在 System.Web.UI.Control.OnLoad(EventArgs e)
   在 System.Web.UI.Control.LoadRecursive()
   在 System.Web.UI.Page.ProcessRequestMain(Boolean includeStagesBeforeAsyncPoint, Boolean includeStagesAfterAsyncPoint) 
【错误详情】

＝＝＝＝＝＝＝＝＝＝ 
【日志级别】ERROR 
【记录时间】2016-05-10 19:22:17,630 
【线程编号】[9] 
【执行时间】[856657]毫秒 
【出错文件】d:\zhanglixiangmu\威小宝刷单\Admin\busines\TradeShilist.aspx.cs 
【出错行号】69 
【出错的类】Jnwf.Utils.Log.Logger 属性[(null)] 
【错误描述】tradeshilist.aspx.audittongguo,value:2 
【错误详情】

＝＝＝＝＝＝＝＝＝＝ 
【日志级别】ERROR 
【记录时间】2016-05-10 19:22:25,252 
【线程编号】[9] 
【执行时间】[864279]毫秒 
【出错文件】d:\zhanglixiangmu\威小宝刷单\Admin\Global.asax 
【出错行号】53 
【出错的类】Jnwf.Utils.Log.Logger 属性[(null)] 
【错误描述】发生e`的网页地址：http://localhost:35753/busines/TradeShilist.aspx?id=150
错误信息：输入字符串的格式不正确。
堆栈热荩
   在 System.Number.StringToNumber(String str, NumberStyles options, NumberBuffer& number, NumberFormatInfo info, Boolean parseDecimal)
   在 System.Number.ParseDecimal(String value, NumberStyles options, NumberFormatInfo numfmt)
   在 System.Decimal.Parse(String s)
   在 busines_TradeShilist.optionpwd(Int32 id, String OptionPwd) 位置 d:\zhanglixiangmu\威小宝刷单\Admin\busines\TradeShilist.aspx.cs:行号 207
   在 ASP.busines_tradeshilist_aspx.__DataBind__control4(Object sender, EventArgs e) 位置 d:\zhanglixiangmu\威小宝刷单\Admin\busines\TradeShilist.aspx:行号 85
   在 System.Web.UI.Control.OnDataBinding(EventArgs e)
   在 System.Web.UI.Control.DataBind(Boolean raiseOnDataBinding)
   在 System.Web.UI.Control.DataBind()
   在 System.Web.UI.Control.DataBindChildren()
   在 System.Web.UI.Control.DataBind(Boolean raiseOnDataBinding)
   在 System.Web.UI.Control.DataBind()
   在 System.Web.UI.WebControls.Repeater.CreateItem(Int32 itemIndex, ListItemType itemType, Boolean dataBind, Object dataItem)
   在 System.Web.UI.WebControls.Repeater.AddDataItemsIntoItemsArray(IEnumerable dataSource, Boolean useDataSource)
   在 System.Web.UI.WebControls.Repeater.PostGetDataAction(IEnumerable dataSource)
   在 System.Web.UI.WebControls.Repeater.CreateControlHierarchy(Boolean useDataSource)
   在 System.Web.UI.WebControls.Repeater.OnDataBinding(EventArgs e)
   在 System.Web.UI.WebControls.Repeater.DataBind()
   在 busines_TradeShilist.BindData() 位置 d:\zhanglixiangmu\威小宝刷单\Admin\busines\TradeShilist.aspx.cs:行号 104
   在 busines_TradeShilist.Page_Load(Object sender, EventArgs e) 位置 d:\zhanglixiangmu\威小宝刷单\Admin\busines\TradeShilist.aspx.cs:行号 76
   在 System.Web.Util.CalliEventHandlerDelegateProxy.Callback(Object sender, EventArgs e)
   在 System.Web.UI.Control.OnLoad(EventArgs e)
   在 System.Web.UI.Control.LoadRecursive()
   在 System.Web.UI.Page.ProcessRequestMain(Boolean includeStagesBeforeAsyncPoint, Boolean includeStagesAfterAsyncPoint) 
【错误详情】

＝＝＝＝＝＝＝＝＝＝ 
【日志级别】ERROR 
【记录时间】2016-05-10 19:24:48,604 
【线程编号】[18] 
【执行时间】[1007630]毫秒 
【出错文件】d:\zhanglixiangmu\威小宝刷单\Admin\busines\TradeShilist.aspx.cs 
【出错行号】69 
【出错的类】Jnwf.Utils.Log.Logger 属性[(null)] 
【错误描述】tradeshilist.aspx.audittongguo,value:2 
【错误详情】

＝＝＝＝＝＝＝＝＝＝ 
【日志级别】ERROR 
【记录时间】2016-05-10 19:25:03,693 
【线程编号】[18] 
【执行时间】[1022719]毫秒 
【出错文件】d:\zhanglixiangmu\威小宝刷单\Admin\Global.asax 
【出错行号】53 
【出错的类】Jnwf.Utils.Log.Logger 属性[(null)] 
【错误描述】发生e`的网页地址：http://localhost:35753/busines/TradeShilist.aspx?id=150
错误信息：输入字符串的格式不正确。
堆栈热荩
   在 System.Number.StringToNumber(String str, NumberStyles options, NumberBuffer& number, NumberFormatInfo info, Boolean parseDecimal)
   在 System.Number.ParseDecimal(String value, NumberStyles options, NumberFormatInfo numfmt)
   在 System.Decimal.Parse(String s)
   在 busines_TradeShilist.optionpwd(Int32 id, String OptionPwd) 位置 d:\zhanglixiangmu\威小宝刷单\Admin\busines\TradeShilist.aspx.cs:行号 206
   在 ASP.busines_tradeshilist_aspx.__DataBind__control4(Object sender, EventArgs e) 位置 d:\zhanglixiangmu\威小宝刷单\Admin\busines\TradeShilist.aspx:行号 85
   在 System.Web.UI.Control.OnDataBinding(EventArgs e)
   在 System.Web.UI.Control.DataBind(Boolean raiseOnDataBinding)
   在 System.Web.UI.Control.DataBind()
   在 System.Web.UI.Control.DataBindChildren()
   在 System.Web.UI.Control.DataBind(Boolean raiseOnDataBinding)
   在 System.Web.UI.Control.DataBind()
   在 System.Web.UI.WebControls.Repeater.CreateItem(Int32 itemIndex, ListItemType itemType, Boolean dataBind, Object dataItem)
   在 System.Web.UI.WebControls.Repeater.AddDataItemsIntoItemsArray(IEnumerable dataSource, Boolean useDataSource)
   在 System.Web.UI.WebControls.Repeater.PostGetDataAction(IEnumerable dataSource)
   在 System.Web.UI.WebControls.Repeater.CreateControlHierarchy(Boolean useDataSource)
   在 System.Web.UI.WebControls.Repeater.OnDataBinding(EventArgs e)
   在 System.Web.UI.WebControls.Repeater.DataBind()
   在 busines_TradeShilist.BindData() 位置 d:\zhanglixiangmu\威小宝刷单\Admin\busines\TradeShilist.aspx.cs:行号 104
   在 busines_TradeShilist.Page_Load(Object sender, EventArgs e) 位置 d:\zhanglixiangmu\威小宝刷单\Admin\busines\TradeShilist.aspx.cs:行号 76
   在 System.Web.Util.CalliEventHandlerDelegateProxy.Callback(Object sender, EventArgs e)
   在 System.Web.UI.Control.OnLoad(EventArgs e)
   在 System.Web.UI.Control.LoadRecursive()
   在 System.Web.UI.Page.ProcessRequestMain(Boolean includeStagesBeforeAsyncPoint, Boolean includeStagesAfterAsyncPoint) 
【错误详情】

＝＝＝＝＝＝＝＝＝＝ 
【日志级别】ERROR 
【记录时间】2016-05-10 19:26:11,497 
【线程编号】[9] 
【执行时间】[1090523]毫秒 
【出错文件】d:\zhanglixiangmu\威小宝刷单\Admin\busines\TradeShilist.aspx.cs 
【出错行号】69 
【出错的类】Jnwf.Utils.Log.Logger 属性[(null)] 
【错误描述】tradeshilist.aspx.audittongguo,value:2 
【错误详情】

＝＝＝＝＝＝＝＝＝＝ 
【日志级别】ERROR 
【记录时间】2016-05-10 19:26:56,599 
【线程编号】[9] 
【执行时间】[1135625]毫秒 
【出错文件】d:\zhanglixiangmu\威小宝刷单\Admin\busines\TradeShilist.aspx.cs 
【出错行号】69 
【出错的类】Jnwf.Utils.Log.Logger 属性[(null)] 
【错误描述】tradeshilist.aspx.audittongguo,value:2 
【错误详情】
