
＝＝＝＝＝＝＝＝＝＝ 
【日志级别】ERROR 
【记录时间】2016-04-11 09:48:55,159 
【线程编号】[9] 
【执行时间】[93]毫秒 
【出错文件】c:\Users\v\Documents\Visual Studio 2012\WebSites\Admin1\user\Index.aspx.cs 
【出错行号】36 
【出错的类】Jnwf.Utils.Log.Logger 属性[(null)] 
【错误描述】zcy123123|19|zcy|123123 
【错误详情】

＝＝＝＝＝＝＝＝＝＝ 
【日志级别】ERROR 
【记录时间】2016-04-11 11:08:34,167 
【线程编号】[30] 
【执行时间】[327]毫秒 
【出错文件】c:\Users\v\Documents\Visual Studio 2012\WebSites\Admin1\user\Index.aspx.cs 
【出错行号】36 
【出错的类】Jnwf.Utils.Log.Logger 属性[(null)] 
【错误描述】zcy123123|19|zcy|123123 
【错误详情】

＝＝＝＝＝＝＝＝＝＝ 
【日志级别】ERROR 
【记录时间】2016-04-11 13:24:50,896 
【线程编号】[7] 
【执行时间】[173]毫秒 
【出错文件】c:\Users\v\Documents\Visual Studio 2012\WebSites\Admin1\user\Index.aspx.cs 
【出错行号】36 
【出错的类】Jnwf.Utils.Log.Logger 属性[(null)] 
【错误描述】zcy123123|19|zcy|123123 
【错误详情】

＝＝＝＝＝＝＝＝＝＝ 
【日志级别】ERROR 
【记录时间】2016-04-11 13:46:53,336 
【线程编号】[22] 
【执行时间】[1322613]毫秒 
【出错文件】c:\Users\v\Documents\Visual Studio 2012\WebSites\Admin1\user\Index.aspx.cs 
【出错行号】36 
【出错的类】Jnwf.Utils.Log.Logger 属性[(null)] 
【错误描述】zcy123123|19|zcy|123123 
【错误详情】

＝＝＝＝＝＝＝＝＝＝ 
【日志级别】ERROR 
【记录时间】2016-04-11 14:40:03,802 
【线程编号】[35] 
【执行时间】[4513079]毫秒 
【出错文件】c:\Users\v\Documents\Visual Studio 2012\WebSites\Admin1\user\Index.aspx.cs 
【出错行号】36 
【出错的类】Jnwf.Utils.Log.Logger 属性[(null)] 
【错误描述】zcy123123|19|zcy|123123 
【错误详情】

＝＝＝＝＝＝＝＝＝＝ 
【日志级别】ERROR 
【记录时间】2016-04-11 14:40:19,798 
【线程编号】[9] 
【执行时间】[4529075]毫秒 
【出错文件】c:\Users\v\Documents\Visual Studio 2012\WebSites\Admin1\user\Index.aspx.cs 
【出错行号】36 
【出错的类】Jnwf.Utils.Log.Logger 属性[(null)] 
【错误描述】zcy123123|19|zcy|123123 
【错误详情】

＝＝＝＝＝＝＝＝＝＝ 
【日志级别】ERROR 
【记录时间】2016-04-11 14:40:22,402 
【线程编号】[20] 
【执行时间】[4531679]毫秒 
【出错文件】c:\Users\v\Documents\Visual Studio 2012\WebSites\Admin1\user\Index.aspx.cs 
【出错行号】36 
【出错的类】Jnwf.Utils.Log.Logger 属性[(null)] 
【错误描述】zcy123123|19|zcy|123123 
【错误详情】

＝＝＝＝＝＝＝＝＝＝ 
【日志级别】ERROR 
【记录时间】2016-04-11 15:17:54,607 
【线程编号】[22] 
【执行时间】[149]毫秒 
【出错文件】c:\Users\v\Documents\Visual Studio 2012\WebSites\Admin1\data\data.aspx.cs 
【出错行号】114 
【出错的类】Jnwf.Utils.Log.Logger 属性[(null)] 
【错误描述】platForm:1,activeMethod:1,activeName:11,url:http://baidu.com,guanjianci:1,1,1,大概在第1页第1行,1,2,seller:14,productType:2,price:1,productNum:2,activeNum:5,commissionPrice:0,guaranteePrice:2,productImage:http://localhost:6108/upimg/20160411151714107.jpg,listImage:http://localhost:6108/upimg/20160411151717444.jpg,activeType:3,message:<ol class=" list-paddingleft-2" style="list-style-type: decimal;"><li><p>安徽省发哈就上半年非。</p></li><li><p>变短发是打发时间。</p></li><li><p>爱保时捷的话说尽快帮你打谁。<br/></p></li></ol> 
【错误详情】

＝＝＝＝＝＝＝＝＝＝ 
【日志级别】ERROR 
【记录时间】2016-04-11 15:58:22,308 
【线程编号】[32] 
【执行时间】[49]毫秒 
【出错文件】c:\Users\v\Documents\Visual Studio 2012\WebSites\Admin1\user\Index.aspx.cs 
【出错行号】36 
【出错的类】Jnwf.Utils.Log.Logger 属性[(null)] 
【错误描述】zcy123123|19|zcy|123123 
【错误详情】

＝＝＝＝＝＝＝＝＝＝ 
【日志级别】ERROR 
【记录时间】2016-04-11 15:59:59,998 
【线程编号】[32] 
【执行时间】[97739]毫秒 
【出错文件】c:\Users\v\Documents\Visual Studio 2012\WebSites\Admin1\data\data.aspx.cs 
【出错行号】114 
【出错的类】Jnwf.Utils.Log.Logger 属性[(null)] 
【错误描述】platForm:1,activeMethod:1,activeName:14,url:http://baidu.com,guanjianci:1,1,1,大概在第1页第1行,1,2,seller:14,productType:1,price:1,productNum:2,activeNum:5,commissionPrice:0,guaranteePrice:2,productImage:http://localhost:6108/upimg/20160411155950416.jpg,listImage:http://localhost:6108/upimg/20160411155953060.jpg,activeType:3,message:<p>1.打开淘宝网站。</p><p>2.产品大致在第1页。</p><p>3.认准对比图上的主图，下单前假聊产品相关的5-10句。</p><p>4.禁止搜店铺和秒拍。请核对好宝贝和价格，确认好再下单。</p><p>5.快递默认：圆通。</p><p>6.签收后，请及时到店确认收货并写大约20字与之相关的好评语。</p> 
【错误详情】

＝＝＝＝＝＝＝＝＝＝ 
【日志级别】ERROR 
【记录时间】2016-04-11 16:04:33,910 
【线程编号】[10] 
【执行时间】[371651]毫秒 
【出错文件】c:\Users\v\Documents\Visual Studio 2012\WebSites\Admin1\data\data.aspx.cs 
【出错行号】114 
【出错的类】Jnwf.Utils.Log.Logger 属性[(null)] 
【错误描述】platForm:1,activeMethod:1,activeName:qwq,url:http://baidu.com,guanjianci:1,1,h,大概在第4页第4行,4,5,seller:14,productType:1,price:1,productNum:2,activeNum:5,commissionPrice:0,guaranteePrice:2,productImage:http://localhost:6108/upimg/20160411160414802.jpg,listImage:http://localhost:6108/upimg/20160411160417628.jpg,activeType:3,message:<p>1.打开淘宝网站。</p><p>2.产品大致在第--页。</p><p>3.认准对比图上的主图，下单前假聊产品相关的5-10句。</p><p>4.禁止搜店铺和秒拍。请核对好宝贝和价格，确认好再下单。</p><p>5.快递默认：--。</p><p>6.签收后，请及时到店确认收货并写大约20字与之相关的好评语。</p><p>7.cdsfgs bzxfc。</p> 
【错误详情】

＝＝＝＝＝＝＝＝＝＝ 
【日志级别】ERROR 
【记录时间】2016-04-11 16:27:53,814 
【线程编号】[29] 
【执行时间】[1771555]毫秒 
【出错文件】c:\Users\v\Documents\Visual Studio 2012\WebSites\Admin1\data\data.aspx.cs 
【出错行号】114 
【出错的类】Jnwf.Utils.Log.Logger 属性[(null)] 
【错误描述】platForm:1,activeMethod:1,activeName:25242,url:http://baidu.com,guanjianci:1,1,2,大概在第2页第2行,2,5,seller:14,productType:2,price:2,productNum:2,activeNum:5,commissionPrice:2,guaranteePrice:8,productImage:http://localhost:6108/upimg/20160411162749755.jpg,listImage:http://localhost:6108/upimg/20160411162751761.jpg,activeType:1,message:<p>1.打开淘宝网站。</p><p>2.产品大致在第--页。</p><p>3.认准对比图上的主图，下单前假聊产品相关的5-10句。</p><p>4.禁止搜店铺和秒拍。请核对好宝贝和价格，确认好再下单。</p><p>5.快递默认：--。</p><p>6.签收后，请及时到店确认收货并写大约20字与之相关的好评语。</p> 
【错误详情】

＝＝＝＝＝＝＝＝＝＝ 
【日志级别】ERROR 
【记录时间】2016-04-11 17:13:36,254 
【线程编号】[28] 
【执行时间】[4513995]毫秒 
【出错文件】c:\Users\v\Documents\Visual Studio 2012\WebSites\Admin1\data\data.aspx.cs 
【出错行号】114 
【出错的类】Jnwf.Utils.Log.Logger 属性[(null)] 
【错误描述】platForm:1,activeMethod:1,activeName:sadbhg,url:http://baidu.com,guanjianci:1,1,多福多寿,大概在第1页第2行,1,2,seller:15,productType:1,price:5,productNum:2,activeNum:5,commissionPrice:1,guaranteePrice:12,productImage:http://localhost:6108/upimg/20160411171306158.jpg,listImage:http://localhost:6108/upimg/20160411171308912.jpg,activeType:2,message:<p>1.打开淘宝网站。</p><p>2.产品大致在第--页。</p><p>3.认准对比图上的主图，下单前假聊产品相关的5-10句。</p><p>4.禁止搜店铺和秒拍。请核对好宝贝和价格，确认好再下单。</p><p>5.快递默认：--。</p><p>6.签收后，请及时到店确认收货并写大约20字与之相关的好评语。</p> 
【错误详情】

＝＝＝＝＝＝＝＝＝＝ 
【日志级别】ERROR 
【记录时间】2016-04-11 17:23:57,323 
【线程编号】[42] 
【执行时间】[5135064]毫秒 
【出错文件】c:\Users\v\Documents\Visual Studio 2012\WebSites\Admin1\user\Index.aspx.cs 
【出错行号】36 
【出错的类】Jnwf.Utils.Log.Logger 属性[(null)] 
【错误描述】zcy123123|19|zcy|123123 
【错误详情】

＝＝＝＝＝＝＝＝＝＝ 
【日志级别】ERROR 
【记录时间】2016-04-11 17:48:22,380 
【线程编号】[18] 
【执行时间】[6600121]毫秒 
【出错文件】c:\Users\v\Documents\Visual Studio 2012\WebSites\Admin1\user\Index.aspx.cs 
【出错行号】36 
【出错的类】Jnwf.Utils.Log.Logger 属性[(null)] 
【错误描述】zcy123123|19|zcy|123123 
【错误详情】
