
＝＝＝＝＝＝＝＝＝＝ 
【日志级别】ERROR 
【记录时间】2016-06-08 11:22:24,171 
【线程编号】[27] 
【执行时间】[190]毫秒 
【出错文件】d:\zhanglixiangmu\威小宝刷单\Admin\data\data.aspx.cs 
【出错行号】175 
【出错的类】Jnwf.Utils.Log.Logger 属性[(null)] 
【错误描述】addCommission,userid:19,platForm:2,activeMethod:1,isEvaluate:0,isMessage:0,activeName:哈师大温度气味,url:http://hao.360.cn,guanjianci:2,1,za,11,22,guanjianci:2,1,za,11,22,guanjianci:2,1,za,11,22,guanjianci:2,1,,11,22,guanjianci:2,1,za,11,22,seller:25,productType:3,price:15,productNum:0,activeNum:20,commissionPrice:0,guaranteePrice:30,productImage:http://localhost:35753/upimg/20160608111952796.jpg,listImage:http://localhost:35753/upimg/20160608112011946.jpg,activeType:2,message:<p>1.打开淘宝网站。</p><p>2.产品大致在第--页。</p><p>3.认准对比图上的主图，下单前假聊产品相关的5-10句。</p><p>4.禁止搜店铺和秒拍。请核对好宝贝和价格，确认好再下单。</p><p>5.快递默认：--。</p><p>6.签收后，请及时到店确认收货并写大约20字与之相关的好评语。</p> 
【错误详情】

＝＝＝＝＝＝＝＝＝＝ 
【日志级别】ERROR 
【记录时间】2016-06-08 17:16:22,092 
【线程编号】[78] 
【执行时间】[224]毫秒 
【出错文件】d:\zhanglixiangmu\威小宝刷单\Admin\data\data.aspx.cs 
【出错行号】175 
【出错的类】Jnwf.Utils.Log.Logger 属性[(null)] 
【错误描述】addCommission,userid:19,platForm:2,activeMethod:1,isEvaluate:0,isMessage:0,activeName:哈桑单把手,url:http://baidu.com,guanjianci:2,1,q,10,12,guanjianci:2,1,w,10,12,guanjianci:2,1,e,10,12,guanjianci:2,1,w,10,12,guanjianci:2,1,q,10,12,seller:25,productType:1,price:10,productNum:0,activeNum:20,commissionPrice:0,guaranteePrice:40,productImage:http://localhost:35753/upimg/20160608171347880.jpg,listImage:http://localhost:35753/upimg/20160608171427863.jpg,activeType:0,message:<p>1.打开淘宝网站。</p><p>2.产品大致在第--页。</p><p>3.认准对比图上的主图，下单前假聊产品相关的5-10句。</p><p>4.禁止搜店铺和秒拍。请核对好宝贝和价格，确认好再下单。</p><p>5.快递默认：--。</p><p>6.签收后，请及时到店确认收货并写大约20字与之相关的好评语。</p> 
【错误详情】

＝＝＝＝＝＝＝＝＝＝ 
【日志级别】ERROR 
【记录时间】2016-06-08 17:24:30,319 
【线程编号】[78] 
【执行时间】[60]毫秒 
【出错文件】d:\zhanglixiangmu\威小宝刷单\Admin\data\data.aspx.cs 
【出错行号】175 
【出错的类】Jnwf.Utils.Log.Logger 属性[(null)] 
【错误描述】addCommission,userid:19,platForm:2,activeMethod:1,isEvaluate:1,isMessage:1,activeName:哈桑单把手,url:http://baidu.com,guanjianci:2,1,e,1,5,guanjianci:2,1,r,1,5,guanjianci:2,1,t,1,5,guanjianci:2,1,q,1,5,guanjianci:2,1,w,1,5,seller:25,productType:1,price:10,productNum:0,activeNum:20,commissionPrice:0,guaranteePrice:50,productImage:http://localhost:35753/upimg/20160608171347880.jpg,listImage:http://localhost:35753/upimg/20160608171347880.jpg,activeType:0,message:<p>1.打开淘宝网站。</p><p>2.产品大致在第--页。</p><p>3.认准对比图上的主图，下单前假聊产品相关的5-10句。</p><p>4.禁止搜店铺和秒拍。请核对好宝贝和价格，确认好再下单。</p><p>5.快递默认：--。</p><p>6.签收后，请及时到店确认收货并写大约20字与之相关的好评语。</p> 
【错误详情】

＝＝＝＝＝＝＝＝＝＝ 
【日志级别】ERROR 
【记录时间】2016-06-08 17:28:14,937 
【线程编号】[79] 
【执行时间】[224678]毫秒 
【出错文件】d:\zhanglixiangmu\威小宝刷单\Admin\user\Index.aspx.cs 
【出错行号】37 
【出错的类】Jnwf.Utils.Log.Logger 属性[(null)] 
【错误描述】zcy123123|19|zcy|123123 
【错误详情】

＝＝＝＝＝＝＝＝＝＝ 
【日志级别】ERROR 
【记录时间】2016-06-08 17:29:54,589 
【线程编号】[74] 
【执行时间】[324329]毫秒 
【出错文件】d:\zhanglixiangmu\威小宝刷单\Admin\user\Index.aspx.cs 
【出错行号】37 
【出错的类】Jnwf.Utils.Log.Logger 属性[(null)] 
【错误描述】zcy123123|19|zcy|123123 
【错误详情】
