
＝＝＝＝＝＝＝＝＝＝ 
【记录时间】2015-11-06 12:53:05,338 
【执行时间】[195]毫秒 
【出错文件】d:\zhanglixiangmu\威小宝刷单\Web\Login.aspx.cs 
【错误描述】login,name:admin,pwd:123123,ex:在与 SQL Server 建立连接时出现与网络相关的或特定于实例的错误。未找到或无法访问服务器。请验证实例名称是否正确并且 SQL Server 已配置为允许远程连接。 (provider: Named Pipes Provider, error: 40 - 无法打开到 SQL Server 的连接)|   在 UserIdentity.AuthenticateUser(String username, String password, String role, Boolean persistLogin) 位置 d:\zhanglixiangmu\威小宝刷单\Web\App_Code\UserIdentity.cs:行号 214
   在 UserIdentity.AuthenticateUser(String username, String password) 位置 d:\zhanglixiangmu\威小宝刷单\Web\App_Code\UserIdentity.cs:行号 225
   在 Login.btn_dl_Click(Object sender, EventArgs e) 位置 d:\zhanglixiangmu\威小宝刷单\Web\Login.aspx.cs:行号 27
＝＝＝＝＝＝＝＝＝＝ 
【记录时间】2015-11-06 12:58:58,299 
【执行时间】[353156]毫秒 
【出错文件】d:\zhanglixiangmu\威小宝刷单\Web\Login.aspx.cs 
【错误描述】login,name:admin,pwd:123123,ex:在与 SQL Server 建立连接时出现与网络相关的或特定于实例的错误。未找到或无法访问服务器。请验证实例名称是否正确并且 SQL Server 已配置为允许远程连接。 (provider: Named Pipes Provider, error: 40 - 无法打开到 SQL Server 的连接)|   在 UserIdentity.AuthenticateUser(String username, String password, String role, Boolean persistLogin) 位置 d:\zhanglixiangmu\威小宝刷单\Web\App_Code\UserIdentity.cs:行号 214
   在 UserIdentity.AuthenticateUser(String username, String password) 位置 d:\zhanglixiangmu\威小宝刷单\Web\App_Code\UserIdentity.cs:行号 225
   在 Login.btn_dl_Click(Object sender, EventArgs e) 位置 d:\zhanglixiangmu\威小宝刷单\Web\Login.aspx.cs:行号 27
＝＝＝＝＝＝＝＝＝＝ 
【记录时间】2015-11-06 12:59:01,607 
【执行时间】[356464]毫秒 
【出错文件】d:\zhanglixiangmu\威小宝刷单\Web\Login.aspx.cs 
【错误描述】login,name:admin,pwd:123123,ex:正在中止线程。|   在 System.Threading.Thread.AbortInternal()
   在 System.Threading.Thread.Abort(Object stateInfo)
   在 System.Web.HttpResponse.AbortCurrentThread()
   在 System.Web.HttpResponse.End()
   在 System.Web.HttpResponse.Redirect(String url, Boolean endResponse, Boolean permanent)
   在 System.Web.HttpResponse.Redirect(String url)
   在 Login.btn_dl_Click(Object sender, EventArgs e) 位置 d:\zhanglixiangmu\威小宝刷单\Web\Login.aspx.cs:行号 38