
＝＝＝＝＝＝＝＝＝＝ 
【日志级别】ERROR 
【记录时间】2016-05-23 09:04:08,870 
【线程编号】[6] 
【执行时间】[39]毫秒 
【出错文件】f:\数据存放\zhepingou\Wap1\Global.asax 
【出错行号】53 
【出错的类】Jnwf.Utils.Log.Logger 属性[(null)] 
【错误描述】发生e`的网页地址：http://localhost:5537/Probation.aspx
错误信息：f:\数据存放\zhepingou\Wap1\Probation.aspx.cs(44): error CS1061: “Task.BLL.tb_Task_UserBLL”不包含“GetJSTaskList”的定义，并且找不到可接受类型为“Task.BLL.tb_Task_UserBLL”的第一个参数的扩展方法“GetJSTaskList”(是否缺少 using 指令或程序集引用?)
堆栈热荩
   在 System.Web.Compilation.BuildManager.CompileWebFile(VirtualPath virtualPath)
   在 System.Web.Compilation.BuildManager.GetVPathBuildResultInternal(VirtualPath virtualPath, Boolean noBuild, Boolean allowCrossApp, Boolean allowBuildInPrecompile, Boolean throwIfNotFound, Boolean ensureIsUpToDate)
   在 System.Web.Compilation.BuildManager.GetVPathBuildResultWithNoAssert(HttpContext context, VirtualPath virtualPath, Boolean noBuild, Boolean allowCrossApp, Boolean allowBuildInPrecompile, Boolean throwIfNotFound, Boolean ensureIsUpToDate)
   在 System.Web.Compilation.BuildManager.GetVirtualPathObjectFactory(VirtualPath virtualPath, HttpContext context, Boolean allowCrossApp, Boolean throwIfNotFound)
   在 System.Web.Compilation.BuildManager.CreateInstanceFromVirtualPath(VirtualPath virtualPath, Type requiredBaseType, HttpContext context, Boolean allowCrossApp)
   在 System.Web.UI.PageHandlerFactory.GetHandlerHelper(HttpContext context, String requestType, VirtualPath virtualPath, String physicalPath)
   在 System.Web.UI.PageHandlerFactory.GetHandler(HttpContext context, String requestType, String virtualPath, String path)
   在 System.Web.HttpApplication.MaterializeHandlerExecutionStep.System.Web.HttpApplication.IExecutionStep.Execute()
   在 System.Web.HttpApplication.ExecuteStep(IExecutionStep step, Boolean& completedSynchronously) 
【错误详情】

＝＝＝＝＝＝＝＝＝＝ 
【日志级别】ERROR 
【记录时间】2016-05-23 11:13:01,185 
【线程编号】[50] 
【执行时间】[52]毫秒 
【出错文件】f:\数据存放\zhepingou\Wap1\Global.asax 
【出错行号】53 
【出错的类】Jnwf.Utils.Log.Logger 属性[(null)] 
【错误描述】发生e`的网页地址：http://localhost:5537/Uporder.aspx?id=66
错误信息：文件“/Uporder.aspx”不存在。
堆栈热荩
   在 System.Web.UI.Util.CheckVirtualFileExists(VirtualPath virtualPath)
   在 System.Web.Compilation.BuildManager.GetVPathBuildResultInternal(VirtualPath virtualPath, Boolean noBuild, Boolean allowCrossApp, Boolean allowBuildInPrecompile, Boolean throwIfNotFound, Boolean ensureIsUpToDate)
   在 System.Web.Compilation.BuildManager.GetVPathBuildResultWithNoAssert(HttpContext context, VirtualPath virtualPath, Boolean noBuild, Boolean allowCrossApp, Boolean allowBuildInPrecompile, Boolean throwIfNotFound, Boolean ensureIsUpToDate)
   在 System.Web.Compilation.BuildManager.GetVirtualPathObjectFactory(VirtualPath virtualPath, HttpContext context, Boolean allowCrossApp, Boolean throwIfNotFound)
   在 System.Web.Compilation.BuildManager.CreateInstanceFromVirtualPath(VirtualPath virtualPath, Type requiredBaseType, HttpContext context, Boolean allowCrossApp)
   在 System.Web.UI.PageHandlerFactory.GetHandlerHelper(HttpContext context, String requestType, VirtualPath virtualPath, String physicalPath)
   在 System.Web.UI.PageHandlerFactory.GetHandler(HttpContext context, String requestType, String virtualPath, String path)
   在 System.Web.HttpApplication.MaterializeHandlerExecutionStep.System.Web.HttpApplication.IExecutionStep.Execute()
   在 System.Web.HttpApplication.ExecuteStep(IExecutionStep step, Boolean& completedSynchronously) 
【错误详情】

＝＝＝＝＝＝＝＝＝＝ 
【日志级别】ERROR 
【记录时间】2016-05-23 13:20:19,750 
【线程编号】[26] 
【执行时间】[56]毫秒 
【出错文件】f:\数据存放\zhepingou\Wap1\Details.aspx.cs 
【出错行号】87 
【出错的类】Jnwf.Utils.Log.Logger 属性[(null)] 
【错误描述】details.aspx,userid:29 
【错误详情】

＝＝＝＝＝＝＝＝＝＝ 
【日志级别】ERROR 
【记录时间】2016-05-23 18:12:00,167 
【线程编号】[84] 
【执行时间】[41]毫秒 
【出错文件】f:\数据存放\zhepingou\Wap1\Details.aspx.cs 
【出错行号】88 
【出错的类】Jnwf.Utils.Log.Logger 属性[(null)] 
【错误描述】details.aspx,userid:0 
【错误详情】

＝＝＝＝＝＝＝＝＝＝ 
【日志级别】ERROR 
【记录时间】2016-05-23 18:12:30,707 
【线程编号】[84] 
【执行时间】[30580]毫秒 
【出错文件】f:\数据存放\zhepingou\Wap1\Global.asax 
【出错行号】53 
【出错的类】Jnwf.Utils.Log.Logger 属性[(null)] 
【错误描述】发生e`的网页地址：http://localhost:5537/Details.aspx?id=139
错误信息：未将对象引用设置到对象的实例。
堆栈热荩
   在 Details.BindData() 位置 f:\数据存放\zhepingou\Wap1\Details.aspx.cs:行号 118
   在 Details.Page_Load(Object sender, EventArgs e) 位置 f:\数据存放\zhepingou\Wap1\Details.aspx.cs:行号 89
   在 System.Web.Util.CalliEventHandlerDelegateProxy.Callback(Object sender, EventArgs e)
   在 System.Web.UI.Control.OnLoad(EventArgs e)
   在 System.Web.UI.Control.LoadRecursive()
   在 System.Web.UI.Page.ProcessRequestMain(Boolean includeStagesBeforeAsyncPoint, Boolean includeStagesAfterAsyncPoint) 
【错误详情】

＝＝＝＝＝＝＝＝＝＝ 
【日志级别】ERROR 
【记录时间】2016-05-23 18:12:31,217 
【线程编号】[95] 
【执行时间】[31090]毫秒 
【出错文件】f:\数据存放\zhepingou\Wap1\Details.aspx.cs 
【出错行号】88 
【出错的类】Jnwf.Utils.Log.Logger 属性[(null)] 
【错误描述】details.aspx,userid:0 
【错误详情】

＝＝＝＝＝＝＝＝＝＝ 
【日志级别】ERROR 
【记录时间】2016-05-23 18:12:31,217 
【线程编号】[95] 
【执行时间】[31090]毫秒 
【出错文件】f:\数据存放\zhepingou\Wap1\Global.asax 
【出错行号】53 
【出错的类】Jnwf.Utils.Log.Logger 属性[(null)] 
【错误描述】发生e`的网页地址：http://localhost:5537/Details.aspx?id=139
错误信息：未将对象引用设置到对象的实例。
堆栈热荩
   在 Details.BindData() 位置 f:\数据存放\zhepingou\Wap1\Details.aspx.cs:行号 118
   在 Details.Page_Load(Object sender, EventArgs e) 位置 f:\数据存放\zhepingou\Wap1\Details.aspx.cs:行号 89
   在 System.Web.Util.CalliEventHandlerDelegateProxy.Callback(Object sender, EventArgs e)
   在 System.Web.UI.Control.OnLoad(EventArgs e)
   在 System.Web.UI.Control.LoadRecursive()
   在 System.Web.UI.Page.ProcessRequestMain(Boolean includeStagesBeforeAsyncPoint, Boolean includeStagesAfterAsyncPoint) 
【错误详情】

＝＝＝＝＝＝＝＝＝＝ 
【日志级别】ERROR 
【记录时间】2016-05-23 18:12:31,730 
【线程编号】[96] 
【执行时间】[31603]毫秒 
【出错文件】f:\数据存放\zhepingou\Wap1\Details.aspx.cs 
【出错行号】88 
【出错的类】Jnwf.Utils.Log.Logger 属性[(null)] 
【错误描述】details.aspx,userid:0 
【错误详情】

＝＝＝＝＝＝＝＝＝＝ 
【日志级别】ERROR 
【记录时间】2016-05-23 18:12:31,730 
【线程编号】[96] 
【执行时间】[31603]毫秒 
【出错文件】f:\数据存放\zhepingou\Wap1\Global.asax 
【出错行号】53 
【出错的类】Jnwf.Utils.Log.Logger 属性[(null)] 
【错误描述】发生e`的网页地址：http://localhost:5537/Details.aspx?id=139
错误信息：未将对象引用设置到对象的实例。
堆栈热荩
   在 Details.BindData() 位置 f:\数据存放\zhepingou\Wap1\Details.aspx.cs:行号 118
   在 Details.Page_Load(Object sender, EventArgs e) 位置 f:\数据存放\zhepingou\Wap1\Details.aspx.cs:行号 89
   在 System.Web.Util.CalliEventHandlerDelegateProxy.Callback(Object sender, EventArgs e)
   在 System.Web.UI.Control.OnLoad(EventArgs e)
   在 System.Web.UI.Control.LoadRecursive()
   在 System.Web.UI.Page.ProcessRequestMain(Boolean includeStagesBeforeAsyncPoint, Boolean includeStagesAfterAsyncPoint) 
【错误详情】

＝＝＝＝＝＝＝＝＝＝ 
【日志级别】ERROR 
【记录时间】2016-05-23 18:12:32,247 
【线程编号】[84] 
【执行时间】[32120]毫秒 
【出错文件】f:\数据存放\zhepingou\Wap1\Details.aspx.cs 
【出错行号】88 
【出错的类】Jnwf.Utils.Log.Logger 属性[(null)] 
【错误描述】details.aspx,userid:0 
【错误详情】

＝＝＝＝＝＝＝＝＝＝ 
【日志级别】ERROR 
【记录时间】2016-05-23 18:12:32,248 
【线程编号】[84] 
【执行时间】[32121]毫秒 
【出错文件】f:\数据存放\zhepingou\Wap1\Global.asax 
【出错行号】53 
【出错的类】Jnwf.Utils.Log.Logger 属性[(null)] 
【错误描述】发生e`的网页地址：http://localhost:5537/Details.aspx?id=139
错误信息：未将对象引用设置到对象的实例。
堆栈热荩
   在 Details.BindData() 位置 f:\数据存放\zhepingou\Wap1\Details.aspx.cs:行号 118
   在 Details.Page_Load(Object sender, EventArgs e) 位置 f:\数据存放\zhepingou\Wap1\Details.aspx.cs:行号 89
   在 System.Web.Util.CalliEventHandlerDelegateProxy.Callback(Object sender, EventArgs e)
   在 System.Web.UI.Control.OnLoad(EventArgs e)
   在 System.Web.UI.Control.LoadRecursive()
   在 System.Web.UI.Page.ProcessRequestMain(Boolean includeStagesBeforeAsyncPoint, Boolean includeStagesAfterAsyncPoint) 
【错误详情】

＝＝＝＝＝＝＝＝＝＝ 
【日志级别】ERROR 
【记录时间】2016-05-23 18:12:32,747 
【线程编号】[94] 
【执行时间】[32620]毫秒 
【出错文件】f:\数据存放\zhepingou\Wap1\Details.aspx.cs 
【出错行号】88 
【出错的类】Jnwf.Utils.Log.Logger 属性[(null)] 
【错误描述】details.aspx,userid:0 
【错误详情】

＝＝＝＝＝＝＝＝＝＝ 
【日志级别】ERROR 
【记录时间】2016-05-23 18:12:32,748 
【线程编号】[94] 
【执行时间】[32621]毫秒 
【出错文件】f:\数据存放\zhepingou\Wap1\Global.asax 
【出错行号】53 
【出错的类】Jnwf.Utils.Log.Logger 属性[(null)] 
【错误描述】发生e`的网页地址：http://localhost:5537/Details.aspx?id=139
错误信息：未将对象引用设置到对象的实例。
堆栈热荩
   在 Details.BindData() 位置 f:\数据存放\zhepingou\Wap1\Details.aspx.cs:行号 118
   在 Details.Page_Load(Object sender, EventArgs e) 位置 f:\数据存放\zhepingou\Wap1\Details.aspx.cs:行号 89
   在 System.Web.Util.CalliEventHandlerDelegateProxy.Callback(Object sender, EventArgs e)
   在 System.Web.UI.Control.OnLoad(EventArgs e)
   在 System.Web.UI.Control.LoadRecursive()
   在 System.Web.UI.Page.ProcessRequestMain(Boolean includeStagesBeforeAsyncPoint, Boolean includeStagesAfterAsyncPoint) 
【错误详情】

＝＝＝＝＝＝＝＝＝＝ 
【日志级别】ERROR 
【记录时间】2016-05-23 18:12:33,260 
【线程编号】[96] 
【执行时间】[33133]毫秒 
【出错文件】f:\数据存放\zhepingou\Wap1\Details.aspx.cs 
【出错行号】88 
【出错的类】Jnwf.Utils.Log.Logger 属性[(null)] 
【错误描述】details.aspx,userid:0 
【错误详情】

＝＝＝＝＝＝＝＝＝＝ 
【日志级别】ERROR 
【记录时间】2016-05-23 18:12:33,261 
【线程编号】[96] 
【执行时间】[33134]毫秒 
【出错文件】f:\数据存放\zhepingou\Wap1\Global.asax 
【出错行号】53 
【出错的类】Jnwf.Utils.Log.Logger 属性[(null)] 
【错误描述】发生e`的网页地址：http://localhost:5537/Details.aspx?id=139
错误信息：未将对象引用设置到对象的实例。
堆栈热荩
   在 Details.BindData() 位置 f:\数据存放\zhepingou\Wap1\Details.aspx.cs:行号 118
   在 Details.Page_Load(Object sender, EventArgs e) 位置 f:\数据存放\zhepingou\Wap1\Details.aspx.cs:行号 89
   在 System.Web.Util.CalliEventHandlerDelegateProxy.Callback(Object sender, EventArgs e)
   在 System.Web.UI.Control.OnLoad(EventArgs e)
   在 System.Web.UI.Control.LoadRecursive()
   在 System.Web.UI.Page.ProcessRequestMain(Boolean includeStagesBeforeAsyncPoint, Boolean includeStagesAfterAsyncPoint) 
【错误详情】

＝＝＝＝＝＝＝＝＝＝ 
【日志级别】ERROR 
【记录时间】2016-05-23 18:12:33,759 
【线程编号】[96] 
【执行时间】[33632]毫秒 
【出错文件】f:\数据存放\zhepingou\Wap1\Details.aspx.cs 
【出错行号】88 
【出错的类】Jnwf.Utils.Log.Logger 属性[(null)] 
【错误描述】details.aspx,userid:0 
【错误详情】

＝＝＝＝＝＝＝＝＝＝ 
【日志级别】ERROR 
【记录时间】2016-05-23 18:12:33,760 
【线程编号】[96] 
【执行时间】[33633]毫秒 
【出错文件】f:\数据存放\zhepingou\Wap1\Global.asax 
【出错行号】53 
【出错的类】Jnwf.Utils.Log.Logger 属性[(null)] 
【错误描述】发生e`的网页地址：http://localhost:5537/Details.aspx?id=139
错误信息：未将对象引用设置到对象的实例。
堆栈热荩
   在 Details.BindData() 位置 f:\数据存放\zhepingou\Wap1\Details.aspx.cs:行号 118
   在 Details.Page_Load(Object sender, EventArgs e) 位置 f:\数据存放\zhepingou\Wap1\Details.aspx.cs:行号 89
   在 System.Web.Util.CalliEventHandlerDelegateProxy.Callback(Object sender, EventArgs e)
   在 System.Web.UI.Control.OnLoad(EventArgs e)
   在 System.Web.UI.Control.LoadRecursive()
   在 System.Web.UI.Page.ProcessRequestMain(Boolean includeStagesBeforeAsyncPoint, Boolean includeStagesAfterAsyncPoint) 
【错误详情】

＝＝＝＝＝＝＝＝＝＝ 
【日志级别】ERROR 
【记录时间】2016-05-23 18:12:34,273 
【线程编号】[96] 
【执行时间】[34146]毫秒 
【出错文件】f:\数据存放\zhepingou\Wap1\Details.aspx.cs 
【出错行号】88 
【出错的类】Jnwf.Utils.Log.Logger 属性[(null)] 
【错误描述】details.aspx,userid:0 
【错误详情】

＝＝＝＝＝＝＝＝＝＝ 
【日志级别】ERROR 
【记录时间】2016-05-23 18:12:34,274 
【线程编号】[96] 
【执行时间】[34147]毫秒 
【出错文件】f:\数据存放\zhepingou\Wap1\Global.asax 
【出错行号】53 
【出错的类】Jnwf.Utils.Log.Logger 属性[(null)] 
【错误描述】发生e`的网页地址：http://localhost:5537/Details.aspx?id=139
错误信息：未将对象引用设置到对象的实例。
堆栈热荩
   在 Details.BindData() 位置 f:\数据存放\zhepingou\Wap1\Details.aspx.cs:行号 118
   在 Details.Page_Load(Object sender, EventArgs e) 位置 f:\数据存放\zhepingou\Wap1\Details.aspx.cs:行号 89
   在 System.Web.Util.CalliEventHandlerDelegateProxy.Callback(Object sender, EventArgs e)
   在 System.Web.UI.Control.OnLoad(EventArgs e)
   在 System.Web.UI.Control.LoadRecursive()
   在 System.Web.UI.Page.ProcessRequestMain(Boolean includeStagesBeforeAsyncPoint, Boolean includeStagesAfterAsyncPoint) 
【错误详情】

＝＝＝＝＝＝＝＝＝＝ 
【日志级别】ERROR 
【记录时间】2016-05-23 18:12:34,773 
【线程编号】[95] 
【执行时间】[34646]毫秒 
【出错文件】f:\数据存放\zhepingou\Wap1\Details.aspx.cs 
【出错行号】88 
【出错的类】Jnwf.Utils.Log.Logger 属性[(null)] 
【错误描述】details.aspx,userid:0 
【错误详情】

＝＝＝＝＝＝＝＝＝＝ 
【日志级别】ERROR 
【记录时间】2016-05-23 18:12:34,774 
【线程编号】[95] 
【执行时间】[34647]毫秒 
【出错文件】f:\数据存放\zhepingou\Wap1\Global.asax 
【出错行号】53 
【出错的类】Jnwf.Utils.Log.Logger 属性[(null)] 
【错误描述】发生e`的网页地址：http://localhost:5537/Details.aspx?id=139
错误信息：未将对象引用设置到对象的实例。
堆栈热荩
   在 Details.BindData() 位置 f:\数据存放\zhepingou\Wap1\Details.aspx.cs:行号 118
   在 Details.Page_Load(Object sender, EventArgs e) 位置 f:\数据存放\zhepingou\Wap1\Details.aspx.cs:行号 89
   在 System.Web.Util.CalliEventHandlerDelegateProxy.Callback(Object sender, EventArgs e)
   在 System.Web.UI.Control.OnLoad(EventArgs e)
   在 System.Web.UI.Control.LoadRecursive()
   在 System.Web.UI.Page.ProcessRequestMain(Boolean includeStagesBeforeAsyncPoint, Boolean includeStagesAfterAsyncPoint) 
【错误详情】

＝＝＝＝＝＝＝＝＝＝ 
【日志级别】ERROR 
【记录时间】2016-05-23 18:14:33,792 
【线程编号】[98] 
【执行时间】[153665]毫秒 
【出错文件】f:\数据存放\zhepingou\Wap1\Details.aspx.cs 
【出错行号】88 
【出错的类】Jnwf.Utils.Log.Logger 属性[(null)] 
【错误描述】details.aspx,userid:0 
【错误详情】

＝＝＝＝＝＝＝＝＝＝ 
【日志级别】ERROR 
【记录时间】2016-05-23 18:14:33,792 
【线程编号】[98] 
【执行时间】[153665]毫秒 
【出错文件】f:\数据存放\zhepingou\Wap1\Global.asax 
【出错行号】53 
【出错的类】Jnwf.Utils.Log.Logger 属性[(null)] 
【错误描述】发生e`的网页地址：http://localhost:5537/Details.aspx?id=139
错误信息：未将对象引用设置到对象的实例。
堆栈热荩
   在 Details.BindData() 位置 f:\数据存放\zhepingou\Wap1\Details.aspx.cs:行号 118
   在 Details.Page_Load(Object sender, EventArgs e) 位置 f:\数据存放\zhepingou\Wap1\Details.aspx.cs:行号 89
   在 System.Web.Util.CalliEventHandlerDelegateProxy.Callback(Object sender, EventArgs e)
   在 System.Web.UI.Control.OnLoad(EventArgs e)
   在 System.Web.UI.Control.LoadRecursive()
   在 System.Web.UI.Page.ProcessRequestMain(Boolean includeStagesBeforeAsyncPoint, Boolean includeStagesAfterAsyncPoint) 
【错误详情】

＝＝＝＝＝＝＝＝＝＝ 
【日志级别】ERROR 
【记录时间】2016-05-23 18:14:39,741 
【线程编号】[97] 
【执行时间】[159615]毫秒 
【出错文件】f:\数据存放\zhepingou\Wap1\Details.aspx.cs 
【出错行号】88 
【出错的类】Jnwf.Utils.Log.Logger 属性[(null)] 
【错误描述】details.aspx,userid:0 
【错误详情】

＝＝＝＝＝＝＝＝＝＝ 
【日志级别】ERROR 
【记录时间】2016-05-23 18:14:39,743 
【线程编号】[97] 
【执行时间】[159617]毫秒 
【出错文件】f:\数据存放\zhepingou\Wap1\Global.asax 
【出错行号】53 
【出错的类】Jnwf.Utils.Log.Logger 属性[(null)] 
【错误描述】发生e`的网页地址：http://localhost:5537/Details.aspx?id=139
错误信息：未将对象引用设置到对象的实例。
堆栈热荩
   在 Details.BindData() 位置 f:\数据存放\zhepingou\Wap1\Details.aspx.cs:行号 118
   在 Details.Page_Load(Object sender, EventArgs e) 位置 f:\数据存放\zhepingou\Wap1\Details.aspx.cs:行号 89
   在 System.Web.Util.CalliEventHandlerDelegateProxy.Callback(Object sender, EventArgs e)
   在 System.Web.UI.Control.OnLoad(EventArgs e)
   在 System.Web.UI.Control.LoadRecursive()
   在 System.Web.UI.Page.ProcessRequestMain(Boolean includeStagesBeforeAsyncPoint, Boolean includeStagesAfterAsyncPoint) 
【错误详情】

＝＝＝＝＝＝＝＝＝＝ 
【日志级别】ERROR 
【记录时间】2016-05-23 18:14:45,849 
【线程编号】[98] 
【执行时间】[165722]毫秒 
【出错文件】f:\数据存放\zhepingou\Wap1\Details.aspx.cs 
【出错行号】88 
【出错的类】Jnwf.Utils.Log.Logger 属性[(null)] 
【错误描述】details.aspx,userid:0 
【错误详情】

＝＝＝＝＝＝＝＝＝＝ 
【日志级别】ERROR 
【记录时间】2016-05-23 18:14:45,850 
【线程编号】[98] 
【执行时间】[165723]毫秒 
【出错文件】f:\数据存放\zhepingou\Wap1\Global.asax 
【出错行号】53 
【出错的类】Jnwf.Utils.Log.Logger 属性[(null)] 
【错误描述】发生e`的网页地址：http://localhost:5537/Details.aspx?id=139
错误信息：未将对象引用设置到对象的实例。
堆栈热荩
   在 Details.BindData() 位置 f:\数据存放\zhepingou\Wap1\Details.aspx.cs:行号 118
   在 Details.Page_Load(Object sender, EventArgs e) 位置 f:\数据存放\zhepingou\Wap1\Details.aspx.cs:行号 89
   在 System.Web.Util.CalliEventHandlerDelegateProxy.Callback(Object sender, EventArgs e)
   在 System.Web.UI.Control.OnLoad(EventArgs e)
   在 System.Web.UI.Control.LoadRecursive()
   在 System.Web.UI.Page.ProcessRequestMain(Boolean includeStagesBeforeAsyncPoint, Boolean includeStagesAfterAsyncPoint) 
【错误详情】

＝＝＝＝＝＝＝＝＝＝ 
【日志级别】ERROR 
【记录时间】2016-05-23 18:15:06,704 
【线程编号】[7] 
【执行时间】[42]毫秒 
【出错文件】f:\数据存放\zhepingou\Wap1\Details.aspx.cs 
【出错行号】88 
【出错的类】Jnwf.Utils.Log.Logger 属性[(null)] 
【错误描述】details.aspx,userid:0 
【错误详情】

＝＝＝＝＝＝＝＝＝＝ 
【日志级别】ERROR 
【记录时间】2016-05-23 18:16:54,180 
【线程编号】[7] 
【执行时间】[107518]毫秒 
【出错文件】f:\数据存放\zhepingou\Wap1\Global.asax 
【出错行号】53 
【出错的类】Jnwf.Utils.Log.Logger 属性[(null)] 
【错误描述】发生e`的网页地址：http://localhost:5537/Details.aspx?id=139
错误信息：未将对象引用设置到对象的实例。
堆栈热荩
   在 Details.BindData() 位置 f:\数据存放\zhepingou\Wap1\Details.aspx.cs:行号 118
   在 Details.Page_Load(Object sender, EventArgs e) 位置 f:\数据存放\zhepingou\Wap1\Details.aspx.cs:行号 89
   在 System.Web.Util.CalliEventHandlerDelegateProxy.Callback(Object sender, EventArgs e)
   在 System.Web.UI.Control.OnLoad(EventArgs e)
   在 System.Web.UI.Control.LoadRecursive()
   在 System.Web.UI.Page.ProcessRequestMain(Boolean includeStagesBeforeAsyncPoint, Boolean includeStagesAfterAsyncPoint) 
【错误详情】

＝＝＝＝＝＝＝＝＝＝ 
【日志级别】ERROR 
【记录时间】2016-05-23 18:49:11,870 
【线程编号】[40] 
【执行时间】[39]毫秒 
【出错文件】f:\数据存放\zhepingou\Wap1\Global.asax 
【出错行号】53 
【出错的类】Jnwf.Utils.Log.Logger 属性[(null)] 
【错误描述】发生e`的网页地址：http://localhost:5537/Answers.aspx
错误信息：未将对象引用设置到对象的实例。
堆栈热荩
   在 Answers.Page_Load(Object sender, EventArgs e) 位置 f:\数据存放\zhepingou\Wap1\Answers.aspx.cs:行号 17
   在 System.Web.Util.CalliEventHandlerDelegateProxy.Callback(Object sender, EventArgs e)
   在 System.Web.UI.Control.OnLoad(EventArgs e)
   在 System.Web.UI.Control.LoadRecursive()
   在 System.Web.UI.Page.ProcessRequestMain(Boolean includeStagesBeforeAsyncPoint, Boolean includeStagesAfterAsyncPoint) 
【错误详情】

＝＝＝＝＝＝＝＝＝＝ 
【日志级别】ERROR 
【记录时间】2016-05-23 18:49:18,788 
【线程编号】[40] 
【执行时间】[6957]毫秒 
【出错文件】f:\数据存放\zhepingou\Wap1\Global.asax 
【出错行号】53 
【出错的类】Jnwf.Utils.Log.Logger 属性[(null)] 
【错误描述】发生e`的网页地址：http://localhost:5537/Answers.aspx
错误信息：未将对象引用设置到对象的实例。
堆栈热荩
   在 Answers.Page_Load(Object sender, EventArgs e) 位置 f:\数据存放\zhepingou\Wap1\Answers.aspx.cs:行号 17
   在 System.Web.Util.CalliEventHandlerDelegateProxy.Callback(Object sender, EventArgs e)
   在 System.Web.UI.Control.OnLoad(EventArgs e)
   在 System.Web.UI.Control.LoadRecursive()
   在 System.Web.UI.Page.ProcessRequestMain(Boolean includeStagesBeforeAsyncPoint, Boolean includeStagesAfterAsyncPoint) 
【错误详情】

＝＝＝＝＝＝＝＝＝＝ 
【日志级别】ERROR 
【记录时间】2016-05-23 18:49:22,374 
【线程编号】[38] 
【执行时间】[10542]毫秒 
【出错文件】f:\数据存放\zhepingou\Wap1\Global.asax 
【出错行号】53 
【出错的类】Jnwf.Utils.Log.Logger 属性[(null)] 
【错误描述】发生e`的网页地址：http://localhost:5537/Answers.aspx
错误信息：未将对象引用设置到对象的实例。
堆栈热荩
   在 Answers.Page_Load(Object sender, EventArgs e) 位置 f:\数据存放\zhepingou\Wap1\Answers.aspx.cs:行号 17
   在 System.Web.Util.CalliEventHandlerDelegateProxy.Callback(Object sender, EventArgs e)
   在 System.Web.UI.Control.OnLoad(EventArgs e)
   在 System.Web.UI.Control.LoadRecursive()
   在 System.Web.UI.Page.ProcessRequestMain(Boolean includeStagesBeforeAsyncPoint, Boolean includeStagesAfterAsyncPoint) 
【错误详情】

＝＝＝＝＝＝＝＝＝＝ 
【日志级别】ERROR 
【记录时间】2016-05-23 18:49:24,705 
【线程编号】[43] 
【执行时间】[12873]毫秒 
【出错文件】f:\数据存放\zhepingou\Wap1\Global.asax 
【出错行号】53 
【出错的类】Jnwf.Utils.Log.Logger 属性[(null)] 
【错误描述】发生e`的网页地址：http://localhost:5537/Answers.aspx
错误信息：未将对象引用设置到对象的实例。
堆栈热荩
   在 Answers.Page_Load(Object sender, EventArgs e) 位置 f:\数据存放\zhepingou\Wap1\Answers.aspx.cs:行号 17
   在 System.Web.Util.CalliEventHandlerDelegateProxy.Callback(Object sender, EventArgs e)
   在 System.Web.UI.Control.OnLoad(EventArgs e)
   在 System.Web.UI.Control.LoadRecursive()
   在 System.Web.UI.Page.ProcessRequestMain(Boolean includeStagesBeforeAsyncPoint, Boolean includeStagesAfterAsyncPoint) 
【错误详情】

＝＝＝＝＝＝＝＝＝＝ 
【日志级别】ERROR 
【记录时间】2016-05-23 18:50:35,140 
【线程编号】[40] 
【执行时间】[83308]毫秒 
【出错文件】f:\数据存放\zhepingou\Wap1\Global.asax 
【出错行号】53 
【出错的类】Jnwf.Utils.Log.Logger 属性[(null)] 
【错误描述】发生e`的网页地址：http://localhost:5537/Answers.aspx
错误信息：未将对象引用设置到对象的实例。
堆栈热荩
   在 Answers.Page_Load(Object sender, EventArgs e) 位置 f:\数据存放\zhepingou\Wap1\Answers.aspx.cs:行号 17
   在 System.Web.Util.CalliEventHandlerDelegateProxy.Callback(Object sender, EventArgs e)
   在 System.Web.UI.Control.OnLoad(EventArgs e)
   在 System.Web.UI.Control.LoadRecursive()
   在 System.Web.UI.Page.ProcessRequestMain(Boolean includeStagesBeforeAsyncPoint, Boolean includeStagesAfterAsyncPoint) 
【错误详情】

＝＝＝＝＝＝＝＝＝＝ 
【日志级别】ERROR 
【记录时间】2016-05-23 18:56:22,497 
【线程编号】[46] 
【执行时间】[430665]毫秒 
【出错文件】f:\数据存放\zhepingou\Wap1\Global.asax 
【出错行号】53 
【出错的类】Jnwf.Utils.Log.Logger 属性[(null)] 
【错误描述】发生e`的网页地址：http://localhost:5537/Answers.aspx
错误信息：未将对象引用设置到对象的实例。
堆栈热荩
   在 Answers.Page_Load(Object sender, EventArgs e) 位置 f:\数据存放\zhepingou\Wap1\Answers.aspx.cs:行号 17
   在 System.Web.Util.CalliEventHandlerDelegateProxy.Callback(Object sender, EventArgs e)
   在 System.Web.UI.Control.OnLoad(EventArgs e)
   在 System.Web.UI.Control.LoadRecursive()
   在 System.Web.UI.Page.ProcessRequestMain(Boolean includeStagesBeforeAsyncPoint, Boolean includeStagesAfterAsyncPoint) 
【错误详情】

＝＝＝＝＝＝＝＝＝＝ 
【日志级别】ERROR 
【记录时间】2016-05-23 19:00:52,666 
【线程编号】[64] 
【执行时间】[700835]毫秒 
【出错文件】f:\数据存放\zhepingou\Wap1\Details.aspx.cs 
【出错行号】88 
【出错的类】Jnwf.Utils.Log.Logger 属性[(null)] 
【错误描述】details.aspx,userid:0 
【错误详情】

＝＝＝＝＝＝＝＝＝＝ 
【日志级别】ERROR 
【记录时间】2016-05-23 19:00:52,668 
【线程编号】[64] 
【执行时间】[700837]毫秒 
【出错文件】f:\数据存放\zhepingou\Wap1\Global.asax 
【出错行号】53 
【出错的类】Jnwf.Utils.Log.Logger 属性[(null)] 
【错误描述】发生e`的网页地址：http://localhost:5537/Details.aspx?id=106
错误信息：未将对象引用设置到对象的实例。
堆栈热荩
   在 Details.BindData() 位置 f:\数据存放\zhepingou\Wap1\Details.aspx.cs:行号 118
   在 Details.Page_Load(Object sender, EventArgs e) 位置 f:\数据存放\zhepingou\Wap1\Details.aspx.cs:行号 89
   在 System.Web.Util.CalliEventHandlerDelegateProxy.Callback(Object sender, EventArgs e)
   在 System.Web.UI.Control.OnLoad(EventArgs e)
   在 System.Web.UI.Control.LoadRecursive()
   在 System.Web.UI.Page.ProcessRequestMain(Boolean includeStagesBeforeAsyncPoint, Boolean includeStagesAfterAsyncPoint) 
【错误详情】
